<?xml version="1.0" encoding="UTF-8"?>
<testsuite xmlns:xsi="http://www.w3.org/2001/XMLSchema-instance" xsi:noNamespaceSchemaLocation="https://maven.apache.org/surefire/maven-surefire-plugin/xsd/surefire-test-report.xsd" version="3.0.2" name="TestSuite" time="21.334" tests="4" errors="0" skipped="0" failures="0">
  <properties>
    <property name="isHeadless" value="171913ec939681ebb75ad5b7f6464875"/>
    <property name="java.specification.version" value="18"/>
    <property name="sun.cpu.isalist" value="amd64"/>
    <property name="sun.jnu.encoding" value="Cp1252"/>
    <property name="java.class.path" value="D:\AA_Springboot\API_Automation_Framework\target\test-classes;D:\AA_Springboot\API_Automation_Framework\target\classes;C:\Users\DELL\.m2\repository\io\rest-assured\rest-assured\5.3.0\rest-assured-5.3.0.jar;C:\Users\DELL\.m2\repository\org\apache\groovy\groovy\4.0.6\groovy-4.0.6.jar;C:\Users\DELL\.m2\repository\org\apache\groovy\groovy-xml\4.0.6\groovy-xml-4.0.6.jar;C:\Users\DELL\.m2\repository\org\apache\httpcomponents\httpclient\4.5.13\httpclient-4.5.13.jar;C:\Users\DELL\.m2\repository\org\apache\httpcomponents\httpcore\4.4.13\httpcore-4.4.13.jar;C:\Users\DELL\.m2\repository\commons-logging\commons-logging\1.2\commons-logging-1.2.jar;C:\Users\DELL\.m2\repository\commons-codec\commons-codec\1.11\commons-codec-1.11.jar;C:\Users\DELL\.m2\repository\org\apache\httpcomponents\httpmime\4.5.13\httpmime-4.5.13.jar;C:\Users\DELL\.m2\repository\org\hamcrest\hamcrest\2.1\hamcrest-2.1.jar;C:\Users\DELL\.m2\repository\org\ccil\cowan\tagsoup\tagsoup\1.2.1\tagsoup-1.2.1.jar;C:\Users\DELL\.m2\repository\io\rest-assured\json-path\5.3.0\json-path-5.3.0.jar;C:\Users\DELL\.m2\repository\org\apache\groovy\groovy-json\4.0.6\groovy-json-4.0.6.jar;C:\Users\DELL\.m2\repository\io\rest-assured\rest-assured-common\5.3.0\rest-assured-common-5.3.0.jar;C:\Users\DELL\.m2\repository\io\rest-assured\xml-path\5.3.0\xml-path-5.3.0.jar;C:\Users\DELL\.m2\repository\org\apache\commons\commons-lang3\3.11\commons-lang3-3.11.jar;C:\Users\DELL\.m2\repository\org\testng\testng\7.10.2\testng-7.10.2.jar;C:\Users\DELL\.m2\repository\org\slf4j\slf4j-api\1.7.36\slf4j-api-1.7.36.jar;C:\Users\DELL\.m2\repository\com\beust\jcommander\1.82\jcommander-1.82.jar;C:\Users\DELL\.m2\repository\org\webjars\jquery\3.7.1\jquery-3.7.1.jar;C:\Users\DELL\.m2\repository\com\fasterxml\jackson\core\jackson-databind\2.18.2\jackson-databind-2.18.2.jar;C:\Users\DELL\.m2\repository\com\fasterxml\jackson\core\jackson-annotations\2.18.2\jackson-annotations-2.18.2.jar;C:\Users\DELL\.m2\repository\com\fasterxml\jackson\core\jackson-core\2.18.2\jackson-core-2.18.2.jar;C:\Users\DELL\.m2\repository\org\projectlombok\lombok\1.18.40\lombok-1.18.40.jar;C:\Users\DELL\.m2\repository\org\apache\logging\log4j\log4j-core\2.24.1\log4j-core-2.24.1.jar;C:\Users\DELL\.m2\repository\org\apache\logging\log4j\log4j-api\2.24.1\log4j-api-2.24.1.jar;C:\Users\DELL\.m2\repository\com\aventstack\extentreports\5.1.2\extentreports-5.1.2.jar;C:\Users\DELL\.m2\repository\io\reactivex\rxjava3\rxjava\3.1.6\rxjava-3.1.6.jar;C:\Users\DELL\.m2\repository\org\reactivestreams\reactive-streams\1.0.4\reactive-streams-1.0.4.jar;C:\Users\DELL\.m2\repository\org\freemarker\freemarker\2.3.32\freemarker-2.3.32.jar;C:\Users\DELL\.m2\repository\com\google\code\gson\gson\2.10.1\gson-2.10.1.jar;"/>
    <property name="java.vm.vendor" value="Oracle Corporation"/>
    <property name="sun.arch.data.model" value="64"/>
    <property name="user.variant" value=""/>
    <property name="java.vendor.url" value="https://java.oracle.com/"/>
    <property name="user.timezone" value="Asia/Calcutta"/>
    <property name="os.name" value="Windows 10"/>
    <property name="java.vm.specification.version" value="18"/>
    <property name="gpt_key" value="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"/>
    <property name="sun.java.launcher" value="SUN_STANDARD"/>
    <property name="user.country" value="IN"/>
    <property name="sun.boot.library.path" value="C:\Program Files\Java\jdk-18.0.2\bin"/>
    <property name="sun.java.command" value="C:\Users\DELL\AppData\Local\Temp\surefire565560963347475813\surefirebooter-20250914231753782_3.jar C:\Users\DELL\AppData\Local\Temp\surefire565560963347475813 2025-09-14T23-17-53_510-jvmRun1 surefire-20250914231753782_1tmp surefire_0-20250914231753782_2tmp"/>
    <property name="jdk.debug" value="release"/>
    <property name="notion_key" value="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"/>
    <property name="surefire.test.class.path" value="D:\AA_Springboot\API_Automation_Framework\target\test-classes;D:\AA_Springboot\API_Automation_Framework\target\classes;C:\Users\DELL\.m2\repository\io\rest-assured\rest-assured\5.3.0\rest-assured-5.3.0.jar;C:\Users\DELL\.m2\repository\org\apache\groovy\groovy\4.0.6\groovy-4.0.6.jar;C:\Users\DELL\.m2\repository\org\apache\groovy\groovy-xml\4.0.6\groovy-xml-4.0.6.jar;C:\Users\DELL\.m2\repository\org\apache\httpcomponents\httpclient\4.5.13\httpclient-4.5.13.jar;C:\Users\DELL\.m2\repository\org\apache\httpcomponents\httpcore\4.4.13\httpcore-4.4.13.jar;C:\Users\DELL\.m2\repository\commons-logging\commons-logging\1.2\commons-logging-1.2.jar;C:\Users\DELL\.m2\repository\commons-codec\commons-codec\1.11\commons-codec-1.11.jar;C:\Users\DELL\.m2\repository\org\apache\httpcomponents\httpmime\4.5.13\httpmime-4.5.13.jar;C:\Users\DELL\.m2\repository\org\hamcrest\hamcrest\2.1\hamcrest-2.1.jar;C:\Users\DELL\.m2\repository\org\ccil\cowan\tagsoup\tagsoup\1.2.1\tagsoup-1.2.1.jar;C:\Users\DELL\.m2\repository\io\rest-assured\json-path\5.3.0\json-path-5.3.0.jar;C:\Users\DELL\.m2\repository\org\apache\groovy\groovy-json\4.0.6\groovy-json-4.0.6.jar;C:\Users\DELL\.m2\repository\io\rest-assured\rest-assured-common\5.3.0\rest-assured-common-5.3.0.jar;C:\Users\DELL\.m2\repository\io\rest-assured\xml-path\5.3.0\xml-path-5.3.0.jar;C:\Users\DELL\.m2\repository\org\apache\commons\commons-lang3\3.11\commons-lang3-3.11.jar;C:\Users\DELL\.m2\repository\org\testng\testng\7.10.2\testng-7.10.2.jar;C:\Users\DELL\.m2\repository\org\slf4j\slf4j-api\1.7.36\slf4j-api-1.7.36.jar;C:\Users\DELL\.m2\repository\com\beust\jcommander\1.82\jcommander-1.82.jar;C:\Users\DELL\.m2\repository\org\webjars\jquery\3.7.1\jquery-3.7.1.jar;C:\Users\DELL\.m2\repository\com\fasterxml\jackson\core\jackson-databind\2.18.2\jackson-databind-2.18.2.jar;C:\Users\DELL\.m2\repository\com\fasterxml\jackson\core\jackson-annotations\2.18.2\jackson-annotations-2.18.2.jar;C:\Users\DELL\.m2\repository\com\fasterxml\jackson\core\jackson-core\2.18.2\jackson-core-2.18.2.jar;C:\Users\DELL\.m2\repository\org\projectlombok\lombok\1.18.40\lombok-1.18.40.jar;C:\Users\DELL\.m2\repository\org\apache\logging\log4j\log4j-core\2.24.1\log4j-core-2.24.1.jar;C:\Users\DELL\.m2\repository\org\apache\logging\log4j\log4j-api\2.24.1\log4j-api-2.24.1.jar;C:\Users\DELL\.m2\repository\com\aventstack\extentreports\5.1.2\extentreports-5.1.2.jar;C:\Users\DELL\.m2\repository\io\reactivex\rxjava3\rxjava\3.1.6\rxjava-3.1.6.jar;C:\Users\DELL\.m2\repository\org\reactivestreams\reactive-streams\1.0.4\reactive-streams-1.0.4.jar;C:\Users\DELL\.m2\repository\org\freemarker\freemarker\2.3.32\freemarker-2.3.32.jar;C:\Users\DELL\.m2\repository\com\google\code\gson\gson\2.10.1\gson-2.10.1.jar;"/>
    <property name="sun.cpu.endian" value="little"/>
    <property name="user.home" value="C:\Users\DELL"/>
    <property name="user.language" value="en"/>
    <property name="java.specification.vendor" value="Oracle Corporation"/>
    <property name="java.version.date" value="2022-07-19"/>
    <property name="java.home" value="C:\Program Files\Java\jdk-18.0.2"/>
    <property name="file.separator" value="\"/>
    <property name="basedir" value="D:\AA_Springboot\API_Automation_Framework"/>
    <property name="java.vm.compressedOopsMode" value="32-bit"/>
    <property name="line.separator" value="&#10;"/>
    <property name="java.vm.specification.vendor" value="Oracle Corporation"/>
    <property name="java.specification.name" value="Java Platform API Specification"/>
    <property name="isLambdaTest" value="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"/>
    <property name="surefire.real.class.path" value="C:\Users\DELL\AppData\Local\Temp\surefire565560963347475813\surefirebooter-20250914231753782_3.jar"/>
    <property name="user.script" value=""/>
    <property name="sun.management.compiler" value="HotSpot 64-Bit Tiered Compilers"/>
    <property name="java.runtime.version" value="18.0.2+9-61"/>
    <property name="user.name" value="DELL"/>
    <property name="path.separator" value=";"/>
    <property name="os.version" value="10.0"/>
    <property name="java.runtime.name" value="Java(TM) SE Runtime Environment"/>
    <property name="file.encoding" value="UTF-8"/>
    <property name="browser" value="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"/>
    <property name="java.vm.name" value="Java HotSpot(TM) 64-Bit Server VM"/>
    <property name="localRepository" value="C:\Users\DELL\.m2\repository"/>
    <property name="java.vendor.url.bug" value="https://bugreport.java.com/bugreport/"/>
    <property name="java.io.tmpdir" value="C:\Users\DELL\AppData\Local\Temp\"/>
    <property name="java.version" value="18.0.2"/>
    <property name="user.dir" value="D:\AA_Springboot\API_Automation_Framework"/>
    <property name="os.arch" value="amd64"/>
    <property name="java.vm.specification.name" value="Java Virtual Machine Specification"/>
    <property name="sun.os.patch.level" value=""/>
    <property name="native.encoding" value="Cp1252"/>
    <property name="java.library.path" value="C:\Program Files\Java\jdk-18.0.2\bin;C:\Windows\Sun\Java\bin;C:\Windows\system32;C:\Windows;C:\Program Files\Common Files\Oracle\Java\javapath;C:\Windows\system32;C:\Windows;C:\Windows\System32\Wbem;C:\Windows\System32\WindowsPowerShell\v1.0\;C:\Windows\System32\OpenSSH\;C:\Program Files (x86)\NVIDIA Corporation\PhysX\Common;C:\Program Files\Git\cmd;C:\Program Files\nodejs\;C:\Program Files (x86)\dotnet\;C:\Program Files\dotnet\;C:\Program Files (x86)\Microsoft SQL Server\160\Tools\Binn\;C:\Program Files\Microsoft SQL Server\160\Tools\Binn\;C:\Program Files\Microsoft SQL Server\Client SDK\ODBC\170\Tools\Binn\;C:\Program Files\Microsoft SQL Server\160\DTS\Binn\;C:\Program Files (x86)\Microsoft SQL Server\160\DTS\Binn\;C:\Program Files\Azure Data Studio\bin;C:\Program Files\apache-maven-3.9.9\bin;C:\Program Files\gradle-8.14.3\bin;C:\Users\DELL\AppData\Local\Programs\Python\Python312\Scripts\;C:\Users\DELL\AppData\Local\Programs\Python\Python312\;C:\Users\DELL\AppData\Local\Microsoft\WindowsApps;;C:\Users\DELL\AppData\Local\Programs\Microsoft VS Code\bin;C:\Users\DELL\AppData\Roaming\npm;C:\Program Files\Azure Data Studio\bin;."/>
    <property name="java.vm.info" value="mixed mode, sharing"/>
    <property name="java.vendor" value="Oracle Corporation"/>
    <property name="java.vm.version" value="18.0.2+9-61"/>
    <property name="database_id" value="171913ec939681ebb75ad5b7f6464875"/>
    <property name="sun.io.unicode.encoding" value="UnicodeLittle"/>
    <property name="java.class.version" value="62.0"/>
  </properties>
  <testcase name="getPageListInDatabasesTest" classname="api.tests.gpt_and_notion.ChatGptTextGenerationTest" time="4.173">
    <system-out><![CDATA[2025-09-14 23:17:55 [main] INFO api.listners.TestListener::onStart::55  Test Suite Started 
2025-09-14 23:17:55 [TestNG-test-API Automation Test-1] INFO api.tests.gpt_and_notion.ChatGptTextGenerationTest::onTestStart::26  getPageListInDatabasesTest 
2025-09-14 23:17:55 [TestNG-test-API Automation Test-1] INFO api.tests.gpt_and_notion.ChatGptTextGenerationTest::onTestStart::27   
2025-09-14 23:17:55 [TestNG-test-API Automation Test-1] INFO api.tests.gpt_and_notion.ChatGptTextGenerationTest::onTestStart::28  [] 
2025-09-14 23:17:56 [TestNG-test-API Automation Test-1] INFO api.filters.LoggingAndReportingFilter::logAndReportRequest::26  URI : https://api.notion.com/v1/databases/171913ec939681ebb75ad5b7f6464875/query 
2025-09-14 23:17:56 [TestNG-test-API Automation Test-1] INFO api.filters.LoggingAndReportingFilter::logAndReportRequest::27  BASE URI:https://api.notion.com/v1 
2025-09-14 23:17:56 [TestNG-test-API Automation Test-1] INFO api.filters.LoggingAndReportingFilter::logAndReportRequest::28  Request Header:Authorization=Bearer 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
Notion-Version=2022-02-22
Accept=*/*
Content-Type=application/json 
2025-09-14 23:17:56 [TestNG-test-API Automation Test-1] INFO api.filters.LoggingAndReportingFilter::logAndReportRequest::29  Request PayLoad: 
2025-09-14 23:17:59 [TestNG-test-API Automation Test-1] INFO api.filters.LoggingAndReportingFilter::logAndReportResponse::36  STATUS CODE:200 
2025-09-14 23:17:59 [TestNG-test-API Automation Test-1] INFO api.filters.LoggingAndReportingFilter::logAndReportResponse::37  Response Header :Date=Sun, 14 Sep 2025 17:47:59 GMT
Content-Type=application/json; charset=utf-8
Transfer-Encoding=chunked
Connection=keep-alive
Server=cloudflare
CF-Ray=97f1b664ff814010-BOM
CF-Cache-Status=DYNAMIC
Content-Encoding=gzip
ETag=W/"3a77-iBbZdTxRCHLlcEV1gTFYFlsuKmE"
Strict-Transport-Security=max-age=31536000; includeSubDomains; preload
Vary=Accept-Encoding
content-security-policy=default-src 'none'
referrer-policy=strict-origin-when-cross-origin
x-content-type-options=nosniff
x-dns-prefetch-control=off
x-download-options=noopen
x-frame-options=SAMEORIGIN
x-notion-request-id=dfb8a723-f203-443e-a723-d2395a42731f
x-permitted-cross-domain-policies=none
x-xss-protection=0
Set-Cookie=__cf_bm=jqnrjH7wDRR.SprnqKp2.8UiOlA0.dHQp9kxDDMphXA-1757872079-1.0.1.1-eOgreTqxzW2onX0S_KHhxGfLuKJKAhHSmKmDYJN4JCYaamZSD0nezShW88cTFS6iawn.uYKtwHoAtAwqrSSbJNAnpY989GkwM2iRapGDPHw; path=/; expires=Sun, 14-Sep-25 18:17:59 GMT; domain=.notion.com; HttpOnly; Secure; SameSite=None
Set-Cookie=_cfuvid=msvSvzokiSVTt8ZVHa8nh07rbFZhgWvlE84oGRdKzWs-1757872079165-0.0.1.1-604800000; path=/; domain=.notion.com; HttpOnly; Secure; SameSite=None
alt-svc=h3=":443"; ma=86400 
{
    "object": "list",
    "results": [
        {
            "object": "page",
            "id": "26e913ec-9396-8012-a33f-e62dfe638480",
            "created_time": "2025-09-14T17:29:00.000Z",
            "last_edited_time": "2025-09-14T17:30:00.000Z",
            "created_by": {
                "object": "user",
                "id": "171d872b-594c-811a-beba-0002c67dcc3c"
            },
            "last_edited_by": {
                "object": "user",
                "id": "90f687af-13a5-4409-85b4-c3f7fceabe80"
            },
            "cover": null,
            "icon": null,
            "parent": {
                "type": "database_id",
                "database_id": "171913ec-9396-81eb-b75a-d5b7f6464875"
            },
            "archived": false,
            "in_trash": false,
            "is_locked": false,
            "properties": {
                "Name": {
                    "id": "title",
                    "type": "title",
                    "title": [
                        {
                            "type": "text",
                            "text": {
                                "content": "mongoDb",
                                "link": null
                            },
                            "annotations": {
                                "bold": false,
                                "italic": false,
                                "strikethrough": false,
                                "underline": false,
                                "code": false,
                                "color": "default"
                            },
                            "plain_text": "mongoDb",
                            "href": null
                        }
                    ]
                }
            },
            "url": "https://www.notion.so/mongoDb-26e913ec93968012a33fe62dfe638480",
            "public_url": null
        },
        {
            "object": "page",
            "id": "26e913ec-9396-80d6-a98b-eb02f0f548c2",
            "created_time": "2025-09-14T14:54:00.000Z",
            "last_edited_time": "2025-09-14T14:55:00.000Z",
            "created_by": {
                "object": "user",
                "id": "171d872b-594c-811a-beba-0002c67dcc3c"
            },
            "last_edited_by": {
                "object": "user",
                "id": "90f687af-13a5-4409-85b4-c3f7fceabe80"
            },
            "cover": null,
            "icon": null,
            "parent": {
                "type": "database_id",
                "database_id": "171913ec-9396-81eb-b75a-d5b7f6464875"
            },
            "archived": false,
            "in_trash": false,
            "is_locked": false,
            "properties": {
                "Name": {
                    "id": "title",
                    "type": "title",
                    "title": [
                        {
                            "type": "text",
                            "text": {
                                "content": "redis",
                                "link": null
                            },
                            "annotations": {
                                "bold": false,
                                "italic": false,
                                "strikethrough": false,
                                "underline": false,
                                "code": false,
                                "color": "default"
                            },
                            "plain_text": "redis",
                            "href": null
                        }
                    ]
                }
            },
            "url": "https://www.notion.so/redis-26e913ec939680d6a98beb02f0f548c2",
            "public_url": null
        },
        {
            "object": "page",
            "id": "26e913ec-9396-8090-9fb6-cdb4713bdd8a",
            "created_time": "2025-09-14T11:56:00.000Z",
            "last_edited_time": "2025-09-14T12:00:00.000Z",
            "created_by": {
                "object": "user",
                "id": "171d872b-594c-811a-beba-0002c67dcc3c"
            },
            "last_edited_by": {
                "object": "user",
                "id": "90f687af-13a5-4409-85b4-c3f7fceabe80"
            },
            "cover": null,
            "icon": null,
            "parent": {
                "type": "database_id",
                "database_id": "171913ec-9396-81eb-b75a-d5b7f6464875"
            },
            "archived": false,
            "in_trash": false,
            "is_locked": false,
            "properties": {
                "Name": {
                    "id": "title",
                    "type": "title",
                    "title": [
                        {
                            "type": "text",
                            "text": {
                                "content": "Agentic AI",
                                "link": null
                            },
                            "annotations": {
                                "bold": false,
                                "italic": false,
                                "strikethrough": false,
                                "underline": false,
                                "code": false,
                                "color": "default"
                            },
                            "plain_text": "Agentic AI",
                            "href": null
                        }
                    ]
                }
            },
            "url": "https://www.notion.so/Agentic-AI-26e913ec939680909fb6cdb4713bdd8a",
            "public_url": null
        },
        {
            "object": "page",
            "id": "26e913ec-9396-80cc-818f-feaa1e5944a4",
            "created_time": "2025-09-14T11:56:00.000Z",
            "last_edited_time": "2025-09-14T11:57:00.000Z",
            "created_by": {
                "object": "user",
                "id": "171d872b-594c-811a-beba-0002c67dcc3c"
            },
            "last_edited_by": {
                "object": "user",
                "id": "90f687af-13a5-4409-85b4-c3f7fceabe80"
            },
            "cover": null,
            "icon": null,
            "parent": {
                "type": "database_id",
                "database_id": "171913ec-9396-81eb-b75a-d5b7f6464875"
            },
            "archived": false,
            "in_trash": false,
            "is_locked": false,
            "properties": {
                "Name": {
                    "id": "title",
                    "type": "title",
                    "title": [
                        {
                            "type": "text",
                            "text": {
                                "content": "spark",
                                "link": null
                            },
                            "annotations": {
                                "bold": false,
                                "italic": false,
                                "strikethrough": false,
                                "underline": false,
                                "code": false,
                                "color": "default"
                            },
                            "plain_text": "spark",
                            "href": null
                        }
                    ]
                }
            },
            "url": "https://www.notion.so/spark-26e913ec939680cc818ffeaa1e5944a4",
            "public_url": null
        },
        {
            "object": "page",
            "id": "26e913ec-9396-8008-80de-cfd59d239808",
            "created_time": "2025-09-14T10:58:00.000Z",
            "last_edited_time": "2025-09-14T10:59:00.000Z",
            "created_by": {
                "object": "user",
                "id": "171d872b-594c-811a-beba-0002c67dcc3c"
            },
            "last_edited_by": {
                "object": "user",
                "id": "90f687af-13a5-4409-85b4-c3f7fceabe80"
            },
            "cover": null,
            "icon": null,
            "parent": {
                "type": "database_id",
                "database_id": "171913ec-9396-81eb-b75a-d5b7f6464875"
            },
            "archived": false,
            "in_trash": false,
            "is_locked": false,
            "properties": {
                "Name": {
                    "id": "title",
                    "type": "title",
                    "title": [
                        {
                            "type": "text",
                            "text": {
                                "content": "solana",
                                "link": null
                            },
                            "annotations": {
                                "bold": false,
                                "italic": false,
                                "strikethrough": false,
                                "underline": false,
                                "code": false,
                                "color": "default"
                            },
                            "plain_text": "solana",
                            "href": null
                        }
                    ]
                }
            },
            "url": "https://www.notion.so/solana-26e913ec9396800880decfd59d239808",
            "public_url": null
        },
        {
            "object": "page",
            "id": "26e913ec-9396-802a-87b8-f4bf66275933",
            "created_time": "2025-09-14T07:52:00.000Z",
            "last_edited_time": "2025-09-14T10:50:00.000Z",
            "created_by": {
                "object": "user",
                "id": "171d872b-594c-811a-beba-0002c67dcc3c"
            },
            "last_edited_by": {
                "object": "user",
                "id": "90f687af-13a5-4409-85b4-c3f7fceabe80"
            },
            "cover": null,
            "icon": null,
            "parent": {
                "type": "database_id",
                "database_id": "171913ec-9396-81eb-b75a-d5b7f6464875"
            },
            "archived": false,
            "in_trash": false,
            "is_locked": false,
            "properties": {
                "Name": {
                    "id": "title",
                    "type": "title",
                    "title": [
                        {
                            "type": "text",
                            "text": {
                                "content": "kafka",
                                "link": null
                            },
                            "annotations": {
                                "bold": false,
                                "italic": false,
                                "strikethrough": false,
                                "underline": false,
                                "code": false,
                                "color": "default"
                            },
                            "plain_text": "kafka",
                            "href": null
                        }
                    ]
                }
            },
            "url": "https://www.notion.so/kafka-26e913ec9396802a87b8f4bf66275933",
            "public_url": null
        },
        {
            "object": "page",
            "id": "26d913ec-9396-807d-89d9-ed5f66071915",
            "created_time": "2025-09-13T23:10:00.000Z",
            "last_edited_time": "2025-09-14T07:07:00.000Z",
            "created_by": {
                "object": "user",
                "id": "171d872b-594c-811a-beba-0002c67dcc3c"
            },
            "last_edited_by": {
                "object": "user",
                "id": "90f687af-13a5-4409-85b4-c3f7fceabe80"
            },
            "cover": null,
            "icon": null,
            "parent": {
                "type": "database_id",
                "database_id": "171913ec-9396-81eb-b75a-d5b7f6464875"
            },
            "archived": false,
            "in_trash": false,
            "is_locked": false,
            "properties": {
                "Name": {
                    "id": "title",
                    "type": "title",
                    "title": [
                        {
                            "type": "text",
                            "text": {
                                "content": "Junit",
                                "link": null
                            },
                            "annotations": {
                                "bold": false,
                                "italic": false,
                                "strikethrough": false,
                                "underline": false,
                                "code": false,
                                "color": "default"
                            },
                            "plain_text": "Junit",
                            "href": null
                        }
                    ]
                }
            },
            "url": "https://www.notion.so/Junit-26d913ec9396807d89d9ed5f66071915",
            "public_url": null
        },
        {
            "object": "page",
            "id": "26d913ec-9396-809d-bac3-c7326b191b2e",
            "created_time": "2025-09-13T23:07:00.000Z",
            "last_edited_time": "2025-09-14T07:00:00.000Z",
            "created_by": {
                "object": "user",
                "id": "171d872b-594c-811a-beba-0002c67dcc3c"
            },
            "last_edited_by": {
                "object": "user",
                "id": "90f687af-13a5-4409-85b4-c3f7fceabe80"
            },
            "cover": null,
            "icon": null,
            "parent": {
                "type": "database_id",
                "database_id": "171913ec-9396-81eb-b75a-d5b7f6464875"
            },
            "archived": false,
            "in_trash": false,
            "is_locked": false,
            "properties": {
                "Name": {
                    "id": "title",
                    "type": "title",
                    "title": [
                        {
                            "type": "text",
                            "text": {
                                "content": "Pandas",
                                "link": null
                            },
                            "annotations": {
                                "bold": false,
                                "italic": false,
                                "strikethrough": false,
                                "underline": false,
                                "code": false,
                                "color": "default"
                            },
                            "plain_text": "Pandas",
                            "href": null
                        }
                    ]
                }
            },
            "url": "https://www.notion.so/Pandas-26d913ec9396809dbac3c7326b191b2e",
            "public_url": null
        },
        {
            "object": "page",
            "id": "180913ec-9396-80a1-94d2-ef2438be8f08",
            "created_time": "2025-01-19T09:19:00.000Z",
            "last_edited_time": "2025-01-19T09:24:00.000Z",
            "created_by": {
                "object": "user",
                "id": "171d872b-594c-811a-beba-0002c67dcc3c"
            },
            "last_edited_by": {
                "object": "user",
                "id": "90f687af-13a5-4409-85b4-c3f7fceabe80"
            },
            "cover": null,
            "icon": null,
            "parent": {
                "type": "database_id",
                "database_id": "171913ec-9396-81eb-b75a-d5b7f6464875"
            },
            "archived": false,
            "in_trash": false,
            "is_locked": false,
            "properties": {
                "Name": {
                    "id": "title",
                    "type": "title",
                    "title": [
                        {
                            "type": "text",
                            "text": {
                                "content": "Blockchain",
                                "link": null
                            },
                            "annotations": {
                                "bold": false,
                                "italic": false,
                                "strikethrough": false,
                                "underline": false,
                                "code": false,
                                "color": "default"
                            },
                            "plain_text": "Blockchain",
                            "href": null
                        }
                    ]
                }
            },
            "url": "https://www.notion.so/Blockchain-180913ec939680a194d2ef2438be8f08",
            "public_url": null
        },
        {
            "object": "page",
            "id": "17f913ec-9396-800d-97ab-e7ee2ceb0dc8",
            "created_time": "2025-01-18T09:07:00.000Z",
            "last_edited_time": "2025-01-18T09:08:00.000Z",
            "created_by": {
                "object": "user",
                "id": "171d872b-594c-811a-beba-0002c67dcc3c"
            },
            "last_edited_by": {
                "object": "user",
                "id": "90f687af-13a5-4409-85b4-c3f7fceabe80"
            },
            "cover": null,
            "icon": null,
            "parent": {
                "type": "database_id",
                "database_id": "171913ec-9396-81eb-b75a-d5b7f6464875"
            },
            "archived": false,
            "in_trash": false,
            "is_locked": false,
            "properties": {
                "Name": {
                    "id": "title",
                    "type": "title",
                    "title": [
                        {
                            "type": "text",
                            "text": {
                                "content": "RestAssured",
                                "link": null
                            },
                            "annotations": {
                                "bold": false,
                                "italic": false,
                                "strikethrough": false,
                                "underline": false,
                                "code": false,
                                "color": "default"
                            },
                            "plain_text": "RestAssured",
                            "href": null
                        }
                    ]
                }
            },
            "url": "https://www.notion.so/RestAssured-17f913ec9396800d97abe7ee2ceb0dc8",
            "public_url": null
        },
        {
            "object": "page",
            "id": "179913ec-9396-8074-87d9-e7632487f14a",
            "created_time": "2025-01-12T17:15:00.000Z",
            "last_edited_time": "2025-01-12T17:16:00.000Z",
            "created_by": {
                "object": "user",
                "id": "171d872b-594c-811a-beba-0002c67dcc3c"
            },
            "last_edited_by": {
                "object": "user",
                "id": "90f687af-13a5-4409-85b4-c3f7fceabe80"
            },
            "cover": null,
            "icon": null,
            "parent": {
                "type": "database_id",
                "database_id": "171913ec-9396-81eb-b75a-d5b7f6464875"
            },
            "archived": false,
            "in_trash": false,
            "is_locked": false,
            "properties": {
                "Name": {
                    "id": "title",
                    "type": "title",
                    "title": [
                        {
                            "type": "text",
                            "text": {
                                "content": "GoLang",
                                "link": null
                            },
                            "annotations": {
                                "bold": false,
                                "italic": false,
                                "strikethrough": false,
                                "underline": false,
                                "code": false,
                                "color": "default"
                            },
                            "plain_text": "GoLang",
                            "href": null
                        }
                    ]
                }
            },
            "url": "https://www.notion.so/GoLang-179913ec9396807487d9e7632487f14a",
            "public_url": null
        },
        {
            "object": "page",
            "id": "179913ec-9396-80f5-9504-e478610a33b5",
            "created_time": "2025-01-12T17:14:00.000Z",
            "last_edited_time": "2025-01-12T17:17:00.000Z",
            "created_by": {
                "object": "user",
                "id": "171d872b-594c-811a-beba-0002c67dcc3c"
            },
            "last_edited_by": {
                "object": "user",
                "id": "90f687af-13a5-4409-85b4-c3f7fceabe80"
            },
            "cover": null,
            "icon": null,
            "parent": {
                "type": "database_id",
                "database_id": "171913ec-9396-81eb-b75a-d5b7f6464875"
            },
            "archived": false,
            "in_trash": false,
            "is_locked": false,
            "properties": {
                "Name": {
                    "id": "title",
                    "type": "title",
                    "title": [
                        {
                            "type": "text",
                            "text": {
                                "content": "React19",
                                "link": null
                            },
                            "annotations": {
                                "bold": false,
                                "italic": false,
                                "strikethrough": false,
                                "underline": false,
                                "code": false,
                                "color": "default"
                            },
                            "plain_text": "React19",
                            "href": null
                        }
                    ]
                }
            },
            "url": "https://www.notion.so/React19-179913ec939680f59504e478610a33b5",
            "public_url": null
        },
        {
            "object": "page",
            "id": "178913ec-9396-8016-94e4-c03e49df7924",
            "created_time": "2025-01-11T14:50:00.000Z",
            "last_edited_time": "2025-01-11T14:51:00.000Z",
            "created_by": {
                "object": "user",
                "id": "171d872b-594c-811a-beba-0002c67dcc3c"
            },
            "last_edited_by": {
                "object": "user",
                "id": "90f687af-13a5-4409-85b4-c3f7fceabe80"
            },
            "cover": null,
            "icon": null,
            "parent": {
                "type": "database_id",
                "database_id": "171913ec-9396-81eb-b75a-d5b7f6464875"
            },
            "archived": false,
            "in_trash": false,
            "is_locked": false,
            "properties": {
                "Name": {
                    "id": "title",
                    "type": "title",
                    "title": [
                        {
                            "type": "text",
                            "text": {
                                "content": "DEVOPS",
                                "link": null
                            },
                            "annotations": {
                                "bold": false,
                                "italic": false,
                                "strikethrough": false,
                                "underline": false,
                                "code": false,
                                "color": "default"
                            },
                            "plain_text": "DEVOPS",
                            "href": null
                        }
                    ]
                }
            },
            "url": "https://www.notion.so/DEVOPS-178913ec9396801694e4c03e49df7924",
            "public_url": null
        },
        {
            "object": "page",
            "id": "178913ec-9396-8097-8be0-cb72f54187d8",
            "created_time": "2025-01-11T14:42:00.000Z",
            "last_edited_time": "2025-01-11T14:50:00.000Z",
            "created_by": {
                "object": "user",
                "id": "171d872b-594c-811a-beba-0002c67dcc3c"
            },
            "last_edited_by": {
                "object": "user",
                "id": "90f687af-13a5-4409-85b4-c3f7fceabe80"
            },
            "cover": null,
            "icon": null,
            "parent": {
                "type": "database_id",
                "database_id": "171913ec-9396-81eb-b75a-d5b7f6464875"
            },
            "archived": false,
            "in_trash": false,
            "is_locked": false,
            "properties": {
                "Name": {
                    "id": "title",
                    "type": "title",
                    "title": [
                        {
                            "type": "text",
                            "text": {
                                "content": "BigData",
                                "link": null
                            },
                            "annotations": {
                                "bold": false,
                                "italic": false,
                                "strikethrough": false,
                                "underline": false,
                                "code": false,
                                "color": "default"
                            },
                            "plain_text": "BigData",
                            "href": null
                        }
                    ]
                }
            },
            "url": "https://www.notion.so/BigData-178913ec939680978be0cb72f54187d8",
            "public_url": null
        },
        {
            "object": "page",
            "id": "178913ec-9396-80ad-b656-d1278b7c4554",
            "created_time": "2025-01-11T14:26:00.000Z",
            "last_edited_time": "2025-01-11T14:35:00.000Z",
            "created_by": {
                "object": "user",
                "id": "171d872b-594c-811a-beba-0002c67dcc3c"
            },
            "last_edited_by": {
                "object": "user",
                "id": "90f687af-13a5-4409-85b4-c3f7fceabe80"
            },
            "cover": null,
            "icon": null,
            "parent": {
                "type": "database_id",
                "database_id": "171913ec-9396-81eb-b75a-d5b7f6464875"
            },
            "archived": false,
            "in_trash": false,
            "is_locked": false,
            "properties": {
                "Name": {
                    "id": "title",
                    "type": "title",
                    "title": [
                        {
                            "type": "text",
                            "text": {
                                "content": "TestNg",
                                "link": null
                            },
                            "annotations": {
                                "bold": false,
                                "italic": false,
                                "strikethrough": false,
                                "underline": false,
                                "code": false,
                                "color": "default"
                            },
                            "plain_text": "TestNg",
                            "href": null
                        }
                    ]
                }
            },
            "url": "https://www.notion.so/TestNg-178913ec939680adb656d1278b7c4554",
            "public_url": null
        },
        {
            "object": "page",
            "id": "178913ec-9396-80f3-8013-f28b42e81e5f",
            "created_time": "2025-01-11T10:26:00.000Z",
            "last_edited_time": "2025-01-11T14:02:00.000Z",
            "created_by": {
                "object": "user",
                "id": "171d872b-594c-811a-beba-0002c67dcc3c"
            },
            "last_edited_by": {
                "object": "user",
                "id": "171d872b-594c-811a-beba-0002c67dcc3c"
            },
            "cover": null,
            "icon": null,
            "parent": {
                "type": "database_id",
                "database_id": "171913ec-9396-81eb-b75a-d5b7f6464875"
            },
            "archived": false,
            "in_trash": false,
            "is_locked": false,
            "properties": {
                "Name": {
                    "id": "title",
                    "type": "title",
                    "title": [
                        {
                            "type": "text",
                            "text": {
                                "content": "css",
                                "link": null
                            },
                            "annotations": {
                                "bold": false,
                                "italic": false,
                                "strikethrough": false,
                                "underline": false,
                                "code": false,
                                "color": "default"
                            },
                            "plain_text": "css",
                            "href": null
                        }
                    ]
                }
            },
            "url": "https://www.notion.so/css-178913ec939680f38013f28b42e81e5f",
            "public_url": null
        },
        {
            "object": "page",
            "id": "178913ec-9396-80f6-b338-c13fd764b8b6",
            "created_time": "2025-01-11T10:05:00.000Z",
            "last_edited_time": "2025-01-11T14:21:00.000Z",
            "created_by": {
                "object": "user",
                "id": "171d872b-594c-811a-beba-0002c67dcc3c"
            },
            "last_edited_by": {
                "object": "user",
                "id": "90f687af-13a5-4409-85b4-c3f7fceabe80"
            },
            "cover": null,
            "icon": null,
            "parent": {
                "type": "database_id",
                "database_id": "171913ec-9396-81eb-b75a-d5b7f6464875"
            },
            "archived": false,
            "in_trash": false,
            "is_locked": false,
            "properties": {
                "Name": {
                    "id": "title",
                    "type": "title",
                    "title": [
                        {
                            "type": "text",
                            "text": {
                                "content": "Figma",
                                "link": null
                            },
                            "annotations": {
                                "bold": false,
                                "italic": false,
                                "strikethrough": false,
                                "underline": false,
                                "code": false,
                                "color": "default"
                            },
                            "plain_text": "Figma",
                            "href": null
                        }
                    ]
                }
            },
            "url": "https://www.notion.so/Figma-178913ec939680f6b338c13fd764b8b6",
            "public_url": null
        },
        {
            "object": "page",
            "id": "178913ec-9396-8008-81b9-e3c4c394a5ee",
            "created_time": "2025-01-11T10:04:00.000Z",
            "last_edited_time": "2025-01-11T10:26:00.000Z",
            "created_by": {
                "object": "user",
                "id": "171d872b-594c-811a-beba-0002c67dcc3c"
            },
            "last_edited_by": {
                "object": "user",
                "id": "171d872b-594c-811a-beba-0002c67dcc3c"
            },
            "cover": null,
            "icon": null,
            "parent": {
                "type": "database_id",
                "database_id": "171913ec-9396-81eb-b75a-d5b7f6464875"
            },
            "archived": false,
            "in_trash": false,
            "is_locked": false,
            "properties": {
                "Name": {
                    "id": "title",
                    "type": "title",
                    "title": [
                        {
                            "type": "text",
                            "text": {
                                "content": "NodeJS",
                                "link": null
                            },
                            "annotations": {
                                "bold": false,
                                "italic": false,
                                "strikethrough": false,
                                "underline": false,
                                "code": false,
                                "color": "default"
                            },
                            "plain_text": "NodeJS",
                            "href": null
                        }
                    ]
                }
            },
            "url": "https://www.notion.so/NodeJS-178913ec9396800881b9e3c4c394a5ee",
            "public_url": null
        }
    ],
    "next_cursor": null,
    "has_more": false,
    "type": "page_or_database",
    "page_or_database": {
        
    },
    "request_id": "dfb8a723-f203-443e-a723-d2395a42731f"
}
2025-09-14 23:17:59 [TestNG-test-API Automation Test-1] INFO api.filters.LoggingAndReportingFilter::logAndReportResponse::38  Request Body:{
    "object": "list",
    "results": [
        {
            "object": "page",
            "id": "26e913ec-9396-8012-a33f-e62dfe638480",
            "created_time": "2025-09-14T17:29:00.000Z",
            "last_edited_time": "2025-09-14T17:30:00.000Z",
            "created_by": {
                "object": "user",
                "id": "171d872b-594c-811a-beba-0002c67dcc3c"
            },
            "last_edited_by": {
                "object": "user",
                "id": "90f687af-13a5-4409-85b4-c3f7fceabe80"
            },
            "cover": null,
            "icon": null,
            "parent": {
                "type": "database_id",
                "database_id": "171913ec-9396-81eb-b75a-d5b7f6464875"
            },
            "archived": false,
            "in_trash": false,
            "is_locked": false,
            "properties": {
                "Name": {
                    "id": "title",
                    "type": "title",
                    "title": [
                        {
                            "type": "text",
                            "text": {
                                "content": "mongoDb",
                                "link": null
                            },
                            "annotations": {
                                "bold": false,
                                "italic": false,
                                "strikethrough": false,
                                "underline": false,
                                "code": false,
                                "color": "default"
                            },
                            "plain_text": "mongoDb",
                            "href": null
                        }
                    ]
                }
            },
            "url": "https://www.notion.so/mongoDb-26e913ec93968012a33fe62dfe638480",
            "public_url": null
        },
        {
            "object": "page",
            "id": "26e913ec-9396-80d6-a98b-eb02f0f548c2",
            "created_time": "2025-09-14T14:54:00.000Z",
            "last_edited_time": "2025-09-14T14:55:00.000Z",
            "created_by": {
                "object": "user",
                "id": "171d872b-594c-811a-beba-0002c67dcc3c"
            },
            "last_edited_by": {
                "object": "user",
                "id": "90f687af-13a5-4409-85b4-c3f7fceabe80"
            },
            "cover": null,
            "icon": null,
            "parent": {
                "type": "database_id",
                "database_id": "171913ec-9396-81eb-b75a-d5b7f6464875"
            },
            "archived": false,
            "in_trash": false,
            "is_locked": false,
            "properties": {
                "Name": {
                    "id": "title",
                    "type": "title",
                    "title": [
                        {
                            "type": "text",
                            "text": {
                                "content": "redis",
                                "link": null
                            },
                            "annotations": {
                                "bold": false,
                                "italic": false,
                                "strikethrough": false,
                                "underline": false,
                                "code": false,
                                "color": "default"
                            },
                            "plain_text": "redis",
                            "href": null
                        }
                    ]
                }
            },
            "url": "https://www.notion.so/redis-26e913ec939680d6a98beb02f0f548c2",
            "public_url": null
        },
        {
            "object": "page",
            "id": "26e913ec-9396-8090-9fb6-cdb4713bdd8a",
            "created_time": "2025-09-14T11:56:00.000Z",
            "last_edited_time": "2025-09-14T12:00:00.000Z",
            "created_by": {
                "object": "user",
                "id": "171d872b-594c-811a-beba-0002c67dcc3c"
            },
            "last_edited_by": {
                "object": "user",
                "id": "90f687af-13a5-4409-85b4-c3f7fceabe80"
            },
            "cover": null,
            "icon": null,
            "parent": {
                "type": "database_id",
                "database_id": "171913ec-9396-81eb-b75a-d5b7f6464875"
            },
            "archived": false,
            "in_trash": false,
            "is_locked": false,
            "properties": {
                "Name": {
                    "id": "title",
                    "type": "title",
                    "title": [
                        {
                            "type": "text",
                            "text": {
                                "content": "Agentic AI",
                                "link": null
                            },
                            "annotations": {
                                "bold": false,
                                "italic": false,
                                "strikethrough": false,
                                "underline": false,
                                "code": false,
                                "color": "default"
                            },
                            "plain_text": "Agentic AI",
                            "href": null
                        }
                    ]
                }
            },
            "url": "https://www.notion.so/Agentic-AI-26e913ec939680909fb6cdb4713bdd8a",
            "public_url": null
        },
        {
            "object": "page",
            "id": "26e913ec-9396-80cc-818f-feaa1e5944a4",
            "created_time": "2025-09-14T11:56:00.000Z",
            "last_edited_time": "2025-09-14T11:57:00.000Z",
            "created_by": {
                "object": "user",
                "id": "171d872b-594c-811a-beba-0002c67dcc3c"
            },
            "last_edited_by": {
                "object": "user",
                "id": "90f687af-13a5-4409-85b4-c3f7fceabe80"
            },
            "cover": null,
            "icon": null,
            "parent": {
                "type": "database_id",
                "database_id": "171913ec-9396-81eb-b75a-d5b7f6464875"
            },
            "archived": false,
            "in_trash": false,
            "is_locked": false,
            "properties": {
                "Name": {
                    "id": "title",
                    "type": "title",
                    "title": [
                        {
                            "type": "text",
                            "text": {
                                "content": "spark",
                                "link": null
                            },
                            "annotations": {
                                "bold": false,
                                "italic": false,
                                "strikethrough": false,
                                "underline": false,
                                "code": false,
                                "color": "default"
                            },
                            "plain_text": "spark",
                            "href": null
                        }
                    ]
                }
            },
            "url": "https://www.notion.so/spark-26e913ec939680cc818ffeaa1e5944a4",
            "public_url": null
        },
        {
            "object": "page",
            "id": "26e913ec-9396-8008-80de-cfd59d239808",
            "created_time": "2025-09-14T10:58:00.000Z",
            "last_edited_time": "2025-09-14T10:59:00.000Z",
            "created_by": {
                "object": "user",
                "id": "171d872b-594c-811a-beba-0002c67dcc3c"
            },
            "last_edited_by": {
                "object": "user",
                "id": "90f687af-13a5-4409-85b4-c3f7fceabe80"
            },
            "cover": null,
            "icon": null,
            "parent": {
                "type": "database_id",
                "database_id": "171913ec-9396-81eb-b75a-d5b7f6464875"
            },
            "archived": false,
            "in_trash": false,
            "is_locked": false,
            "properties": {
                "Name": {
                    "id": "title",
                    "type": "title",
                    "title": [
                        {
                            "type": "text",
                            "text": {
                                "content": "solana",
                                "link": null
                            },
                            "annotations": {
                                "bold": false,
                                "italic": false,
                                "strikethrough": false,
                                "underline": false,
                                "code": false,
                                "color": "default"
                            },
                            "plain_text": "solana",
                            "href": null
                        }
                    ]
                }
            },
            "url": "https://www.notion.so/solana-26e913ec9396800880decfd59d239808",
            "public_url": null
        },
        {
            "object": "page",
            "id": "26e913ec-9396-802a-87b8-f4bf66275933",
            "created_time": "2025-09-14T07:52:00.000Z",
            "last_edited_time": "2025-09-14T10:50:00.000Z",
            "created_by": {
                "object": "user",
                "id": "171d872b-594c-811a-beba-0002c67dcc3c"
            },
            "last_edited_by": {
                "object": "user",
                "id": "90f687af-13a5-4409-85b4-c3f7fceabe80"
            },
            "cover": null,
            "icon": null,
            "parent": {
                "type": "database_id",
                "database_id": "171913ec-9396-81eb-b75a-d5b7f6464875"
            },
            "archived": false,
            "in_trash": false,
            "is_locked": false,
            "properties": {
                "Name": {
                    "id": "title",
                    "type": "title",
                    "title": [
                        {
                            "type": "text",
                            "text": {
                                "content": "kafka",
                                "link": null
                            },
                            "annotations": {
                                "bold": false,
                                "italic": false,
                                "strikethrough": false,
                                "underline": false,
                                "code": false,
                                "color": "default"
                            },
                            "plain_text": "kafka",
                            "href": null
                        }
                    ]
                }
            },
            "url": "https://www.notion.so/kafka-26e913ec9396802a87b8f4bf66275933",
            "public_url": null
        },
        {
            "object": "page",
            "id": "26d913ec-9396-807d-89d9-ed5f66071915",
            "created_time": "2025-09-13T23:10:00.000Z",
            "last_edited_time": "2025-09-14T07:07:00.000Z",
            "created_by": {
                "object": "user",
                "id": "171d872b-594c-811a-beba-0002c67dcc3c"
            },
            "last_edited_by": {
                "object": "user",
                "id": "90f687af-13a5-4409-85b4-c3f7fceabe80"
            },
            "cover": null,
            "icon": null,
            "parent": {
                "type": "database_id",
                "database_id": "171913ec-9396-81eb-b75a-d5b7f6464875"
            },
            "archived": false,
            "in_trash": false,
            "is_locked": false,
            "properties": {
                "Name": {
                    "id": "title",
                    "type": "title",
                    "title": [
                        {
                            "type": "text",
                            "text": {
                                "content": "Junit",
                                "link": null
                            },
                            "annotations": {
                                "bold": false,
                                "italic": false,
                                "strikethrough": false,
                                "underline": false,
                                "code": false,
                                "color": "default"
                            },
                            "plain_text": "Junit",
                            "href": null
                        }
                    ]
                }
            },
            "url": "https://www.notion.so/Junit-26d913ec9396807d89d9ed5f66071915",
            "public_url": null
        },
        {
            "object": "page",
            "id": "26d913ec-9396-809d-bac3-c7326b191b2e",
            "created_time": "2025-09-13T23:07:00.000Z",
            "last_edited_time": "2025-09-14T07:00:00.000Z",
            "created_by": {
                "object": "user",
                "id": "171d872b-594c-811a-beba-0002c67dcc3c"
            },
            "last_edited_by": {
                "object": "user",
                "id": "90f687af-13a5-4409-85b4-c3f7fceabe80"
            },
            "cover": null,
            "icon": null,
            "parent": {
                "type": "database_id",
                "database_id": "171913ec-9396-81eb-b75a-d5b7f6464875"
            },
            "archived": false,
            "in_trash": false,
            "is_locked": false,
            "properties": {
                "Name": {
                    "id": "title",
                    "type": "title",
                    "title": [
                        {
                            "type": "text",
                            "text": {
                                "content": "Pandas",
                                "link": null
                            },
                            "annotations": {
                                "bold": false,
                                "italic": false,
                                "strikethrough": false,
                                "underline": false,
                                "code": false,
                                "color": "default"
                            },
                            "plain_text": "Pandas",
                            "href": null
                        }
                    ]
                }
            },
            "url": "https://www.notion.so/Pandas-26d913ec9396809dbac3c7326b191b2e",
            "public_url": null
        },
        {
            "object": "page",
            "id": "180913ec-9396-80a1-94d2-ef2438be8f08",
            "created_time": "2025-01-19T09:19:00.000Z",
            "last_edited_time": "2025-01-19T09:24:00.000Z",
            "created_by": {
                "object": "user",
                "id": "171d872b-594c-811a-beba-0002c67dcc3c"
            },
            "last_edited_by": {
                "object": "user",
                "id": "90f687af-13a5-4409-85b4-c3f7fceabe80"
            },
            "cover": null,
            "icon": null,
            "parent": {
                "type": "database_id",
                "database_id": "171913ec-9396-81eb-b75a-d5b7f6464875"
            },
            "archived": false,
            "in_trash": false,
            "is_locked": false,
            "properties": {
                "Name": {
                    "id": "title",
                    "type": "title",
                    "title": [
                        {
                            "type": "text",
                            "text": {
                                "content": "Blockchain",
                                "link": null
                            },
                            "annotations": {
                                "bold": false,
                                "italic": false,
                                "strikethrough": false,
                                "underline": false,
                                "code": false,
                                "color": "default"
                            },
                            "plain_text": "Blockchain",
                            "href": null
                        }
                    ]
                }
            },
            "url": "https://www.notion.so/Blockchain-180913ec939680a194d2ef2438be8f08",
            "public_url": null
        },
        {
            "object": "page",
            "id": "17f913ec-9396-800d-97ab-e7ee2ceb0dc8",
            "created_time": "2025-01-18T09:07:00.000Z",
            "last_edited_time": "2025-01-18T09:08:00.000Z",
            "created_by": {
                "object": "user",
                "id": "171d872b-594c-811a-beba-0002c67dcc3c"
            },
            "last_edited_by": {
                "object": "user",
                "id": "90f687af-13a5-4409-85b4-c3f7fceabe80"
            },
            "cover": null,
            "icon": null,
            "parent": {
                "type": "database_id",
                "database_id": "171913ec-9396-81eb-b75a-d5b7f6464875"
            },
            "archived": false,
            "in_trash": false,
            "is_locked": false,
            "properties": {
                "Name": {
                    "id": "title",
                    "type": "title",
                    "title": [
                        {
                            "type": "text",
                            "text": {
                                "content": "RestAssured",
                                "link": null
                            },
                            "annotations": {
                                "bold": false,
                                "italic": false,
                                "strikethrough": false,
                                "underline": false,
                                "code": false,
                                "color": "default"
                            },
                            "plain_text": "RestAssured",
                            "href": null
                        }
                    ]
                }
            },
            "url": "https://www.notion.so/RestAssured-17f913ec9396800d97abe7ee2ceb0dc8",
            "public_url": null
        },
        {
            "object": "page",
            "id": "179913ec-9396-8074-87d9-e7632487f14a",
            "created_time": "2025-01-12T17:15:00.000Z",
            "last_edited_time": "2025-01-12T17:16:00.000Z",
            "created_by": {
                "object": "user",
                "id": "171d872b-594c-811a-beba-0002c67dcc3c"
            },
            "last_edited_by": {
                "object": "user",
                "id": "90f687af-13a5-4409-85b4-c3f7fceabe80"
            },
            "cover": null,
            "icon": null,
            "parent": {
                "type": "database_id",
                "database_id": "171913ec-9396-81eb-b75a-d5b7f6464875"
            },
            "archived": false,
            "in_trash": false,
            "is_locked": false,
            "properties": {
                "Name": {
                    "id": "title",
                    "type": "title",
                    "title": [
                        {
                            "type": "text",
                            "text": {
                                "content": "GoLang",
                                "link": null
                            },
                            "annotations": {
                                "bold": false,
                                "italic": false,
                                "strikethrough": false,
                                "underline": false,
                                "code": false,
                                "color": "default"
                            },
                            "plain_text": "GoLang",
                            "href": null
                        }
                    ]
                }
            },
            "url": "https://www.notion.so/GoLang-179913ec9396807487d9e7632487f14a",
            "public_url": null
        },
        {
            "object": "page",
            "id": "179913ec-9396-80f5-9504-e478610a33b5",
            "created_time": "2025-01-12T17:14:00.000Z",
            "last_edited_time": "2025-01-12T17:17:00.000Z",
            "created_by": {
                "object": "user",
                "id": "171d872b-594c-811a-beba-0002c67dcc3c"
            },
            "last_edited_by": {
                "object": "user",
                "id": "90f687af-13a5-4409-85b4-c3f7fceabe80"
            },
            "cover": null,
            "icon": null,
            "parent": {
                "type": "database_id",
                "database_id": "171913ec-9396-81eb-b75a-d5b7f6464875"
            },
            "archived": false,
            "in_trash": false,
            "is_locked": false,
            "properties": {
                "Name": {
                    "id": "title",
                    "type": "title",
                    "title": [
                        {
                            "type": "text",
                            "text": {
                                "content": "React19",
                                "link": null
                            },
                            "annotations": {
                                "bold": false,
                                "italic": false,
                                "strikethrough": false,
                                "underline": false,
                                "code": false,
                                "color": "default"
                            },
                            "plain_text": "React19",
                            "href": null
                        }
                    ]
                }
            },
            "url": "https://www.notion.so/React19-179913ec939680f59504e478610a33b5",
            "public_url": null
        },
        {
            "object": "page",
            "id": "178913ec-9396-8016-94e4-c03e49df7924",
            "created_time": "2025-01-11T14:50:00.000Z",
            "last_edited_time": "2025-01-11T14:51:00.000Z",
            "created_by": {
                "object": "user",
                "id": "171d872b-594c-811a-beba-0002c67dcc3c"
            },
            "last_edited_by": {
                "object": "user",
                "id": "90f687af-13a5-4409-85b4-c3f7fceabe80"
            },
            "cover": null,
            "icon": null,
            "parent": {
                "type": "database_id",
                "database_id": "171913ec-9396-81eb-b75a-d5b7f6464875"
            },
            "archived": false,
            "in_trash": false,
            "is_locked": false,
            "properties": {
                "Name": {
                    "id": "title",
                    "type": "title",
                    "title": [
                        {
                            "type": "text",
                            "text": {
                                "content": "DEVOPS",
                                "link": null
                            },
                            "annotations": {
                                "bold": false,
                                "italic": false,
                                "strikethrough": false,
                                "underline": false,
                                "code": false,
                                "color": "default"
                            },
                            "plain_text": "DEVOPS",
                            "href": null
                        }
                    ]
                }
            },
            "url": "https://www.notion.so/DEVOPS-178913ec9396801694e4c03e49df7924",
            "public_url": null
        },
        {
            "object": "page",
            "id": "178913ec-9396-8097-8be0-cb72f54187d8",
            "created_time": "2025-01-11T14:42:00.000Z",
            "last_edited_time": "2025-01-11T14:50:00.000Z",
            "created_by": {
                "object": "user",
                "id": "171d872b-594c-811a-beba-0002c67dcc3c"
            },
            "last_edited_by": {
                "object": "user",
                "id": "90f687af-13a5-4409-85b4-c3f7fceabe80"
            },
            "cover": null,
            "icon": null,
            "parent": {
                "type": "database_id",
                "database_id": "171913ec-9396-81eb-b75a-d5b7f6464875"
            },
            "archived": false,
            "in_trash": false,
            "is_locked": false,
            "properties": {
                "Name": {
                    "id": "title",
                    "type": "title",
                    "title": [
                        {
                            "type": "text",
                            "text": {
                                "content": "BigData",
                                "link": null
                            },
                            "annotations": {
                                "bold": false,
                                "italic": false,
                                "strikethrough": false,
                                "underline": false,
                                "code": false,
                                "color": "default"
                            },
                            "plain_text": "BigData",
                            "href": null
                        }
                    ]
                }
            },
            "url": "https://www.notion.so/BigData-178913ec939680978be0cb72f54187d8",
            "public_url": null
        },
        {
            "object": "page",
            "id": "178913ec-9396-80ad-b656-d1278b7c4554",
            "created_time": "2025-01-11T14:26:00.000Z",
            "last_edited_time": "2025-01-11T14:35:00.000Z",
            "created_by": {
                "object": "user",
                "id": "171d872b-594c-811a-beba-0002c67dcc3c"
            },
            "last_edited_by": {
                "object": "user",
                "id": "90f687af-13a5-4409-85b4-c3f7fceabe80"
            },
            "cover": null,
            "icon": null,
            "parent": {
                "type": "database_id",
                "database_id": "171913ec-9396-81eb-b75a-d5b7f6464875"
            },
            "archived": false,
            "in_trash": false,
            "is_locked": false,
            "properties": {
                "Name": {
                    "id": "title",
                    "type": "title",
                    "title": [
                        {
                            "type": "text",
                            "text": {
                                "content": "TestNg",
                                "link": null
                            },
                            "annotations": {
                                "bold": false,
                                "italic": false,
                                "strikethrough": false,
                                "underline": false,
                                "code": false,
                                "color": "default"
                            },
                            "plain_text": "TestNg",
                            "href": null
                        }
                    ]
                }
            },
            "url": "https://www.notion.so/TestNg-178913ec939680adb656d1278b7c4554",
            "public_url": null
        },
        {
            "object": "page",
            "id": "178913ec-9396-80f3-8013-f28b42e81e5f",
            "created_time": "2025-01-11T10:26:00.000Z",
            "last_edited_time": "2025-01-11T14:02:00.000Z",
            "created_by": {
                "object": "user",
                "id": "171d872b-594c-811a-beba-0002c67dcc3c"
            },
            "last_edited_by": {
                "object": "user",
                "id": "171d872b-594c-811a-beba-0002c67dcc3c"
            },
            "cover": null,
            "icon": null,
            "parent": {
                "type": "database_id",
                "database_id": "171913ec-9396-81eb-b75a-d5b7f6464875"
            },
            "archived": false,
            "in_trash": false,
            "is_locked": false,
            "properties": {
                "Name": {
                    "id": "title",
                    "type": "title",
                    "title": [
                        {
                            "type": "text",
                            "text": {
                                "content": "css",
                                "link": null
                            },
                            "annotations": {
                                "bold": false,
                                "italic": false,
                                "strikethrough": false,
                                "underline": false,
                                "code": false,
                                "color": "default"
                            },
                            "plain_text": "css",
                            "href": null
                        }
                    ]
                }
            },
            "url": "https://www.notion.so/css-178913ec939680f38013f28b42e81e5f",
            "public_url": null
        },
        {
            "object": "page",
            "id": "178913ec-9396-80f6-b338-c13fd764b8b6",
            "created_time": "2025-01-11T10:05:00.000Z",
            "last_edited_time": "2025-01-11T14:21:00.000Z",
            "created_by": {
                "object": "user",
                "id": "171d872b-594c-811a-beba-0002c67dcc3c"
            },
            "last_edited_by": {
                "object": "user",
                "id": "90f687af-13a5-4409-85b4-c3f7fceabe80"
            },
            "cover": null,
            "icon": null,
            "parent": {
                "type": "database_id",
                "database_id": "171913ec-9396-81eb-b75a-d5b7f6464875"
            },
            "archived": false,
            "in_trash": false,
            "is_locked": false,
            "properties": {
                "Name": {
                    "id": "title",
                    "type": "title",
                    "title": [
                        {
                            "type": "text",
                            "text": {
                                "content": "Figma",
                                "link": null
                            },
                            "annotations": {
                                "bold": false,
                                "italic": false,
                                "strikethrough": false,
                                "underline": false,
                                "code": false,
                                "color": "default"
                            },
                            "plain_text": "Figma",
                            "href": null
                        }
                    ]
                }
            },
            "url": "https://www.notion.so/Figma-178913ec939680f6b338c13fd764b8b6",
            "public_url": null
        },
        {
            "object": "page",
            "id": "178913ec-9396-8008-81b9-e3c4c394a5ee",
            "created_time": "2025-01-11T10:04:00.000Z",
            "last_edited_time": "2025-01-11T10:26:00.000Z",
            "created_by": {
                "object": "user",
                "id": "171d872b-594c-811a-beba-0002c67dcc3c"
            },
            "last_edited_by": {
                "object": "user",
                "id": "171d872b-594c-811a-beba-0002c67dcc3c"
            },
            "cover": null,
            "icon": null,
            "parent": {
                "type": "database_id",
                "database_id": "171913ec-9396-81eb-b75a-d5b7f6464875"
            },
            "archived": false,
            "in_trash": false,
            "is_locked": false,
            "properties": {
                "Name": {
                    "id": "title",
                    "type": "title",
                    "title": [
                        {
                            "type": "text",
                            "text": {
                                "content": "NodeJS",
                                "link": null
                            },
                            "annotations": {
                                "bold": false,
                                "italic": false,
                                "strikethrough": false,
                                "underline": false,
                                "code": false,
                                "color": "default"
                            },
                            "plain_text": "NodeJS",
                            "href": null
                        }
                    ]
                }
            },
            "url": "https://www.notion.so/NodeJS-178913ec9396800881b9e3c4c394a5ee",
            "public_url": null
        }
    ],
    "next_cursor": null,
    "has_more": false,
    "type": "page_or_database",
    "page_or_database": {
        
    },
    "request_id": "dfb8a723-f203-443e-a723-d2395a42731f"
} 
{
    "object": "list",
    "results": [
        {
            "object": "page",
            "id": "26e913ec-9396-8012-a33f-e62dfe638480",
            "created_time": "2025-09-14T17:29:00.000Z",
            "last_edited_time": "2025-09-14T17:30:00.000Z",
            "created_by": {
                "object": "user",
                "id": "171d872b-594c-811a-beba-0002c67dcc3c"
            },
            "last_edited_by": {
                "object": "user",
                "id": "90f687af-13a5-4409-85b4-c3f7fceabe80"
            },
            "cover": null,
            "icon": null,
            "parent": {
                "type": "database_id",
                "database_id": "171913ec-9396-81eb-b75a-d5b7f6464875"
            },
            "archived": false,
            "in_trash": false,
            "is_locked": false,
            "properties": {
                "Name": {
                    "id": "title",
                    "type": "title",
                    "title": [
                        {
                            "type": "text",
                            "text": {
                                "content": "mongoDb",
                                "link": null
                            },
                            "annotations": {
                                "bold": false,
                                "italic": false,
                                "strikethrough": false,
                                "underline": false,
                                "code": false,
                                "color": "default"
                            },
                            "plain_text": "mongoDb",
                            "href": null
                        }
                    ]
                }
            },
            "url": "https://www.notion.so/mongoDb-26e913ec93968012a33fe62dfe638480",
            "public_url": null
        },
        {
            "object": "page",
            "id": "26e913ec-9396-80d6-a98b-eb02f0f548c2",
            "created_time": "2025-09-14T14:54:00.000Z",
            "last_edited_time": "2025-09-14T14:55:00.000Z",
            "created_by": {
                "object": "user",
                "id": "171d872b-594c-811a-beba-0002c67dcc3c"
            },
            "last_edited_by": {
                "object": "user",
                "id": "90f687af-13a5-4409-85b4-c3f7fceabe80"
            },
            "cover": null,
            "icon": null,
            "parent": {
                "type": "database_id",
                "database_id": "171913ec-9396-81eb-b75a-d5b7f6464875"
            },
            "archived": false,
            "in_trash": false,
            "is_locked": false,
            "properties": {
                "Name": {
                    "id": "title",
                    "type": "title",
                    "title": [
                        {
                            "type": "text",
                            "text": {
                                "content": "redis",
                                "link": null
                            },
                            "annotations": {
                                "bold": false,
                                "italic": false,
                                "strikethrough": false,
                                "underline": false,
                                "code": false,
                                "color": "default"
                            },
                            "plain_text": "redis",
                            "href": null
                        }
                    ]
                }
            },
            "url": "https://www.notion.so/redis-26e913ec939680d6a98beb02f0f548c2",
            "public_url": null
        },
        {
            "object": "page",
            "id": "26e913ec-9396-8090-9fb6-cdb4713bdd8a",
            "created_time": "2025-09-14T11:56:00.000Z",
            "last_edited_time": "2025-09-14T12:00:00.000Z",
            "created_by": {
                "object": "user",
                "id": "171d872b-594c-811a-beba-0002c67dcc3c"
            },
            "last_edited_by": {
                "object": "user",
                "id": "90f687af-13a5-4409-85b4-c3f7fceabe80"
            },
            "cover": null,
            "icon": null,
            "parent": {
                "type": "database_id",
                "database_id": "171913ec-9396-81eb-b75a-d5b7f6464875"
            },
            "archived": false,
            "in_trash": false,
            "is_locked": false,
            "properties": {
                "Name": {
                    "id": "title",
                    "type": "title",
                    "title": [
                        {
                            "type": "text",
                            "text": {
                                "content": "Agentic AI",
                                "link": null
                            },
                            "annotations": {
                                "bold": false,
                                "italic": false,
                                "strikethrough": false,
                                "underline": false,
                                "code": false,
                                "color": "default"
                            },
                            "plain_text": "Agentic AI",
                            "href": null
                        }
                    ]
                }
            },
            "url": "https://www.notion.so/Agentic-AI-26e913ec939680909fb6cdb4713bdd8a",
            "public_url": null
        },
        {
            "object": "page",
            "id": "26e913ec-9396-80cc-818f-feaa1e5944a4",
            "created_time": "2025-09-14T11:56:00.000Z",
            "last_edited_time": "2025-09-14T11:57:00.000Z",
            "created_by": {
                "object": "user",
                "id": "171d872b-594c-811a-beba-0002c67dcc3c"
            },
            "last_edited_by": {
                "object": "user",
                "id": "90f687af-13a5-4409-85b4-c3f7fceabe80"
            },
            "cover": null,
            "icon": null,
            "parent": {
                "type": "database_id",
                "database_id": "171913ec-9396-81eb-b75a-d5b7f6464875"
            },
            "archived": false,
            "in_trash": false,
            "is_locked": false,
            "properties": {
                "Name": {
                    "id": "title",
                    "type": "title",
                    "title": [
                        {
                            "type": "text",
                            "text": {
                                "content": "spark",
                                "link": null
                            },
                            "annotations": {
                                "bold": false,
                                "italic": false,
                                "strikethrough": false,
                                "underline": false,
                                "code": false,
                                "color": "default"
                            },
                            "plain_text": "spark",
                            "href": null
                        }
                    ]
                }
            },
            "url": "https://www.notion.so/spark-26e913ec939680cc818ffeaa1e5944a4",
            "public_url": null
        },
        {
            "object": "page",
            "id": "26e913ec-9396-8008-80de-cfd59d239808",
            "created_time": "2025-09-14T10:58:00.000Z",
            "last_edited_time": "2025-09-14T10:59:00.000Z",
            "created_by": {
                "object": "user",
                "id": "171d872b-594c-811a-beba-0002c67dcc3c"
            },
            "last_edited_by": {
                "object": "user",
                "id": "90f687af-13a5-4409-85b4-c3f7fceabe80"
            },
            "cover": null,
            "icon": null,
            "parent": {
                "type": "database_id",
                "database_id": "171913ec-9396-81eb-b75a-d5b7f6464875"
            },
            "archived": false,
            "in_trash": false,
            "is_locked": false,
            "properties": {
                "Name": {
                    "id": "title",
                    "type": "title",
                    "title": [
                        {
                            "type": "text",
                            "text": {
                                "content": "solana",
                                "link": null
                            },
                            "annotations": {
                                "bold": false,
                                "italic": false,
                                "strikethrough": false,
                                "underline": false,
                                "code": false,
                                "color": "default"
                            },
                            "plain_text": "solana",
                            "href": null
                        }
                    ]
                }
            },
            "url": "https://www.notion.so/solana-26e913ec9396800880decfd59d239808",
            "public_url": null
        },
        {
            "object": "page",
            "id": "26e913ec-9396-802a-87b8-f4bf66275933",
            "created_time": "2025-09-14T07:52:00.000Z",
            "last_edited_time": "2025-09-14T10:50:00.000Z",
            "created_by": {
                "object": "user",
                "id": "171d872b-594c-811a-beba-0002c67dcc3c"
            },
            "last_edited_by": {
                "object": "user",
                "id": "90f687af-13a5-4409-85b4-c3f7fceabe80"
            },
            "cover": null,
            "icon": null,
            "parent": {
                "type": "database_id",
                "database_id": "171913ec-9396-81eb-b75a-d5b7f6464875"
            },
            "archived": false,
            "in_trash": false,
            "is_locked": false,
            "properties": {
                "Name": {
                    "id": "title",
                    "type": "title",
                    "title": [
                        {
                            "type": "text",
                            "text": {
                                "content": "kafka",
                                "link": null
                            },
                            "annotations": {
                                "bold": false,
                                "italic": false,
                                "strikethrough": false,
                                "underline": false,
                                "code": false,
                                "color": "default"
                            },
                            "plain_text": "kafka",
                            "href": null
                        }
                    ]
                }
            },
            "url": "https://www.notion.so/kafka-26e913ec9396802a87b8f4bf66275933",
            "public_url": null
        },
        {
            "object": "page",
            "id": "26d913ec-9396-807d-89d9-ed5f66071915",
            "created_time": "2025-09-13T23:10:00.000Z",
            "last_edited_time": "2025-09-14T07:07:00.000Z",
            "created_by": {
                "object": "user",
                "id": "171d872b-594c-811a-beba-0002c67dcc3c"
            },
            "last_edited_by": {
                "object": "user",
                "id": "90f687af-13a5-4409-85b4-c3f7fceabe80"
            },
            "cover": null,
            "icon": null,
            "parent": {
                "type": "database_id",
                "database_id": "171913ec-9396-81eb-b75a-d5b7f6464875"
            },
            "archived": false,
            "in_trash": false,
            "is_locked": false,
            "properties": {
                "Name": {
                    "id": "title",
                    "type": "title",
                    "title": [
                        {
                            "type": "text",
                            "text": {
                                "content": "Junit",
                                "link": null
                            },
                            "annotations": {
                                "bold": false,
                                "italic": false,
                                "strikethrough": false,
                                "underline": false,
                                "code": false,
                                "color": "default"
                            },
                            "plain_text": "Junit",
                            "href": null
                        }
                    ]
                }
            },
            "url": "https://www.notion.so/Junit-26d913ec9396807d89d9ed5f66071915",
            "public_url": null
        },
        {
            "object": "page",
            "id": "26d913ec-9396-809d-bac3-c7326b191b2e",
            "created_time": "2025-09-13T23:07:00.000Z",
            "last_edited_time": "2025-09-14T07:00:00.000Z",
            "created_by": {
                "object": "user",
                "id": "171d872b-594c-811a-beba-0002c67dcc3c"
            },
            "last_edited_by": {
                "object": "user",
                "id": "90f687af-13a5-4409-85b4-c3f7fceabe80"
            },
            "cover": null,
            "icon": null,
            "parent": {
                "type": "database_id",
                "database_id": "171913ec-9396-81eb-b75a-d5b7f6464875"
            },
            "archived": false,
            "in_trash": false,
            "is_locked": false,
            "properties": {
                "Name": {
                    "id": "title",
                    "type": "title",
                    "title": [
                        {
                            "type": "text",
                            "text": {
                                "content": "Pandas",
                                "link": null
                            },
                            "annotations": {
                                "bold": false,
                                "italic": false,
                                "strikethrough": false,
                                "underline": false,
                                "code": false,
                                "color": "default"
                            },
                            "plain_text": "Pandas",
                            "href": null
                        }
                    ]
                }
            },
            "url": "https://www.notion.so/Pandas-26d913ec9396809dbac3c7326b191b2e",
            "public_url": null
        },
        {
            "object": "page",
            "id": "180913ec-9396-80a1-94d2-ef2438be8f08",
            "created_time": "2025-01-19T09:19:00.000Z",
            "last_edited_time": "2025-01-19T09:24:00.000Z",
            "created_by": {
                "object": "user",
                "id": "171d872b-594c-811a-beba-0002c67dcc3c"
            },
            "last_edited_by": {
                "object": "user",
                "id": "90f687af-13a5-4409-85b4-c3f7fceabe80"
            },
            "cover": null,
            "icon": null,
            "parent": {
                "type": "database_id",
                "database_id": "171913ec-9396-81eb-b75a-d5b7f6464875"
            },
            "archived": false,
            "in_trash": false,
            "is_locked": false,
            "properties": {
                "Name": {
                    "id": "title",
                    "type": "title",
                    "title": [
                        {
                            "type": "text",
                            "text": {
                                "content": "Blockchain",
                                "link": null
                            },
                            "annotations": {
                                "bold": false,
                                "italic": false,
                                "strikethrough": false,
                                "underline": false,
                                "code": false,
                                "color": "default"
                            },
                            "plain_text": "Blockchain",
                            "href": null
                        }
                    ]
                }
            },
            "url": "https://www.notion.so/Blockchain-180913ec939680a194d2ef2438be8f08",
            "public_url": null
        },
        {
            "object": "page",
            "id": "17f913ec-9396-800d-97ab-e7ee2ceb0dc8",
            "created_time": "2025-01-18T09:07:00.000Z",
            "last_edited_time": "2025-01-18T09:08:00.000Z",
            "created_by": {
                "object": "user",
                "id": "171d872b-594c-811a-beba-0002c67dcc3c"
            },
            "last_edited_by": {
                "object": "user",
                "id": "90f687af-13a5-4409-85b4-c3f7fceabe80"
            },
            "cover": null,
            "icon": null,
            "parent": {
                "type": "database_id",
                "database_id": "171913ec-9396-81eb-b75a-d5b7f6464875"
            },
            "archived": false,
            "in_trash": false,
            "is_locked": false,
            "properties": {
                "Name": {
                    "id": "title",
                    "type": "title",
                    "title": [
                        {
                            "type": "text",
                            "text": {
                                "content": "RestAssured",
                                "link": null
                            },
                            "annotations": {
                                "bold": false,
                                "italic": false,
                                "strikethrough": false,
                                "underline": false,
                                "code": false,
                                "color": "default"
                            },
                            "plain_text": "RestAssured",
                            "href": null
                        }
                    ]
                }
            },
            "url": "https://www.notion.so/RestAssured-17f913ec9396800d97abe7ee2ceb0dc8",
            "public_url": null
        },
        {
            "object": "page",
            "id": "179913ec-9396-8074-87d9-e7632487f14a",
            "created_time": "2025-01-12T17:15:00.000Z",
            "last_edited_time": "2025-01-12T17:16:00.000Z",
            "created_by": {
                "object": "user",
                "id": "171d872b-594c-811a-beba-0002c67dcc3c"
            },
            "last_edited_by": {
                "object": "user",
                "id": "90f687af-13a5-4409-85b4-c3f7fceabe80"
            },
            "cover": null,
            "icon": null,
            "parent": {
                "type": "database_id",
                "database_id": "171913ec-9396-81eb-b75a-d5b7f6464875"
            },
            "archived": false,
            "in_trash": false,
            "is_locked": false,
            "properties": {
                "Name": {
                    "id": "title",
                    "type": "title",
                    "title": [
                        {
                            "type": "text",
                            "text": {
                                "content": "GoLang",
                                "link": null
                            },
                            "annotations": {
                                "bold": false,
                                "italic": false,
                                "strikethrough": false,
                                "underline": false,
                                "code": false,
                                "color": "default"
                            },
                            "plain_text": "GoLang",
                            "href": null
                        }
                    ]
                }
            },
            "url": "https://www.notion.so/GoLang-179913ec9396807487d9e7632487f14a",
            "public_url": null
        },
        {
            "object": "page",
            "id": "179913ec-9396-80f5-9504-e478610a33b5",
            "created_time": "2025-01-12T17:14:00.000Z",
            "last_edited_time": "2025-01-12T17:17:00.000Z",
            "created_by": {
                "object": "user",
                "id": "171d872b-594c-811a-beba-0002c67dcc3c"
            },
            "last_edited_by": {
                "object": "user",
                "id": "90f687af-13a5-4409-85b4-c3f7fceabe80"
            },
            "cover": null,
            "icon": null,
            "parent": {
                "type": "database_id",
                "database_id": "171913ec-9396-81eb-b75a-d5b7f6464875"
            },
            "archived": false,
            "in_trash": false,
            "is_locked": false,
            "properties": {
                "Name": {
                    "id": "title",
                    "type": "title",
                    "title": [
                        {
                            "type": "text",
                            "text": {
                                "content": "React19",
                                "link": null
                            },
                            "annotations": {
                                "bold": false,
                                "italic": false,
                                "strikethrough": false,
                                "underline": false,
                                "code": false,
                                "color": "default"
                            },
                            "plain_text": "React19",
                            "href": null
                        }
                    ]
                }
            },
            "url": "https://www.notion.so/React19-179913ec939680f59504e478610a33b5",
            "public_url": null
        },
        {
            "object": "page",
            "id": "178913ec-9396-8016-94e4-c03e49df7924",
            "created_time": "2025-01-11T14:50:00.000Z",
            "last_edited_time": "2025-01-11T14:51:00.000Z",
            "created_by": {
                "object": "user",
                "id": "171d872b-594c-811a-beba-0002c67dcc3c"
            },
            "last_edited_by": {
                "object": "user",
                "id": "90f687af-13a5-4409-85b4-c3f7fceabe80"
            },
            "cover": null,
            "icon": null,
            "parent": {
                "type": "database_id",
                "database_id": "171913ec-9396-81eb-b75a-d5b7f6464875"
            },
            "archived": false,
            "in_trash": false,
            "is_locked": false,
            "properties": {
                "Name": {
                    "id": "title",
                    "type": "title",
                    "title": [
                        {
                            "type": "text",
                            "text": {
                                "content": "DEVOPS",
                                "link": null
                            },
                            "annotations": {
                                "bold": false,
                                "italic": false,
                                "strikethrough": false,
                                "underline": false,
                                "code": false,
                                "color": "default"
                            },
                            "plain_text": "DEVOPS",
                            "href": null
                        }
                    ]
                }
            },
            "url": "https://www.notion.so/DEVOPS-178913ec9396801694e4c03e49df7924",
            "public_url": null
        },
        {
            "object": "page",
            "id": "178913ec-9396-8097-8be0-cb72f54187d8",
            "created_time": "2025-01-11T14:42:00.000Z",
            "last_edited_time": "2025-01-11T14:50:00.000Z",
            "created_by": {
                "object": "user",
                "id": "171d872b-594c-811a-beba-0002c67dcc3c"
            },
            "last_edited_by": {
                "object": "user",
                "id": "90f687af-13a5-4409-85b4-c3f7fceabe80"
            },
            "cover": null,
            "icon": null,
            "parent": {
                "type": "database_id",
                "database_id": "171913ec-9396-81eb-b75a-d5b7f6464875"
            },
            "archived": false,
            "in_trash": false,
            "is_locked": false,
            "properties": {
                "Name": {
                    "id": "title",
                    "type": "title",
                    "title": [
                        {
                            "type": "text",
                            "text": {
                                "content": "BigData",
                                "link": null
                            },
                            "annotations": {
                                "bold": false,
                                "italic": false,
                                "strikethrough": false,
                                "underline": false,
                                "code": false,
                                "color": "default"
                            },
                            "plain_text": "BigData",
                            "href": null
                        }
                    ]
                }
            },
            "url": "https://www.notion.so/BigData-178913ec939680978be0cb72f54187d8",
            "public_url": null
        },
        {
            "object": "page",
            "id": "178913ec-9396-80ad-b656-d1278b7c4554",
            "created_time": "2025-01-11T14:26:00.000Z",
            "last_edited_time": "2025-01-11T14:35:00.000Z",
            "created_by": {
                "object": "user",
                "id": "171d872b-594c-811a-beba-0002c67dcc3c"
            },
            "last_edited_by": {
                "object": "user",
                "id": "90f687af-13a5-4409-85b4-c3f7fceabe80"
            },
            "cover": null,
            "icon": null,
            "parent": {
                "type": "database_id",
                "database_id": "171913ec-9396-81eb-b75a-d5b7f6464875"
            },
            "archived": false,
            "in_trash": false,
            "is_locked": false,
            "properties": {
                "Name": {
                    "id": "title",
                    "type": "title",
                    "title": [
                        {
                            "type": "text",
                            "text": {
                                "content": "TestNg",
                                "link": null
                            },
                            "annotations": {
                                "bold": false,
                                "italic": false,
                                "strikethrough": false,
                                "underline": false,
                                "code": false,
                                "color": "default"
                            },
                            "plain_text": "TestNg",
                            "href": null
                        }
                    ]
                }
            },
            "url": "https://www.notion.so/TestNg-178913ec939680adb656d1278b7c4554",
            "public_url": null
        },
        {
            "object": "page",
            "id": "178913ec-9396-80f3-8013-f28b42e81e5f",
            "created_time": "2025-01-11T10:26:00.000Z",
            "last_edited_time": "2025-01-11T14:02:00.000Z",
            "created_by": {
                "object": "user",
                "id": "171d872b-594c-811a-beba-0002c67dcc3c"
            },
            "last_edited_by": {
                "object": "user",
                "id": "171d872b-594c-811a-beba-0002c67dcc3c"
            },
            "cover": null,
            "icon": null,
            "parent": {
                "type": "database_id",
                "database_id": "171913ec-9396-81eb-b75a-d5b7f6464875"
            },
            "archived": false,
            "in_trash": false,
            "is_locked": false,
            "properties": {
                "Name": {
                    "id": "title",
                    "type": "title",
                    "title": [
                        {
                            "type": "text",
                            "text": {
                                "content": "css",
                                "link": null
                            },
                            "annotations": {
                                "bold": false,
                                "italic": false,
                                "strikethrough": false,
                                "underline": false,
                                "code": false,
                                "color": "default"
                            },
                            "plain_text": "css",
                            "href": null
                        }
                    ]
                }
            },
            "url": "https://www.notion.so/css-178913ec939680f38013f28b42e81e5f",
            "public_url": null
        },
        {
            "object": "page",
            "id": "178913ec-9396-80f6-b338-c13fd764b8b6",
            "created_time": "2025-01-11T10:05:00.000Z",
            "last_edited_time": "2025-01-11T14:21:00.000Z",
            "created_by": {
                "object": "user",
                "id": "171d872b-594c-811a-beba-0002c67dcc3c"
            },
            "last_edited_by": {
                "object": "user",
                "id": "90f687af-13a5-4409-85b4-c3f7fceabe80"
            },
            "cover": null,
            "icon": null,
            "parent": {
                "type": "database_id",
                "database_id": "171913ec-9396-81eb-b75a-d5b7f6464875"
            },
            "archived": false,
            "in_trash": false,
            "is_locked": false,
            "properties": {
                "Name": {
                    "id": "title",
                    "type": "title",
                    "title": [
                        {
                            "type": "text",
                            "text": {
                                "content": "Figma",
                                "link": null
                            },
                            "annotations": {
                                "bold": false,
                                "italic": false,
                                "strikethrough": false,
                                "underline": false,
                                "code": false,
                                "color": "default"
                            },
                            "plain_text": "Figma",
                            "href": null
                        }
                    ]
                }
            },
            "url": "https://www.notion.so/Figma-178913ec939680f6b338c13fd764b8b6",
            "public_url": null
        },
        {
            "object": "page",
            "id": "178913ec-9396-8008-81b9-e3c4c394a5ee",
            "created_time": "2025-01-11T10:04:00.000Z",
            "last_edited_time": "2025-01-11T10:26:00.000Z",
            "created_by": {
                "object": "user",
                "id": "171d872b-594c-811a-beba-0002c67dcc3c"
            },
            "last_edited_by": {
                "object": "user",
                "id": "171d872b-594c-811a-beba-0002c67dcc3c"
            },
            "cover": null,
            "icon": null,
            "parent": {
                "type": "database_id",
                "database_id": "171913ec-9396-81eb-b75a-d5b7f6464875"
            },
            "archived": false,
            "in_trash": false,
            "is_locked": false,
            "properties": {
                "Name": {
                    "id": "title",
                    "type": "title",
                    "title": [
                        {
                            "type": "text",
                            "text": {
                                "content": "NodeJS",
                                "link": null
                            },
                            "annotations": {
                                "bold": false,
                                "italic": false,
                                "strikethrough": false,
                                "underline": false,
                                "code": false,
                                "color": "default"
                            },
                            "plain_text": "NodeJS",
                            "href": null
                        }
                    ]
                }
            },
            "url": "https://www.notion.so/NodeJS-178913ec9396800881b9e3c4c394a5ee",
            "public_url": null
        }
    ],
    "next_cursor": null,
    "has_more": false,
    "type": "page_or_database",
    "page_or_database": {
        
    },
    "request_id": "dfb8a723-f203-443e-a723-d2395a42731f"
}
]]></system-out>
    <system-err><![CDATA[SLF4J: Failed to load class "org.slf4j.impl.StaticLoggerBinder".
SLF4J: Defaulting to no-operation (NOP) logger implementation
SLF4J: See http://www.slf4j.org/codes.html#StaticLoggerBinder for further details.
]]></system-err>
  </testcase>
  <testcase name="getPageContent" classname="api.tests.gpt_and_notion.ChatGptTextGenerationTest" time="15.553">
    <system-out><![CDATA[2025-09-14 23:17:59 [TestNG-test-API Automation Test-1] INFO api.tests.gpt_and_notion.ChatGptTextGenerationTest::onTestSuccess::34  getPageListInDatabasesTest PASSED 
2025-09-14 23:17:59 [TestNG-test-API Automation Test-2] INFO api.tests.gpt_and_notion.ChatGptTextGenerationTest::onTestStart::26  getPageContent 
2025-09-14 23:17:59 [TestNG-test-API Automation Test-2] INFO api.tests.gpt_and_notion.ChatGptTextGenerationTest::onTestStart::27   
2025-09-14 23:17:59 [TestNG-test-API Automation Test-2] INFO api.tests.gpt_and_notion.ChatGptTextGenerationTest::onTestStart::28  [] 
2025-09-14 23:17:59 [TestNG-test-API Automation Test-2] INFO api.filters.LoggingAndReportingFilter::logAndReportRequest::26  URI : https://api.notion.com/v1/blocks/26e913ec-9396-8012-a33f-e62dfe638480/children 
2025-09-14 23:17:59 [TestNG-test-API Automation Test-2] INFO api.filters.LoggingAndReportingFilter::logAndReportRequest::27  BASE URI:https://api.notion.com/v1 
2025-09-14 23:17:59 [TestNG-test-API Automation Test-2] INFO api.filters.LoggingAndReportingFilter::logAndReportRequest::28  Request Header:Authorization=Bearer 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
Notion-Version=2022-02-22
Accept=*/* 
2025-09-14 23:17:59 [TestNG-test-API Automation Test-2] INFO api.filters.LoggingAndReportingFilter::logAndReportRequest::29  Request PayLoad:null 
2025-09-14 23:18:01 [TestNG-test-API Automation Test-2] INFO api.filters.LoggingAndReportingFilter::logAndReportResponse::36  STATUS CODE:200 
2025-09-14 23:18:01 [TestNG-test-API Automation Test-2] INFO api.filters.LoggingAndReportingFilter::logAndReportResponse::37  Response Header :Date=Sun, 14 Sep 2025 17:48:01 GMT
Content-Type=application/json; charset=utf-8
Transfer-Encoding=chunked
Connection=keep-alive
Server=cloudflare
CF-Ray=97f1b6727b29d89e-BOM
CF-Cache-Status=DYNAMIC
Content-Encoding=gzip
ETag=W/"d69-nQ3+BJEycKjeD+YXAE/11gViCCI"
Strict-Transport-Security=max-age=31536000; includeSubDomains; preload
Vary=Accept-Encoding
content-security-policy=default-src 'none'
referrer-policy=strict-origin-when-cross-origin
x-content-type-options=nosniff
x-dns-prefetch-control=off
x-download-options=noopen
x-frame-options=SAMEORIGIN
x-notion-request-id=a1b061ed-5ee3-4372-9a36-2fdde1aefe13
x-permitted-cross-domain-policies=none
x-xss-protection=0
Set-Cookie=__cf_bm=BszunaLhoeejwoJaIbqD3TAqyc3cearLlHn4Wwr0dGc-1757872081-1.0.1.1-ZwPCIdTydYNUKICfEI0GZ5GGOmjeB1OkdYCpWXfgNRmxos1BbyqSp6VIFdM8gfkBb3Bf_UKcATqk5Ty_Mgxy_I2RtPvZMggd60CZjwYZKSo; path=/; expires=Sun, 14-Sep-25 18:18:01 GMT; domain=.notion.com; HttpOnly; Secure; SameSite=None
Set-Cookie=_cfuvid=E.g3eVOWYMSEreq5f2I2MmjpnpvWfOzaYMH27gGHCJg-1757872081526-0.0.1.1-604800000; path=/; domain=.notion.com; HttpOnly; Secure; SameSite=None
alt-svc=h3=":443"; ma=86400 
{
    "object": "list",
    "results": [
        {
            "object": "block",
            "id": "26e913ec-9396-8179-b24d-e4581fb99b2c",
            "parent": {
                "type": "page_id",
                "page_id": "26e913ec-9396-8012-a33f-e62dfe638480"
            },
            "created_time": "2025-09-14T17:30:00.000Z",
            "last_edited_time": "2025-09-14T17:30:00.000Z",
            "created_by": {
                "object": "user",
                "id": "90f687af-13a5-4409-85b4-c3f7fceabe80"
            },
            "last_edited_by": {
                "object": "user",
                "id": "90f687af-13a5-4409-85b4-c3f7fceabe80"
            },
            "has_children": false,
            "archived": false,
            "in_trash": false,
            "type": "heading_2",
            "heading_2": {
                "rich_text": [
                    {
                        "type": "text",
                        "text": {
                            "content": "mongoDb",
                            "link": null
                        },
                        "annotations": {
                            "bold": false,
                            "italic": false,
                            "strikethrough": false,
                            "underline": false,
                            "code": false,
                            "color": "default"
                        },
                        "plain_text": "mongoDb",
                        "href": null
                    }
                ],
                "is_toggleable": false,
                "color": "default"
            }
        },
        {
            "object": "block",
            "id": "26e913ec-9396-818e-9115-f61558aa636a",
            "parent": {
                "type": "page_id",
                "page_id": "26e913ec-9396-8012-a33f-e62dfe638480"
            },
            "created_time": "2025-09-14T17:30:00.000Z",
            "last_edited_time": "2025-09-14T17:30:00.000Z",
            "created_by": {
                "object": "user",
                "id": "90f687af-13a5-4409-85b4-c3f7fceabe80"
            },
            "last_edited_by": {
                "object": "user",
                "id": "90f687af-13a5-4409-85b4-c3f7fceabe80"
            },
            "has_children": false,
            "archived": false,
            "in_trash": false,
            "type": "paragraph",
            "paragraph": {
                "rich_text": [
                    {
                        "type": "text",
                        "text": {
                            "content": "MongoDB is a NoSQL database designed to store and manage large volumes of unstructured data in a flexible and scalable way. Unlike traditional relational databases that use tables and rows, MongoDB stores data in JSON-like documents, allowing for varied data structures and facilitating easy updates and changes to the data model. This makes it particularly well-suited for applications that require fast development, handle diverse data types, or scale rapidly, such as web applications and big data processing. With features like automatic sharding for horizontal scaling and powerful querying capabilities, MongoDB provides developers with the tools to efficiently store, retrieve, and manipulate data in a way that aligns with modern application needs. Its rich ecosystem, including various drivers for different programming languages and robust performance capabilities, has made it a popular choice among developers worldwide.",
                            "link": null
                        },
                        "annotations": {
                            "bold": false,
                            "italic": false,
                            "strikethrough": false,
                            "underline": false,
                            "code": false,
                            "color": "default"
                        },
                        "plain_text": "MongoDB is a NoSQL database designed to store and manage large volumes of unstructured data in a flexible and scalable way. Unlike traditional relational databases that use tables and rows, MongoDB stores data in JSON-like documents, allowing for varied data structures and facilitating easy updates and changes to the data model. This makes it particularly well-suited for applications that require fast development, handle diverse data types, or scale rapidly, such as web applications and big data processing. With features like automatic sharding for horizontal scaling and powerful querying capabilities, MongoDB provides developers with the tools to efficiently store, retrieve, and manipulate data in a way that aligns with modern application needs. Its rich ecosystem, including various drivers for different programming languages and robust performance capabilities, has made it a popular choice among developers worldwide.",
                        "href": null
                    }
                ],
                "color": "default"
            }
        }
    ],
    "next_cursor": null,
    "has_more": false,
    "type": "block",
    "block": {
        
    },
    "request_id": "a1b061ed-5ee3-4372-9a36-2fdde1aefe13"
}
2025-09-14 23:18:01 [TestNG-test-API Automation Test-2] INFO api.filters.LoggingAndReportingFilter::logAndReportResponse::38  Request Body:{
    "object": "list",
    "results": [
        {
            "object": "block",
            "id": "26e913ec-9396-8179-b24d-e4581fb99b2c",
            "parent": {
                "type": "page_id",
                "page_id": "26e913ec-9396-8012-a33f-e62dfe638480"
            },
            "created_time": "2025-09-14T17:30:00.000Z",
            "last_edited_time": "2025-09-14T17:30:00.000Z",
            "created_by": {
                "object": "user",
                "id": "90f687af-13a5-4409-85b4-c3f7fceabe80"
            },
            "last_edited_by": {
                "object": "user",
                "id": "90f687af-13a5-4409-85b4-c3f7fceabe80"
            },
            "has_children": false,
            "archived": false,
            "in_trash": false,
            "type": "heading_2",
            "heading_2": {
                "rich_text": [
                    {
                        "type": "text",
                        "text": {
                            "content": "mongoDb",
                            "link": null
                        },
                        "annotations": {
                            "bold": false,
                            "italic": false,
                            "strikethrough": false,
                            "underline": false,
                            "code": false,
                            "color": "default"
                        },
                        "plain_text": "mongoDb",
                        "href": null
                    }
                ],
                "is_toggleable": false,
                "color": "default"
            }
        },
        {
            "object": "block",
            "id": "26e913ec-9396-818e-9115-f61558aa636a",
            "parent": {
                "type": "page_id",
                "page_id": "26e913ec-9396-8012-a33f-e62dfe638480"
            },
            "created_time": "2025-09-14T17:30:00.000Z",
            "last_edited_time": "2025-09-14T17:30:00.000Z",
            "created_by": {
                "object": "user",
                "id": "90f687af-13a5-4409-85b4-c3f7fceabe80"
            },
            "last_edited_by": {
                "object": "user",
                "id": "90f687af-13a5-4409-85b4-c3f7fceabe80"
            },
            "has_children": false,
            "archived": false,
            "in_trash": false,
            "type": "paragraph",
            "paragraph": {
                "rich_text": [
                    {
                        "type": "text",
                        "text": {
                            "content": "MongoDB is a NoSQL database designed to store and manage large volumes of unstructured data in a flexible and scalable way. Unlike traditional relational databases that use tables and rows, MongoDB stores data in JSON-like documents, allowing for varied data structures and facilitating easy updates and changes to the data model. This makes it particularly well-suited for applications that require fast development, handle diverse data types, or scale rapidly, such as web applications and big data processing. With features like automatic sharding for horizontal scaling and powerful querying capabilities, MongoDB provides developers with the tools to efficiently store, retrieve, and manipulate data in a way that aligns with modern application needs. Its rich ecosystem, including various drivers for different programming languages and robust performance capabilities, has made it a popular choice among developers worldwide.",
                            "link": null
                        },
                        "annotations": {
                            "bold": false,
                            "italic": false,
                            "strikethrough": false,
                            "underline": false,
                            "code": false,
                            "color": "default"
                        },
                        "plain_text": "MongoDB is a NoSQL database designed to store and manage large volumes of unstructured data in a flexible and scalable way. Unlike traditional relational databases that use tables and rows, MongoDB stores data in JSON-like documents, allowing for varied data structures and facilitating easy updates and changes to the data model. This makes it particularly well-suited for applications that require fast development, handle diverse data types, or scale rapidly, such as web applications and big data processing. With features like automatic sharding for horizontal scaling and powerful querying capabilities, MongoDB provides developers with the tools to efficiently store, retrieve, and manipulate data in a way that aligns with modern application needs. Its rich ecosystem, including various drivers for different programming languages and robust performance capabilities, has made it a popular choice among developers worldwide.",
                        "href": null
                    }
                ],
                "color": "default"
            }
        }
    ],
    "next_cursor": null,
    "has_more": false,
    "type": "block",
    "block": {
        
    },
    "request_id": "a1b061ed-5ee3-4372-9a36-2fdde1aefe13"
} 
{
    "object": "list",
    "results": [
        {
            "object": "block",
            "id": "26e913ec-9396-8179-b24d-e4581fb99b2c",
            "parent": {
                "type": "page_id",
                "page_id": "26e913ec-9396-8012-a33f-e62dfe638480"
            },
            "created_time": "2025-09-14T17:30:00.000Z",
            "last_edited_time": "2025-09-14T17:30:00.000Z",
            "created_by": {
                "object": "user",
                "id": "90f687af-13a5-4409-85b4-c3f7fceabe80"
            },
            "last_edited_by": {
                "object": "user",
                "id": "90f687af-13a5-4409-85b4-c3f7fceabe80"
            },
            "has_children": false,
            "archived": false,
            "in_trash": false,
            "type": "heading_2",
            "heading_2": {
                "rich_text": [
                    {
                        "type": "text",
                        "text": {
                            "content": "mongoDb",
                            "link": null
                        },
                        "annotations": {
                            "bold": false,
                            "italic": false,
                            "strikethrough": false,
                            "underline": false,
                            "code": false,
                            "color": "default"
                        },
                        "plain_text": "mongoDb",
                        "href": null
                    }
                ],
                "is_toggleable": false,
                "color": "default"
            }
        },
        {
            "object": "block",
            "id": "26e913ec-9396-818e-9115-f61558aa636a",
            "parent": {
                "type": "page_id",
                "page_id": "26e913ec-9396-8012-a33f-e62dfe638480"
            },
            "created_time": "2025-09-14T17:30:00.000Z",
            "last_edited_time": "2025-09-14T17:30:00.000Z",
            "created_by": {
                "object": "user",
                "id": "90f687af-13a5-4409-85b4-c3f7fceabe80"
            },
            "last_edited_by": {
                "object": "user",
                "id": "90f687af-13a5-4409-85b4-c3f7fceabe80"
            },
            "has_children": false,
            "archived": false,
            "in_trash": false,
            "type": "paragraph",
            "paragraph": {
                "rich_text": [
                    {
                        "type": "text",
                        "text": {
                            "content": "MongoDB is a NoSQL database designed to store and manage large volumes of unstructured data in a flexible and scalable way. Unlike traditional relational databases that use tables and rows, MongoDB stores data in JSON-like documents, allowing for varied data structures and facilitating easy updates and changes to the data model. This makes it particularly well-suited for applications that require fast development, handle diverse data types, or scale rapidly, such as web applications and big data processing. With features like automatic sharding for horizontal scaling and powerful querying capabilities, MongoDB provides developers with the tools to efficiently store, retrieve, and manipulate data in a way that aligns with modern application needs. Its rich ecosystem, including various drivers for different programming languages and robust performance capabilities, has made it a popular choice among developers worldwide.",
                            "link": null
                        },
                        "annotations": {
                            "bold": false,
                            "italic": false,
                            "strikethrough": false,
                            "underline": false,
                            "code": false,
                            "color": "default"
                        },
                        "plain_text": "MongoDB is a NoSQL database designed to store and manage large volumes of unstructured data in a flexible and scalable way. Unlike traditional relational databases that use tables and rows, MongoDB stores data in JSON-like documents, allowing for varied data structures and facilitating easy updates and changes to the data model. This makes it particularly well-suited for applications that require fast development, handle diverse data types, or scale rapidly, such as web applications and big data processing. With features like automatic sharding for horizontal scaling and powerful querying capabilities, MongoDB provides developers with the tools to efficiently store, retrieve, and manipulate data in a way that aligns with modern application needs. Its rich ecosystem, including various drivers for different programming languages and robust performance capabilities, has made it a popular choice among developers worldwide.",
                        "href": null
                    }
                ],
                "color": "default"
            }
        }
    ],
    "next_cursor": null,
    "has_more": false,
    "type": "block",
    "block": {
        
    },
    "request_id": "a1b061ed-5ee3-4372-9a36-2fdde1aefe13"
}
2025-09-14 23:18:01 [TestNG-test-API Automation Test-2] INFO api.filters.LoggingAndReportingFilter::logAndReportRequest::26  URI : https://api.notion.com/v1/blocks/178913ec-9396-80f6-b338-c13fd764b8b6/children 
2025-09-14 23:18:01 [TestNG-test-API Automation Test-2] INFO api.filters.LoggingAndReportingFilter::logAndReportRequest::27  BASE URI:https://api.notion.com/v1 
2025-09-14 23:18:01 [TestNG-test-API Automation Test-2] INFO api.filters.LoggingAndReportingFilter::logAndReportRequest::28  Request Header:Authorization=Bearer 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
Notion-Version=2022-02-22
Accept=*/* 
2025-09-14 23:18:01 [TestNG-test-API Automation Test-2] INFO api.filters.LoggingAndReportingFilter::logAndReportRequest::29  Request PayLoad:null 
2025-09-14 23:18:02 [TestNG-test-API Automation Test-2] INFO api.filters.LoggingAndReportingFilter::logAndReportResponse::36  STATUS CODE:200 
2025-09-14 23:18:02 [TestNG-test-API Automation Test-2] INFO api.filters.LoggingAndReportingFilter::logAndReportResponse::37  Response Header :Date=Sun, 14 Sep 2025 17:48:01 GMT
Content-Type=application/json; charset=utf-8
Transfer-Encoding=chunked
Connection=keep-alive
Server=cloudflare
CF-Ray=97f1b67e5fd22ddf-BOM
CF-Cache-Status=DYNAMIC
Content-Encoding=gzip
ETag=W/"92d-Kpy7jAq6vW8GsWGkxAYbds1NDTs"
Strict-Transport-Security=max-age=31536000; includeSubDomains; preload
Vary=Accept-Encoding
content-security-policy=default-src 'none'
referrer-policy=strict-origin-when-cross-origin
x-content-type-options=nosniff
x-dns-prefetch-control=off
x-download-options=noopen
x-frame-options=SAMEORIGIN
x-notion-request-id=ed5a6557-485e-472b-9995-0cc9a697a2b7
x-permitted-cross-domain-policies=none
x-xss-protection=0
Set-Cookie=__cf_bm=mmpIX.bwCi.nLFe46IppsRM8Hhkrs0Fa3F_48.LSbKs-1757872081-1.0.1.1-.J3wTO6VVqeOdLJ5z9vGvqsIoHLP5cAgsVHGVOb5V_LInqS6xFBgwhMwZ4hLyop8NOyqLmUTGeCx7KwDJl9DClVoHLLHb3JngLENQ90Rwlc; path=/; expires=Sun, 14-Sep-25 18:18:01 GMT; domain=.notion.com; HttpOnly; Secure; SameSite=None
Set-Cookie=_cfuvid=y4ZNaQaV3aq1ehJfjPql7X9_zRNi0.kYY4ZnPtJfWHQ-1757872081976-0.0.1.1-604800000; path=/; domain=.notion.com; HttpOnly; Secure; SameSite=None
alt-svc=h3=":443"; ma=86400 
{
    "object": "list",
    "results": [
        {
            "object": "block",
            "id": "178913ec-9396-8179-ade3-efc9ac3240ad",
            "parent": {
                "type": "page_id",
                "page_id": "178913ec-9396-80f6-b338-c13fd764b8b6"
            },
            "created_time": "2025-01-11T14:21:00.000Z",
            "last_edited_time": "2025-01-11T14:21:00.000Z",
            "created_by": {
                "object": "user",
                "id": "90f687af-13a5-4409-85b4-c3f7fceabe80"
            },
            "last_edited_by": {
                "object": "user",
                "id": "90f687af-13a5-4409-85b4-c3f7fceabe80"
            },
            "has_children": false,
            "archived": false,
            "in_trash": false,
            "type": "heading_2",
            "heading_2": {
                "rich_text": [
                    {
                        "type": "text",
                        "text": {
                            "content": "Figma",
                            "link": null
                        },
                        "annotations": {
                            "bold": false,
                            "italic": false,
                            "strikethrough": false,
                            "underline": false,
                            "code": false,
                            "color": "default"
                        },
                        "plain_text": "Figma",
                        "href": null
                    }
                ],
                "is_toggleable": false,
                "color": "default"
            }
        },
        {
            "object": "block",
            "id": "178913ec-9396-8180-9508-c2c1e143f786",
            "parent": {
                "type": "page_id",
                "page_id": "178913ec-9396-80f6-b338-c13fd764b8b6"
            },
            "created_time": "2025-01-11T14:21:00.000Z",
            "last_edited_time": "2025-01-11T14:21:00.000Z",
            "created_by": {
                "object": "user",
                "id": "90f687af-13a5-4409-85b4-c3f7fceabe80"
            },
            "last_edited_by": {
                "object": "user",
                "id": "90f687af-13a5-4409-85b4-c3f7fceabe80"
            },
            "has_children": false,
            "archived": false,
            "in_trash": false,
            "type": "paragraph",
            "paragraph": {
                "rich_text": [
                    {
                        "type": "text",
                        "text": {
                            "content": "Figma is a web-based design tool used for creating user interfaces and prototypes. It allows designers to collaborate in real-time, meaning multiple people can work on the same project at the same time from different locations. Figma is popular for its ease of use, functionality for designing and sharing, and ability to create interactive prototypes to test how an app or website will work.",
                            "link": null
                        },
                        "annotations": {
                            "bold": false,
                            "italic": false,
                            "strikethrough": false,
                            "underline": false,
                            "code": false,
                            "color": "default"
                        },
                        "plain_text": "Figma is a web-based design tool used for creating user interfaces and prototypes. It allows designers to collaborate in real-time, meaning multiple people can work on the same project at the same time from different locations. Figma is popular for its ease of use, functionality for designing and sharing, and ability to create interactive prototypes to test how an app or website will work.",
                        "href": null
                    }
                ],
                "color": "default"
            }
        }
    ],
    "next_cursor": null,
    "has_more": false,
    "type": "block",
    "block": {
        
    },
    "request_id": "ed5a6557-485e-472b-9995-0cc9a697a2b7"
}
2025-09-14 23:18:02 [TestNG-test-API Automation Test-2] INFO api.filters.LoggingAndReportingFilter::logAndReportResponse::38  Request Body:{
    "object": "list",
    "results": [
        {
            "object": "block",
            "id": "178913ec-9396-8179-ade3-efc9ac3240ad",
            "parent": {
                "type": "page_id",
                "page_id": "178913ec-9396-80f6-b338-c13fd764b8b6"
            },
            "created_time": "2025-01-11T14:21:00.000Z",
            "last_edited_time": "2025-01-11T14:21:00.000Z",
            "created_by": {
                "object": "user",
                "id": "90f687af-13a5-4409-85b4-c3f7fceabe80"
            },
            "last_edited_by": {
                "object": "user",
                "id": "90f687af-13a5-4409-85b4-c3f7fceabe80"
            },
            "has_children": false,
            "archived": false,
            "in_trash": false,
            "type": "heading_2",
            "heading_2": {
                "rich_text": [
                    {
                        "type": "text",
                        "text": {
                            "content": "Figma",
                            "link": null
                        },
                        "annotations": {
                            "bold": false,
                            "italic": false,
                            "strikethrough": false,
                            "underline": false,
                            "code": false,
                            "color": "default"
                        },
                        "plain_text": "Figma",
                        "href": null
                    }
                ],
                "is_toggleable": false,
                "color": "default"
            }
        },
        {
            "object": "block",
            "id": "178913ec-9396-8180-9508-c2c1e143f786",
            "parent": {
                "type": "page_id",
                "page_id": "178913ec-9396-80f6-b338-c13fd764b8b6"
            },
            "created_time": "2025-01-11T14:21:00.000Z",
            "last_edited_time": "2025-01-11T14:21:00.000Z",
            "created_by": {
                "object": "user",
                "id": "90f687af-13a5-4409-85b4-c3f7fceabe80"
            },
            "last_edited_by": {
                "object": "user",
                "id": "90f687af-13a5-4409-85b4-c3f7fceabe80"
            },
            "has_children": false,
            "archived": false,
            "in_trash": false,
            "type": "paragraph",
            "paragraph": {
                "rich_text": [
                    {
                        "type": "text",
                        "text": {
                            "content": "Figma is a web-based design tool used for creating user interfaces and prototypes. It allows designers to collaborate in real-time, meaning multiple people can work on the same project at the same time from different locations. Figma is popular for its ease of use, functionality for designing and sharing, and ability to create interactive prototypes to test how an app or website will work.",
                            "link": null
                        },
                        "annotations": {
                            "bold": false,
                            "italic": false,
                            "strikethrough": false,
                            "underline": false,
                            "code": false,
                            "color": "default"
                        },
                        "plain_text": "Figma is a web-based design tool used for creating user interfaces and prototypes. It allows designers to collaborate in real-time, meaning multiple people can work on the same project at the same time from different locations. Figma is popular for its ease of use, functionality for designing and sharing, and ability to create interactive prototypes to test how an app or website will work.",
                        "href": null
                    }
                ],
                "color": "default"
            }
        }
    ],
    "next_cursor": null,
    "has_more": false,
    "type": "block",
    "block": {
        
    },
    "request_id": "ed5a6557-485e-472b-9995-0cc9a697a2b7"
} 
{
    "object": "list",
    "results": [
        {
            "object": "block",
            "id": "178913ec-9396-8179-ade3-efc9ac3240ad",
            "parent": {
                "type": "page_id",
                "page_id": "178913ec-9396-80f6-b338-c13fd764b8b6"
            },
            "created_time": "2025-01-11T14:21:00.000Z",
            "last_edited_time": "2025-01-11T14:21:00.000Z",
            "created_by": {
                "object": "user",
                "id": "90f687af-13a5-4409-85b4-c3f7fceabe80"
            },
            "last_edited_by": {
                "object": "user",
                "id": "90f687af-13a5-4409-85b4-c3f7fceabe80"
            },
            "has_children": false,
            "archived": false,
            "in_trash": false,
            "type": "heading_2",
            "heading_2": {
                "rich_text": [
                    {
                        "type": "text",
                        "text": {
                            "content": "Figma",
                            "link": null
                        },
                        "annotations": {
                            "bold": false,
                            "italic": false,
                            "strikethrough": false,
                            "underline": false,
                            "code": false,
                            "color": "default"
                        },
                        "plain_text": "Figma",
                        "href": null
                    }
                ],
                "is_toggleable": false,
                "color": "default"
            }
        },
        {
            "object": "block",
            "id": "178913ec-9396-8180-9508-c2c1e143f786",
            "parent": {
                "type": "page_id",
                "page_id": "178913ec-9396-80f6-b338-c13fd764b8b6"
            },
            "created_time": "2025-01-11T14:21:00.000Z",
            "last_edited_time": "2025-01-11T14:21:00.000Z",
            "created_by": {
                "object": "user",
                "id": "90f687af-13a5-4409-85b4-c3f7fceabe80"
            },
            "last_edited_by": {
                "object": "user",
                "id": "90f687af-13a5-4409-85b4-c3f7fceabe80"
            },
            "has_children": false,
            "archived": false,
            "in_trash": false,
            "type": "paragraph",
            "paragraph": {
                "rich_text": [
                    {
                        "type": "text",
                        "text": {
                            "content": "Figma is a web-based design tool used for creating user interfaces and prototypes. It allows designers to collaborate in real-time, meaning multiple people can work on the same project at the same time from different locations. Figma is popular for its ease of use, functionality for designing and sharing, and ability to create interactive prototypes to test how an app or website will work.",
                            "link": null
                        },
                        "annotations": {
                            "bold": false,
                            "italic": false,
                            "strikethrough": false,
                            "underline": false,
                            "code": false,
                            "color": "default"
                        },
                        "plain_text": "Figma is a web-based design tool used for creating user interfaces and prototypes. It allows designers to collaborate in real-time, meaning multiple people can work on the same project at the same time from different locations. Figma is popular for its ease of use, functionality for designing and sharing, and ability to create interactive prototypes to test how an app or website will work.",
                        "href": null
                    }
                ],
                "color": "default"
            }
        }
    ],
    "next_cursor": null,
    "has_more": false,
    "type": "block",
    "block": {
        
    },
    "request_id": "ed5a6557-485e-472b-9995-0cc9a697a2b7"
}
2025-09-14 23:18:02 [TestNG-test-API Automation Test-2] INFO api.filters.LoggingAndReportingFilter::logAndReportRequest::26  URI : https://api.notion.com/v1/blocks/179913ec-9396-8074-87d9-e7632487f14a/children 
2025-09-14 23:18:02 [TestNG-test-API Automation Test-2] INFO api.filters.LoggingAndReportingFilter::logAndReportRequest::27  BASE URI:https://api.notion.com/v1 
2025-09-14 23:18:02 [TestNG-test-API Automation Test-2] INFO api.filters.LoggingAndReportingFilter::logAndReportRequest::28  Request Header:Authorization=Bearer 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
Notion-Version=2022-02-22
Accept=*/* 
2025-09-14 23:18:02 [TestNG-test-API Automation Test-2] INFO api.filters.LoggingAndReportingFilter::logAndReportRequest::29  Request PayLoad:null 
2025-09-14 23:18:04 [TestNG-test-API Automation Test-2] INFO api.filters.LoggingAndReportingFilter::logAndReportResponse::36  STATUS CODE:200 
2025-09-14 23:18:04 [TestNG-test-API Automation Test-2] INFO api.filters.LoggingAndReportingFilter::logAndReportResponse::37  Response Header :Date=Sun, 14 Sep 2025 17:48:04 GMT
Content-Type=application/json; charset=utf-8
Transfer-Encoding=chunked
Connection=keep-alive
Server=cloudflare
CF-Ray=97f1b68749183a46-BOM
CF-Cache-Status=DYNAMIC
Content-Encoding=gzip
ETag=W/"df7-JCKbcoEXEm2QpgHClgcx9rbvJno"
Strict-Transport-Security=max-age=31536000; includeSubDomains; preload
Vary=Accept-Encoding
content-security-policy=default-src 'none'
referrer-policy=strict-origin-when-cross-origin
x-content-type-options=nosniff
x-dns-prefetch-control=off
x-download-options=noopen
x-frame-options=SAMEORIGIN
x-notion-request-id=530f07c6-7b93-421c-a344-7dce73e51d7e
x-permitted-cross-domain-policies=none
x-xss-protection=0
Set-Cookie=__cf_bm=j3Pe8fRbFQzhrM7IUZNlLu4by9HhGqhNmSESUvODhs0-1757872084-1.0.1.1-3Iz1oOY.2Maduo2bLx4asukydVA8lJB24EwJUeszyvtphnmvg6CXfeZEqu.tuzfwVE3rR2lhD4ftFmZLG1gcr5hmr6jKS40zr_OzvLuiU6k; path=/; expires=Sun, 14-Sep-25 18:18:04 GMT; domain=.notion.com; HttpOnly; Secure; SameSite=None
Set-Cookie=_cfuvid=sT2FPnTKisitw.hT6unSc1qB9foLk_dJbh2Y.iYMjjA-1757872084473-0.0.1.1-604800000; path=/; domain=.notion.com; HttpOnly; Secure; SameSite=None
alt-svc=h3=":443"; ma=86400 
{
    "object": "list",
    "results": [
        {
            "object": "block",
            "id": "179913ec-9396-81eb-93c9-d57a8fe56750",
            "parent": {
                "type": "page_id",
                "page_id": "179913ec-9396-8074-87d9-e7632487f14a"
            },
            "created_time": "2025-01-12T17:16:00.000Z",
            "last_edited_time": "2025-01-12T17:16:00.000Z",
            "created_by": {
                "object": "user",
                "id": "90f687af-13a5-4409-85b4-c3f7fceabe80"
            },
            "last_edited_by": {
                "object": "user",
                "id": "90f687af-13a5-4409-85b4-c3f7fceabe80"
            },
            "has_children": false,
            "archived": false,
            "in_trash": false,
            "type": "heading_2",
            "heading_2": {
                "rich_text": [
                    {
                        "type": "text",
                        "text": {
                            "content": "GoLang",
                            "link": null
                        },
                        "annotations": {
                            "bold": false,
                            "italic": false,
                            "strikethrough": false,
                            "underline": false,
                            "code": false,
                            "color": "default"
                        },
                        "plain_text": "GoLang",
                        "href": null
                    }
                ],
                "is_toggleable": false,
                "color": "default"
            }
        },
        {
            "object": "block",
            "id": "179913ec-9396-812b-8e5a-e7336b623588",
            "parent": {
                "type": "page_id",
                "page_id": "179913ec-9396-8074-87d9-e7632487f14a"
            },
            "created_time": "2025-01-12T17:16:00.000Z",
            "last_edited_time": "2025-01-12T17:16:00.000Z",
            "created_by": {
                "object": "user",
                "id": "90f687af-13a5-4409-85b4-c3f7fceabe80"
            },
            "last_edited_by": {
                "object": "user",
                "id": "90f687af-13a5-4409-85b4-c3f7fceabe80"
            },
            "has_children": false,
            "archived": false,
            "in_trash": false,
            "type": "paragraph",
            "paragraph": {
                "rich_text": [
                    {
                        "type": "text",
                        "text": {
                            "content": "Go, often referred to as Golang, is an open-source programming language developed by Google, designed for simplicity and efficiency. It features a clean syntax similar to C, making it easy to read and write. One of its standout features is built-in support for concurrent programming, allowing developers to create applications that can manage multiple tasks simultaneously without complex code structures. Go is known for its fast execution speed, thanks to its compiled nature, and it includes a powerful standard library that facilitates tasks such as web development, networking, and data handling. The language emphasizes strong typing and garbage collection, contributing to better memory management and reducing the likelihood of errors. With a growing community and an extensive ecosystem of tools and frameworks, Go is increasingly popular for building web servers, cloud services, and other scalable applications, making it a great choice for developers looking for performance and ease of use.",
                            "link": null
                        },
                        "annotations": {
                            "bold": false,
                            "italic": false,
                            "strikethrough": false,
                            "underline": false,
                            "code": false,
                            "color": "default"
                        },
                        "plain_text": "Go, often referred to as Golang, is an open-source programming language developed by Google, designed for simplicity and efficiency. It features a clean syntax similar to C, making it easy to read and write. One of its standout features is built-in support for concurrent programming, allowing developers to create applications that can manage multiple tasks simultaneously without complex code structures. Go is known for its fast execution speed, thanks to its compiled nature, and it includes a powerful standard library that facilitates tasks such as web development, networking, and data handling. The language emphasizes strong typing and garbage collection, contributing to better memory management and reducing the likelihood of errors. With a growing community and an extensive ecosystem of tools and frameworks, Go is increasingly popular for building web servers, cloud services, and other scalable applications, making it a great choice for developers looking for performance and ease of use.",
                        "href": null
                    }
                ],
                "color": "default"
            }
        }
    ],
    "next_cursor": null,
    "has_more": false,
    "type": "block",
    "block": {
        
    },
    "request_id": "530f07c6-7b93-421c-a344-7dce73e51d7e"
}
2025-09-14 23:18:04 [TestNG-test-API Automation Test-2] INFO api.filters.LoggingAndReportingFilter::logAndReportResponse::38  Request Body:{
    "object": "list",
    "results": [
        {
            "object": "block",
            "id": "179913ec-9396-81eb-93c9-d57a8fe56750",
            "parent": {
                "type": "page_id",
                "page_id": "179913ec-9396-8074-87d9-e7632487f14a"
            },
            "created_time": "2025-01-12T17:16:00.000Z",
            "last_edited_time": "2025-01-12T17:16:00.000Z",
            "created_by": {
                "object": "user",
                "id": "90f687af-13a5-4409-85b4-c3f7fceabe80"
            },
            "last_edited_by": {
                "object": "user",
                "id": "90f687af-13a5-4409-85b4-c3f7fceabe80"
            },
            "has_children": false,
            "archived": false,
            "in_trash": false,
            "type": "heading_2",
            "heading_2": {
                "rich_text": [
                    {
                        "type": "text",
                        "text": {
                            "content": "GoLang",
                            "link": null
                        },
                        "annotations": {
                            "bold": false,
                            "italic": false,
                            "strikethrough": false,
                            "underline": false,
                            "code": false,
                            "color": "default"
                        },
                        "plain_text": "GoLang",
                        "href": null
                    }
                ],
                "is_toggleable": false,
                "color": "default"
            }
        },
        {
            "object": "block",
            "id": "179913ec-9396-812b-8e5a-e7336b623588",
            "parent": {
                "type": "page_id",
                "page_id": "179913ec-9396-8074-87d9-e7632487f14a"
            },
            "created_time": "2025-01-12T17:16:00.000Z",
            "last_edited_time": "2025-01-12T17:16:00.000Z",
            "created_by": {
                "object": "user",
                "id": "90f687af-13a5-4409-85b4-c3f7fceabe80"
            },
            "last_edited_by": {
                "object": "user",
                "id": "90f687af-13a5-4409-85b4-c3f7fceabe80"
            },
            "has_children": false,
            "archived": false,
            "in_trash": false,
            "type": "paragraph",
            "paragraph": {
                "rich_text": [
                    {
                        "type": "text",
                        "text": {
                            "content": "Go, often referred to as Golang, is an open-source programming language developed by Google, designed for simplicity and efficiency. It features a clean syntax similar to C, making it easy to read and write. One of its standout features is built-in support for concurrent programming, allowing developers to create applications that can manage multiple tasks simultaneously without complex code structures. Go is known for its fast execution speed, thanks to its compiled nature, and it includes a powerful standard library that facilitates tasks such as web development, networking, and data handling. The language emphasizes strong typing and garbage collection, contributing to better memory management and reducing the likelihood of errors. With a growing community and an extensive ecosystem of tools and frameworks, Go is increasingly popular for building web servers, cloud services, and other scalable applications, making it a great choice for developers looking for performance and ease of use.",
                            "link": null
                        },
                        "annotations": {
                            "bold": false,
                            "italic": false,
                            "strikethrough": false,
                            "underline": false,
                            "code": false,
                            "color": "default"
                        },
                        "plain_text": "Go, often referred to as Golang, is an open-source programming language developed by Google, designed for simplicity and efficiency. It features a clean syntax similar to C, making it easy to read and write. One of its standout features is built-in support for concurrent programming, allowing developers to create applications that can manage multiple tasks simultaneously without complex code structures. Go is known for its fast execution speed, thanks to its compiled nature, and it includes a powerful standard library that facilitates tasks such as web development, networking, and data handling. The language emphasizes strong typing and garbage collection, contributing to better memory management and reducing the likelihood of errors. With a growing community and an extensive ecosystem of tools and frameworks, Go is increasingly popular for building web servers, cloud services, and other scalable applications, making it a great choice for developers looking for performance and ease of use.",
                        "href": null
                    }
                ],
                "color": "default"
            }
        }
    ],
    "next_cursor": null,
    "has_more": false,
    "type": "block",
    "block": {
        
    },
    "request_id": "530f07c6-7b93-421c-a344-7dce73e51d7e"
} 
{
    "object": "list",
    "results": [
        {
            "object": "block",
            "id": "179913ec-9396-81eb-93c9-d57a8fe56750",
            "parent": {
                "type": "page_id",
                "page_id": "179913ec-9396-8074-87d9-e7632487f14a"
            },
            "created_time": "2025-01-12T17:16:00.000Z",
            "last_edited_time": "2025-01-12T17:16:00.000Z",
            "created_by": {
                "object": "user",
                "id": "90f687af-13a5-4409-85b4-c3f7fceabe80"
            },
            "last_edited_by": {
                "object": "user",
                "id": "90f687af-13a5-4409-85b4-c3f7fceabe80"
            },
            "has_children": false,
            "archived": false,
            "in_trash": false,
            "type": "heading_2",
            "heading_2": {
                "rich_text": [
                    {
                        "type": "text",
                        "text": {
                            "content": "GoLang",
                            "link": null
                        },
                        "annotations": {
                            "bold": false,
                            "italic": false,
                            "strikethrough": false,
                            "underline": false,
                            "code": false,
                            "color": "default"
                        },
                        "plain_text": "GoLang",
                        "href": null
                    }
                ],
                "is_toggleable": false,
                "color": "default"
            }
        },
        {
            "object": "block",
            "id": "179913ec-9396-812b-8e5a-e7336b623588",
            "parent": {
                "type": "page_id",
                "page_id": "179913ec-9396-8074-87d9-e7632487f14a"
            },
            "created_time": "2025-01-12T17:16:00.000Z",
            "last_edited_time": "2025-01-12T17:16:00.000Z",
            "created_by": {
                "object": "user",
                "id": "90f687af-13a5-4409-85b4-c3f7fceabe80"
            },
            "last_edited_by": {
                "object": "user",
                "id": "90f687af-13a5-4409-85b4-c3f7fceabe80"
            },
            "has_children": false,
            "archived": false,
            "in_trash": false,
            "type": "paragraph",
            "paragraph": {
                "rich_text": [
                    {
                        "type": "text",
                        "text": {
                            "content": "Go, often referred to as Golang, is an open-source programming language developed by Google, designed for simplicity and efficiency. It features a clean syntax similar to C, making it easy to read and write. One of its standout features is built-in support for concurrent programming, allowing developers to create applications that can manage multiple tasks simultaneously without complex code structures. Go is known for its fast execution speed, thanks to its compiled nature, and it includes a powerful standard library that facilitates tasks such as web development, networking, and data handling. The language emphasizes strong typing and garbage collection, contributing to better memory management and reducing the likelihood of errors. With a growing community and an extensive ecosystem of tools and frameworks, Go is increasingly popular for building web servers, cloud services, and other scalable applications, making it a great choice for developers looking for performance and ease of use.",
                            "link": null
                        },
                        "annotations": {
                            "bold": false,
                            "italic": false,
                            "strikethrough": false,
                            "underline": false,
                            "code": false,
                            "color": "default"
                        },
                        "plain_text": "Go, often referred to as Golang, is an open-source programming language developed by Google, designed for simplicity and efficiency. It features a clean syntax similar to C, making it easy to read and write. One of its standout features is built-in support for concurrent programming, allowing developers to create applications that can manage multiple tasks simultaneously without complex code structures. Go is known for its fast execution speed, thanks to its compiled nature, and it includes a powerful standard library that facilitates tasks such as web development, networking, and data handling. The language emphasizes strong typing and garbage collection, contributing to better memory management and reducing the likelihood of errors. With a growing community and an extensive ecosystem of tools and frameworks, Go is increasingly popular for building web servers, cloud services, and other scalable applications, making it a great choice for developers looking for performance and ease of use.",
                        "href": null
                    }
                ],
                "color": "default"
            }
        }
    ],
    "next_cursor": null,
    "has_more": false,
    "type": "block",
    "block": {
        
    },
    "request_id": "530f07c6-7b93-421c-a344-7dce73e51d7e"
}
2025-09-14 23:18:04 [TestNG-test-API Automation Test-2] INFO api.filters.LoggingAndReportingFilter::logAndReportRequest::26  URI : https://api.notion.com/v1/blocks/26e913ec-9396-8090-9fb6-cdb4713bdd8a/children 
2025-09-14 23:18:04 [TestNG-test-API Automation Test-2] INFO api.filters.LoggingAndReportingFilter::logAndReportRequest::27  BASE URI:https://api.notion.com/v1 
2025-09-14 23:18:04 [TestNG-test-API Automation Test-2] INFO api.filters.LoggingAndReportingFilter::logAndReportRequest::28  Request Header:Authorization=Bearer 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
Notion-Version=2022-02-22
Accept=*/* 
2025-09-14 23:18:04 [TestNG-test-API Automation Test-2] INFO api.filters.LoggingAndReportingFilter::logAndReportRequest::29  Request PayLoad:null 
2025-09-14 23:18:07 [TestNG-test-API Automation Test-2] INFO api.filters.LoggingAndReportingFilter::logAndReportResponse::36  STATUS CODE:200 
2025-09-14 23:18:07 [TestNG-test-API Automation Test-2] INFO api.filters.LoggingAndReportingFilter::logAndReportResponse::37  Response Header :Date=Sun, 14 Sep 2025 17:48:06 GMT
Content-Type=application/json; charset=utf-8
Transfer-Encoding=chunked
Connection=keep-alive
Server=cloudflare
CF-Ray=97f1b690b8363227-BOM
CF-Cache-Status=DYNAMIC
Content-Encoding=gzip
ETag=W/"d49-hh2nFLX/Yub3NWWqICRJZL/zKWw"
Strict-Transport-Security=max-age=31536000; includeSubDomains; preload
Vary=Accept-Encoding
content-security-policy=default-src 'none'
referrer-policy=strict-origin-when-cross-origin
x-content-type-options=nosniff
x-dns-prefetch-control=off
x-download-options=noopen
x-frame-options=SAMEORIGIN
x-notion-request-id=ba15fced-27e0-4257-9e6f-f119f0d297f9
x-permitted-cross-domain-policies=none
x-xss-protection=0
Set-Cookie=__cf_bm=OYCxZrznVV.g75nqqaN7fNwZNuKyBXcmU_3llisatqU-1757872086-1.0.1.1-pihmF.xf9CQDCrmMJPUYxYnVxbTMTOe4rc1XGJQQ5y.bqGBQLhDI7zmhLXNsWS6GfnyhCLFKs3j1IIzxlxGeyhkBf84g5RN_hw45qbNozeg; path=/; expires=Sun, 14-Sep-25 18:18:06 GMT; domain=.notion.com; HttpOnly; Secure; SameSite=None
Set-Cookie=_cfuvid=5URUdxdoUYQYmqppyUfPuUueZif1VlZrHvuopWc.L0M-1757872086756-0.0.1.1-604800000; path=/; domain=.notion.com; HttpOnly; Secure; SameSite=None
alt-svc=h3=":443"; ma=86400 
{
    "object": "list",
    "results": [
        {
            "object": "block",
            "id": "26e913ec-9396-81c2-9a1f-c0a09ce4971e",
            "parent": {
                "type": "page_id",
                "page_id": "26e913ec-9396-8090-9fb6-cdb4713bdd8a"
            },
            "created_time": "2025-09-14T12:00:00.000Z",
            "last_edited_time": "2025-09-14T12:00:00.000Z",
            "created_by": {
                "object": "user",
                "id": "90f687af-13a5-4409-85b4-c3f7fceabe80"
            },
            "last_edited_by": {
                "object": "user",
                "id": "90f687af-13a5-4409-85b4-c3f7fceabe80"
            },
            "has_children": false,
            "archived": false,
            "in_trash": false,
            "type": "heading_2",
            "heading_2": {
                "rich_text": [
                    {
                        "type": "text",
                        "text": {
                            "content": "Agentic AI",
                            "link": null
                        },
                        "annotations": {
                            "bold": false,
                            "italic": false,
                            "strikethrough": false,
                            "underline": false,
                            "code": false,
                            "color": "default"
                        },
                        "plain_text": "Agentic AI",
                        "href": null
                    }
                ],
                "is_toggleable": false,
                "color": "default"
            }
        },
        {
            "object": "block",
            "id": "26e913ec-9396-8177-bcfe-c217f4cb1551",
            "parent": {
                "type": "page_id",
                "page_id": "26e913ec-9396-8090-9fb6-cdb4713bdd8a"
            },
            "created_time": "2025-09-14T12:00:00.000Z",
            "last_edited_time": "2025-09-14T12:00:00.000Z",
            "created_by": {
                "object": "user",
                "id": "90f687af-13a5-4409-85b4-c3f7fceabe80"
            },
            "last_edited_by": {
                "object": "user",
                "id": "90f687af-13a5-4409-85b4-c3f7fceabe80"
            },
            "has_children": false,
            "archived": false,
            "in_trash": false,
            "type": "paragraph",
            "paragraph": {
                "rich_text": [
                    {
                        "type": "text",
                        "text": {
                            "content": "Agentic AI refers to artificial intelligence systems that can act autonomously to achieve specific goals without constant human oversight. These systems are designed to make decisions and perform tasks based on their programming and the information they gather from the environment. Unlike traditional AI, which requires explicit instructions for each action, agentic AI can adapt to new situations and learn from experiences, resembling more human-like decision-making processes. This kind of AI can be applied in various fields, such as robotics, virtual assistants, and autonomous vehicles, where it is vital for machines to operate independently and efficiently. However, the growth of agentic AI also raises important ethical considerations and safety concerns, as ensuring that these systems align with human values and do not lead to unintended consequences is crucial for their development and deployment.",
                            "link": null
                        },
                        "annotations": {
                            "bold": false,
                            "italic": false,
                            "strikethrough": false,
                            "underline": false,
                            "code": false,
                            "color": "default"
                        },
                        "plain_text": "Agentic AI refers to artificial intelligence systems that can act autonomously to achieve specific goals without constant human oversight. These systems are designed to make decisions and perform tasks based on their programming and the information they gather from the environment. Unlike traditional AI, which requires explicit instructions for each action, agentic AI can adapt to new situations and learn from experiences, resembling more human-like decision-making processes. This kind of AI can be applied in various fields, such as robotics, virtual assistants, and autonomous vehicles, where it is vital for machines to operate independently and efficiently. However, the growth of agentic AI also raises important ethical considerations and safety concerns, as ensuring that these systems align with human values and do not lead to unintended consequences is crucial for their development and deployment.",
                        "href": null
                    }
                ],
                "color": "default"
            }
        }
    ],
    "next_cursor": null,
    "has_more": false,
    "type": "block",
    "block": {
        
    },
    "request_id": "ba15fced-27e0-4257-9e6f-f119f0d297f9"
}
2025-09-14 23:18:07 [TestNG-test-API Automation Test-2] INFO api.filters.LoggingAndReportingFilter::logAndReportResponse::38  Request Body:{
    "object": "list",
    "results": [
        {
            "object": "block",
            "id": "26e913ec-9396-81c2-9a1f-c0a09ce4971e",
            "parent": {
                "type": "page_id",
                "page_id": "26e913ec-9396-8090-9fb6-cdb4713bdd8a"
            },
            "created_time": "2025-09-14T12:00:00.000Z",
            "last_edited_time": "2025-09-14T12:00:00.000Z",
            "created_by": {
                "object": "user",
                "id": "90f687af-13a5-4409-85b4-c3f7fceabe80"
            },
            "last_edited_by": {
                "object": "user",
                "id": "90f687af-13a5-4409-85b4-c3f7fceabe80"
            },
            "has_children": false,
            "archived": false,
            "in_trash": false,
            "type": "heading_2",
            "heading_2": {
                "rich_text": [
                    {
                        "type": "text",
                        "text": {
                            "content": "Agentic AI",
                            "link": null
                        },
                        "annotations": {
                            "bold": false,
                            "italic": false,
                            "strikethrough": false,
                            "underline": false,
                            "code": false,
                            "color": "default"
                        },
                        "plain_text": "Agentic AI",
                        "href": null
                    }
                ],
                "is_toggleable": false,
                "color": "default"
            }
        },
        {
            "object": "block",
            "id": "26e913ec-9396-8177-bcfe-c217f4cb1551",
            "parent": {
                "type": "page_id",
                "page_id": "26e913ec-9396-8090-9fb6-cdb4713bdd8a"
            },
            "created_time": "2025-09-14T12:00:00.000Z",
            "last_edited_time": "2025-09-14T12:00:00.000Z",
            "created_by": {
                "object": "user",
                "id": "90f687af-13a5-4409-85b4-c3f7fceabe80"
            },
            "last_edited_by": {
                "object": "user",
                "id": "90f687af-13a5-4409-85b4-c3f7fceabe80"
            },
            "has_children": false,
            "archived": false,
            "in_trash": false,
            "type": "paragraph",
            "paragraph": {
                "rich_text": [
                    {
                        "type": "text",
                        "text": {
                            "content": "Agentic AI refers to artificial intelligence systems that can act autonomously to achieve specific goals without constant human oversight. These systems are designed to make decisions and perform tasks based on their programming and the information they gather from the environment. Unlike traditional AI, which requires explicit instructions for each action, agentic AI can adapt to new situations and learn from experiences, resembling more human-like decision-making processes. This kind of AI can be applied in various fields, such as robotics, virtual assistants, and autonomous vehicles, where it is vital for machines to operate independently and efficiently. However, the growth of agentic AI also raises important ethical considerations and safety concerns, as ensuring that these systems align with human values and do not lead to unintended consequences is crucial for their development and deployment.",
                            "link": null
                        },
                        "annotations": {
                            "bold": false,
                            "italic": false,
                            "strikethrough": false,
                            "underline": false,
                            "code": false,
                            "color": "default"
                        },
                        "plain_text": "Agentic AI refers to artificial intelligence systems that can act autonomously to achieve specific goals without constant human oversight. These systems are designed to make decisions and perform tasks based on their programming and the information they gather from the environment. Unlike traditional AI, which requires explicit instructions for each action, agentic AI can adapt to new situations and learn from experiences, resembling more human-like decision-making processes. This kind of AI can be applied in various fields, such as robotics, virtual assistants, and autonomous vehicles, where it is vital for machines to operate independently and efficiently. However, the growth of agentic AI also raises important ethical considerations and safety concerns, as ensuring that these systems align with human values and do not lead to unintended consequences is crucial for their development and deployment.",
                        "href": null
                    }
                ],
                "color": "default"
            }
        }
    ],
    "next_cursor": null,
    "has_more": false,
    "type": "block",
    "block": {
        
    },
    "request_id": "ba15fced-27e0-4257-9e6f-f119f0d297f9"
} 
{
    "object": "list",
    "results": [
        {
            "object": "block",
            "id": "26e913ec-9396-81c2-9a1f-c0a09ce4971e",
            "parent": {
                "type": "page_id",
                "page_id": "26e913ec-9396-8090-9fb6-cdb4713bdd8a"
            },
            "created_time": "2025-09-14T12:00:00.000Z",
            "last_edited_time": "2025-09-14T12:00:00.000Z",
            "created_by": {
                "object": "user",
                "id": "90f687af-13a5-4409-85b4-c3f7fceabe80"
            },
            "last_edited_by": {
                "object": "user",
                "id": "90f687af-13a5-4409-85b4-c3f7fceabe80"
            },
            "has_children": false,
            "archived": false,
            "in_trash": false,
            "type": "heading_2",
            "heading_2": {
                "rich_text": [
                    {
                        "type": "text",
                        "text": {
                            "content": "Agentic AI",
                            "link": null
                        },
                        "annotations": {
                            "bold": false,
                            "italic": false,
                            "strikethrough": false,
                            "underline": false,
                            "code": false,
                            "color": "default"
                        },
                        "plain_text": "Agentic AI",
                        "href": null
                    }
                ],
                "is_toggleable": false,
                "color": "default"
            }
        },
        {
            "object": "block",
            "id": "26e913ec-9396-8177-bcfe-c217f4cb1551",
            "parent": {
                "type": "page_id",
                "page_id": "26e913ec-9396-8090-9fb6-cdb4713bdd8a"
            },
            "created_time": "2025-09-14T12:00:00.000Z",
            "last_edited_time": "2025-09-14T12:00:00.000Z",
            "created_by": {
                "object": "user",
                "id": "90f687af-13a5-4409-85b4-c3f7fceabe80"
            },
            "last_edited_by": {
                "object": "user",
                "id": "90f687af-13a5-4409-85b4-c3f7fceabe80"
            },
            "has_children": false,
            "archived": false,
            "in_trash": false,
            "type": "paragraph",
            "paragraph": {
                "rich_text": [
                    {
                        "type": "text",
                        "text": {
                            "content": "Agentic AI refers to artificial intelligence systems that can act autonomously to achieve specific goals without constant human oversight. These systems are designed to make decisions and perform tasks based on their programming and the information they gather from the environment. Unlike traditional AI, which requires explicit instructions for each action, agentic AI can adapt to new situations and learn from experiences, resembling more human-like decision-making processes. This kind of AI can be applied in various fields, such as robotics, virtual assistants, and autonomous vehicles, where it is vital for machines to operate independently and efficiently. However, the growth of agentic AI also raises important ethical considerations and safety concerns, as ensuring that these systems align with human values and do not lead to unintended consequences is crucial for their development and deployment.",
                            "link": null
                        },
                        "annotations": {
                            "bold": false,
                            "italic": false,
                            "strikethrough": false,
                            "underline": false,
                            "code": false,
                            "color": "default"
                        },
                        "plain_text": "Agentic AI refers to artificial intelligence systems that can act autonomously to achieve specific goals without constant human oversight. These systems are designed to make decisions and perform tasks based on their programming and the information they gather from the environment. Unlike traditional AI, which requires explicit instructions for each action, agentic AI can adapt to new situations and learn from experiences, resembling more human-like decision-making processes. This kind of AI can be applied in various fields, such as robotics, virtual assistants, and autonomous vehicles, where it is vital for machines to operate independently and efficiently. However, the growth of agentic AI also raises important ethical considerations and safety concerns, as ensuring that these systems align with human values and do not lead to unintended consequences is crucial for their development and deployment.",
                        "href": null
                    }
                ],
                "color": "default"
            }
        }
    ],
    "next_cursor": null,
    "has_more": false,
    "type": "block",
    "block": {
        
    },
    "request_id": "ba15fced-27e0-4257-9e6f-f119f0d297f9"
}
2025-09-14 23:18:07 [TestNG-test-API Automation Test-2] INFO api.filters.LoggingAndReportingFilter::logAndReportRequest::26  URI : https://api.notion.com/v1/blocks/180913ec-9396-80a1-94d2-ef2438be8f08/children 
2025-09-14 23:18:07 [TestNG-test-API Automation Test-2] INFO api.filters.LoggingAndReportingFilter::logAndReportRequest::27  BASE URI:https://api.notion.com/v1 
2025-09-14 23:18:07 [TestNG-test-API Automation Test-2] INFO api.filters.LoggingAndReportingFilter::logAndReportRequest::28  Request Header:Authorization=Bearer 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
Notion-Version=2022-02-22
Accept=*/* 
2025-09-14 23:18:07 [TestNG-test-API Automation Test-2] INFO api.filters.LoggingAndReportingFilter::logAndReportRequest::29  Request PayLoad:null 
2025-09-14 23:18:07 [TestNG-test-API Automation Test-2] INFO api.filters.LoggingAndReportingFilter::logAndReportResponse::36  STATUS CODE:200 
2025-09-14 23:18:07 [TestNG-test-API Automation Test-2] INFO api.filters.LoggingAndReportingFilter::logAndReportResponse::37  Response Header :Date=Sun, 14 Sep 2025 17:48:07 GMT
Content-Type=application/json; charset=utf-8
Transfer-Encoding=chunked
Connection=keep-alive
Server=cloudflare
CF-Ray=97f1b69ebb75afda-BOM
CF-Cache-Status=DYNAMIC
Content-Encoding=gzip
ETag=W/"ca5-XzEktuTaD8ZhD1fJ+QxsNFLUdYI"
Strict-Transport-Security=max-age=31536000; includeSubDomains; preload
Vary=Accept-Encoding
content-security-policy=default-src 'none'
referrer-policy=strict-origin-when-cross-origin
x-content-type-options=nosniff
x-dns-prefetch-control=off
x-download-options=noopen
x-frame-options=SAMEORIGIN
x-notion-request-id=fb8954a8-db65-4479-9a12-95b9f0c1f4d9
x-permitted-cross-domain-policies=none
x-xss-protection=0
Set-Cookie=__cf_bm=iinhUu.k1RIOgX1Oem5lmfnIidHEfce7kWGWxQN8yZ0-1757872087-1.0.1.1-upuLwKk5XtNk8K9dJw1M5fmWtqnjTxTpOigPzjpQNp7LAnLa13oL6H9FEOS.wzdyHRegQ0lauIGT7Fb6eamIQ59Ga1k.9sUoPU9v0q0v5wU; path=/; expires=Sun, 14-Sep-25 18:18:07 GMT; domain=.notion.com; HttpOnly; Secure; SameSite=None
Set-Cookie=_cfuvid=knZjgBrb38id20_EiVnjijDpunz85UroKCgX4hSMWxc-1757872087647-0.0.1.1-604800000; path=/; domain=.notion.com; HttpOnly; Secure; SameSite=None
alt-svc=h3=":443"; ma=86400 
{
    "object": "list",
    "results": [
        {
            "object": "block",
            "id": "180913ec-9396-81cb-a8d0-f48577ec494d",
            "parent": {
                "type": "page_id",
                "page_id": "180913ec-9396-80a1-94d2-ef2438be8f08"
            },
            "created_time": "2025-01-19T09:24:00.000Z",
            "last_edited_time": "2025-01-19T09:24:00.000Z",
            "created_by": {
                "object": "user",
                "id": "90f687af-13a5-4409-85b4-c3f7fceabe80"
            },
            "last_edited_by": {
                "object": "user",
                "id": "90f687af-13a5-4409-85b4-c3f7fceabe80"
            },
            "has_children": false,
            "archived": false,
            "in_trash": false,
            "type": "heading_2",
            "heading_2": {
                "rich_text": [
                    {
                        "type": "text",
                        "text": {
                            "content": "Blockchain",
                            "link": null
                        },
                        "annotations": {
                            "bold": false,
                            "italic": false,
                            "strikethrough": false,
                            "underline": false,
                            "code": false,
                            "color": "default"
                        },
                        "plain_text": "Blockchain",
                        "href": null
                    }
                ],
                "is_toggleable": false,
                "color": "default"
            }
        },
        {
            "object": "block",
            "id": "180913ec-9396-8188-987d-d548a96e49fa",
            "parent": {
                "type": "page_id",
                "page_id": "180913ec-9396-80a1-94d2-ef2438be8f08"
            },
            "created_time": "2025-01-19T09:24:00.000Z",
            "last_edited_time": "2025-01-19T09:24:00.000Z",
            "created_by": {
                "object": "user",
                "id": "90f687af-13a5-4409-85b4-c3f7fceabe80"
            },
            "last_edited_by": {
                "object": "user",
                "id": "90f687af-13a5-4409-85b4-c3f7fceabe80"
            },
            "has_children": false,
            "archived": false,
            "in_trash": false,
            "type": "paragraph",
            "paragraph": {
                "rich_text": [
                    {
                        "type": "text",
                        "text": {
                            "content": "Blockchain is a digital ledger technology that enables secure and transparent record-keeping of transactions across multiple computers. Imagine it as a chain of blocks, where each block contains a list of transactions and is linked to the previous one, creating a chronological order. This structure ensures that once data is recorded, it cannot be easily altered or tampered with, enhancing trust and security. Each participant in the network has access to the same information, which promotes transparency and reduces the risk of fraud. Blockchain is commonly associated with cryptocurrencies like Bitcoin but has broader applications, including supply chain management, identity verification, and smart contracts, making it a revolutionary way to establish trust in digital interactions without the need for a central authority.",
                            "link": null
                        },
                        "annotations": {
                            "bold": false,
                            "italic": false,
                            "strikethrough": false,
                            "underline": false,
                            "code": false,
                            "color": "default"
                        },
                        "plain_text": "Blockchain is a digital ledger technology that enables secure and transparent record-keeping of transactions across multiple computers. Imagine it as a chain of blocks, where each block contains a list of transactions and is linked to the previous one, creating a chronological order. This structure ensures that once data is recorded, it cannot be easily altered or tampered with, enhancing trust and security. Each participant in the network has access to the same information, which promotes transparency and reduces the risk of fraud. Blockchain is commonly associated with cryptocurrencies like Bitcoin but has broader applications, including supply chain management, identity verification, and smart contracts, making it a revolutionary way to establish trust in digital interactions without the need for a central authority.",
                        "href": null
                    }
                ],
                "color": "default"
            }
        }
    ],
    "next_cursor": null,
    "has_more": false,
    "type": "block",
    "block": {
        
    },
    "request_id": "fb8954a8-db65-4479-9a12-95b9f0c1f4d9"
}
2025-09-14 23:18:07 [TestNG-test-API Automation Test-2] INFO api.filters.LoggingAndReportingFilter::logAndReportResponse::38  Request Body:{
    "object": "list",
    "results": [
        {
            "object": "block",
            "id": "180913ec-9396-81cb-a8d0-f48577ec494d",
            "parent": {
                "type": "page_id",
                "page_id": "180913ec-9396-80a1-94d2-ef2438be8f08"
            },
            "created_time": "2025-01-19T09:24:00.000Z",
            "last_edited_time": "2025-01-19T09:24:00.000Z",
            "created_by": {
                "object": "user",
                "id": "90f687af-13a5-4409-85b4-c3f7fceabe80"
            },
            "last_edited_by": {
                "object": "user",
                "id": "90f687af-13a5-4409-85b4-c3f7fceabe80"
            },
            "has_children": false,
            "archived": false,
            "in_trash": false,
            "type": "heading_2",
            "heading_2": {
                "rich_text": [
                    {
                        "type": "text",
                        "text": {
                            "content": "Blockchain",
                            "link": null
                        },
                        "annotations": {
                            "bold": false,
                            "italic": false,
                            "strikethrough": false,
                            "underline": false,
                            "code": false,
                            "color": "default"
                        },
                        "plain_text": "Blockchain",
                        "href": null
                    }
                ],
                "is_toggleable": false,
                "color": "default"
            }
        },
        {
            "object": "block",
            "id": "180913ec-9396-8188-987d-d548a96e49fa",
            "parent": {
                "type": "page_id",
                "page_id": "180913ec-9396-80a1-94d2-ef2438be8f08"
            },
            "created_time": "2025-01-19T09:24:00.000Z",
            "last_edited_time": "2025-01-19T09:24:00.000Z",
            "created_by": {
                "object": "user",
                "id": "90f687af-13a5-4409-85b4-c3f7fceabe80"
            },
            "last_edited_by": {
                "object": "user",
                "id": "90f687af-13a5-4409-85b4-c3f7fceabe80"
            },
            "has_children": false,
            "archived": false,
            "in_trash": false,
            "type": "paragraph",
            "paragraph": {
                "rich_text": [
                    {
                        "type": "text",
                        "text": {
                            "content": "Blockchain is a digital ledger technology that enables secure and transparent record-keeping of transactions across multiple computers. Imagine it as a chain of blocks, where each block contains a list of transactions and is linked to the previous one, creating a chronological order. This structure ensures that once data is recorded, it cannot be easily altered or tampered with, enhancing trust and security. Each participant in the network has access to the same information, which promotes transparency and reduces the risk of fraud. Blockchain is commonly associated with cryptocurrencies like Bitcoin but has broader applications, including supply chain management, identity verification, and smart contracts, making it a revolutionary way to establish trust in digital interactions without the need for a central authority.",
                            "link": null
                        },
                        "annotations": {
                            "bold": false,
                            "italic": false,
                            "strikethrough": false,
                            "underline": false,
                            "code": false,
                            "color": "default"
                        },
                        "plain_text": "Blockchain is a digital ledger technology that enables secure and transparent record-keeping of transactions across multiple computers. Imagine it as a chain of blocks, where each block contains a list of transactions and is linked to the previous one, creating a chronological order. This structure ensures that once data is recorded, it cannot be easily altered or tampered with, enhancing trust and security. Each participant in the network has access to the same information, which promotes transparency and reduces the risk of fraud. Blockchain is commonly associated with cryptocurrencies like Bitcoin but has broader applications, including supply chain management, identity verification, and smart contracts, making it a revolutionary way to establish trust in digital interactions without the need for a central authority.",
                        "href": null
                    }
                ],
                "color": "default"
            }
        }
    ],
    "next_cursor": null,
    "has_more": false,
    "type": "block",
    "block": {
        
    },
    "request_id": "fb8954a8-db65-4479-9a12-95b9f0c1f4d9"
} 
{
    "object": "list",
    "results": [
        {
            "object": "block",
            "id": "180913ec-9396-81cb-a8d0-f48577ec494d",
            "parent": {
                "type": "page_id",
                "page_id": "180913ec-9396-80a1-94d2-ef2438be8f08"
            },
            "created_time": "2025-01-19T09:24:00.000Z",
            "last_edited_time": "2025-01-19T09:24:00.000Z",
            "created_by": {
                "object": "user",
                "id": "90f687af-13a5-4409-85b4-c3f7fceabe80"
            },
            "last_edited_by": {
                "object": "user",
                "id": "90f687af-13a5-4409-85b4-c3f7fceabe80"
            },
            "has_children": false,
            "archived": false,
            "in_trash": false,
            "type": "heading_2",
            "heading_2": {
                "rich_text": [
                    {
                        "type": "text",
                        "text": {
                            "content": "Blockchain",
                            "link": null
                        },
                        "annotations": {
                            "bold": false,
                            "italic": false,
                            "strikethrough": false,
                            "underline": false,
                            "code": false,
                            "color": "default"
                        },
                        "plain_text": "Blockchain",
                        "href": null
                    }
                ],
                "is_toggleable": false,
                "color": "default"
            }
        },
        {
            "object": "block",
            "id": "180913ec-9396-8188-987d-d548a96e49fa",
            "parent": {
                "type": "page_id",
                "page_id": "180913ec-9396-80a1-94d2-ef2438be8f08"
            },
            "created_time": "2025-01-19T09:24:00.000Z",
            "last_edited_time": "2025-01-19T09:24:00.000Z",
            "created_by": {
                "object": "user",
                "id": "90f687af-13a5-4409-85b4-c3f7fceabe80"
            },
            "last_edited_by": {
                "object": "user",
                "id": "90f687af-13a5-4409-85b4-c3f7fceabe80"
            },
            "has_children": false,
            "archived": false,
            "in_trash": false,
            "type": "paragraph",
            "paragraph": {
                "rich_text": [
                    {
                        "type": "text",
                        "text": {
                            "content": "Blockchain is a digital ledger technology that enables secure and transparent record-keeping of transactions across multiple computers. Imagine it as a chain of blocks, where each block contains a list of transactions and is linked to the previous one, creating a chronological order. This structure ensures that once data is recorded, it cannot be easily altered or tampered with, enhancing trust and security. Each participant in the network has access to the same information, which promotes transparency and reduces the risk of fraud. Blockchain is commonly associated with cryptocurrencies like Bitcoin but has broader applications, including supply chain management, identity verification, and smart contracts, making it a revolutionary way to establish trust in digital interactions without the need for a central authority.",
                            "link": null
                        },
                        "annotations": {
                            "bold": false,
                            "italic": false,
                            "strikethrough": false,
                            "underline": false,
                            "code": false,
                            "color": "default"
                        },
                        "plain_text": "Blockchain is a digital ledger technology that enables secure and transparent record-keeping of transactions across multiple computers. Imagine it as a chain of blocks, where each block contains a list of transactions and is linked to the previous one, creating a chronological order. This structure ensures that once data is recorded, it cannot be easily altered or tampered with, enhancing trust and security. Each participant in the network has access to the same information, which promotes transparency and reduces the risk of fraud. Blockchain is commonly associated with cryptocurrencies like Bitcoin but has broader applications, including supply chain management, identity verification, and smart contracts, making it a revolutionary way to establish trust in digital interactions without the need for a central authority.",
                        "href": null
                    }
                ],
                "color": "default"
            }
        }
    ],
    "next_cursor": null,
    "has_more": false,
    "type": "block",
    "block": {
        
    },
    "request_id": "fb8954a8-db65-4479-9a12-95b9f0c1f4d9"
}
2025-09-14 23:18:07 [TestNG-test-API Automation Test-2] INFO api.filters.LoggingAndReportingFilter::logAndReportRequest::26  URI : https://api.notion.com/v1/blocks/178913ec-9396-8097-8be0-cb72f54187d8/children 
2025-09-14 23:18:07 [TestNG-test-API Automation Test-2] INFO api.filters.LoggingAndReportingFilter::logAndReportRequest::27  BASE URI:https://api.notion.com/v1 
2025-09-14 23:18:07 [TestNG-test-API Automation Test-2] INFO api.filters.LoggingAndReportingFilter::logAndReportRequest::28  Request Header:Authorization=Bearer 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
Notion-Version=2022-02-22
Accept=*/* 
2025-09-14 23:18:07 [TestNG-test-API Automation Test-2] INFO api.filters.LoggingAndReportingFilter::logAndReportRequest::29  Request PayLoad:null 
2025-09-14 23:18:08 [TestNG-test-API Automation Test-2] INFO api.filters.LoggingAndReportingFilter::logAndReportResponse::36  STATUS CODE:200 
2025-09-14 23:18:08 [TestNG-test-API Automation Test-2] INFO api.filters.LoggingAndReportingFilter::logAndReportResponse::37  Response Header :Date=Sun, 14 Sep 2025 17:48:08 GMT
Content-Type=application/json; charset=utf-8
Transfer-Encoding=chunked
Connection=keep-alive
Server=cloudflare
CF-Ray=97f1b6a46851ff60-BOM
CF-Cache-Status=DYNAMIC
Content-Encoding=gzip
ETag=W/"c95-FFToQHnOO6nR9GqUNUcY6jfC3Cg"
Strict-Transport-Security=max-age=31536000; includeSubDomains; preload
Vary=Accept-Encoding
content-security-policy=default-src 'none'
referrer-policy=strict-origin-when-cross-origin
x-content-type-options=nosniff
x-dns-prefetch-control=off
x-download-options=noopen
x-frame-options=SAMEORIGIN
x-notion-request-id=145d94d1-0e43-4002-9f70-89dbccd4bcd9
x-permitted-cross-domain-policies=none
x-xss-protection=0
Set-Cookie=__cf_bm=Hco4rmaK.MP1KMdEDt7.TJKKZPpTOoA.afqkc4WWnho-1757872088-1.0.1.1-1DEN0NIrHy46uDiXShZGYW7eOeIrBIq_bTH779fXFHHCi1ESawjLbah3fSa76v8uNDzuuPs6CKrq1vDVNkra5.0AR4gLOIigA0j04MZH_U0; path=/; expires=Sun, 14-Sep-25 18:18:08 GMT; domain=.notion.com; HttpOnly; Secure; SameSite=None
Set-Cookie=_cfuvid=jVrEztKbP0BGxSUObbXgBv0R2QJekOVWusMJ5FugN9A-1757872088068-0.0.1.1-604800000; path=/; domain=.notion.com; HttpOnly; Secure; SameSite=None
alt-svc=h3=":443"; ma=86400 
{
    "object": "list",
    "results": [
        {
            "object": "block",
            "id": "178913ec-9396-81d3-9269-dfa92a11e954",
            "parent": {
                "type": "page_id",
                "page_id": "178913ec-9396-8097-8be0-cb72f54187d8"
            },
            "created_time": "2025-01-11T14:50:00.000Z",
            "last_edited_time": "2025-01-11T14:50:00.000Z",
            "created_by": {
                "object": "user",
                "id": "90f687af-13a5-4409-85b4-c3f7fceabe80"
            },
            "last_edited_by": {
                "object": "user",
                "id": "90f687af-13a5-4409-85b4-c3f7fceabe80"
            },
            "has_children": false,
            "archived": false,
            "in_trash": false,
            "type": "heading_2",
            "heading_2": {
                "rich_text": [
                    {
                        "type": "text",
                        "text": {
                            "content": "BigData",
                            "link": null
                        },
                        "annotations": {
                            "bold": false,
                            "italic": false,
                            "strikethrough": false,
                            "underline": false,
                            "code": false,
                            "color": "default"
                        },
                        "plain_text": "BigData",
                        "href": null
                    }
                ],
                "is_toggleable": false,
                "color": "default"
            }
        },
        {
            "object": "block",
            "id": "178913ec-9396-81e9-a054-f96351a6a26b",
            "parent": {
                "type": "page_id",
                "page_id": "178913ec-9396-8097-8be0-cb72f54187d8"
            },
            "created_time": "2025-01-11T14:50:00.000Z",
            "last_edited_time": "2025-01-11T14:50:00.000Z",
            "created_by": {
                "object": "user",
                "id": "90f687af-13a5-4409-85b4-c3f7fceabe80"
            },
            "last_edited_by": {
                "object": "user",
                "id": "90f687af-13a5-4409-85b4-c3f7fceabe80"
            },
            "has_children": false,
            "archived": false,
            "in_trash": false,
            "type": "paragraph",
            "paragraph": {
                "rich_text": [
                    {
                        "type": "text",
                        "text": {
                            "content": "Big Data refers to the vast volumes of structured and unstructured data that are too large or complex for traditional data processing tools to handle efficiently. It encompasses not just the amount of data but also its variety, velocity, and veracity, meaning it includes different types of information from various sources, arrives at high speeds, and needs to be trustworthy. Businesses and organizations use Big Data to gain valuable insights and make informed decisions, as it allows them to analyze patterns, trends, and behaviors from enormous datasets. This analysis can drive innovations, improve customer experiences, optimize operations, and even predict future outcomes. As technology evolves, managing and analyzing Big Data becomes more accessible and crucial for staying competitive in today's data-driven world.",
                            "link": null
                        },
                        "annotations": {
                            "bold": false,
                            "italic": false,
                            "strikethrough": false,
                            "underline": false,
                            "code": false,
                            "color": "default"
                        },
                        "plain_text": "Big Data refers to the vast volumes of structured and unstructured data that are too large or complex for traditional data processing tools to handle efficiently. It encompasses not just the amount of data but also its variety, velocity, and veracity, meaning it includes different types of information from various sources, arrives at high speeds, and needs to be trustworthy. Businesses and organizations use Big Data to gain valuable insights and make informed decisions, as it allows them to analyze patterns, trends, and behaviors from enormous datasets. This analysis can drive innovations, improve customer experiences, optimize operations, and even predict future outcomes. As technology evolves, managing and analyzing Big Data becomes more accessible and crucial for staying competitive in today's data-driven world.",
                        "href": null
                    }
                ],
                "color": "default"
            }
        }
    ],
    "next_cursor": null,
    "has_more": false,
    "type": "block",
    "block": {
        
    },
    "request_id": "145d94d1-0e43-4002-9f70-89dbccd4bcd9"
}
2025-09-14 23:18:08 [TestNG-test-API Automation Test-2] INFO api.filters.LoggingAndReportingFilter::logAndReportResponse::38  Request Body:{
    "object": "list",
    "results": [
        {
            "object": "block",
            "id": "178913ec-9396-81d3-9269-dfa92a11e954",
            "parent": {
                "type": "page_id",
                "page_id": "178913ec-9396-8097-8be0-cb72f54187d8"
            },
            "created_time": "2025-01-11T14:50:00.000Z",
            "last_edited_time": "2025-01-11T14:50:00.000Z",
            "created_by": {
                "object": "user",
                "id": "90f687af-13a5-4409-85b4-c3f7fceabe80"
            },
            "last_edited_by": {
                "object": "user",
                "id": "90f687af-13a5-4409-85b4-c3f7fceabe80"
            },
            "has_children": false,
            "archived": false,
            "in_trash": false,
            "type": "heading_2",
            "heading_2": {
                "rich_text": [
                    {
                        "type": "text",
                        "text": {
                            "content": "BigData",
                            "link": null
                        },
                        "annotations": {
                            "bold": false,
                            "italic": false,
                            "strikethrough": false,
                            "underline": false,
                            "code": false,
                            "color": "default"
                        },
                        "plain_text": "BigData",
                        "href": null
                    }
                ],
                "is_toggleable": false,
                "color": "default"
            }
        },
        {
            "object": "block",
            "id": "178913ec-9396-81e9-a054-f96351a6a26b",
            "parent": {
                "type": "page_id",
                "page_id": "178913ec-9396-8097-8be0-cb72f54187d8"
            },
            "created_time": "2025-01-11T14:50:00.000Z",
            "last_edited_time": "2025-01-11T14:50:00.000Z",
            "created_by": {
                "object": "user",
                "id": "90f687af-13a5-4409-85b4-c3f7fceabe80"
            },
            "last_edited_by": {
                "object": "user",
                "id": "90f687af-13a5-4409-85b4-c3f7fceabe80"
            },
            "has_children": false,
            "archived": false,
            "in_trash": false,
            "type": "paragraph",
            "paragraph": {
                "rich_text": [
                    {
                        "type": "text",
                        "text": {
                            "content": "Big Data refers to the vast volumes of structured and unstructured data that are too large or complex for traditional data processing tools to handle efficiently. It encompasses not just the amount of data but also its variety, velocity, and veracity, meaning it includes different types of information from various sources, arrives at high speeds, and needs to be trustworthy. Businesses and organizations use Big Data to gain valuable insights and make informed decisions, as it allows them to analyze patterns, trends, and behaviors from enormous datasets. This analysis can drive innovations, improve customer experiences, optimize operations, and even predict future outcomes. As technology evolves, managing and analyzing Big Data becomes more accessible and crucial for staying competitive in today's data-driven world.",
                            "link": null
                        },
                        "annotations": {
                            "bold": false,
                            "italic": false,
                            "strikethrough": false,
                            "underline": false,
                            "code": false,
                            "color": "default"
                        },
                        "plain_text": "Big Data refers to the vast volumes of structured and unstructured data that are too large or complex for traditional data processing tools to handle efficiently. It encompasses not just the amount of data but also its variety, velocity, and veracity, meaning it includes different types of information from various sources, arrives at high speeds, and needs to be trustworthy. Businesses and organizations use Big Data to gain valuable insights and make informed decisions, as it allows them to analyze patterns, trends, and behaviors from enormous datasets. This analysis can drive innovations, improve customer experiences, optimize operations, and even predict future outcomes. As technology evolves, managing and analyzing Big Data becomes more accessible and crucial for staying competitive in today's data-driven world.",
                        "href": null
                    }
                ],
                "color": "default"
            }
        }
    ],
    "next_cursor": null,
    "has_more": false,
    "type": "block",
    "block": {
        
    },
    "request_id": "145d94d1-0e43-4002-9f70-89dbccd4bcd9"
} 
{
    "object": "list",
    "results": [
        {
            "object": "block",
            "id": "178913ec-9396-81d3-9269-dfa92a11e954",
            "parent": {
                "type": "page_id",
                "page_id": "178913ec-9396-8097-8be0-cb72f54187d8"
            },
            "created_time": "2025-01-11T14:50:00.000Z",
            "last_edited_time": "2025-01-11T14:50:00.000Z",
            "created_by": {
                "object": "user",
                "id": "90f687af-13a5-4409-85b4-c3f7fceabe80"
            },
            "last_edited_by": {
                "object": "user",
                "id": "90f687af-13a5-4409-85b4-c3f7fceabe80"
            },
            "has_children": false,
            "archived": false,
            "in_trash": false,
            "type": "heading_2",
            "heading_2": {
                "rich_text": [
                    {
                        "type": "text",
                        "text": {
                            "content": "BigData",
                            "link": null
                        },
                        "annotations": {
                            "bold": false,
                            "italic": false,
                            "strikethrough": false,
                            "underline": false,
                            "code": false,
                            "color": "default"
                        },
                        "plain_text": "BigData",
                        "href": null
                    }
                ],
                "is_toggleable": false,
                "color": "default"
            }
        },
        {
            "object": "block",
            "id": "178913ec-9396-81e9-a054-f96351a6a26b",
            "parent": {
                "type": "page_id",
                "page_id": "178913ec-9396-8097-8be0-cb72f54187d8"
            },
            "created_time": "2025-01-11T14:50:00.000Z",
            "last_edited_time": "2025-01-11T14:50:00.000Z",
            "created_by": {
                "object": "user",
                "id": "90f687af-13a5-4409-85b4-c3f7fceabe80"
            },
            "last_edited_by": {
                "object": "user",
                "id": "90f687af-13a5-4409-85b4-c3f7fceabe80"
            },
            "has_children": false,
            "archived": false,
            "in_trash": false,
            "type": "paragraph",
            "paragraph": {
                "rich_text": [
                    {
                        "type": "text",
                        "text": {
                            "content": "Big Data refers to the vast volumes of structured and unstructured data that are too large or complex for traditional data processing tools to handle efficiently. It encompasses not just the amount of data but also its variety, velocity, and veracity, meaning it includes different types of information from various sources, arrives at high speeds, and needs to be trustworthy. Businesses and organizations use Big Data to gain valuable insights and make informed decisions, as it allows them to analyze patterns, trends, and behaviors from enormous datasets. This analysis can drive innovations, improve customer experiences, optimize operations, and even predict future outcomes. As technology evolves, managing and analyzing Big Data becomes more accessible and crucial for staying competitive in today's data-driven world.",
                            "link": null
                        },
                        "annotations": {
                            "bold": false,
                            "italic": false,
                            "strikethrough": false,
                            "underline": false,
                            "code": false,
                            "color": "default"
                        },
                        "plain_text": "Big Data refers to the vast volumes of structured and unstructured data that are too large or complex for traditional data processing tools to handle efficiently. It encompasses not just the amount of data but also its variety, velocity, and veracity, meaning it includes different types of information from various sources, arrives at high speeds, and needs to be trustworthy. Businesses and organizations use Big Data to gain valuable insights and make informed decisions, as it allows them to analyze patterns, trends, and behaviors from enormous datasets. This analysis can drive innovations, improve customer experiences, optimize operations, and even predict future outcomes. As technology evolves, managing and analyzing Big Data becomes more accessible and crucial for staying competitive in today's data-driven world.",
                        "href": null
                    }
                ],
                "color": "default"
            }
        }
    ],
    "next_cursor": null,
    "has_more": false,
    "type": "block",
    "block": {
        
    },
    "request_id": "145d94d1-0e43-4002-9f70-89dbccd4bcd9"
}
2025-09-14 23:18:08 [TestNG-test-API Automation Test-2] INFO api.filters.LoggingAndReportingFilter::logAndReportRequest::26  URI : https://api.notion.com/v1/blocks/178913ec-9396-80f3-8013-f28b42e81e5f/children 
2025-09-14 23:18:08 [TestNG-test-API Automation Test-2] INFO api.filters.LoggingAndReportingFilter::logAndReportRequest::27  BASE URI:https://api.notion.com/v1 
2025-09-14 23:18:08 [TestNG-test-API Automation Test-2] INFO api.filters.LoggingAndReportingFilter::logAndReportRequest::28  Request Header:Authorization=Bearer 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
Notion-Version=2022-02-22
Accept=*/* 
2025-09-14 23:18:08 [TestNG-test-API Automation Test-2] INFO api.filters.LoggingAndReportingFilter::logAndReportRequest::29  Request PayLoad:null 
2025-09-14 23:18:08 [TestNG-test-API Automation Test-2] INFO api.filters.LoggingAndReportingFilter::logAndReportResponse::36  STATUS CODE:200 
2025-09-14 23:18:08 [TestNG-test-API Automation Test-2] INFO api.filters.LoggingAndReportingFilter::logAndReportResponse::37  Response Header :Date=Sun, 14 Sep 2025 17:48:08 GMT
Content-Type=application/json; charset=utf-8
Transfer-Encoding=chunked
Connection=keep-alive
Server=cloudflare
CF-Ray=97f1b6a6ee163ed9-BOM
CF-Cache-Status=DYNAMIC
Content-Encoding=gzip
ETag=W/"55f-xwfGuYelGidOGiU5e2TSLBSQU/Q"
Strict-Transport-Security=max-age=31536000; includeSubDomains; preload
Vary=Accept-Encoding
content-security-policy=default-src 'none'
referrer-policy=strict-origin-when-cross-origin
x-content-type-options=nosniff
x-dns-prefetch-control=off
x-download-options=noopen
x-frame-options=SAMEORIGIN
x-notion-request-id=2f8334b7-4203-4b6b-b34c-decccf0629be
x-permitted-cross-domain-policies=none
x-xss-protection=0
Set-Cookie=__cf_bm=Jt.zJGpRRv8jr1uUceQMN0wj8jz4JKaFFzXabpcDzkg-1757872088-1.0.1.1-3I2dIB8G8ZKNxBlEfa.cs1iwhm4N_nuLYnX6AHmWuxXlAMRKwXOxGmu59HH.Q.KRM_Aklcc7E3wkczMxE8VXs6kU2mZCWg4lWOx1Q10qDWY; path=/; expires=Sun, 14-Sep-25 18:18:08 GMT; domain=.notion.com; HttpOnly; Secure; SameSite=None
Set-Cookie=_cfuvid=qpPH2_alyVNH6t.me55pueBM5q1e5OwXdsgAbJ1OJ4o-1757872088463-0.0.1.1-604800000; path=/; domain=.notion.com; HttpOnly; Secure; SameSite=None
alt-svc=h3=":443"; ma=86400 
{
    "object": "list",
    "results": [
        {
            "object": "block",
            "id": "178913ec-9396-8099-a4f1-dff027c2b6f8",
            "parent": {
                "type": "page_id",
                "page_id": "178913ec-9396-80f3-8013-f28b42e81e5f"
            },
            "created_time": "2025-01-11T14:02:00.000Z",
            "last_edited_time": "2025-01-11T14:02:00.000Z",
            "created_by": {
                "object": "user",
                "id": "171d872b-594c-811a-beba-0002c67dcc3c"
            },
            "last_edited_by": {
                "object": "user",
                "id": "171d872b-594c-811a-beba-0002c67dcc3c"
            },
            "has_children": false,
            "archived": false,
            "in_trash": false,
            "type": "paragraph",
            "paragraph": {
                "rich_text": [
                    {
                        "type": "text",
                        "text": {
                            "content": "some random thing",
                            "link": null
                        },
                        "annotations": {
                            "bold": false,
                            "italic": false,
                            "strikethrough": false,
                            "underline": false,
                            "code": false,
                            "color": "default"
                        },
                        "plain_text": "some random thing",
                        "href": null
                    }
                ],
                "color": "default"
            }
        },
        {
            "object": "block",
            "id": "178913ec-9396-802c-bd07-f33f932e419b",
            "parent": {
                "type": "page_id",
                "page_id": "178913ec-9396-80f3-8013-f28b42e81e5f"
            },
            "created_time": "2025-01-11T14:02:00.000Z",
            "last_edited_time": "2025-01-11T14:02:00.000Z",
            "created_by": {
                "object": "user",
                "id": "171d872b-594c-811a-beba-0002c67dcc3c"
            },
            "last_edited_by": {
                "object": "user",
                "id": "171d872b-594c-811a-beba-0002c67dcc3c"
            },
            "has_children": false,
            "archived": false,
            "in_trash": false,
            "type": "paragraph",
            "paragraph": {
                "rich_text": [
                    
                ],
                "color": "default"
            }
        }
    ],
    "next_cursor": null,
    "has_more": false,
    "type": "block",
    "block": {
        
    },
    "request_id": "2f8334b7-4203-4b6b-b34c-decccf0629be"
}
2025-09-14 23:18:08 [TestNG-test-API Automation Test-2] INFO api.filters.LoggingAndReportingFilter::logAndReportResponse::38  Request Body:{
    "object": "list",
    "results": [
        {
            "object": "block",
            "id": "178913ec-9396-8099-a4f1-dff027c2b6f8",
            "parent": {
                "type": "page_id",
                "page_id": "178913ec-9396-80f3-8013-f28b42e81e5f"
            },
            "created_time": "2025-01-11T14:02:00.000Z",
            "last_edited_time": "2025-01-11T14:02:00.000Z",
            "created_by": {
                "object": "user",
                "id": "171d872b-594c-811a-beba-0002c67dcc3c"
            },
            "last_edited_by": {
                "object": "user",
                "id": "171d872b-594c-811a-beba-0002c67dcc3c"
            },
            "has_children": false,
            "archived": false,
            "in_trash": false,
            "type": "paragraph",
            "paragraph": {
                "rich_text": [
                    {
                        "type": "text",
                        "text": {
                            "content": "some random thing",
                            "link": null
                        },
                        "annotations": {
                            "bold": false,
                            "italic": false,
                            "strikethrough": false,
                            "underline": false,
                            "code": false,
                            "color": "default"
                        },
                        "plain_text": "some random thing",
                        "href": null
                    }
                ],
                "color": "default"
            }
        },
        {
            "object": "block",
            "id": "178913ec-9396-802c-bd07-f33f932e419b",
            "parent": {
                "type": "page_id",
                "page_id": "178913ec-9396-80f3-8013-f28b42e81e5f"
            },
            "created_time": "2025-01-11T14:02:00.000Z",
            "last_edited_time": "2025-01-11T14:02:00.000Z",
            "created_by": {
                "object": "user",
                "id": "171d872b-594c-811a-beba-0002c67dcc3c"
            },
            "last_edited_by": {
                "object": "user",
                "id": "171d872b-594c-811a-beba-0002c67dcc3c"
            },
            "has_children": false,
            "archived": false,
            "in_trash": false,
            "type": "paragraph",
            "paragraph": {
                "rich_text": [
                    
                ],
                "color": "default"
            }
        }
    ],
    "next_cursor": null,
    "has_more": false,
    "type": "block",
    "block": {
        
    },
    "request_id": "2f8334b7-4203-4b6b-b34c-decccf0629be"
} 
{
    "object": "list",
    "results": [
        {
            "object": "block",
            "id": "178913ec-9396-8099-a4f1-dff027c2b6f8",
            "parent": {
                "type": "page_id",
                "page_id": "178913ec-9396-80f3-8013-f28b42e81e5f"
            },
            "created_time": "2025-01-11T14:02:00.000Z",
            "last_edited_time": "2025-01-11T14:02:00.000Z",
            "created_by": {
                "object": "user",
                "id": "171d872b-594c-811a-beba-0002c67dcc3c"
            },
            "last_edited_by": {
                "object": "user",
                "id": "171d872b-594c-811a-beba-0002c67dcc3c"
            },
            "has_children": false,
            "archived": false,
            "in_trash": false,
            "type": "paragraph",
            "paragraph": {
                "rich_text": [
                    {
                        "type": "text",
                        "text": {
                            "content": "some random thing",
                            "link": null
                        },
                        "annotations": {
                            "bold": false,
                            "italic": false,
                            "strikethrough": false,
                            "underline": false,
                            "code": false,
                            "color": "default"
                        },
                        "plain_text": "some random thing",
                        "href": null
                    }
                ],
                "color": "default"
            }
        },
        {
            "object": "block",
            "id": "178913ec-9396-802c-bd07-f33f932e419b",
            "parent": {
                "type": "page_id",
                "page_id": "178913ec-9396-80f3-8013-f28b42e81e5f"
            },
            "created_time": "2025-01-11T14:02:00.000Z",
            "last_edited_time": "2025-01-11T14:02:00.000Z",
            "created_by": {
                "object": "user",
                "id": "171d872b-594c-811a-beba-0002c67dcc3c"
            },
            "last_edited_by": {
                "object": "user",
                "id": "171d872b-594c-811a-beba-0002c67dcc3c"
            },
            "has_children": false,
            "archived": false,
            "in_trash": false,
            "type": "paragraph",
            "paragraph": {
                "rich_text": [
                    
                ],
                "color": "default"
            }
        }
    ],
    "next_cursor": null,
    "has_more": false,
    "type": "block",
    "block": {
        
    },
    "request_id": "2f8334b7-4203-4b6b-b34c-decccf0629be"
}
2025-09-14 23:18:08 [TestNG-test-API Automation Test-2] INFO api.filters.LoggingAndReportingFilter::logAndReportRequest::26  URI : https://api.notion.com/v1/blocks/26e913ec-9396-80cc-818f-feaa1e5944a4/children 
2025-09-14 23:18:08 [TestNG-test-API Automation Test-2] INFO api.filters.LoggingAndReportingFilter::logAndReportRequest::27  BASE URI:https://api.notion.com/v1 
2025-09-14 23:18:08 [TestNG-test-API Automation Test-2] INFO api.filters.LoggingAndReportingFilter::logAndReportRequest::28  Request Header:Authorization=Bearer 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
Notion-Version=2022-02-22
Accept=*/* 
2025-09-14 23:18:08 [TestNG-test-API Automation Test-2] INFO api.filters.LoggingAndReportingFilter::logAndReportRequest::29  Request PayLoad:null 
2025-09-14 23:18:09 [TestNG-test-API Automation Test-2] INFO api.filters.LoggingAndReportingFilter::logAndReportResponse::36  STATUS CODE:200 
2025-09-14 23:18:09 [TestNG-test-API Automation Test-2] INFO api.filters.LoggingAndReportingFilter::logAndReportResponse::37  Response Header :Date=Sun, 14 Sep 2025 17:48:08 GMT
Content-Type=application/json; charset=utf-8
Transfer-Encoding=chunked
Connection=keep-alive
Server=cloudflare
CF-Ray=97f1b6a94d2f3bb6-BOM
CF-Cache-Status=DYNAMIC
Content-Encoding=gzip
ETag=W/"d6f-w8PcIUk0hKu1KlV8FiT0g+okIpc"
Strict-Transport-Security=max-age=31536000; includeSubDomains; preload
Vary=Accept-Encoding
content-security-policy=default-src 'none'
referrer-policy=strict-origin-when-cross-origin
x-content-type-options=nosniff
x-dns-prefetch-control=off
x-download-options=noopen
x-frame-options=SAMEORIGIN
x-notion-request-id=b48ab1e5-1e6b-413c-a3f8-0c8754eae573
x-permitted-cross-domain-policies=none
x-xss-protection=0
Set-Cookie=__cf_bm=1P0HAZprvodFWrMrzSsCs.BHMZmXXvdLtB9sC_vIVuQ-1757872088-1.0.1.1-SrG.dXq8i1j2TKg.4pSAoQa3uMKIIdz8jw9GgIG9.47bcAed7gMYKHvBEkvCIMHeYMEGgdnw_lVwxegazXVIvVLXpYr5BeZYE408z2_do4w; path=/; expires=Sun, 14-Sep-25 18:18:08 GMT; domain=.notion.com; HttpOnly; Secure; SameSite=None
Set-Cookie=_cfuvid=KWODudq4eZPmNpZnQYMnW2xwejgrUJ9KudEV1QJwvkc-1757872088869-0.0.1.1-604800000; path=/; domain=.notion.com; HttpOnly; Secure; SameSite=None
alt-svc=h3=":443"; ma=86400 
{
    "object": "list",
    "results": [
        {
            "object": "block",
            "id": "26e913ec-9396-81bb-ab80-c7f5117f0216",
            "parent": {
                "type": "page_id",
                "page_id": "26e913ec-9396-80cc-818f-feaa1e5944a4"
            },
            "created_time": "2025-09-14T11:57:00.000Z",
            "last_edited_time": "2025-09-14T11:57:00.000Z",
            "created_by": {
                "object": "user",
                "id": "90f687af-13a5-4409-85b4-c3f7fceabe80"
            },
            "last_edited_by": {
                "object": "user",
                "id": "90f687af-13a5-4409-85b4-c3f7fceabe80"
            },
            "has_children": false,
            "archived": false,
            "in_trash": false,
            "type": "heading_2",
            "heading_2": {
                "rich_text": [
                    {
                        "type": "text",
                        "text": {
                            "content": "spark",
                            "link": null
                        },
                        "annotations": {
                            "bold": false,
                            "italic": false,
                            "strikethrough": false,
                            "underline": false,
                            "code": false,
                            "color": "default"
                        },
                        "plain_text": "spark",
                        "href": null
                    }
                ],
                "is_toggleable": false,
                "color": "default"
            }
        },
        {
            "object": "block",
            "id": "26e913ec-9396-8147-981f-cd00a96f0827",
            "parent": {
                "type": "page_id",
                "page_id": "26e913ec-9396-80cc-818f-feaa1e5944a4"
            },
            "created_time": "2025-09-14T11:57:00.000Z",
            "last_edited_time": "2025-09-14T11:57:00.000Z",
            "created_by": {
                "object": "user",
                "id": "90f687af-13a5-4409-85b4-c3f7fceabe80"
            },
            "last_edited_by": {
                "object": "user",
                "id": "90f687af-13a5-4409-85b4-c3f7fceabe80"
            },
            "has_children": false,
            "archived": false,
            "in_trash": false,
            "type": "paragraph",
            "paragraph": {
                "rich_text": [
                    {
                        "type": "text",
                        "text": {
                            "content": "Apache Spark is a powerful open-source data processing framework designed to handle large-scale data efficiently and quickly. It allows developers to write applications that can process big data in a distributed manner, leveraging clusters of computers to perform tasks simultaneously. Spark is known for its speed, as it can process data in memory, which makes it significantly faster than traditional disk-based processing systems. It provides support for various programming languages, including Scala, Python, and Java, allowing developers to choose the language they are comfortable with. Additionally, Spark comes with built-in libraries for tasks like machine learning, stream processing, and graph processing, making it a versatile tool for data analytics. With its ease of use and robust performance, Spark has become a popular choice among data engineers and scientists for processing and analyzing large datasets in real-time.",
                            "link": null
                        },
                        "annotations": {
                            "bold": false,
                            "italic": false,
                            "strikethrough": false,
                            "underline": false,
                            "code": false,
                            "color": "default"
                        },
                        "plain_text": "Apache Spark is a powerful open-source data processing framework designed to handle large-scale data efficiently and quickly. It allows developers to write applications that can process big data in a distributed manner, leveraging clusters of computers to perform tasks simultaneously. Spark is known for its speed, as it can process data in memory, which makes it significantly faster than traditional disk-based processing systems. It provides support for various programming languages, including Scala, Python, and Java, allowing developers to choose the language they are comfortable with. Additionally, Spark comes with built-in libraries for tasks like machine learning, stream processing, and graph processing, making it a versatile tool for data analytics. With its ease of use and robust performance, Spark has become a popular choice among data engineers and scientists for processing and analyzing large datasets in real-time.",
                        "href": null
                    }
                ],
                "color": "default"
            }
        }
    ],
    "next_cursor": null,
    "has_more": false,
    "type": "block",
    "block": {
        
    },
    "request_id": "b48ab1e5-1e6b-413c-a3f8-0c8754eae573"
}
2025-09-14 23:18:09 [TestNG-test-API Automation Test-2] INFO api.filters.LoggingAndReportingFilter::logAndReportResponse::38  Request Body:{
    "object": "list",
    "results": [
        {
            "object": "block",
            "id": "26e913ec-9396-81bb-ab80-c7f5117f0216",
            "parent": {
                "type": "page_id",
                "page_id": "26e913ec-9396-80cc-818f-feaa1e5944a4"
            },
            "created_time": "2025-09-14T11:57:00.000Z",
            "last_edited_time": "2025-09-14T11:57:00.000Z",
            "created_by": {
                "object": "user",
                "id": "90f687af-13a5-4409-85b4-c3f7fceabe80"
            },
            "last_edited_by": {
                "object": "user",
                "id": "90f687af-13a5-4409-85b4-c3f7fceabe80"
            },
            "has_children": false,
            "archived": false,
            "in_trash": false,
            "type": "heading_2",
            "heading_2": {
                "rich_text": [
                    {
                        "type": "text",
                        "text": {
                            "content": "spark",
                            "link": null
                        },
                        "annotations": {
                            "bold": false,
                            "italic": false,
                            "strikethrough": false,
                            "underline": false,
                            "code": false,
                            "color": "default"
                        },
                        "plain_text": "spark",
                        "href": null
                    }
                ],
                "is_toggleable": false,
                "color": "default"
            }
        },
        {
            "object": "block",
            "id": "26e913ec-9396-8147-981f-cd00a96f0827",
            "parent": {
                "type": "page_id",
                "page_id": "26e913ec-9396-80cc-818f-feaa1e5944a4"
            },
            "created_time": "2025-09-14T11:57:00.000Z",
            "last_edited_time": "2025-09-14T11:57:00.000Z",
            "created_by": {
                "object": "user",
                "id": "90f687af-13a5-4409-85b4-c3f7fceabe80"
            },
            "last_edited_by": {
                "object": "user",
                "id": "90f687af-13a5-4409-85b4-c3f7fceabe80"
            },
            "has_children": false,
            "archived": false,
            "in_trash": false,
            "type": "paragraph",
            "paragraph": {
                "rich_text": [
                    {
                        "type": "text",
                        "text": {
                            "content": "Apache Spark is a powerful open-source data processing framework designed to handle large-scale data efficiently and quickly. It allows developers to write applications that can process big data in a distributed manner, leveraging clusters of computers to perform tasks simultaneously. Spark is known for its speed, as it can process data in memory, which makes it significantly faster than traditional disk-based processing systems. It provides support for various programming languages, including Scala, Python, and Java, allowing developers to choose the language they are comfortable with. Additionally, Spark comes with built-in libraries for tasks like machine learning, stream processing, and graph processing, making it a versatile tool for data analytics. With its ease of use and robust performance, Spark has become a popular choice among data engineers and scientists for processing and analyzing large datasets in real-time.",
                            "link": null
                        },
                        "annotations": {
                            "bold": false,
                            "italic": false,
                            "strikethrough": false,
                            "underline": false,
                            "code": false,
                            "color": "default"
                        },
                        "plain_text": "Apache Spark is a powerful open-source data processing framework designed to handle large-scale data efficiently and quickly. It allows developers to write applications that can process big data in a distributed manner, leveraging clusters of computers to perform tasks simultaneously. Spark is known for its speed, as it can process data in memory, which makes it significantly faster than traditional disk-based processing systems. It provides support for various programming languages, including Scala, Python, and Java, allowing developers to choose the language they are comfortable with. Additionally, Spark comes with built-in libraries for tasks like machine learning, stream processing, and graph processing, making it a versatile tool for data analytics. With its ease of use and robust performance, Spark has become a popular choice among data engineers and scientists for processing and analyzing large datasets in real-time.",
                        "href": null
                    }
                ],
                "color": "default"
            }
        }
    ],
    "next_cursor": null,
    "has_more": false,
    "type": "block",
    "block": {
        
    },
    "request_id": "b48ab1e5-1e6b-413c-a3f8-0c8754eae573"
} 
{
    "object": "list",
    "results": [
        {
            "object": "block",
            "id": "26e913ec-9396-81bb-ab80-c7f5117f0216",
            "parent": {
                "type": "page_id",
                "page_id": "26e913ec-9396-80cc-818f-feaa1e5944a4"
            },
            "created_time": "2025-09-14T11:57:00.000Z",
            "last_edited_time": "2025-09-14T11:57:00.000Z",
            "created_by": {
                "object": "user",
                "id": "90f687af-13a5-4409-85b4-c3f7fceabe80"
            },
            "last_edited_by": {
                "object": "user",
                "id": "90f687af-13a5-4409-85b4-c3f7fceabe80"
            },
            "has_children": false,
            "archived": false,
            "in_trash": false,
            "type": "heading_2",
            "heading_2": {
                "rich_text": [
                    {
                        "type": "text",
                        "text": {
                            "content": "spark",
                            "link": null
                        },
                        "annotations": {
                            "bold": false,
                            "italic": false,
                            "strikethrough": false,
                            "underline": false,
                            "code": false,
                            "color": "default"
                        },
                        "plain_text": "spark",
                        "href": null
                    }
                ],
                "is_toggleable": false,
                "color": "default"
            }
        },
        {
            "object": "block",
            "id": "26e913ec-9396-8147-981f-cd00a96f0827",
            "parent": {
                "type": "page_id",
                "page_id": "26e913ec-9396-80cc-818f-feaa1e5944a4"
            },
            "created_time": "2025-09-14T11:57:00.000Z",
            "last_edited_time": "2025-09-14T11:57:00.000Z",
            "created_by": {
                "object": "user",
                "id": "90f687af-13a5-4409-85b4-c3f7fceabe80"
            },
            "last_edited_by": {
                "object": "user",
                "id": "90f687af-13a5-4409-85b4-c3f7fceabe80"
            },
            "has_children": false,
            "archived": false,
            "in_trash": false,
            "type": "paragraph",
            "paragraph": {
                "rich_text": [
                    {
                        "type": "text",
                        "text": {
                            "content": "Apache Spark is a powerful open-source data processing framework designed to handle large-scale data efficiently and quickly. It allows developers to write applications that can process big data in a distributed manner, leveraging clusters of computers to perform tasks simultaneously. Spark is known for its speed, as it can process data in memory, which makes it significantly faster than traditional disk-based processing systems. It provides support for various programming languages, including Scala, Python, and Java, allowing developers to choose the language they are comfortable with. Additionally, Spark comes with built-in libraries for tasks like machine learning, stream processing, and graph processing, making it a versatile tool for data analytics. With its ease of use and robust performance, Spark has become a popular choice among data engineers and scientists for processing and analyzing large datasets in real-time.",
                            "link": null
                        },
                        "annotations": {
                            "bold": false,
                            "italic": false,
                            "strikethrough": false,
                            "underline": false,
                            "code": false,
                            "color": "default"
                        },
                        "plain_text": "Apache Spark is a powerful open-source data processing framework designed to handle large-scale data efficiently and quickly. It allows developers to write applications that can process big data in a distributed manner, leveraging clusters of computers to perform tasks simultaneously. Spark is known for its speed, as it can process data in memory, which makes it significantly faster than traditional disk-based processing systems. It provides support for various programming languages, including Scala, Python, and Java, allowing developers to choose the language they are comfortable with. Additionally, Spark comes with built-in libraries for tasks like machine learning, stream processing, and graph processing, making it a versatile tool for data analytics. With its ease of use and robust performance, Spark has become a popular choice among data engineers and scientists for processing and analyzing large datasets in real-time.",
                        "href": null
                    }
                ],
                "color": "default"
            }
        }
    ],
    "next_cursor": null,
    "has_more": false,
    "type": "block",
    "block": {
        
    },
    "request_id": "b48ab1e5-1e6b-413c-a3f8-0c8754eae573"
}
2025-09-14 23:18:09 [TestNG-test-API Automation Test-2] INFO api.filters.LoggingAndReportingFilter::logAndReportRequest::26  URI : https://api.notion.com/v1/blocks/178913ec-9396-8008-81b9-e3c4c394a5ee/children 
2025-09-14 23:18:09 [TestNG-test-API Automation Test-2] INFO api.filters.LoggingAndReportingFilter::logAndReportRequest::27  BASE URI:https://api.notion.com/v1 
2025-09-14 23:18:09 [TestNG-test-API Automation Test-2] INFO api.filters.LoggingAndReportingFilter::logAndReportRequest::28  Request Header:Authorization=Bearer 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
Notion-Version=2022-02-22
Accept=*/* 
2025-09-14 23:18:09 [TestNG-test-API Automation Test-2] INFO api.filters.LoggingAndReportingFilter::logAndReportRequest::29  Request PayLoad:null 
2025-09-14 23:18:09 [TestNG-test-API Automation Test-2] INFO api.filters.LoggingAndReportingFilter::logAndReportResponse::36  STATUS CODE:200 
2025-09-14 23:18:09 [TestNG-test-API Automation Test-2] INFO api.filters.LoggingAndReportingFilter::logAndReportResponse::37  Response Header :Date=Sun, 14 Sep 2025 17:48:09 GMT
Content-Type=application/json; charset=utf-8
Transfer-Encoding=chunked
Connection=keep-alive
Content-Encoding=gzip
CF-Ray=97f1b6abed5d160c-BOM
CF-Cache-Status=DYNAMIC
ETag=W/"3ae-TDn47IO3l0Bs0/dOkXpvv2xwr30"
Strict-Transport-Security=max-age=31536000; includeSubDomains; preload
Vary=Accept-Encoding
content-security-policy=default-src 'none'
referrer-policy=strict-origin-when-cross-origin
x-content-type-options=nosniff
x-dns-prefetch-control=off
x-download-options=noopen
x-frame-options=SAMEORIGIN
x-notion-request-id=1be2ee13-eccc-4e1f-82c9-fc21a32f719e
x-permitted-cross-domain-policies=none
x-xss-protection=0
Set-Cookie=__cf_bm=yZfsDIIgeKIMFFm0w1nacMFjJbHqtfqHBqLiCtxlFNE-1757872089-1.0.1.1-8LSbuEmOLfKPi2u0KCutGKHRLTmOr2LSJKCEkGOiaFrmjJArRuK0IvP42g8ugDKiNmY7YtJWuV5x2rkfTREuYGoTJy_HhrNJ0uvioAgnrWU; path=/; expires=Sun, 14-Sep-25 18:18:09 GMT; domain=.notion.com; HttpOnly; Secure; SameSite=None
Set-Cookie=_cfuvid=Fxh5Ga.8.LBn6HMJU66T6emEhGWHc2iI.QHjXJ4R8Ss-1757872089312-0.0.1.1-604800000; path=/; domain=.notion.com; HttpOnly; Secure; SameSite=None
Server=cloudflare
alt-svc=h3=":443"; ma=86400 
{
    "object": "list",
    "results": [
        {
            "object": "block",
            "id": "178913ec-9396-8095-95be-e89cb0bfb2ca",
            "parent": {
                "type": "page_id",
                "page_id": "178913ec-9396-8008-81b9-e3c4c394a5ee"
            },
            "created_time": "2025-01-11T10:26:00.000Z",
            "last_edited_time": "2025-01-11T10:26:00.000Z",
            "created_by": {
                "object": "user",
                "id": "171d872b-594c-811a-beba-0002c67dcc3c"
            },
            "last_edited_by": {
                "object": "user",
                "id": "171d872b-594c-811a-beba-0002c67dcc3c"
            },
            "has_children": false,
            "archived": false,
            "in_trash": false,
            "type": "paragraph",
            "paragraph": {
                "rich_text": [
                    {
                        "type": "text",
                        "text": {
                            "content": "this is the best tech to bulild fast and robust tech",
                            "link": null
                        },
                        "annotations": {
                            "bold": false,
                            "italic": false,
                            "strikethrough": false,
                            "underline": false,
                            "code": false,
                            "color": "default"
                        },
                        "plain_text": "this is the best tech to bulild fast and robust tech",
                        "href": null
                    }
                ],
                "color": "default"
            }
        }
    ],
    "next_cursor": null,
    "has_more": false,
    "type": "block",
    "block": {
        
    },
    "request_id": "1be2ee13-eccc-4e1f-82c9-fc21a32f719e"
}
2025-09-14 23:18:09 [TestNG-test-API Automation Test-2] INFO api.filters.LoggingAndReportingFilter::logAndReportResponse::38  Request Body:{
    "object": "list",
    "results": [
        {
            "object": "block",
            "id": "178913ec-9396-8095-95be-e89cb0bfb2ca",
            "parent": {
                "type": "page_id",
                "page_id": "178913ec-9396-8008-81b9-e3c4c394a5ee"
            },
            "created_time": "2025-01-11T10:26:00.000Z",
            "last_edited_time": "2025-01-11T10:26:00.000Z",
            "created_by": {
                "object": "user",
                "id": "171d872b-594c-811a-beba-0002c67dcc3c"
            },
            "last_edited_by": {
                "object": "user",
                "id": "171d872b-594c-811a-beba-0002c67dcc3c"
            },
            "has_children": false,
            "archived": false,
            "in_trash": false,
            "type": "paragraph",
            "paragraph": {
                "rich_text": [
                    {
                        "type": "text",
                        "text": {
                            "content": "this is the best tech to bulild fast and robust tech",
                            "link": null
                        },
                        "annotations": {
                            "bold": false,
                            "italic": false,
                            "strikethrough": false,
                            "underline": false,
                            "code": false,
                            "color": "default"
                        },
                        "plain_text": "this is the best tech to bulild fast and robust tech",
                        "href": null
                    }
                ],
                "color": "default"
            }
        }
    ],
    "next_cursor": null,
    "has_more": false,
    "type": "block",
    "block": {
        
    },
    "request_id": "1be2ee13-eccc-4e1f-82c9-fc21a32f719e"
} 
{
    "object": "list",
    "results": [
        {
            "object": "block",
            "id": "178913ec-9396-8095-95be-e89cb0bfb2ca",
            "parent": {
                "type": "page_id",
                "page_id": "178913ec-9396-8008-81b9-e3c4c394a5ee"
            },
            "created_time": "2025-01-11T10:26:00.000Z",
            "last_edited_time": "2025-01-11T10:26:00.000Z",
            "created_by": {
                "object": "user",
                "id": "171d872b-594c-811a-beba-0002c67dcc3c"
            },
            "last_edited_by": {
                "object": "user",
                "id": "171d872b-594c-811a-beba-0002c67dcc3c"
            },
            "has_children": false,
            "archived": false,
            "in_trash": false,
            "type": "paragraph",
            "paragraph": {
                "rich_text": [
                    {
                        "type": "text",
                        "text": {
                            "content": "this is the best tech to bulild fast and robust tech",
                            "link": null
                        },
                        "annotations": {
                            "bold": false,
                            "italic": false,
                            "strikethrough": false,
                            "underline": false,
                            "code": false,
                            "color": "default"
                        },
                        "plain_text": "this is the best tech to bulild fast and robust tech",
                        "href": null
                    }
                ],
                "color": "default"
            }
        }
    ],
    "next_cursor": null,
    "has_more": false,
    "type": "block",
    "block": {
        
    },
    "request_id": "1be2ee13-eccc-4e1f-82c9-fc21a32f719e"
}
2025-09-14 23:18:09 [TestNG-test-API Automation Test-2] INFO api.filters.LoggingAndReportingFilter::logAndReportRequest::26  URI : https://api.notion.com/v1/blocks/179913ec-9396-80f5-9504-e478610a33b5/children 
2025-09-14 23:18:09 [TestNG-test-API Automation Test-2] INFO api.filters.LoggingAndReportingFilter::logAndReportRequest::27  BASE URI:https://api.notion.com/v1 
2025-09-14 23:18:09 [TestNG-test-API Automation Test-2] INFO api.filters.LoggingAndReportingFilter::logAndReportRequest::28  Request Header:Authorization=Bearer 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
Notion-Version=2022-02-22
Accept=*/* 
2025-09-14 23:18:09 [TestNG-test-API Automation Test-2] INFO api.filters.LoggingAndReportingFilter::logAndReportRequest::29  Request PayLoad:null 
2025-09-14 23:18:10 [TestNG-test-API Automation Test-2] INFO api.filters.LoggingAndReportingFilter::logAndReportResponse::36  STATUS CODE:200 
2025-09-14 23:18:10 [TestNG-test-API Automation Test-2] INFO api.filters.LoggingAndReportingFilter::logAndReportResponse::37  Response Header :Date=Sun, 14 Sep 2025 17:48:09 GMT
Content-Type=application/json; charset=utf-8
Transfer-Encoding=chunked
Connection=keep-alive
Server=cloudflare
CF-Ray=97f1b6af0f353e40-BOM
CF-Cache-Status=DYNAMIC
Content-Encoding=gzip
ETag=W/"cf3-E4p36DfEzsmvsQpqrF1HfW0cNhA"
Strict-Transport-Security=max-age=31536000; includeSubDomains; preload
Vary=Accept-Encoding
content-security-policy=default-src 'none'
referrer-policy=strict-origin-when-cross-origin
x-content-type-options=nosniff
x-dns-prefetch-control=off
x-download-options=noopen
x-frame-options=SAMEORIGIN
x-notion-request-id=44745b42-fe6e-490a-9aa2-8cf493e21aac
x-permitted-cross-domain-policies=none
x-xss-protection=0
Set-Cookie=__cf_bm=Y0Y9yTJNMB4tb71M1k5WkNSZeb8lhnBI9nglaonQXLk-1757872089-1.0.1.1-cqb7HlEzm7HY3yKEYgUPQ91J7Kl.RGW5FjkpBsv3CwcUuYF0TkmqSoQd.w6WnjguESyJGgTWPIsdQ0pjOpnXP76iy3E3n7UyOLQaM8fJ25A; path=/; expires=Sun, 14-Sep-25 18:18:09 GMT; domain=.notion.com; HttpOnly; Secure; SameSite=None
Set-Cookie=_cfuvid=TflY_ApS5edLXZgalwrepRAwZXsocTrKmqY4do356Vo-1757872089804-0.0.1.1-604800000; path=/; domain=.notion.com; HttpOnly; Secure; SameSite=None
alt-svc=h3=":443"; ma=86400 
{
    "object": "list",
    "results": [
        {
            "object": "block",
            "id": "179913ec-9396-8192-83a7-fa347aac4b69",
            "parent": {
                "type": "page_id",
                "page_id": "179913ec-9396-80f5-9504-e478610a33b5"
            },
            "created_time": "2025-01-12T17:17:00.000Z",
            "last_edited_time": "2025-01-12T17:17:00.000Z",
            "created_by": {
                "object": "user",
                "id": "90f687af-13a5-4409-85b4-c3f7fceabe80"
            },
            "last_edited_by": {
                "object": "user",
                "id": "90f687af-13a5-4409-85b4-c3f7fceabe80"
            },
            "has_children": false,
            "archived": false,
            "in_trash": false,
            "type": "heading_2",
            "heading_2": {
                "rich_text": [
                    {
                        "type": "text",
                        "text": {
                            "content": "React19",
                            "link": null
                        },
                        "annotations": {
                            "bold": false,
                            "italic": false,
                            "strikethrough": false,
                            "underline": false,
                            "code": false,
                            "color": "default"
                        },
                        "plain_text": "React19",
                        "href": null
                    }
                ],
                "is_toggleable": false,
                "color": "default"
            }
        },
        {
            "object": "block",
            "id": "179913ec-9396-81ac-afe8-c559dcd2845f",
            "parent": {
                "type": "page_id",
                "page_id": "179913ec-9396-80f5-9504-e478610a33b5"
            },
            "created_time": "2025-01-12T17:17:00.000Z",
            "last_edited_time": "2025-01-12T17:17:00.000Z",
            "created_by": {
                "object": "user",
                "id": "90f687af-13a5-4409-85b4-c3f7fceabe80"
            },
            "last_edited_by": {
                "object": "user",
                "id": "90f687af-13a5-4409-85b4-c3f7fceabe80"
            },
            "has_children": false,
            "archived": false,
            "in_trash": false,
            "type": "paragraph",
            "paragraph": {
                "rich_text": [
                    {
                        "type": "text",
                        "text": {
                            "content": "React 19 is an advanced version of React, a popular JavaScript library used for building user interfaces, especially for web applications. It introduces various performance improvements and new features that enhance the way developers create interactive and efficient applications. One notable enhancement is the improved concurrent rendering, which allows React to prepare multiple versions of the UI at the same time, leading to smoother user experiences. Additionally, React 19 refines server-side rendering capabilities, making it easier to build fast-loading applications. It also includes new APIs that simplify state management and improve the developer experience, allowing for a more intuitive coding process. Overall, React 19 aims to provide developers with powerful tools to create responsive and high-performance web applications while maintaining ease of use.",
                            "link": null
                        },
                        "annotations": {
                            "bold": false,
                            "italic": false,
                            "strikethrough": false,
                            "underline": false,
                            "code": false,
                            "color": "default"
                        },
                        "plain_text": "React 19 is an advanced version of React, a popular JavaScript library used for building user interfaces, especially for web applications. It introduces various performance improvements and new features that enhance the way developers create interactive and efficient applications. One notable enhancement is the improved concurrent rendering, which allows React to prepare multiple versions of the UI at the same time, leading to smoother user experiences. Additionally, React 19 refines server-side rendering capabilities, making it easier to build fast-loading applications. It also includes new APIs that simplify state management and improve the developer experience, allowing for a more intuitive coding process. Overall, React 19 aims to provide developers with powerful tools to create responsive and high-performance web applications while maintaining ease of use.",
                        "href": null
                    }
                ],
                "color": "default"
            }
        }
    ],
    "next_cursor": null,
    "has_more": false,
    "type": "block",
    "block": {
        
    },
    "request_id": "44745b42-fe6e-490a-9aa2-8cf493e21aac"
}
2025-09-14 23:18:10 [TestNG-test-API Automation Test-2] INFO api.filters.LoggingAndReportingFilter::logAndReportResponse::38  Request Body:{
    "object": "list",
    "results": [
        {
            "object": "block",
            "id": "179913ec-9396-8192-83a7-fa347aac4b69",
            "parent": {
                "type": "page_id",
                "page_id": "179913ec-9396-80f5-9504-e478610a33b5"
            },
            "created_time": "2025-01-12T17:17:00.000Z",
            "last_edited_time": "2025-01-12T17:17:00.000Z",
            "created_by": {
                "object": "user",
                "id": "90f687af-13a5-4409-85b4-c3f7fceabe80"
            },
            "last_edited_by": {
                "object": "user",
                "id": "90f687af-13a5-4409-85b4-c3f7fceabe80"
            },
            "has_children": false,
            "archived": false,
            "in_trash": false,
            "type": "heading_2",
            "heading_2": {
                "rich_text": [
                    {
                        "type": "text",
                        "text": {
                            "content": "React19",
                            "link": null
                        },
                        "annotations": {
                            "bold": false,
                            "italic": false,
                            "strikethrough": false,
                            "underline": false,
                            "code": false,
                            "color": "default"
                        },
                        "plain_text": "React19",
                        "href": null
                    }
                ],
                "is_toggleable": false,
                "color": "default"
            }
        },
        {
            "object": "block",
            "id": "179913ec-9396-81ac-afe8-c559dcd2845f",
            "parent": {
                "type": "page_id",
                "page_id": "179913ec-9396-80f5-9504-e478610a33b5"
            },
            "created_time": "2025-01-12T17:17:00.000Z",
            "last_edited_time": "2025-01-12T17:17:00.000Z",
            "created_by": {
                "object": "user",
                "id": "90f687af-13a5-4409-85b4-c3f7fceabe80"
            },
            "last_edited_by": {
                "object": "user",
                "id": "90f687af-13a5-4409-85b4-c3f7fceabe80"
            },
            "has_children": false,
            "archived": false,
            "in_trash": false,
            "type": "paragraph",
            "paragraph": {
                "rich_text": [
                    {
                        "type": "text",
                        "text": {
                            "content": "React 19 is an advanced version of React, a popular JavaScript library used for building user interfaces, especially for web applications. It introduces various performance improvements and new features that enhance the way developers create interactive and efficient applications. One notable enhancement is the improved concurrent rendering, which allows React to prepare multiple versions of the UI at the same time, leading to smoother user experiences. Additionally, React 19 refines server-side rendering capabilities, making it easier to build fast-loading applications. It also includes new APIs that simplify state management and improve the developer experience, allowing for a more intuitive coding process. Overall, React 19 aims to provide developers with powerful tools to create responsive and high-performance web applications while maintaining ease of use.",
                            "link": null
                        },
                        "annotations": {
                            "bold": false,
                            "italic": false,
                            "strikethrough": false,
                            "underline": false,
                            "code": false,
                            "color": "default"
                        },
                        "plain_text": "React 19 is an advanced version of React, a popular JavaScript library used for building user interfaces, especially for web applications. It introduces various performance improvements and new features that enhance the way developers create interactive and efficient applications. One notable enhancement is the improved concurrent rendering, which allows React to prepare multiple versions of the UI at the same time, leading to smoother user experiences. Additionally, React 19 refines server-side rendering capabilities, making it easier to build fast-loading applications. It also includes new APIs that simplify state management and improve the developer experience, allowing for a more intuitive coding process. Overall, React 19 aims to provide developers with powerful tools to create responsive and high-performance web applications while maintaining ease of use.",
                        "href": null
                    }
                ],
                "color": "default"
            }
        }
    ],
    "next_cursor": null,
    "has_more": false,
    "type": "block",
    "block": {
        
    },
    "request_id": "44745b42-fe6e-490a-9aa2-8cf493e21aac"
} 
{
    "object": "list",
    "results": [
        {
            "object": "block",
            "id": "179913ec-9396-8192-83a7-fa347aac4b69",
            "parent": {
                "type": "page_id",
                "page_id": "179913ec-9396-80f5-9504-e478610a33b5"
            },
            "created_time": "2025-01-12T17:17:00.000Z",
            "last_edited_time": "2025-01-12T17:17:00.000Z",
            "created_by": {
                "object": "user",
                "id": "90f687af-13a5-4409-85b4-c3f7fceabe80"
            },
            "last_edited_by": {
                "object": "user",
                "id": "90f687af-13a5-4409-85b4-c3f7fceabe80"
            },
            "has_children": false,
            "archived": false,
            "in_trash": false,
            "type": "heading_2",
            "heading_2": {
                "rich_text": [
                    {
                        "type": "text",
                        "text": {
                            "content": "React19",
                            "link": null
                        },
                        "annotations": {
                            "bold": false,
                            "italic": false,
                            "strikethrough": false,
                            "underline": false,
                            "code": false,
                            "color": "default"
                        },
                        "plain_text": "React19",
                        "href": null
                    }
                ],
                "is_toggleable": false,
                "color": "default"
            }
        },
        {
            "object": "block",
            "id": "179913ec-9396-81ac-afe8-c559dcd2845f",
            "parent": {
                "type": "page_id",
                "page_id": "179913ec-9396-80f5-9504-e478610a33b5"
            },
            "created_time": "2025-01-12T17:17:00.000Z",
            "last_edited_time": "2025-01-12T17:17:00.000Z",
            "created_by": {
                "object": "user",
                "id": "90f687af-13a5-4409-85b4-c3f7fceabe80"
            },
            "last_edited_by": {
                "object": "user",
                "id": "90f687af-13a5-4409-85b4-c3f7fceabe80"
            },
            "has_children": false,
            "archived": false,
            "in_trash": false,
            "type": "paragraph",
            "paragraph": {
                "rich_text": [
                    {
                        "type": "text",
                        "text": {
                            "content": "React 19 is an advanced version of React, a popular JavaScript library used for building user interfaces, especially for web applications. It introduces various performance improvements and new features that enhance the way developers create interactive and efficient applications. One notable enhancement is the improved concurrent rendering, which allows React to prepare multiple versions of the UI at the same time, leading to smoother user experiences. Additionally, React 19 refines server-side rendering capabilities, making it easier to build fast-loading applications. It also includes new APIs that simplify state management and improve the developer experience, allowing for a more intuitive coding process. Overall, React 19 aims to provide developers with powerful tools to create responsive and high-performance web applications while maintaining ease of use.",
                            "link": null
                        },
                        "annotations": {
                            "bold": false,
                            "italic": false,
                            "strikethrough": false,
                            "underline": false,
                            "code": false,
                            "color": "default"
                        },
                        "plain_text": "React 19 is an advanced version of React, a popular JavaScript library used for building user interfaces, especially for web applications. It introduces various performance improvements and new features that enhance the way developers create interactive and efficient applications. One notable enhancement is the improved concurrent rendering, which allows React to prepare multiple versions of the UI at the same time, leading to smoother user experiences. Additionally, React 19 refines server-side rendering capabilities, making it easier to build fast-loading applications. It also includes new APIs that simplify state management and improve the developer experience, allowing for a more intuitive coding process. Overall, React 19 aims to provide developers with powerful tools to create responsive and high-performance web applications while maintaining ease of use.",
                        "href": null
                    }
                ],
                "color": "default"
            }
        }
    ],
    "next_cursor": null,
    "has_more": false,
    "type": "block",
    "block": {
        
    },
    "request_id": "44745b42-fe6e-490a-9aa2-8cf493e21aac"
}
2025-09-14 23:18:10 [TestNG-test-API Automation Test-2] INFO api.filters.LoggingAndReportingFilter::logAndReportRequest::26  URI : https://api.notion.com/v1/blocks/178913ec-9396-80ad-b656-d1278b7c4554/children 
2025-09-14 23:18:10 [TestNG-test-API Automation Test-2] INFO api.filters.LoggingAndReportingFilter::logAndReportRequest::27  BASE URI:https://api.notion.com/v1 
2025-09-14 23:18:10 [TestNG-test-API Automation Test-2] INFO api.filters.LoggingAndReportingFilter::logAndReportRequest::28  Request Header:Authorization=Bearer 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
Notion-Version=2022-02-22
Accept=*/* 
2025-09-14 23:18:10 [TestNG-test-API Automation Test-2] INFO api.filters.LoggingAndReportingFilter::logAndReportRequest::29  Request PayLoad:null 
2025-09-14 23:18:11 [TestNG-test-API Automation Test-2] INFO api.filters.LoggingAndReportingFilter::logAndReportResponse::36  STATUS CODE:200 
2025-09-14 23:18:11 [TestNG-test-API Automation Test-2] INFO api.filters.LoggingAndReportingFilter::logAndReportResponse::37  Response Header :Date=Sun, 14 Sep 2025 17:48:11 GMT
Content-Type=application/json; charset=utf-8
Transfer-Encoding=chunked
Connection=keep-alive
Server=cloudflare
CF-Ray=97f1b6b1cc054701-BOM
CF-Cache-Status=DYNAMIC
Content-Encoding=gzip
ETag=W/"c5b-vV9hW/y7sESJKVWlh2xl4yEbbuM"
Strict-Transport-Security=max-age=31536000; includeSubDomains; preload
Vary=Accept-Encoding
content-security-policy=default-src 'none'
referrer-policy=strict-origin-when-cross-origin
x-content-type-options=nosniff
x-dns-prefetch-control=off
x-download-options=noopen
x-frame-options=SAMEORIGIN
x-notion-request-id=c77657cb-1eb0-400b-9c1a-0043c028432d
x-permitted-cross-domain-policies=none
x-xss-protection=0
Set-Cookie=__cf_bm=o5b_yPPHKH8l6TCuCiHdBKd_Ysmb5XE2skGu_y9EdAA-1757872091-1.0.1.1-_E0oI17umu2F770RaZ6qipizM.o4lmElr.a_b46CA4GuKzeSJaBcA0YuAX_alCNsxEAVU5KP9dYYE2mv132DzQD2VwWgDsF_dZMltPwsO4g; path=/; expires=Sun, 14-Sep-25 18:18:11 GMT; domain=.notion.com; HttpOnly; Secure; SameSite=None
Set-Cookie=_cfuvid=aM9pMz1oK6DNZaremdeXqbyqdnDbp_bOAEF5ouHUF5E-1757872091069-0.0.1.1-604800000; path=/; domain=.notion.com; HttpOnly; Secure; SameSite=None
alt-svc=h3=":443"; ma=86400 
{
    "object": "list",
    "results": [
        {
            "object": "block",
            "id": "178913ec-9396-81b9-97cf-c94e02632d73",
            "parent": {
                "type": "page_id",
                "page_id": "178913ec-9396-80ad-b656-d1278b7c4554"
            },
            "created_time": "2025-01-11T14:35:00.000Z",
            "last_edited_time": "2025-01-11T14:35:00.000Z",
            "created_by": {
                "object": "user",
                "id": "90f687af-13a5-4409-85b4-c3f7fceabe80"
            },
            "last_edited_by": {
                "object": "user",
                "id": "90f687af-13a5-4409-85b4-c3f7fceabe80"
            },
            "has_children": false,
            "archived": false,
            "in_trash": false,
            "type": "heading_2",
            "heading_2": {
                "rich_text": [
                    {
                        "type": "text",
                        "text": {
                            "content": "TestNg",
                            "link": null
                        },
                        "annotations": {
                            "bold": false,
                            "italic": false,
                            "strikethrough": false,
                            "underline": false,
                            "code": false,
                            "color": "default"
                        },
                        "plain_text": "TestNg",
                        "href": null
                    }
                ],
                "is_toggleable": false,
                "color": "default"
            }
        },
        {
            "object": "block",
            "id": "178913ec-9396-8192-b4ae-c60117cad281",
            "parent": {
                "type": "page_id",
                "page_id": "178913ec-9396-80ad-b656-d1278b7c4554"
            },
            "created_time": "2025-01-11T14:35:00.000Z",
            "last_edited_time": "2025-01-11T14:35:00.000Z",
            "created_by": {
                "object": "user",
                "id": "90f687af-13a5-4409-85b4-c3f7fceabe80"
            },
            "last_edited_by": {
                "object": "user",
                "id": "90f687af-13a5-4409-85b4-c3f7fceabe80"
            },
            "has_children": false,
            "archived": false,
            "in_trash": false,
            "type": "paragraph",
            "paragraph": {
                "rich_text": [
                    {
                        "type": "text",
                        "text": {
                            "content": "TestNG is a testing framework inspired by JUnit but introduces new functionalities to make testing more flexible and powerful. It supports testing in various scenarios like unit, functional, and end-to-end tests, allowing you to manage your test configurations easily. One of its key features is the ability to run tests in parallel, which speeds up the testing process significantly. TestNG also provides detailed reporting, making it easier to understand test results and troubleshoot failures. Moreover, it supports annotations, which help you organize your code better by clearly specifying different stages of the testing process, such as setup and teardown methods. This combination of features makes TestNG a popular choice for Java developers seeking a robust and scalable testing solution.",
                            "link": null
                        },
                        "annotations": {
                            "bold": false,
                            "italic": false,
                            "strikethrough": false,
                            "underline": false,
                            "code": false,
                            "color": "default"
                        },
                        "plain_text": "TestNG is a testing framework inspired by JUnit but introduces new functionalities to make testing more flexible and powerful. It supports testing in various scenarios like unit, functional, and end-to-end tests, allowing you to manage your test configurations easily. One of its key features is the ability to run tests in parallel, which speeds up the testing process significantly. TestNG also provides detailed reporting, making it easier to understand test results and troubleshoot failures. Moreover, it supports annotations, which help you organize your code better by clearly specifying different stages of the testing process, such as setup and teardown methods. This combination of features makes TestNG a popular choice for Java developers seeking a robust and scalable testing solution.",
                        "href": null
                    }
                ],
                "color": "default"
            }
        }
    ],
    "next_cursor": null,
    "has_more": false,
    "type": "block",
    "block": {
        
    },
    "request_id": "c77657cb-1eb0-400b-9c1a-0043c028432d"
}
2025-09-14 23:18:11 [TestNG-test-API Automation Test-2] INFO api.filters.LoggingAndReportingFilter::logAndReportResponse::38  Request Body:{
    "object": "list",
    "results": [
        {
            "object": "block",
            "id": "178913ec-9396-81b9-97cf-c94e02632d73",
            "parent": {
                "type": "page_id",
                "page_id": "178913ec-9396-80ad-b656-d1278b7c4554"
            },
            "created_time": "2025-01-11T14:35:00.000Z",
            "last_edited_time": "2025-01-11T14:35:00.000Z",
            "created_by": {
                "object": "user",
                "id": "90f687af-13a5-4409-85b4-c3f7fceabe80"
            },
            "last_edited_by": {
                "object": "user",
                "id": "90f687af-13a5-4409-85b4-c3f7fceabe80"
            },
            "has_children": false,
            "archived": false,
            "in_trash": false,
            "type": "heading_2",
            "heading_2": {
                "rich_text": [
                    {
                        "type": "text",
                        "text": {
                            "content": "TestNg",
                            "link": null
                        },
                        "annotations": {
                            "bold": false,
                            "italic": false,
                            "strikethrough": false,
                            "underline": false,
                            "code": false,
                            "color": "default"
                        },
                        "plain_text": "TestNg",
                        "href": null
                    }
                ],
                "is_toggleable": false,
                "color": "default"
            }
        },
        {
            "object": "block",
            "id": "178913ec-9396-8192-b4ae-c60117cad281",
            "parent": {
                "type": "page_id",
                "page_id": "178913ec-9396-80ad-b656-d1278b7c4554"
            },
            "created_time": "2025-01-11T14:35:00.000Z",
            "last_edited_time": "2025-01-11T14:35:00.000Z",
            "created_by": {
                "object": "user",
                "id": "90f687af-13a5-4409-85b4-c3f7fceabe80"
            },
            "last_edited_by": {
                "object": "user",
                "id": "90f687af-13a5-4409-85b4-c3f7fceabe80"
            },
            "has_children": false,
            "archived": false,
            "in_trash": false,
            "type": "paragraph",
            "paragraph": {
                "rich_text": [
                    {
                        "type": "text",
                        "text": {
                            "content": "TestNG is a testing framework inspired by JUnit but introduces new functionalities to make testing more flexible and powerful. It supports testing in various scenarios like unit, functional, and end-to-end tests, allowing you to manage your test configurations easily. One of its key features is the ability to run tests in parallel, which speeds up the testing process significantly. TestNG also provides detailed reporting, making it easier to understand test results and troubleshoot failures. Moreover, it supports annotations, which help you organize your code better by clearly specifying different stages of the testing process, such as setup and teardown methods. This combination of features makes TestNG a popular choice for Java developers seeking a robust and scalable testing solution.",
                            "link": null
                        },
                        "annotations": {
                            "bold": false,
                            "italic": false,
                            "strikethrough": false,
                            "underline": false,
                            "code": false,
                            "color": "default"
                        },
                        "plain_text": "TestNG is a testing framework inspired by JUnit but introduces new functionalities to make testing more flexible and powerful. It supports testing in various scenarios like unit, functional, and end-to-end tests, allowing you to manage your test configurations easily. One of its key features is the ability to run tests in parallel, which speeds up the testing process significantly. TestNG also provides detailed reporting, making it easier to understand test results and troubleshoot failures. Moreover, it supports annotations, which help you organize your code better by clearly specifying different stages of the testing process, such as setup and teardown methods. This combination of features makes TestNG a popular choice for Java developers seeking a robust and scalable testing solution.",
                        "href": null
                    }
                ],
                "color": "default"
            }
        }
    ],
    "next_cursor": null,
    "has_more": false,
    "type": "block",
    "block": {
        
    },
    "request_id": "c77657cb-1eb0-400b-9c1a-0043c028432d"
} 
{
    "object": "list",
    "results": [
        {
            "object": "block",
            "id": "178913ec-9396-81b9-97cf-c94e02632d73",
            "parent": {
                "type": "page_id",
                "page_id": "178913ec-9396-80ad-b656-d1278b7c4554"
            },
            "created_time": "2025-01-11T14:35:00.000Z",
            "last_edited_time": "2025-01-11T14:35:00.000Z",
            "created_by": {
                "object": "user",
                "id": "90f687af-13a5-4409-85b4-c3f7fceabe80"
            },
            "last_edited_by": {
                "object": "user",
                "id": "90f687af-13a5-4409-85b4-c3f7fceabe80"
            },
            "has_children": false,
            "archived": false,
            "in_trash": false,
            "type": "heading_2",
            "heading_2": {
                "rich_text": [
                    {
                        "type": "text",
                        "text": {
                            "content": "TestNg",
                            "link": null
                        },
                        "annotations": {
                            "bold": false,
                            "italic": false,
                            "strikethrough": false,
                            "underline": false,
                            "code": false,
                            "color": "default"
                        },
                        "plain_text": "TestNg",
                        "href": null
                    }
                ],
                "is_toggleable": false,
                "color": "default"
            }
        },
        {
            "object": "block",
            "id": "178913ec-9396-8192-b4ae-c60117cad281",
            "parent": {
                "type": "page_id",
                "page_id": "178913ec-9396-80ad-b656-d1278b7c4554"
            },
            "created_time": "2025-01-11T14:35:00.000Z",
            "last_edited_time": "2025-01-11T14:35:00.000Z",
            "created_by": {
                "object": "user",
                "id": "90f687af-13a5-4409-85b4-c3f7fceabe80"
            },
            "last_edited_by": {
                "object": "user",
                "id": "90f687af-13a5-4409-85b4-c3f7fceabe80"
            },
            "has_children": false,
            "archived": false,
            "in_trash": false,
            "type": "paragraph",
            "paragraph": {
                "rich_text": [
                    {
                        "type": "text",
                        "text": {
                            "content": "TestNG is a testing framework inspired by JUnit but introduces new functionalities to make testing more flexible and powerful. It supports testing in various scenarios like unit, functional, and end-to-end tests, allowing you to manage your test configurations easily. One of its key features is the ability to run tests in parallel, which speeds up the testing process significantly. TestNG also provides detailed reporting, making it easier to understand test results and troubleshoot failures. Moreover, it supports annotations, which help you organize your code better by clearly specifying different stages of the testing process, such as setup and teardown methods. This combination of features makes TestNG a popular choice for Java developers seeking a robust and scalable testing solution.",
                            "link": null
                        },
                        "annotations": {
                            "bold": false,
                            "italic": false,
                            "strikethrough": false,
                            "underline": false,
                            "code": false,
                            "color": "default"
                        },
                        "plain_text": "TestNG is a testing framework inspired by JUnit but introduces new functionalities to make testing more flexible and powerful. It supports testing in various scenarios like unit, functional, and end-to-end tests, allowing you to manage your test configurations easily. One of its key features is the ability to run tests in parallel, which speeds up the testing process significantly. TestNG also provides detailed reporting, making it easier to understand test results and troubleshoot failures. Moreover, it supports annotations, which help you organize your code better by clearly specifying different stages of the testing process, such as setup and teardown methods. This combination of features makes TestNG a popular choice for Java developers seeking a robust and scalable testing solution.",
                        "href": null
                    }
                ],
                "color": "default"
            }
        }
    ],
    "next_cursor": null,
    "has_more": false,
    "type": "block",
    "block": {
        
    },
    "request_id": "c77657cb-1eb0-400b-9c1a-0043c028432d"
}
2025-09-14 23:18:11 [TestNG-test-API Automation Test-2] INFO api.filters.LoggingAndReportingFilter::logAndReportRequest::26  URI : https://api.notion.com/v1/blocks/26e913ec-9396-80d6-a98b-eb02f0f548c2/children 
2025-09-14 23:18:11 [TestNG-test-API Automation Test-2] INFO api.filters.LoggingAndReportingFilter::logAndReportRequest::27  BASE URI:https://api.notion.com/v1 
2025-09-14 23:18:11 [TestNG-test-API Automation Test-2] INFO api.filters.LoggingAndReportingFilter::logAndReportRequest::28  Request Header:Authorization=Bearer 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
Notion-Version=2022-02-22
Accept=*/* 
2025-09-14 23:18:11 [TestNG-test-API Automation Test-2] INFO api.filters.LoggingAndReportingFilter::logAndReportRequest::29  Request PayLoad:null 
2025-09-14 23:18:11 [TestNG-test-API Automation Test-2] INFO api.filters.LoggingAndReportingFilter::logAndReportResponse::36  STATUS CODE:200 
2025-09-14 23:18:11 [TestNG-test-API Automation Test-2] INFO api.filters.LoggingAndReportingFilter::logAndReportResponse::37  Response Header :Date=Sun, 14 Sep 2025 17:48:11 GMT
Content-Type=application/json; charset=utf-8
Transfer-Encoding=chunked
Connection=keep-alive
Server=cloudflare
CF-Ray=97f1b6b9bdf4c87d-BOM
CF-Cache-Status=DYNAMIC
Content-Encoding=gzip
ETag=W/"d6f-HJ7McB195dUNx2/cVFXTx31uXeo"
Strict-Transport-Security=max-age=31536000; includeSubDomains; preload
Vary=Accept-Encoding
content-security-policy=default-src 'none'
referrer-policy=strict-origin-when-cross-origin
x-content-type-options=nosniff
x-dns-prefetch-control=off
x-download-options=noopen
x-frame-options=SAMEORIGIN
x-notion-request-id=e0c3e8ea-92cf-402f-8f4c-9d50fa975073
x-permitted-cross-domain-policies=none
x-xss-protection=0
Set-Cookie=__cf_bm=jKC5hEzInlORr2n9vP2c53slQBgwCvK7hp1M9K9lL3M-1757872091-1.0.1.1-ei12weFNXXoCVuokDruHXAJPS.p7qlmjK4vkeQD_V8VEczG7ox7mzimt.ku4hRjjAxKITq65ms8oue8YMJqLvYJoxcW4vNvVaNXsAnpF1hQ; path=/; expires=Sun, 14-Sep-25 18:18:11 GMT; domain=.notion.com; HttpOnly; Secure; SameSite=None
Set-Cookie=_cfuvid=cX3bmuUEQfHCCdqDtRDMvl6xzbOJBsjP6OmWXi7WGoc-1757872091510-0.0.1.1-604800000; path=/; domain=.notion.com; HttpOnly; Secure; SameSite=None
alt-svc=h3=":443"; ma=86400 
{
    "object": "list",
    "results": [
        {
            "object": "block",
            "id": "26e913ec-9396-81b2-ae0b-c89b3bcee920",
            "parent": {
                "type": "page_id",
                "page_id": "26e913ec-9396-80d6-a98b-eb02f0f548c2"
            },
            "created_time": "2025-09-14T14:55:00.000Z",
            "last_edited_time": "2025-09-14T14:55:00.000Z",
            "created_by": {
                "object": "user",
                "id": "90f687af-13a5-4409-85b4-c3f7fceabe80"
            },
            "last_edited_by": {
                "object": "user",
                "id": "90f687af-13a5-4409-85b4-c3f7fceabe80"
            },
            "has_children": false,
            "archived": false,
            "in_trash": false,
            "type": "heading_2",
            "heading_2": {
                "rich_text": [
                    {
                        "type": "text",
                        "text": {
                            "content": "redis",
                            "link": null
                        },
                        "annotations": {
                            "bold": false,
                            "italic": false,
                            "strikethrough": false,
                            "underline": false,
                            "code": false,
                            "color": "default"
                        },
                        "plain_text": "redis",
                        "href": null
                    }
                ],
                "is_toggleable": false,
                "color": "default"
            }
        },
        {
            "object": "block",
            "id": "26e913ec-9396-81f1-b8ef-f52ba5c0a7ec",
            "parent": {
                "type": "page_id",
                "page_id": "26e913ec-9396-80d6-a98b-eb02f0f548c2"
            },
            "created_time": "2025-09-14T14:55:00.000Z",
            "last_edited_time": "2025-09-14T14:55:00.000Z",
            "created_by": {
                "object": "user",
                "id": "90f687af-13a5-4409-85b4-c3f7fceabe80"
            },
            "last_edited_by": {
                "object": "user",
                "id": "90f687af-13a5-4409-85b4-c3f7fceabe80"
            },
            "has_children": false,
            "archived": false,
            "in_trash": false,
            "type": "paragraph",
            "paragraph": {
                "rich_text": [
                    {
                        "type": "text",
                        "text": {
                            "content": "Redis is an open-source, in-memory data structure store that is often used as a database, cache, and message broker. It is designed for high performance, allowing applications to retrieve and store data very quickly due to its use of memory rather than traditional disk storage. Redis supports various data types such as strings, hashes, lists, sets, and even more complex structures like sorted sets, which makes it versatile for different use cases. One of its key features is its ability to persist data on disk, ensuring that even in the event of a restart, data can be recovered. Additionally, Redis offers built-in replication, high availability, and automatic partitioning, making it suitable for scalable applications. Its simple interface and rich feature set enable developers to build fast and efficient applications, making it a popular choice for caching web pages, managing session states, and handling real-time analytics.",
                            "link": null
                        },
                        "annotations": {
                            "bold": false,
                            "italic": false,
                            "strikethrough": false,
                            "underline": false,
                            "code": false,
                            "color": "default"
                        },
                        "plain_text": "Redis is an open-source, in-memory data structure store that is often used as a database, cache, and message broker. It is designed for high performance, allowing applications to retrieve and store data very quickly due to its use of memory rather than traditional disk storage. Redis supports various data types such as strings, hashes, lists, sets, and even more complex structures like sorted sets, which makes it versatile for different use cases. One of its key features is its ability to persist data on disk, ensuring that even in the event of a restart, data can be recovered. Additionally, Redis offers built-in replication, high availability, and automatic partitioning, making it suitable for scalable applications. Its simple interface and rich feature set enable developers to build fast and efficient applications, making it a popular choice for caching web pages, managing session states, and handling real-time analytics.",
                        "href": null
                    }
                ],
                "color": "default"
            }
        }
    ],
    "next_cursor": null,
    "has_more": false,
    "type": "block",
    "block": {
        
    },
    "request_id": "e0c3e8ea-92cf-402f-8f4c-9d50fa975073"
}
2025-09-14 23:18:11 [TestNG-test-API Automation Test-2] INFO api.filters.LoggingAndReportingFilter::logAndReportResponse::38  Request Body:{
    "object": "list",
    "results": [
        {
            "object": "block",
            "id": "26e913ec-9396-81b2-ae0b-c89b3bcee920",
            "parent": {
                "type": "page_id",
                "page_id": "26e913ec-9396-80d6-a98b-eb02f0f548c2"
            },
            "created_time": "2025-09-14T14:55:00.000Z",
            "last_edited_time": "2025-09-14T14:55:00.000Z",
            "created_by": {
                "object": "user",
                "id": "90f687af-13a5-4409-85b4-c3f7fceabe80"
            },
            "last_edited_by": {
                "object": "user",
                "id": "90f687af-13a5-4409-85b4-c3f7fceabe80"
            },
            "has_children": false,
            "archived": false,
            "in_trash": false,
            "type": "heading_2",
            "heading_2": {
                "rich_text": [
                    {
                        "type": "text",
                        "text": {
                            "content": "redis",
                            "link": null
                        },
                        "annotations": {
                            "bold": false,
                            "italic": false,
                            "strikethrough": false,
                            "underline": false,
                            "code": false,
                            "color": "default"
                        },
                        "plain_text": "redis",
                        "href": null
                    }
                ],
                "is_toggleable": false,
                "color": "default"
            }
        },
        {
            "object": "block",
            "id": "26e913ec-9396-81f1-b8ef-f52ba5c0a7ec",
            "parent": {
                "type": "page_id",
                "page_id": "26e913ec-9396-80d6-a98b-eb02f0f548c2"
            },
            "created_time": "2025-09-14T14:55:00.000Z",
            "last_edited_time": "2025-09-14T14:55:00.000Z",
            "created_by": {
                "object": "user",
                "id": "90f687af-13a5-4409-85b4-c3f7fceabe80"
            },
            "last_edited_by": {
                "object": "user",
                "id": "90f687af-13a5-4409-85b4-c3f7fceabe80"
            },
            "has_children": false,
            "archived": false,
            "in_trash": false,
            "type": "paragraph",
            "paragraph": {
                "rich_text": [
                    {
                        "type": "text",
                        "text": {
                            "content": "Redis is an open-source, in-memory data structure store that is often used as a database, cache, and message broker. It is designed for high performance, allowing applications to retrieve and store data very quickly due to its use of memory rather than traditional disk storage. Redis supports various data types such as strings, hashes, lists, sets, and even more complex structures like sorted sets, which makes it versatile for different use cases. One of its key features is its ability to persist data on disk, ensuring that even in the event of a restart, data can be recovered. Additionally, Redis offers built-in replication, high availability, and automatic partitioning, making it suitable for scalable applications. Its simple interface and rich feature set enable developers to build fast and efficient applications, making it a popular choice for caching web pages, managing session states, and handling real-time analytics.",
                            "link": null
                        },
                        "annotations": {
                            "bold": false,
                            "italic": false,
                            "strikethrough": false,
                            "underline": false,
                            "code": false,
                            "color": "default"
                        },
                        "plain_text": "Redis is an open-source, in-memory data structure store that is often used as a database, cache, and message broker. It is designed for high performance, allowing applications to retrieve and store data very quickly due to its use of memory rather than traditional disk storage. Redis supports various data types such as strings, hashes, lists, sets, and even more complex structures like sorted sets, which makes it versatile for different use cases. One of its key features is its ability to persist data on disk, ensuring that even in the event of a restart, data can be recovered. Additionally, Redis offers built-in replication, high availability, and automatic partitioning, making it suitable for scalable applications. Its simple interface and rich feature set enable developers to build fast and efficient applications, making it a popular choice for caching web pages, managing session states, and handling real-time analytics.",
                        "href": null
                    }
                ],
                "color": "default"
            }
        }
    ],
    "next_cursor": null,
    "has_more": false,
    "type": "block",
    "block": {
        
    },
    "request_id": "e0c3e8ea-92cf-402f-8f4c-9d50fa975073"
} 
{
    "object": "list",
    "results": [
        {
            "object": "block",
            "id": "26e913ec-9396-81b2-ae0b-c89b3bcee920",
            "parent": {
                "type": "page_id",
                "page_id": "26e913ec-9396-80d6-a98b-eb02f0f548c2"
            },
            "created_time": "2025-09-14T14:55:00.000Z",
            "last_edited_time": "2025-09-14T14:55:00.000Z",
            "created_by": {
                "object": "user",
                "id": "90f687af-13a5-4409-85b4-c3f7fceabe80"
            },
            "last_edited_by": {
                "object": "user",
                "id": "90f687af-13a5-4409-85b4-c3f7fceabe80"
            },
            "has_children": false,
            "archived": false,
            "in_trash": false,
            "type": "heading_2",
            "heading_2": {
                "rich_text": [
                    {
                        "type": "text",
                        "text": {
                            "content": "redis",
                            "link": null
                        },
                        "annotations": {
                            "bold": false,
                            "italic": false,
                            "strikethrough": false,
                            "underline": false,
                            "code": false,
                            "color": "default"
                        },
                        "plain_text": "redis",
                        "href": null
                    }
                ],
                "is_toggleable": false,
                "color": "default"
            }
        },
        {
            "object": "block",
            "id": "26e913ec-9396-81f1-b8ef-f52ba5c0a7ec",
            "parent": {
                "type": "page_id",
                "page_id": "26e913ec-9396-80d6-a98b-eb02f0f548c2"
            },
            "created_time": "2025-09-14T14:55:00.000Z",
            "last_edited_time": "2025-09-14T14:55:00.000Z",
            "created_by": {
                "object": "user",
                "id": "90f687af-13a5-4409-85b4-c3f7fceabe80"
            },
            "last_edited_by": {
                "object": "user",
                "id": "90f687af-13a5-4409-85b4-c3f7fceabe80"
            },
            "has_children": false,
            "archived": false,
            "in_trash": false,
            "type": "paragraph",
            "paragraph": {
                "rich_text": [
                    {
                        "type": "text",
                        "text": {
                            "content": "Redis is an open-source, in-memory data structure store that is often used as a database, cache, and message broker. It is designed for high performance, allowing applications to retrieve and store data very quickly due to its use of memory rather than traditional disk storage. Redis supports various data types such as strings, hashes, lists, sets, and even more complex structures like sorted sets, which makes it versatile for different use cases. One of its key features is its ability to persist data on disk, ensuring that even in the event of a restart, data can be recovered. Additionally, Redis offers built-in replication, high availability, and automatic partitioning, making it suitable for scalable applications. Its simple interface and rich feature set enable developers to build fast and efficient applications, making it a popular choice for caching web pages, managing session states, and handling real-time analytics.",
                            "link": null
                        },
                        "annotations": {
                            "bold": false,
                            "italic": false,
                            "strikethrough": false,
                            "underline": false,
                            "code": false,
                            "color": "default"
                        },
                        "plain_text": "Redis is an open-source, in-memory data structure store that is often used as a database, cache, and message broker. It is designed for high performance, allowing applications to retrieve and store data very quickly due to its use of memory rather than traditional disk storage. Redis supports various data types such as strings, hashes, lists, sets, and even more complex structures like sorted sets, which makes it versatile for different use cases. One of its key features is its ability to persist data on disk, ensuring that even in the event of a restart, data can be recovered. Additionally, Redis offers built-in replication, high availability, and automatic partitioning, making it suitable for scalable applications. Its simple interface and rich feature set enable developers to build fast and efficient applications, making it a popular choice for caching web pages, managing session states, and handling real-time analytics.",
                        "href": null
                    }
                ],
                "color": "default"
            }
        }
    ],
    "next_cursor": null,
    "has_more": false,
    "type": "block",
    "block": {
        
    },
    "request_id": "e0c3e8ea-92cf-402f-8f4c-9d50fa975073"
}
2025-09-14 23:18:11 [TestNG-test-API Automation Test-2] INFO api.filters.LoggingAndReportingFilter::logAndReportRequest::26  URI : https://api.notion.com/v1/blocks/26d913ec-9396-807d-89d9-ed5f66071915/children 
2025-09-14 23:18:11 [TestNG-test-API Automation Test-2] INFO api.filters.LoggingAndReportingFilter::logAndReportRequest::27  BASE URI:https://api.notion.com/v1 
2025-09-14 23:18:11 [TestNG-test-API Automation Test-2] INFO api.filters.LoggingAndReportingFilter::logAndReportRequest::28  Request Header:Authorization=Bearer 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
Notion-Version=2022-02-22
Accept=*/* 
2025-09-14 23:18:11 [TestNG-test-API Automation Test-2] INFO api.filters.LoggingAndReportingFilter::logAndReportRequest::29  Request PayLoad:null 
2025-09-14 23:18:12 [TestNG-test-API Automation Test-2] INFO api.filters.LoggingAndReportingFilter::logAndReportResponse::36  STATUS CODE:200 
2025-09-14 23:18:12 [TestNG-test-API Automation Test-2] INFO api.filters.LoggingAndReportingFilter::logAndReportResponse::37  Response Header :Date=Sun, 14 Sep 2025 17:48:11 GMT
Content-Type=application/json; charset=utf-8
Transfer-Encoding=chunked
Connection=keep-alive
Server=cloudflare
CF-Ray=97f1b6bc6fc30e6e-BOM
CF-Cache-Status=DYNAMIC
Content-Encoding=gzip
ETag=W/"1ec9-/pSCEPRsgUhMyBgz1HRWfl1WLqY"
Strict-Transport-Security=max-age=31536000; includeSubDomains; preload
Vary=Accept-Encoding
content-security-policy=default-src 'none'
referrer-policy=strict-origin-when-cross-origin
x-content-type-options=nosniff
x-dns-prefetch-control=off
x-download-options=noopen
x-frame-options=SAMEORIGIN
x-notion-request-id=740556ed-5000-44d5-b549-2305e28195e7
x-permitted-cross-domain-policies=none
x-xss-protection=0
Set-Cookie=__cf_bm=qHAuM4Kq_y5bYe2mXNi2izBpHiitMIMwnFtrp64fALk-1757872091-1.0.1.1-4m_mNS8P45ufTpjZI.HNfreZRuwZU6eh2HxfFYLXk9USpTxbpPKnbAiek_a79q9XBn4GnrO8jXBvi2G4dYSVf3Anj91b0iH3s0XLTqzIhXo; path=/; expires=Sun, 14-Sep-25 18:18:11 GMT; domain=.notion.com; HttpOnly; Secure; SameSite=None
Set-Cookie=_cfuvid=jPh4OskyAdZjy9kWoGDV97gQE20pduJQEyKM8BNcXTs-1757872091975-0.0.1.1-604800000; path=/; domain=.notion.com; HttpOnly; Secure; SameSite=None
alt-svc=h3=":443"; ma=86400 
{
    "object": "list",
    "results": [
        {
            "object": "block",
            "id": "26e913ec-9396-81c6-9ec7-f5bc1b6778ec",
            "parent": {
                "type": "page_id",
                "page_id": "26d913ec-9396-807d-89d9-ed5f66071915"
            },
            "created_time": "2025-09-14T00:10:00.000Z",
            "last_edited_time": "2025-09-14T00:10:00.000Z",
            "created_by": {
                "object": "user",
                "id": "90f687af-13a5-4409-85b4-c3f7fceabe80"
            },
            "last_edited_by": {
                "object": "user",
                "id": "90f687af-13a5-4409-85b4-c3f7fceabe80"
            },
            "has_children": false,
            "archived": false,
            "in_trash": false,
            "type": "heading_2",
            "heading_2": {
                "rich_text": [
                    {
                        "type": "text",
                        "text": {
                            "content": "PAndas",
                            "link": null
                        },
                        "annotations": {
                            "bold": false,
                            "italic": false,
                            "strikethrough": false,
                            "underline": false,
                            "code": false,
                            "color": "default"
                        },
                        "plain_text": "PAndas",
                        "href": null
                    }
                ],
                "is_toggleable": false,
                "color": "default"
            }
        },
        {
            "object": "block",
            "id": "26e913ec-9396-81f2-9460-c6e3774f78c0",
            "parent": {
                "type": "page_id",
                "page_id": "26d913ec-9396-807d-89d9-ed5f66071915"
            },
            "created_time": "2025-09-14T00:10:00.000Z",
            "last_edited_time": "2025-09-14T00:10:00.000Z",
            "created_by": {
                "object": "user",
                "id": "90f687af-13a5-4409-85b4-c3f7fceabe80"
            },
            "last_edited_by": {
                "object": "user",
                "id": "90f687af-13a5-4409-85b4-c3f7fceabe80"
            },
            "has_children": false,
            "archived": false,
            "in_trash": false,
            "type": "paragraph",
            "paragraph": {
                "rich_text": [
                    {
                        "type": "text",
                        "text": {
                            "content": "hi i am from postman.",
                            "link": null
                        },
                        "annotations": {
                            "bold": false,
                            "italic": false,
                            "strikethrough": false,
                            "underline": false,
                            "code": false,
                            "color": "default"
                        },
                        "plain_text": "hi i am from postman.",
                        "href": null
                    }
                ],
                "color": "default"
            }
        },
        {
            "object": "block",
            "id": "26e913ec-9396-81e0-a598-ed2d75bca244",
            "parent": {
                "type": "page_id",
                "page_id": "26d913ec-9396-807d-89d9-ed5f66071915"
            },
            "created_time": "2025-09-14T00:10:00.000Z",
            "last_edited_time": "2025-09-14T00:10:00.000Z",
            "created_by": {
                "object": "user",
                "id": "90f687af-13a5-4409-85b4-c3f7fceabe80"
            },
            "last_edited_by": {
                "object": "user",
                "id": "90f687af-13a5-4409-85b4-c3f7fceabe80"
            },
            "has_children": false,
            "archived": false,
            "in_trash": false,
            "type": "heading_2",
            "heading_2": {
                "rich_text": [
                    {
                        "type": "text",
                        "text": {
                            "content": "PAndas",
                            "link": null
                        },
                        "annotations": {
                            "bold": false,
                            "italic": false,
                            "strikethrough": false,
                            "underline": false,
                            "code": false,
                            "color": "default"
                        },
                        "plain_text": "PAndas",
                        "href": null
                    }
                ],
                "is_toggleable": false,
                "color": "default"
            }
        },
        {
            "object": "block",
            "id": "26e913ec-9396-81d1-85b3-cf3819fb47a6",
            "parent": {
                "type": "page_id",
                "page_id": "26d913ec-9396-807d-89d9-ed5f66071915"
            },
            "created_time": "2025-09-14T00:10:00.000Z",
            "last_edited_time": "2025-09-14T00:10:00.000Z",
            "created_by": {
                "object": "user",
                "id": "90f687af-13a5-4409-85b4-c3f7fceabe80"
            },
            "last_edited_by": {
                "object": "user",
                "id": "90f687af-13a5-4409-85b4-c3f7fceabe80"
            },
            "has_children": false,
            "archived": false,
            "in_trash": false,
            "type": "paragraph",
            "paragraph": {
                "rich_text": [
                    {
                        "type": "text",
                        "text": {
                            "content": "hi i am from postman.",
                            "link": null
                        },
                        "annotations": {
                            "bold": false,
                            "italic": false,
                            "strikethrough": false,
                            "underline": false,
                            "code": false,
                            "color": "default"
                        },
                        "plain_text": "hi i am from postman.",
                        "href": null
                    }
                ],
                "color": "default"
            }
        },
        {
            "object": "block",
            "id": "26e913ec-9396-814d-b3d2-d13903424e9b",
            "parent": {
                "type": "page_id",
                "page_id": "26d913ec-9396-807d-89d9-ed5f66071915"
            },
            "created_time": "2025-09-14T06:56:00.000Z",
            "last_edited_time": "2025-09-14T06:56:00.000Z",
            "created_by": {
                "object": "user",
                "id": "90f687af-13a5-4409-85b4-c3f7fceabe80"
            },
            "last_edited_by": {
                "object": "user",
                "id": "90f687af-13a5-4409-85b4-c3f7fceabe80"
            },
            "has_children": false,
            "archived": false,
            "in_trash": false,
            "type": "heading_2",
            "heading_2": {
                "rich_text": [
                    {
                        "type": "text",
                        "text": {
                            "content": "pandas2",
                            "link": null
                        },
                        "annotations": {
                            "bold": false,
                            "italic": false,
                            "strikethrough": false,
                            "underline": false,
                            "code": false,
                            "color": "default"
                        },
                        "plain_text": "pandas2",
                        "href": null
                    }
                ],
                "is_toggleable": false,
                "color": "default"
            }
        },
        {
            "object": "block",
            "id": "26e913ec-9396-81bc-b9db-eaa0b7d40eb4",
            "parent": {
                "type": "page_id",
                "page_id": "26d913ec-9396-807d-89d9-ed5f66071915"
            },
            "created_time": "2025-09-14T06:56:00.000Z",
            "last_edited_time": "2025-09-14T06:56:00.000Z",
            "created_by": {
                "object": "user",
                "id": "90f687af-13a5-4409-85b4-c3f7fceabe80"
            },
            "last_edited_by": {
                "object": "user",
                "id": "90f687af-13a5-4409-85b4-c3f7fceabe80"
            },
            "has_children": false,
            "archived": false,
            "in_trash": false,
            "type": "paragraph",
            "paragraph": {
                "rich_text": [
                    {
                        "type": "text",
                        "text": {
                            "content": "Lacinato kale is a variety of kale with a long tradition in Italian cuisine, especially that of Tuscany. It is also known as Tuscan kale, Italian kale, dinosaur kale, kale, flat back kale, palm tree kale, or black Tuscan palm.",
                            "link": null
                        },
                        "annotations": {
                            "bold": false,
                            "italic": false,
                            "strikethrough": false,
                            "underline": false,
                            "code": false,
                            "color": "default"
                        },
                        "plain_text": "Lacinato kale is a variety of kale with a long tradition in Italian cuisine, especially that of Tuscany. It is also known as Tuscan kale, Italian kale, dinosaur kale, kale, flat back kale, palm tree kale, or black Tuscan palm.",
                        "href": null
                    }
                ],
                "color": "default"
            }
        },
        {
            "object": "block",
            "id": "26e913ec-9396-8163-ba11-c47c695f713b",
            "parent": {
                "type": "page_id",
                "page_id": "26d913ec-9396-807d-89d9-ed5f66071915"
            },
            "created_time": "2025-09-14T06:58:00.000Z",
            "last_edited_time": "2025-09-14T06:58:00.000Z",
            "created_by": {
                "object": "user",
                "id": "90f687af-13a5-4409-85b4-c3f7fceabe80"
            },
            "last_edited_by": {
                "object": "user",
                "id": "90f687af-13a5-4409-85b4-c3f7fceabe80"
            },
            "has_children": false,
            "archived": false,
            "in_trash": false,
            "type": "heading_2",
            "heading_2": {
                "rich_text": [
                    {
                        "type": "text",
                        "text": {
                            "content": "pandas2",
                            "link": null
                        },
                        "annotations": {
                            "bold": false,
                            "italic": false,
                            "strikethrough": false,
                            "underline": false,
                            "code": false,
                            "color": "default"
                        },
                        "plain_text": "pandas2",
                        "href": null
                    }
                ],
                "is_toggleable": false,
                "color": "default"
            }
        },
        {
            "object": "block",
            "id": "26e913ec-9396-814d-a022-f17deb081cec",
            "parent": {
                "type": "page_id",
                "page_id": "26d913ec-9396-807d-89d9-ed5f66071915"
            },
            "created_time": "2025-09-14T06:58:00.000Z",
            "last_edited_time": "2025-09-14T06:58:00.000Z",
            "created_by": {
                "object": "user",
                "id": "90f687af-13a5-4409-85b4-c3f7fceabe80"
            },
            "last_edited_by": {
                "object": "user",
                "id": "90f687af-13a5-4409-85b4-c3f7fceabe80"
            },
            "has_children": false,
            "archived": false,
            "in_trash": false,
            "type": "paragraph",
            "paragraph": {
                "rich_text": [
                    {
                        "type": "text",
                        "text": {
                            "content": "hi i am from script",
                            "link": null
                        },
                        "annotations": {
                            "bold": false,
                            "italic": false,
                            "strikethrough": false,
                            "underline": false,
                            "code": false,
                            "color": "default"
                        },
                        "plain_text": "hi i am from script",
                        "href": null
                    }
                ],
                "color": "default"
            }
        },
        {
            "object": "block",
            "id": "26e913ec-9396-81dd-af1e-ff6b988bdd82",
            "parent": {
                "type": "page_id",
                "page_id": "26d913ec-9396-807d-89d9-ed5f66071915"
            },
            "created_time": "2025-09-14T07:07:00.000Z",
            "last_edited_time": "2025-09-14T07:07:00.000Z",
            "created_by": {
                "object": "user",
                "id": "90f687af-13a5-4409-85b4-c3f7fceabe80"
            },
            "last_edited_by": {
                "object": "user",
                "id": "90f687af-13a5-4409-85b4-c3f7fceabe80"
            },
            "has_children": false,
            "archived": false,
            "in_trash": false,
            "type": "heading_2",
            "heading_2": {
                "rich_text": [
                    {
                        "type": "text",
                        "text": {
                            "content": "pandas2",
                            "link": null
                        },
                        "annotations": {
                            "bold": false,
                            "italic": false,
                            "strikethrough": false,
                            "underline": false,
                            "code": false,
                            "color": "default"
                        },
                        "plain_text": "pandas2",
                        "href": null
                    }
                ],
                "is_toggleable": false,
                "color": "default"
            }
        },
        {
            "object": "block",
            "id": "26e913ec-9396-813d-98d1-c6475f55019c",
            "parent": {
                "type": "page_id",
                "page_id": "26d913ec-9396-807d-89d9-ed5f66071915"
            },
            "created_time": "2025-09-14T07:07:00.000Z",
            "last_edited_time": "2025-09-14T07:07:00.000Z",
            "created_by": {
                "object": "user",
                "id": "90f687af-13a5-4409-85b4-c3f7fceabe80"
            },
            "last_edited_by": {
                "object": "user",
                "id": "90f687af-13a5-4409-85b4-c3f7fceabe80"
            },
            "has_children": false,
            "archived": false,
            "in_trash": false,
            "type": "paragraph",
            "paragraph": {
                "rich_text": [
                    {
                        "type": "text",
                        "text": {
                            "content": "hi i am from script",
                            "link": null
                        },
                        "annotations": {
                            "bold": false,
                            "italic": false,
                            "strikethrough": false,
                            "underline": false,
                            "code": false,
                            "color": "default"
                        },
                        "plain_text": "hi i am from script",
                        "href": null
                    }
                ],
                "color": "default"
            }
        }
    ],
    "next_cursor": null,
    "has_more": false,
    "type": "block",
    "block": {
        
    },
    "request_id": "740556ed-5000-44d5-b549-2305e28195e7"
}
2025-09-14 23:18:12 [TestNG-test-API Automation Test-2] INFO api.filters.LoggingAndReportingFilter::logAndReportResponse::38  Request Body:{
    "object": "list",
    "results": [
        {
            "object": "block",
            "id": "26e913ec-9396-81c6-9ec7-f5bc1b6778ec",
            "parent": {
                "type": "page_id",
                "page_id": "26d913ec-9396-807d-89d9-ed5f66071915"
            },
            "created_time": "2025-09-14T00:10:00.000Z",
            "last_edited_time": "2025-09-14T00:10:00.000Z",
            "created_by": {
                "object": "user",
                "id": "90f687af-13a5-4409-85b4-c3f7fceabe80"
            },
            "last_edited_by": {
                "object": "user",
                "id": "90f687af-13a5-4409-85b4-c3f7fceabe80"
            },
            "has_children": false,
            "archived": false,
            "in_trash": false,
            "type": "heading_2",
            "heading_2": {
                "rich_text": [
                    {
                        "type": "text",
                        "text": {
                            "content": "PAndas",
                            "link": null
                        },
                        "annotations": {
                            "bold": false,
                            "italic": false,
                            "strikethrough": false,
                            "underline": false,
                            "code": false,
                            "color": "default"
                        },
                        "plain_text": "PAndas",
                        "href": null
                    }
                ],
                "is_toggleable": false,
                "color": "default"
            }
        },
        {
            "object": "block",
            "id": "26e913ec-9396-81f2-9460-c6e3774f78c0",
            "parent": {
                "type": "page_id",
                "page_id": "26d913ec-9396-807d-89d9-ed5f66071915"
            },
            "created_time": "2025-09-14T00:10:00.000Z",
            "last_edited_time": "2025-09-14T00:10:00.000Z",
            "created_by": {
                "object": "user",
                "id": "90f687af-13a5-4409-85b4-c3f7fceabe80"
            },
            "last_edited_by": {
                "object": "user",
                "id": "90f687af-13a5-4409-85b4-c3f7fceabe80"
            },
            "has_children": false,
            "archived": false,
            "in_trash": false,
            "type": "paragraph",
            "paragraph": {
                "rich_text": [
                    {
                        "type": "text",
                        "text": {
                            "content": "hi i am from postman.",
                            "link": null
                        },
                        "annotations": {
                            "bold": false,
                            "italic": false,
                            "strikethrough": false,
                            "underline": false,
                            "code": false,
                            "color": "default"
                        },
                        "plain_text": "hi i am from postman.",
                        "href": null
                    }
                ],
                "color": "default"
            }
        },
        {
            "object": "block",
            "id": "26e913ec-9396-81e0-a598-ed2d75bca244",
            "parent": {
                "type": "page_id",
                "page_id": "26d913ec-9396-807d-89d9-ed5f66071915"
            },
            "created_time": "2025-09-14T00:10:00.000Z",
            "last_edited_time": "2025-09-14T00:10:00.000Z",
            "created_by": {
                "object": "user",
                "id": "90f687af-13a5-4409-85b4-c3f7fceabe80"
            },
            "last_edited_by": {
                "object": "user",
                "id": "90f687af-13a5-4409-85b4-c3f7fceabe80"
            },
            "has_children": false,
            "archived": false,
            "in_trash": false,
            "type": "heading_2",
            "heading_2": {
                "rich_text": [
                    {
                        "type": "text",
                        "text": {
                            "content": "PAndas",
                            "link": null
                        },
                        "annotations": {
                            "bold": false,
                            "italic": false,
                            "strikethrough": false,
                            "underline": false,
                            "code": false,
                            "color": "default"
                        },
                        "plain_text": "PAndas",
                        "href": null
                    }
                ],
                "is_toggleable": false,
                "color": "default"
            }
        },
        {
            "object": "block",
            "id": "26e913ec-9396-81d1-85b3-cf3819fb47a6",
            "parent": {
                "type": "page_id",
                "page_id": "26d913ec-9396-807d-89d9-ed5f66071915"
            },
            "created_time": "2025-09-14T00:10:00.000Z",
            "last_edited_time": "2025-09-14T00:10:00.000Z",
            "created_by": {
                "object": "user",
                "id": "90f687af-13a5-4409-85b4-c3f7fceabe80"
            },
            "last_edited_by": {
                "object": "user",
                "id": "90f687af-13a5-4409-85b4-c3f7fceabe80"
            },
            "has_children": false,
            "archived": false,
            "in_trash": false,
            "type": "paragraph",
            "paragraph": {
                "rich_text": [
                    {
                        "type": "text",
                        "text": {
                            "content": "hi i am from postman.",
                            "link": null
                        },
                        "annotations": {
                            "bold": false,
                            "italic": false,
                            "strikethrough": false,
                            "underline": false,
                            "code": false,
                            "color": "default"
                        },
                        "plain_text": "hi i am from postman.",
                        "href": null
                    }
                ],
                "color": "default"
            }
        },
        {
            "object": "block",
            "id": "26e913ec-9396-814d-b3d2-d13903424e9b",
            "parent": {
                "type": "page_id",
                "page_id": "26d913ec-9396-807d-89d9-ed5f66071915"
            },
            "created_time": "2025-09-14T06:56:00.000Z",
            "last_edited_time": "2025-09-14T06:56:00.000Z",
            "created_by": {
                "object": "user",
                "id": "90f687af-13a5-4409-85b4-c3f7fceabe80"
            },
            "last_edited_by": {
                "object": "user",
                "id": "90f687af-13a5-4409-85b4-c3f7fceabe80"
            },
            "has_children": false,
            "archived": false,
            "in_trash": false,
            "type": "heading_2",
            "heading_2": {
                "rich_text": [
                    {
                        "type": "text",
                        "text": {
                            "content": "pandas2",
                            "link": null
                        },
                        "annotations": {
                            "bold": false,
                            "italic": false,
                            "strikethrough": false,
                            "underline": false,
                            "code": false,
                            "color": "default"
                        },
                        "plain_text": "pandas2",
                        "href": null
                    }
                ],
                "is_toggleable": false,
                "color": "default"
            }
        },
        {
            "object": "block",
            "id": "26e913ec-9396-81bc-b9db-eaa0b7d40eb4",
            "parent": {
                "type": "page_id",
                "page_id": "26d913ec-9396-807d-89d9-ed5f66071915"
            },
            "created_time": "2025-09-14T06:56:00.000Z",
            "last_edited_time": "2025-09-14T06:56:00.000Z",
            "created_by": {
                "object": "user",
                "id": "90f687af-13a5-4409-85b4-c3f7fceabe80"
            },
            "last_edited_by": {
                "object": "user",
                "id": "90f687af-13a5-4409-85b4-c3f7fceabe80"
            },
            "has_children": false,
            "archived": false,
            "in_trash": false,
            "type": "paragraph",
            "paragraph": {
                "rich_text": [
                    {
                        "type": "text",
                        "text": {
                            "content": "Lacinato kale is a variety of kale with a long tradition in Italian cuisine, especially that of Tuscany. It is also known as Tuscan kale, Italian kale, dinosaur kale, kale, flat back kale, palm tree kale, or black Tuscan palm.",
                            "link": null
                        },
                        "annotations": {
                            "bold": false,
                            "italic": false,
                            "strikethrough": false,
                            "underline": false,
                            "code": false,
                            "color": "default"
                        },
                        "plain_text": "Lacinato kale is a variety of kale with a long tradition in Italian cuisine, especially that of Tuscany. It is also known as Tuscan kale, Italian kale, dinosaur kale, kale, flat back kale, palm tree kale, or black Tuscan palm.",
                        "href": null
                    }
                ],
                "color": "default"
            }
        },
        {
            "object": "block",
            "id": "26e913ec-9396-8163-ba11-c47c695f713b",
            "parent": {
                "type": "page_id",
                "page_id": "26d913ec-9396-807d-89d9-ed5f66071915"
            },
            "created_time": "2025-09-14T06:58:00.000Z",
            "last_edited_time": "2025-09-14T06:58:00.000Z",
            "created_by": {
                "object": "user",
                "id": "90f687af-13a5-4409-85b4-c3f7fceabe80"
            },
            "last_edited_by": {
                "object": "user",
                "id": "90f687af-13a5-4409-85b4-c3f7fceabe80"
            },
            "has_children": false,
            "archived": false,
            "in_trash": false,
            "type": "heading_2",
            "heading_2": {
                "rich_text": [
                    {
                        "type": "text",
                        "text": {
                            "content": "pandas2",
                            "link": null
                        },
                        "annotations": {
                            "bold": false,
                            "italic": false,
                            "strikethrough": false,
                            "underline": false,
                            "code": false,
                            "color": "default"
                        },
                        "plain_text": "pandas2",
                        "href": null
                    }
                ],
                "is_toggleable": false,
                "color": "default"
            }
        },
        {
            "object": "block",
            "id": "26e913ec-9396-814d-a022-f17deb081cec",
            "parent": {
                "type": "page_id",
                "page_id": "26d913ec-9396-807d-89d9-ed5f66071915"
            },
            "created_time": "2025-09-14T06:58:00.000Z",
            "last_edited_time": "2025-09-14T06:58:00.000Z",
            "created_by": {
                "object": "user",
                "id": "90f687af-13a5-4409-85b4-c3f7fceabe80"
            },
            "last_edited_by": {
                "object": "user",
                "id": "90f687af-13a5-4409-85b4-c3f7fceabe80"
            },
            "has_children": false,
            "archived": false,
            "in_trash": false,
            "type": "paragraph",
            "paragraph": {
                "rich_text": [
                    {
                        "type": "text",
                        "text": {
                            "content": "hi i am from script",
                            "link": null
                        },
                        "annotations": {
                            "bold": false,
                            "italic": false,
                            "strikethrough": false,
                            "underline": false,
                            "code": false,
                            "color": "default"
                        },
                        "plain_text": "hi i am from script",
                        "href": null
                    }
                ],
                "color": "default"
            }
        },
        {
            "object": "block",
            "id": "26e913ec-9396-81dd-af1e-ff6b988bdd82",
            "parent": {
                "type": "page_id",
                "page_id": "26d913ec-9396-807d-89d9-ed5f66071915"
            },
            "created_time": "2025-09-14T07:07:00.000Z",
            "last_edited_time": "2025-09-14T07:07:00.000Z",
            "created_by": {
                "object": "user",
                "id": "90f687af-13a5-4409-85b4-c3f7fceabe80"
            },
            "last_edited_by": {
                "object": "user",
                "id": "90f687af-13a5-4409-85b4-c3f7fceabe80"
            },
            "has_children": false,
            "archived": false,
            "in_trash": false,
            "type": "heading_2",
            "heading_2": {
                "rich_text": [
                    {
                        "type": "text",
                        "text": {
                            "content": "pandas2",
                            "link": null
                        },
                        "annotations": {
                            "bold": false,
                            "italic": false,
                            "strikethrough": false,
                            "underline": false,
                            "code": false,
                            "color": "default"
                        },
                        "plain_text": "pandas2",
                        "href": null
                    }
                ],
                "is_toggleable": false,
                "color": "default"
            }
        },
        {
            "object": "block",
            "id": "26e913ec-9396-813d-98d1-c6475f55019c",
            "parent": {
                "type": "page_id",
                "page_id": "26d913ec-9396-807d-89d9-ed5f66071915"
            },
            "created_time": "2025-09-14T07:07:00.000Z",
            "last_edited_time": "2025-09-14T07:07:00.000Z",
            "created_by": {
                "object": "user",
                "id": "90f687af-13a5-4409-85b4-c3f7fceabe80"
            },
            "last_edited_by": {
                "object": "user",
                "id": "90f687af-13a5-4409-85b4-c3f7fceabe80"
            },
            "has_children": false,
            "archived": false,
            "in_trash": false,
            "type": "paragraph",
            "paragraph": {
                "rich_text": [
                    {
                        "type": "text",
                        "text": {
                            "content": "hi i am from script",
                            "link": null
                        },
                        "annotations": {
                            "bold": false,
                            "italic": false,
                            "strikethrough": false,
                            "underline": false,
                            "code": false,
                            "color": "default"
                        },
                        "plain_text": "hi i am from script",
                        "href": null
                    }
                ],
                "color": "default"
            }
        }
    ],
    "next_cursor": null,
    "has_more": false,
    "type": "block",
    "block": {
        
    },
    "request_id": "740556ed-5000-44d5-b549-2305e28195e7"
} 
{
    "object": "list",
    "results": [
        {
            "object": "block",
            "id": "26e913ec-9396-81c6-9ec7-f5bc1b6778ec",
            "parent": {
                "type": "page_id",
                "page_id": "26d913ec-9396-807d-89d9-ed5f66071915"
            },
            "created_time": "2025-09-14T00:10:00.000Z",
            "last_edited_time": "2025-09-14T00:10:00.000Z",
            "created_by": {
                "object": "user",
                "id": "90f687af-13a5-4409-85b4-c3f7fceabe80"
            },
            "last_edited_by": {
                "object": "user",
                "id": "90f687af-13a5-4409-85b4-c3f7fceabe80"
            },
            "has_children": false,
            "archived": false,
            "in_trash": false,
            "type": "heading_2",
            "heading_2": {
                "rich_text": [
                    {
                        "type": "text",
                        "text": {
                            "content": "PAndas",
                            "link": null
                        },
                        "annotations": {
                            "bold": false,
                            "italic": false,
                            "strikethrough": false,
                            "underline": false,
                            "code": false,
                            "color": "default"
                        },
                        "plain_text": "PAndas",
                        "href": null
                    }
                ],
                "is_toggleable": false,
                "color": "default"
            }
        },
        {
            "object": "block",
            "id": "26e913ec-9396-81f2-9460-c6e3774f78c0",
            "parent": {
                "type": "page_id",
                "page_id": "26d913ec-9396-807d-89d9-ed5f66071915"
            },
            "created_time": "2025-09-14T00:10:00.000Z",
            "last_edited_time": "2025-09-14T00:10:00.000Z",
            "created_by": {
                "object": "user",
                "id": "90f687af-13a5-4409-85b4-c3f7fceabe80"
            },
            "last_edited_by": {
                "object": "user",
                "id": "90f687af-13a5-4409-85b4-c3f7fceabe80"
            },
            "has_children": false,
            "archived": false,
            "in_trash": false,
            "type": "paragraph",
            "paragraph": {
                "rich_text": [
                    {
                        "type": "text",
                        "text": {
                            "content": "hi i am from postman.",
                            "link": null
                        },
                        "annotations": {
                            "bold": false,
                            "italic": false,
                            "strikethrough": false,
                            "underline": false,
                            "code": false,
                            "color": "default"
                        },
                        "plain_text": "hi i am from postman.",
                        "href": null
                    }
                ],
                "color": "default"
            }
        },
        {
            "object": "block",
            "id": "26e913ec-9396-81e0-a598-ed2d75bca244",
            "parent": {
                "type": "page_id",
                "page_id": "26d913ec-9396-807d-89d9-ed5f66071915"
            },
            "created_time": "2025-09-14T00:10:00.000Z",
            "last_edited_time": "2025-09-14T00:10:00.000Z",
            "created_by": {
                "object": "user",
                "id": "90f687af-13a5-4409-85b4-c3f7fceabe80"
            },
            "last_edited_by": {
                "object": "user",
                "id": "90f687af-13a5-4409-85b4-c3f7fceabe80"
            },
            "has_children": false,
            "archived": false,
            "in_trash": false,
            "type": "heading_2",
            "heading_2": {
                "rich_text": [
                    {
                        "type": "text",
                        "text": {
                            "content": "PAndas",
                            "link": null
                        },
                        "annotations": {
                            "bold": false,
                            "italic": false,
                            "strikethrough": false,
                            "underline": false,
                            "code": false,
                            "color": "default"
                        },
                        "plain_text": "PAndas",
                        "href": null
                    }
                ],
                "is_toggleable": false,
                "color": "default"
            }
        },
        {
            "object": "block",
            "id": "26e913ec-9396-81d1-85b3-cf3819fb47a6",
            "parent": {
                "type": "page_id",
                "page_id": "26d913ec-9396-807d-89d9-ed5f66071915"
            },
            "created_time": "2025-09-14T00:10:00.000Z",
            "last_edited_time": "2025-09-14T00:10:00.000Z",
            "created_by": {
                "object": "user",
                "id": "90f687af-13a5-4409-85b4-c3f7fceabe80"
            },
            "last_edited_by": {
                "object": "user",
                "id": "90f687af-13a5-4409-85b4-c3f7fceabe80"
            },
            "has_children": false,
            "archived": false,
            "in_trash": false,
            "type": "paragraph",
            "paragraph": {
                "rich_text": [
                    {
                        "type": "text",
                        "text": {
                            "content": "hi i am from postman.",
                            "link": null
                        },
                        "annotations": {
                            "bold": false,
                            "italic": false,
                            "strikethrough": false,
                            "underline": false,
                            "code": false,
                            "color": "default"
                        },
                        "plain_text": "hi i am from postman.",
                        "href": null
                    }
                ],
                "color": "default"
            }
        },
        {
            "object": "block",
            "id": "26e913ec-9396-814d-b3d2-d13903424e9b",
            "parent": {
                "type": "page_id",
                "page_id": "26d913ec-9396-807d-89d9-ed5f66071915"
            },
            "created_time": "2025-09-14T06:56:00.000Z",
            "last_edited_time": "2025-09-14T06:56:00.000Z",
            "created_by": {
                "object": "user",
                "id": "90f687af-13a5-4409-85b4-c3f7fceabe80"
            },
            "last_edited_by": {
                "object": "user",
                "id": "90f687af-13a5-4409-85b4-c3f7fceabe80"
            },
            "has_children": false,
            "archived": false,
            "in_trash": false,
            "type": "heading_2",
            "heading_2": {
                "rich_text": [
                    {
                        "type": "text",
                        "text": {
                            "content": "pandas2",
                            "link": null
                        },
                        "annotations": {
                            "bold": false,
                            "italic": false,
                            "strikethrough": false,
                            "underline": false,
                            "code": false,
                            "color": "default"
                        },
                        "plain_text": "pandas2",
                        "href": null
                    }
                ],
                "is_toggleable": false,
                "color": "default"
            }
        },
        {
            "object": "block",
            "id": "26e913ec-9396-81bc-b9db-eaa0b7d40eb4",
            "parent": {
                "type": "page_id",
                "page_id": "26d913ec-9396-807d-89d9-ed5f66071915"
            },
            "created_time": "2025-09-14T06:56:00.000Z",
            "last_edited_time": "2025-09-14T06:56:00.000Z",
            "created_by": {
                "object": "user",
                "id": "90f687af-13a5-4409-85b4-c3f7fceabe80"
            },
            "last_edited_by": {
                "object": "user",
                "id": "90f687af-13a5-4409-85b4-c3f7fceabe80"
            },
            "has_children": false,
            "archived": false,
            "in_trash": false,
            "type": "paragraph",
            "paragraph": {
                "rich_text": [
                    {
                        "type": "text",
                        "text": {
                            "content": "Lacinato kale is a variety of kale with a long tradition in Italian cuisine, especially that of Tuscany. It is also known as Tuscan kale, Italian kale, dinosaur kale, kale, flat back kale, palm tree kale, or black Tuscan palm.",
                            "link": null
                        },
                        "annotations": {
                            "bold": false,
                            "italic": false,
                            "strikethrough": false,
                            "underline": false,
                            "code": false,
                            "color": "default"
                        },
                        "plain_text": "Lacinato kale is a variety of kale with a long tradition in Italian cuisine, especially that of Tuscany. It is also known as Tuscan kale, Italian kale, dinosaur kale, kale, flat back kale, palm tree kale, or black Tuscan palm.",
                        "href": null
                    }
                ],
                "color": "default"
            }
        },
        {
            "object": "block",
            "id": "26e913ec-9396-8163-ba11-c47c695f713b",
            "parent": {
                "type": "page_id",
                "page_id": "26d913ec-9396-807d-89d9-ed5f66071915"
            },
            "created_time": "2025-09-14T06:58:00.000Z",
            "last_edited_time": "2025-09-14T06:58:00.000Z",
            "created_by": {
                "object": "user",
                "id": "90f687af-13a5-4409-85b4-c3f7fceabe80"
            },
            "last_edited_by": {
                "object": "user",
                "id": "90f687af-13a5-4409-85b4-c3f7fceabe80"
            },
            "has_children": false,
            "archived": false,
            "in_trash": false,
            "type": "heading_2",
            "heading_2": {
                "rich_text": [
                    {
                        "type": "text",
                        "text": {
                            "content": "pandas2",
                            "link": null
                        },
                        "annotations": {
                            "bold": false,
                            "italic": false,
                            "strikethrough": false,
                            "underline": false,
                            "code": false,
                            "color": "default"
                        },
                        "plain_text": "pandas2",
                        "href": null
                    }
                ],
                "is_toggleable": false,
                "color": "default"
            }
        },
        {
            "object": "block",
            "id": "26e913ec-9396-814d-a022-f17deb081cec",
            "parent": {
                "type": "page_id",
                "page_id": "26d913ec-9396-807d-89d9-ed5f66071915"
            },
            "created_time": "2025-09-14T06:58:00.000Z",
            "last_edited_time": "2025-09-14T06:58:00.000Z",
            "created_by": {
                "object": "user",
                "id": "90f687af-13a5-4409-85b4-c3f7fceabe80"
            },
            "last_edited_by": {
                "object": "user",
                "id": "90f687af-13a5-4409-85b4-c3f7fceabe80"
            },
            "has_children": false,
            "archived": false,
            "in_trash": false,
            "type": "paragraph",
            "paragraph": {
                "rich_text": [
                    {
                        "type": "text",
                        "text": {
                            "content": "hi i am from script",
                            "link": null
                        },
                        "annotations": {
                            "bold": false,
                            "italic": false,
                            "strikethrough": false,
                            "underline": false,
                            "code": false,
                            "color": "default"
                        },
                        "plain_text": "hi i am from script",
                        "href": null
                    }
                ],
                "color": "default"
            }
        },
        {
            "object": "block",
            "id": "26e913ec-9396-81dd-af1e-ff6b988bdd82",
            "parent": {
                "type": "page_id",
                "page_id": "26d913ec-9396-807d-89d9-ed5f66071915"
            },
            "created_time": "2025-09-14T07:07:00.000Z",
            "last_edited_time": "2025-09-14T07:07:00.000Z",
            "created_by": {
                "object": "user",
                "id": "90f687af-13a5-4409-85b4-c3f7fceabe80"
            },
            "last_edited_by": {
                "object": "user",
                "id": "90f687af-13a5-4409-85b4-c3f7fceabe80"
            },
            "has_children": false,
            "archived": false,
            "in_trash": false,
            "type": "heading_2",
            "heading_2": {
                "rich_text": [
                    {
                        "type": "text",
                        "text": {
                            "content": "pandas2",
                            "link": null
                        },
                        "annotations": {
                            "bold": false,
                            "italic": false,
                            "strikethrough": false,
                            "underline": false,
                            "code": false,
                            "color": "default"
                        },
                        "plain_text": "pandas2",
                        "href": null
                    }
                ],
                "is_toggleable": false,
                "color": "default"
            }
        },
        {
            "object": "block",
            "id": "26e913ec-9396-813d-98d1-c6475f55019c",
            "parent": {
                "type": "page_id",
                "page_id": "26d913ec-9396-807d-89d9-ed5f66071915"
            },
            "created_time": "2025-09-14T07:07:00.000Z",
            "last_edited_time": "2025-09-14T07:07:00.000Z",
            "created_by": {
                "object": "user",
                "id": "90f687af-13a5-4409-85b4-c3f7fceabe80"
            },
            "last_edited_by": {
                "object": "user",
                "id": "90f687af-13a5-4409-85b4-c3f7fceabe80"
            },
            "has_children": false,
            "archived": false,
            "in_trash": false,
            "type": "paragraph",
            "paragraph": {
                "rich_text": [
                    {
                        "type": "text",
                        "text": {
                            "content": "hi i am from script",
                            "link": null
                        },
                        "annotations": {
                            "bold": false,
                            "italic": false,
                            "strikethrough": false,
                            "underline": false,
                            "code": false,
                            "color": "default"
                        },
                        "plain_text": "hi i am from script",
                        "href": null
                    }
                ],
                "color": "default"
            }
        }
    ],
    "next_cursor": null,
    "has_more": false,
    "type": "block",
    "block": {
        
    },
    "request_id": "740556ed-5000-44d5-b549-2305e28195e7"
}
2025-09-14 23:18:12 [TestNG-test-API Automation Test-2] INFO api.filters.LoggingAndReportingFilter::logAndReportRequest::26  URI : https://api.notion.com/v1/blocks/178913ec-9396-8016-94e4-c03e49df7924/children 
2025-09-14 23:18:12 [TestNG-test-API Automation Test-2] INFO api.filters.LoggingAndReportingFilter::logAndReportRequest::27  BASE URI:https://api.notion.com/v1 
2025-09-14 23:18:12 [TestNG-test-API Automation Test-2] INFO api.filters.LoggingAndReportingFilter::logAndReportRequest::28  Request Header:Authorization=Bearer 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
Notion-Version=2022-02-22
Accept=*/* 
2025-09-14 23:18:12 [TestNG-test-API Automation Test-2] INFO api.filters.LoggingAndReportingFilter::logAndReportRequest::29  Request PayLoad:null 
2025-09-14 23:18:12 [TestNG-test-API Automation Test-2] INFO api.filters.LoggingAndReportingFilter::logAndReportResponse::36  STATUS CODE:200 
2025-09-14 23:18:12 [TestNG-test-API Automation Test-2] INFO api.filters.LoggingAndReportingFilter::logAndReportResponse::37  Response Header :Date=Sun, 14 Sep 2025 17:48:12 GMT
Content-Type=application/json; charset=utf-8
Transfer-Encoding=chunked
Connection=keep-alive
Server=cloudflare
CF-Ray=97f1b6bf8bc78377-BOM
CF-Cache-Status=DYNAMIC
Content-Encoding=gzip
ETag=W/"c55-tsio5L33Hfneb+HABbH2o1MgU1w"
Strict-Transport-Security=max-age=31536000; includeSubDomains; preload
Vary=Accept-Encoding
content-security-policy=default-src 'none'
referrer-policy=strict-origin-when-cross-origin
x-content-type-options=nosniff
x-dns-prefetch-control=off
x-download-options=noopen
x-frame-options=SAMEORIGIN
x-notion-request-id=fdb1ac9b-5be6-45d0-bad9-12c96f59a12c
x-permitted-cross-domain-policies=none
x-xss-protection=0
Set-Cookie=__cf_bm=.XFZzc6cQXtuvuM.Ie8LfElPJOaAoeOtubNefIr68Hs-1757872092-1.0.1.1-XDRQ4ebIZR2kxTVOKNmSROM_CiNEXVlIXITAaXUpyGIcynKdA8cOlNQkNw6weRhJ.bzV5atmZVMenkBIU6FIskpoIYcsqNOdJN8pgDD65x8; path=/; expires=Sun, 14-Sep-25 18:18:12 GMT; domain=.notion.com; HttpOnly; Secure; SameSite=None
Set-Cookie=_cfuvid=d8r0JJgKrm59dmgzLeNvBiKTq5QKUQaWwfVYyDu9azQ-1757872092430-0.0.1.1-604800000; path=/; domain=.notion.com; HttpOnly; Secure; SameSite=None
alt-svc=h3=":443"; ma=86400 
{
    "object": "list",
    "results": [
        {
            "object": "block",
            "id": "178913ec-9396-81ce-b0ed-c30f5589c101",
            "parent": {
                "type": "page_id",
                "page_id": "178913ec-9396-8016-94e4-c03e49df7924"
            },
            "created_time": "2025-01-11T14:51:00.000Z",
            "last_edited_time": "2025-01-11T14:51:00.000Z",
            "created_by": {
                "object": "user",
                "id": "90f687af-13a5-4409-85b4-c3f7fceabe80"
            },
            "last_edited_by": {
                "object": "user",
                "id": "90f687af-13a5-4409-85b4-c3f7fceabe80"
            },
            "has_children": false,
            "archived": false,
            "in_trash": false,
            "type": "heading_2",
            "heading_2": {
                "rich_text": [
                    {
                        "type": "text",
                        "text": {
                            "content": "DEVOPS",
                            "link": null
                        },
                        "annotations": {
                            "bold": false,
                            "italic": false,
                            "strikethrough": false,
                            "underline": false,
                            "code": false,
                            "color": "default"
                        },
                        "plain_text": "DEVOPS",
                        "href": null
                    }
                ],
                "is_toggleable": false,
                "color": "default"
            }
        },
        {
            "object": "block",
            "id": "178913ec-9396-8137-b987-e89593ee2aaf",
            "parent": {
                "type": "page_id",
                "page_id": "178913ec-9396-8016-94e4-c03e49df7924"
            },
            "created_time": "2025-01-11T14:51:00.000Z",
            "last_edited_time": "2025-01-11T14:51:00.000Z",
            "created_by": {
                "object": "user",
                "id": "90f687af-13a5-4409-85b4-c3f7fceabe80"
            },
            "last_edited_by": {
                "object": "user",
                "id": "90f687af-13a5-4409-85b4-c3f7fceabe80"
            },
            "has_children": false,
            "archived": false,
            "in_trash": false,
            "type": "paragraph",
            "paragraph": {
                "rich_text": [
                    {
                        "type": "text",
                        "text": {
                            "content": "DevOps is a set of practices that combines software development (Dev) and IT operations (Ops) to enhance the speed and quality of software delivery. It emphasizes collaboration and communication between development teams and operations teams, breaking down traditional silos to ensure that software can be developed, tested, and released more rapidly and reliably. By adopting DevOps, organizations aim to automate and streamline processes such as coding, testing, and deployment, allowing for quicker feedback loops and continuous improvement. This approach not only helps in reducing the time it takes to go from idea to implementation but also enhances the ability to respond to changes in market demands or customer needs efficiently, ultimately leading to better products and happier users.",
                            "link": null
                        },
                        "annotations": {
                            "bold": false,
                            "italic": false,
                            "strikethrough": false,
                            "underline": false,
                            "code": false,
                            "color": "default"
                        },
                        "plain_text": "DevOps is a set of practices that combines software development (Dev) and IT operations (Ops) to enhance the speed and quality of software delivery. It emphasizes collaboration and communication between development teams and operations teams, breaking down traditional silos to ensure that software can be developed, tested, and released more rapidly and reliably. By adopting DevOps, organizations aim to automate and streamline processes such as coding, testing, and deployment, allowing for quicker feedback loops and continuous improvement. This approach not only helps in reducing the time it takes to go from idea to implementation but also enhances the ability to respond to changes in market demands or customer needs efficiently, ultimately leading to better products and happier users.",
                        "href": null
                    }
                ],
                "color": "default"
            }
        }
    ],
    "next_cursor": null,
    "has_more": false,
    "type": "block",
    "block": {
        
    },
    "request_id": "fdb1ac9b-5be6-45d0-bad9-12c96f59a12c"
}
2025-09-14 23:18:12 [TestNG-test-API Automation Test-2] INFO api.filters.LoggingAndReportingFilter::logAndReportResponse::38  Request Body:{
    "object": "list",
    "results": [
        {
            "object": "block",
            "id": "178913ec-9396-81ce-b0ed-c30f5589c101",
            "parent": {
                "type": "page_id",
                "page_id": "178913ec-9396-8016-94e4-c03e49df7924"
            },
            "created_time": "2025-01-11T14:51:00.000Z",
            "last_edited_time": "2025-01-11T14:51:00.000Z",
            "created_by": {
                "object": "user",
                "id": "90f687af-13a5-4409-85b4-c3f7fceabe80"
            },
            "last_edited_by": {
                "object": "user",
                "id": "90f687af-13a5-4409-85b4-c3f7fceabe80"
            },
            "has_children": false,
            "archived": false,
            "in_trash": false,
            "type": "heading_2",
            "heading_2": {
                "rich_text": [
                    {
                        "type": "text",
                        "text": {
                            "content": "DEVOPS",
                            "link": null
                        },
                        "annotations": {
                            "bold": false,
                            "italic": false,
                            "strikethrough": false,
                            "underline": false,
                            "code": false,
                            "color": "default"
                        },
                        "plain_text": "DEVOPS",
                        "href": null
                    }
                ],
                "is_toggleable": false,
                "color": "default"
            }
        },
        {
            "object": "block",
            "id": "178913ec-9396-8137-b987-e89593ee2aaf",
            "parent": {
                "type": "page_id",
                "page_id": "178913ec-9396-8016-94e4-c03e49df7924"
            },
            "created_time": "2025-01-11T14:51:00.000Z",
            "last_edited_time": "2025-01-11T14:51:00.000Z",
            "created_by": {
                "object": "user",
                "id": "90f687af-13a5-4409-85b4-c3f7fceabe80"
            },
            "last_edited_by": {
                "object": "user",
                "id": "90f687af-13a5-4409-85b4-c3f7fceabe80"
            },
            "has_children": false,
            "archived": false,
            "in_trash": false,
            "type": "paragraph",
            "paragraph": {
                "rich_text": [
                    {
                        "type": "text",
                        "text": {
                            "content": "DevOps is a set of practices that combines software development (Dev) and IT operations (Ops) to enhance the speed and quality of software delivery. It emphasizes collaboration and communication between development teams and operations teams, breaking down traditional silos to ensure that software can be developed, tested, and released more rapidly and reliably. By adopting DevOps, organizations aim to automate and streamline processes such as coding, testing, and deployment, allowing for quicker feedback loops and continuous improvement. This approach not only helps in reducing the time it takes to go from idea to implementation but also enhances the ability to respond to changes in market demands or customer needs efficiently, ultimately leading to better products and happier users.",
                            "link": null
                        },
                        "annotations": {
                            "bold": false,
                            "italic": false,
                            "strikethrough": false,
                            "underline": false,
                            "code": false,
                            "color": "default"
                        },
                        "plain_text": "DevOps is a set of practices that combines software development (Dev) and IT operations (Ops) to enhance the speed and quality of software delivery. It emphasizes collaboration and communication between development teams and operations teams, breaking down traditional silos to ensure that software can be developed, tested, and released more rapidly and reliably. By adopting DevOps, organizations aim to automate and streamline processes such as coding, testing, and deployment, allowing for quicker feedback loops and continuous improvement. This approach not only helps in reducing the time it takes to go from idea to implementation but also enhances the ability to respond to changes in market demands or customer needs efficiently, ultimately leading to better products and happier users.",
                        "href": null
                    }
                ],
                "color": "default"
            }
        }
    ],
    "next_cursor": null,
    "has_more": false,
    "type": "block",
    "block": {
        
    },
    "request_id": "fdb1ac9b-5be6-45d0-bad9-12c96f59a12c"
} 
{
    "object": "list",
    "results": [
        {
            "object": "block",
            "id": "178913ec-9396-81ce-b0ed-c30f5589c101",
            "parent": {
                "type": "page_id",
                "page_id": "178913ec-9396-8016-94e4-c03e49df7924"
            },
            "created_time": "2025-01-11T14:51:00.000Z",
            "last_edited_time": "2025-01-11T14:51:00.000Z",
            "created_by": {
                "object": "user",
                "id": "90f687af-13a5-4409-85b4-c3f7fceabe80"
            },
            "last_edited_by": {
                "object": "user",
                "id": "90f687af-13a5-4409-85b4-c3f7fceabe80"
            },
            "has_children": false,
            "archived": false,
            "in_trash": false,
            "type": "heading_2",
            "heading_2": {
                "rich_text": [
                    {
                        "type": "text",
                        "text": {
                            "content": "DEVOPS",
                            "link": null
                        },
                        "annotations": {
                            "bold": false,
                            "italic": false,
                            "strikethrough": false,
                            "underline": false,
                            "code": false,
                            "color": "default"
                        },
                        "plain_text": "DEVOPS",
                        "href": null
                    }
                ],
                "is_toggleable": false,
                "color": "default"
            }
        },
        {
            "object": "block",
            "id": "178913ec-9396-8137-b987-e89593ee2aaf",
            "parent": {
                "type": "page_id",
                "page_id": "178913ec-9396-8016-94e4-c03e49df7924"
            },
            "created_time": "2025-01-11T14:51:00.000Z",
            "last_edited_time": "2025-01-11T14:51:00.000Z",
            "created_by": {
                "object": "user",
                "id": "90f687af-13a5-4409-85b4-c3f7fceabe80"
            },
            "last_edited_by": {
                "object": "user",
                "id": "90f687af-13a5-4409-85b4-c3f7fceabe80"
            },
            "has_children": false,
            "archived": false,
            "in_trash": false,
            "type": "paragraph",
            "paragraph": {
                "rich_text": [
                    {
                        "type": "text",
                        "text": {
                            "content": "DevOps is a set of practices that combines software development (Dev) and IT operations (Ops) to enhance the speed and quality of software delivery. It emphasizes collaboration and communication between development teams and operations teams, breaking down traditional silos to ensure that software can be developed, tested, and released more rapidly and reliably. By adopting DevOps, organizations aim to automate and streamline processes such as coding, testing, and deployment, allowing for quicker feedback loops and continuous improvement. This approach not only helps in reducing the time it takes to go from idea to implementation but also enhances the ability to respond to changes in market demands or customer needs efficiently, ultimately leading to better products and happier users.",
                            "link": null
                        },
                        "annotations": {
                            "bold": false,
                            "italic": false,
                            "strikethrough": false,
                            "underline": false,
                            "code": false,
                            "color": "default"
                        },
                        "plain_text": "DevOps is a set of practices that combines software development (Dev) and IT operations (Ops) to enhance the speed and quality of software delivery. It emphasizes collaboration and communication between development teams and operations teams, breaking down traditional silos to ensure that software can be developed, tested, and released more rapidly and reliably. By adopting DevOps, organizations aim to automate and streamline processes such as coding, testing, and deployment, allowing for quicker feedback loops and continuous improvement. This approach not only helps in reducing the time it takes to go from idea to implementation but also enhances the ability to respond to changes in market demands or customer needs efficiently, ultimately leading to better products and happier users.",
                        "href": null
                    }
                ],
                "color": "default"
            }
        }
    ],
    "next_cursor": null,
    "has_more": false,
    "type": "block",
    "block": {
        
    },
    "request_id": "fdb1ac9b-5be6-45d0-bad9-12c96f59a12c"
}
2025-09-14 23:18:12 [TestNG-test-API Automation Test-2] INFO api.filters.LoggingAndReportingFilter::logAndReportRequest::26  URI : https://api.notion.com/v1/blocks/17f913ec-9396-800d-97ab-e7ee2ceb0dc8/children 
2025-09-14 23:18:12 [TestNG-test-API Automation Test-2] INFO api.filters.LoggingAndReportingFilter::logAndReportRequest::27  BASE URI:https://api.notion.com/v1 
2025-09-14 23:18:12 [TestNG-test-API Automation Test-2] INFO api.filters.LoggingAndReportingFilter::logAndReportRequest::28  Request Header:Authorization=Bearer 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
Notion-Version=2022-02-22
Accept=*/* 
2025-09-14 23:18:12 [TestNG-test-API Automation Test-2] INFO api.filters.LoggingAndReportingFilter::logAndReportRequest::29  Request PayLoad:null 
2025-09-14 23:18:13 [TestNG-test-API Automation Test-2] INFO api.filters.LoggingAndReportingFilter::logAndReportResponse::36  STATUS CODE:200 
2025-09-14 23:18:13 [TestNG-test-API Automation Test-2] INFO api.filters.LoggingAndReportingFilter::logAndReportResponse::37  Response Header :Date=Sun, 14 Sep 2025 17:48:12 GMT
Content-Type=application/json; charset=utf-8
Transfer-Encoding=chunked
Connection=keep-alive
Server=cloudflare
CF-Ray=97f1b6c21cea1710-BOM
CF-Cache-Status=DYNAMIC
Content-Encoding=gzip
ETag=W/"cdd-P5hC7MC3wKpJjL5UuYW18abEiDE"
Strict-Transport-Security=max-age=31536000; includeSubDomains; preload
Vary=Accept-Encoding
content-security-policy=default-src 'none'
referrer-policy=strict-origin-when-cross-origin
x-content-type-options=nosniff
x-dns-prefetch-control=off
x-download-options=noopen
x-frame-options=SAMEORIGIN
x-notion-request-id=98c7821e-0567-4090-91d5-ccee7b1810bb
x-permitted-cross-domain-policies=none
x-xss-protection=0
Set-Cookie=__cf_bm=VRUMcfuoFxRuTeVlVCc7bvkIq39YZr2nojOeV3ovAXI-1757872092-1.0.1.1-uUG7ggFe.9QX.ODnmgGpWup8BW7EYSmzN41.cQGUzKovd9Pop1uuVVSKeeSDJk_m8sWAcJgZD.itFxOPCWZi9.RZEhz8p46W4XfLxa5bjZ0; path=/; expires=Sun, 14-Sep-25 18:18:12 GMT; domain=.notion.com; HttpOnly; Secure; SameSite=None
Set-Cookie=_cfuvid=Lwi_kOytaovl9SgYqaTV_mIl_yRY2ZNOp9pVtHCO3.Q-1757872092866-0.0.1.1-604800000; path=/; domain=.notion.com; HttpOnly; Secure; SameSite=None
alt-svc=h3=":443"; ma=86400 
{
    "object": "list",
    "results": [
        {
            "object": "block",
            "id": "17f913ec-9396-813c-828a-cfabe5ebf452",
            "parent": {
                "type": "page_id",
                "page_id": "17f913ec-9396-800d-97ab-e7ee2ceb0dc8"
            },
            "created_time": "2025-01-18T09:08:00.000Z",
            "last_edited_time": "2025-01-18T09:08:00.000Z",
            "created_by": {
                "object": "user",
                "id": "90f687af-13a5-4409-85b4-c3f7fceabe80"
            },
            "last_edited_by": {
                "object": "user",
                "id": "90f687af-13a5-4409-85b4-c3f7fceabe80"
            },
            "has_children": false,
            "archived": false,
            "in_trash": false,
            "type": "heading_2",
            "heading_2": {
                "rich_text": [
                    {
                        "type": "text",
                        "text": {
                            "content": "RestAssured",
                            "link": null
                        },
                        "annotations": {
                            "bold": false,
                            "italic": false,
                            "strikethrough": false,
                            "underline": false,
                            "code": false,
                            "color": "default"
                        },
                        "plain_text": "RestAssured",
                        "href": null
                    }
                ],
                "is_toggleable": false,
                "color": "default"
            }
        },
        {
            "object": "block",
            "id": "17f913ec-9396-8107-8964-ec4113fe6c95",
            "parent": {
                "type": "page_id",
                "page_id": "17f913ec-9396-800d-97ab-e7ee2ceb0dc8"
            },
            "created_time": "2025-01-18T09:08:00.000Z",
            "last_edited_time": "2025-01-18T09:08:00.000Z",
            "created_by": {
                "object": "user",
                "id": "90f687af-13a5-4409-85b4-c3f7fceabe80"
            },
            "last_edited_by": {
                "object": "user",
                "id": "90f687af-13a5-4409-85b4-c3f7fceabe80"
            },
            "has_children": false,
            "archived": false,
            "in_trash": false,
            "type": "paragraph",
            "paragraph": {
                "rich_text": [
                    {
                        "type": "text",
                        "text": {
                            "content": "RestAssured is a popular Java library used for testing RESTful web services in a simple and efficient manner. It allows developers and testers to easily write tests for APIs by providing a fluent and expressive syntax, which makes it easier to formulate requests and validate responses. With RestAssured, you can perform various HTTP operations like GET, POST, PUT, and DELETE, while seamlessly handling request parameters, headers, and body content. It also supports powerful features such as JSON and XML parsing, assertions for response status codes, content type, and body data, making it an ideal choice for automated testing of web services. By integrating with testing frameworks like JUnit or TestNG, RestAssured helps streamline the entire testing process, ensuring that APIs function correctly and meet expected behaviors without complicated setup.",
                            "link": null
                        },
                        "annotations": {
                            "bold": false,
                            "italic": false,
                            "strikethrough": false,
                            "underline": false,
                            "code": false,
                            "color": "default"
                        },
                        "plain_text": "RestAssured is a popular Java library used for testing RESTful web services in a simple and efficient manner. It allows developers and testers to easily write tests for APIs by providing a fluent and expressive syntax, which makes it easier to formulate requests and validate responses. With RestAssured, you can perform various HTTP operations like GET, POST, PUT, and DELETE, while seamlessly handling request parameters, headers, and body content. It also supports powerful features such as JSON and XML parsing, assertions for response status codes, content type, and body data, making it an ideal choice for automated testing of web services. By integrating with testing frameworks like JUnit or TestNG, RestAssured helps streamline the entire testing process, ensuring that APIs function correctly and meet expected behaviors without complicated setup.",
                        "href": null
                    }
                ],
                "color": "default"
            }
        }
    ],
    "next_cursor": null,
    "has_more": false,
    "type": "block",
    "block": {
        
    },
    "request_id": "98c7821e-0567-4090-91d5-ccee7b1810bb"
}
2025-09-14 23:18:13 [TestNG-test-API Automation Test-2] INFO api.filters.LoggingAndReportingFilter::logAndReportResponse::38  Request Body:{
    "object": "list",
    "results": [
        {
            "object": "block",
            "id": "17f913ec-9396-813c-828a-cfabe5ebf452",
            "parent": {
                "type": "page_id",
                "page_id": "17f913ec-9396-800d-97ab-e7ee2ceb0dc8"
            },
            "created_time": "2025-01-18T09:08:00.000Z",
            "last_edited_time": "2025-01-18T09:08:00.000Z",
            "created_by": {
                "object": "user",
                "id": "90f687af-13a5-4409-85b4-c3f7fceabe80"
            },
            "last_edited_by": {
                "object": "user",
                "id": "90f687af-13a5-4409-85b4-c3f7fceabe80"
            },
            "has_children": false,
            "archived": false,
            "in_trash": false,
            "type": "heading_2",
            "heading_2": {
                "rich_text": [
                    {
                        "type": "text",
                        "text": {
                            "content": "RestAssured",
                            "link": null
                        },
                        "annotations": {
                            "bold": false,
                            "italic": false,
                            "strikethrough": false,
                            "underline": false,
                            "code": false,
                            "color": "default"
                        },
                        "plain_text": "RestAssured",
                        "href": null
                    }
                ],
                "is_toggleable": false,
                "color": "default"
            }
        },
        {
            "object": "block",
            "id": "17f913ec-9396-8107-8964-ec4113fe6c95",
            "parent": {
                "type": "page_id",
                "page_id": "17f913ec-9396-800d-97ab-e7ee2ceb0dc8"
            },
            "created_time": "2025-01-18T09:08:00.000Z",
            "last_edited_time": "2025-01-18T09:08:00.000Z",
            "created_by": {
                "object": "user",
                "id": "90f687af-13a5-4409-85b4-c3f7fceabe80"
            },
            "last_edited_by": {
                "object": "user",
                "id": "90f687af-13a5-4409-85b4-c3f7fceabe80"
            },
            "has_children": false,
            "archived": false,
            "in_trash": false,
            "type": "paragraph",
            "paragraph": {
                "rich_text": [
                    {
                        "type": "text",
                        "text": {
                            "content": "RestAssured is a popular Java library used for testing RESTful web services in a simple and efficient manner. It allows developers and testers to easily write tests for APIs by providing a fluent and expressive syntax, which makes it easier to formulate requests and validate responses. With RestAssured, you can perform various HTTP operations like GET, POST, PUT, and DELETE, while seamlessly handling request parameters, headers, and body content. It also supports powerful features such as JSON and XML parsing, assertions for response status codes, content type, and body data, making it an ideal choice for automated testing of web services. By integrating with testing frameworks like JUnit or TestNG, RestAssured helps streamline the entire testing process, ensuring that APIs function correctly and meet expected behaviors without complicated setup.",
                            "link": null
                        },
                        "annotations": {
                            "bold": false,
                            "italic": false,
                            "strikethrough": false,
                            "underline": false,
                            "code": false,
                            "color": "default"
                        },
                        "plain_text": "RestAssured is a popular Java library used for testing RESTful web services in a simple and efficient manner. It allows developers and testers to easily write tests for APIs by providing a fluent and expressive syntax, which makes it easier to formulate requests and validate responses. With RestAssured, you can perform various HTTP operations like GET, POST, PUT, and DELETE, while seamlessly handling request parameters, headers, and body content. It also supports powerful features such as JSON and XML parsing, assertions for response status codes, content type, and body data, making it an ideal choice for automated testing of web services. By integrating with testing frameworks like JUnit or TestNG, RestAssured helps streamline the entire testing process, ensuring that APIs function correctly and meet expected behaviors without complicated setup.",
                        "href": null
                    }
                ],
                "color": "default"
            }
        }
    ],
    "next_cursor": null,
    "has_more": false,
    "type": "block",
    "block": {
        
    },
    "request_id": "98c7821e-0567-4090-91d5-ccee7b1810bb"
} 
{
    "object": "list",
    "results": [
        {
            "object": "block",
            "id": "17f913ec-9396-813c-828a-cfabe5ebf452",
            "parent": {
                "type": "page_id",
                "page_id": "17f913ec-9396-800d-97ab-e7ee2ceb0dc8"
            },
            "created_time": "2025-01-18T09:08:00.000Z",
            "last_edited_time": "2025-01-18T09:08:00.000Z",
            "created_by": {
                "object": "user",
                "id": "90f687af-13a5-4409-85b4-c3f7fceabe80"
            },
            "last_edited_by": {
                "object": "user",
                "id": "90f687af-13a5-4409-85b4-c3f7fceabe80"
            },
            "has_children": false,
            "archived": false,
            "in_trash": false,
            "type": "heading_2",
            "heading_2": {
                "rich_text": [
                    {
                        "type": "text",
                        "text": {
                            "content": "RestAssured",
                            "link": null
                        },
                        "annotations": {
                            "bold": false,
                            "italic": false,
                            "strikethrough": false,
                            "underline": false,
                            "code": false,
                            "color": "default"
                        },
                        "plain_text": "RestAssured",
                        "href": null
                    }
                ],
                "is_toggleable": false,
                "color": "default"
            }
        },
        {
            "object": "block",
            "id": "17f913ec-9396-8107-8964-ec4113fe6c95",
            "parent": {
                "type": "page_id",
                "page_id": "17f913ec-9396-800d-97ab-e7ee2ceb0dc8"
            },
            "created_time": "2025-01-18T09:08:00.000Z",
            "last_edited_time": "2025-01-18T09:08:00.000Z",
            "created_by": {
                "object": "user",
                "id": "90f687af-13a5-4409-85b4-c3f7fceabe80"
            },
            "last_edited_by": {
                "object": "user",
                "id": "90f687af-13a5-4409-85b4-c3f7fceabe80"
            },
            "has_children": false,
            "archived": false,
            "in_trash": false,
            "type": "paragraph",
            "paragraph": {
                "rich_text": [
                    {
                        "type": "text",
                        "text": {
                            "content": "RestAssured is a popular Java library used for testing RESTful web services in a simple and efficient manner. It allows developers and testers to easily write tests for APIs by providing a fluent and expressive syntax, which makes it easier to formulate requests and validate responses. With RestAssured, you can perform various HTTP operations like GET, POST, PUT, and DELETE, while seamlessly handling request parameters, headers, and body content. It also supports powerful features such as JSON and XML parsing, assertions for response status codes, content type, and body data, making it an ideal choice for automated testing of web services. By integrating with testing frameworks like JUnit or TestNG, RestAssured helps streamline the entire testing process, ensuring that APIs function correctly and meet expected behaviors without complicated setup.",
                            "link": null
                        },
                        "annotations": {
                            "bold": false,
                            "italic": false,
                            "strikethrough": false,
                            "underline": false,
                            "code": false,
                            "color": "default"
                        },
                        "plain_text": "RestAssured is a popular Java library used for testing RESTful web services in a simple and efficient manner. It allows developers and testers to easily write tests for APIs by providing a fluent and expressive syntax, which makes it easier to formulate requests and validate responses. With RestAssured, you can perform various HTTP operations like GET, POST, PUT, and DELETE, while seamlessly handling request parameters, headers, and body content. It also supports powerful features such as JSON and XML parsing, assertions for response status codes, content type, and body data, making it an ideal choice for automated testing of web services. By integrating with testing frameworks like JUnit or TestNG, RestAssured helps streamline the entire testing process, ensuring that APIs function correctly and meet expected behaviors without complicated setup.",
                        "href": null
                    }
                ],
                "color": "default"
            }
        }
    ],
    "next_cursor": null,
    "has_more": false,
    "type": "block",
    "block": {
        
    },
    "request_id": "98c7821e-0567-4090-91d5-ccee7b1810bb"
}
2025-09-14 23:18:13 [TestNG-test-API Automation Test-2] INFO api.filters.LoggingAndReportingFilter::logAndReportRequest::26  URI : https://api.notion.com/v1/blocks/26e913ec-9396-8008-80de-cfd59d239808/children 
2025-09-14 23:18:13 [TestNG-test-API Automation Test-2] INFO api.filters.LoggingAndReportingFilter::logAndReportRequest::27  BASE URI:https://api.notion.com/v1 
2025-09-14 23:18:13 [TestNG-test-API Automation Test-2] INFO api.filters.LoggingAndReportingFilter::logAndReportRequest::28  Request Header:Authorization=Bearer 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
Notion-Version=2022-02-22
Accept=*/* 
2025-09-14 23:18:13 [TestNG-test-API Automation Test-2] INFO api.filters.LoggingAndReportingFilter::logAndReportRequest::29  Request PayLoad:null 
2025-09-14 23:18:14 [TestNG-test-API Automation Test-2] INFO api.filters.LoggingAndReportingFilter::logAndReportResponse::36  STATUS CODE:200 
2025-09-14 23:18:14 [TestNG-test-API Automation Test-2] INFO api.filters.LoggingAndReportingFilter::logAndReportResponse::37  Response Header :Date=Sun, 14 Sep 2025 17:48:13 GMT
Content-Type=application/json; charset=utf-8
Transfer-Encoding=chunked
Connection=keep-alive
Server=cloudflare
CF-Ray=97f1b6c57fb23223-BOM
CF-Cache-Status=DYNAMIC
Content-Encoding=gzip
ETag=W/"c6d-Why3UBw5P89CT9Rwo7bo9o+pV4w"
Strict-Transport-Security=max-age=31536000; includeSubDomains; preload
Vary=Accept-Encoding
content-security-policy=default-src 'none'
referrer-policy=strict-origin-when-cross-origin
x-content-type-options=nosniff
x-dns-prefetch-control=off
x-download-options=noopen
x-frame-options=SAMEORIGIN
x-notion-request-id=7684cbe3-047b-4f61-b7d2-cd373b5d95e7
x-permitted-cross-domain-policies=none
x-xss-protection=0
Set-Cookie=__cf_bm=qYJJyKTh1ZnecboGNeWCnGFcK21lFjN_vSyWMjJUAZI-1757872093-1.0.1.1-loU7QC3CWqvSSlWbIXzm2W7dCKQs5agSJa17mYFgAVWCDHMjzOxGen1gErR2cMk8aauc5ezW9RUTg89biCClC0kS0SW54pqGE3Ya.f00dog; path=/; expires=Sun, 14-Sep-25 18:18:13 GMT; domain=.notion.com; HttpOnly; Secure; SameSite=None
Set-Cookie=_cfuvid=m.l7Odpub4c82ct2Y2thi17g6S1ulmtVvSme5cShSxA-1757872093934-0.0.1.1-604800000; path=/; domain=.notion.com; HttpOnly; Secure; SameSite=None
alt-svc=h3=":443"; ma=86400 
{
    "object": "list",
    "results": [
        {
            "object": "block",
            "id": "26e913ec-9396-811b-9c35-f5a54345aea4",
            "parent": {
                "type": "page_id",
                "page_id": "26e913ec-9396-8008-80de-cfd59d239808"
            },
            "created_time": "2025-09-14T10:59:00.000Z",
            "last_edited_time": "2025-09-14T10:59:00.000Z",
            "created_by": {
                "object": "user",
                "id": "90f687af-13a5-4409-85b4-c3f7fceabe80"
            },
            "last_edited_by": {
                "object": "user",
                "id": "90f687af-13a5-4409-85b4-c3f7fceabe80"
            },
            "has_children": false,
            "archived": false,
            "in_trash": false,
            "type": "heading_2",
            "heading_2": {
                "rich_text": [
                    {
                        "type": "text",
                        "text": {
                            "content": "solana",
                            "link": null
                        },
                        "annotations": {
                            "bold": false,
                            "italic": false,
                            "strikethrough": false,
                            "underline": false,
                            "code": false,
                            "color": "default"
                        },
                        "plain_text": "solana",
                        "href": null
                    }
                ],
                "is_toggleable": false,
                "color": "default"
            }
        },
        {
            "object": "block",
            "id": "26e913ec-9396-81d0-b701-e1007737e1ae",
            "parent": {
                "type": "page_id",
                "page_id": "26e913ec-9396-8008-80de-cfd59d239808"
            },
            "created_time": "2025-09-14T10:59:00.000Z",
            "last_edited_time": "2025-09-14T10:59:00.000Z",
            "created_by": {
                "object": "user",
                "id": "90f687af-13a5-4409-85b4-c3f7fceabe80"
            },
            "last_edited_by": {
                "object": "user",
                "id": "90f687af-13a5-4409-85b4-c3f7fceabe80"
            },
            "has_children": false,
            "archived": false,
            "in_trash": false,
            "type": "paragraph",
            "paragraph": {
                "rich_text": [
                    {
                        "type": "text",
                        "text": {
                            "content": "Solana is a high-performance blockchain designed for speed and efficiency, allowing for fast transactions and low fees, making it suitable for various applications like decentralized finance (DeFi) and non-fungible tokens (NFTs). It uses a unique consensus mechanism called Proof of History, which helps to timestamp transactions and improve overall throughput, enabling thousands of transactions per second compared to other blockchains. This rapid processing capability is key for developers who want to build scalable applications. Solana has gained popularity due to its robust ecosystem, strong community support, and the ability to handle high-demand use cases while maintaining a decentralized network structure, making it an attractive platform for both developers and users in the blockchain space.",
                            "link": null
                        },
                        "annotations": {
                            "bold": false,
                            "italic": false,
                            "strikethrough": false,
                            "underline": false,
                            "code": false,
                            "color": "default"
                        },
                        "plain_text": "Solana is a high-performance blockchain designed for speed and efficiency, allowing for fast transactions and low fees, making it suitable for various applications like decentralized finance (DeFi) and non-fungible tokens (NFTs). It uses a unique consensus mechanism called Proof of History, which helps to timestamp transactions and improve overall throughput, enabling thousands of transactions per second compared to other blockchains. This rapid processing capability is key for developers who want to build scalable applications. Solana has gained popularity due to its robust ecosystem, strong community support, and the ability to handle high-demand use cases while maintaining a decentralized network structure, making it an attractive platform for both developers and users in the blockchain space.",
                        "href": null
                    }
                ],
                "color": "default"
            }
        }
    ],
    "next_cursor": null,
    "has_more": false,
    "type": "block",
    "block": {
        
    },
    "request_id": "7684cbe3-047b-4f61-b7d2-cd373b5d95e7"
}
2025-09-14 23:18:14 [TestNG-test-API Automation Test-2] INFO api.filters.LoggingAndReportingFilter::logAndReportResponse::38  Request Body:{
    "object": "list",
    "results": [
        {
            "object": "block",
            "id": "26e913ec-9396-811b-9c35-f5a54345aea4",
            "parent": {
                "type": "page_id",
                "page_id": "26e913ec-9396-8008-80de-cfd59d239808"
            },
            "created_time": "2025-09-14T10:59:00.000Z",
            "last_edited_time": "2025-09-14T10:59:00.000Z",
            "created_by": {
                "object": "user",
                "id": "90f687af-13a5-4409-85b4-c3f7fceabe80"
            },
            "last_edited_by": {
                "object": "user",
                "id": "90f687af-13a5-4409-85b4-c3f7fceabe80"
            },
            "has_children": false,
            "archived": false,
            "in_trash": false,
            "type": "heading_2",
            "heading_2": {
                "rich_text": [
                    {
                        "type": "text",
                        "text": {
                            "content": "solana",
                            "link": null
                        },
                        "annotations": {
                            "bold": false,
                            "italic": false,
                            "strikethrough": false,
                            "underline": false,
                            "code": false,
                            "color": "default"
                        },
                        "plain_text": "solana",
                        "href": null
                    }
                ],
                "is_toggleable": false,
                "color": "default"
            }
        },
        {
            "object": "block",
            "id": "26e913ec-9396-81d0-b701-e1007737e1ae",
            "parent": {
                "type": "page_id",
                "page_id": "26e913ec-9396-8008-80de-cfd59d239808"
            },
            "created_time": "2025-09-14T10:59:00.000Z",
            "last_edited_time": "2025-09-14T10:59:00.000Z",
            "created_by": {
                "object": "user",
                "id": "90f687af-13a5-4409-85b4-c3f7fceabe80"
            },
            "last_edited_by": {
                "object": "user",
                "id": "90f687af-13a5-4409-85b4-c3f7fceabe80"
            },
            "has_children": false,
            "archived": false,
            "in_trash": false,
            "type": "paragraph",
            "paragraph": {
                "rich_text": [
                    {
                        "type": "text",
                        "text": {
                            "content": "Solana is a high-performance blockchain designed for speed and efficiency, allowing for fast transactions and low fees, making it suitable for various applications like decentralized finance (DeFi) and non-fungible tokens (NFTs). It uses a unique consensus mechanism called Proof of History, which helps to timestamp transactions and improve overall throughput, enabling thousands of transactions per second compared to other blockchains. This rapid processing capability is key for developers who want to build scalable applications. Solana has gained popularity due to its robust ecosystem, strong community support, and the ability to handle high-demand use cases while maintaining a decentralized network structure, making it an attractive platform for both developers and users in the blockchain space.",
                            "link": null
                        },
                        "annotations": {
                            "bold": false,
                            "italic": false,
                            "strikethrough": false,
                            "underline": false,
                            "code": false,
                            "color": "default"
                        },
                        "plain_text": "Solana is a high-performance blockchain designed for speed and efficiency, allowing for fast transactions and low fees, making it suitable for various applications like decentralized finance (DeFi) and non-fungible tokens (NFTs). It uses a unique consensus mechanism called Proof of History, which helps to timestamp transactions and improve overall throughput, enabling thousands of transactions per second compared to other blockchains. This rapid processing capability is key for developers who want to build scalable applications. Solana has gained popularity due to its robust ecosystem, strong community support, and the ability to handle high-demand use cases while maintaining a decentralized network structure, making it an attractive platform for both developers and users in the blockchain space.",
                        "href": null
                    }
                ],
                "color": "default"
            }
        }
    ],
    "next_cursor": null,
    "has_more": false,
    "type": "block",
    "block": {
        
    },
    "request_id": "7684cbe3-047b-4f61-b7d2-cd373b5d95e7"
} 
{
    "object": "list",
    "results": [
        {
            "object": "block",
            "id": "26e913ec-9396-811b-9c35-f5a54345aea4",
            "parent": {
                "type": "page_id",
                "page_id": "26e913ec-9396-8008-80de-cfd59d239808"
            },
            "created_time": "2025-09-14T10:59:00.000Z",
            "last_edited_time": "2025-09-14T10:59:00.000Z",
            "created_by": {
                "object": "user",
                "id": "90f687af-13a5-4409-85b4-c3f7fceabe80"
            },
            "last_edited_by": {
                "object": "user",
                "id": "90f687af-13a5-4409-85b4-c3f7fceabe80"
            },
            "has_children": false,
            "archived": false,
            "in_trash": false,
            "type": "heading_2",
            "heading_2": {
                "rich_text": [
                    {
                        "type": "text",
                        "text": {
                            "content": "solana",
                            "link": null
                        },
                        "annotations": {
                            "bold": false,
                            "italic": false,
                            "strikethrough": false,
                            "underline": false,
                            "code": false,
                            "color": "default"
                        },
                        "plain_text": "solana",
                        "href": null
                    }
                ],
                "is_toggleable": false,
                "color": "default"
            }
        },
        {
            "object": "block",
            "id": "26e913ec-9396-81d0-b701-e1007737e1ae",
            "parent": {
                "type": "page_id",
                "page_id": "26e913ec-9396-8008-80de-cfd59d239808"
            },
            "created_time": "2025-09-14T10:59:00.000Z",
            "last_edited_time": "2025-09-14T10:59:00.000Z",
            "created_by": {
                "object": "user",
                "id": "90f687af-13a5-4409-85b4-c3f7fceabe80"
            },
            "last_edited_by": {
                "object": "user",
                "id": "90f687af-13a5-4409-85b4-c3f7fceabe80"
            },
            "has_children": false,
            "archived": false,
            "in_trash": false,
            "type": "paragraph",
            "paragraph": {
                "rich_text": [
                    {
                        "type": "text",
                        "text": {
                            "content": "Solana is a high-performance blockchain designed for speed and efficiency, allowing for fast transactions and low fees, making it suitable for various applications like decentralized finance (DeFi) and non-fungible tokens (NFTs). It uses a unique consensus mechanism called Proof of History, which helps to timestamp transactions and improve overall throughput, enabling thousands of transactions per second compared to other blockchains. This rapid processing capability is key for developers who want to build scalable applications. Solana has gained popularity due to its robust ecosystem, strong community support, and the ability to handle high-demand use cases while maintaining a decentralized network structure, making it an attractive platform for both developers and users in the blockchain space.",
                            "link": null
                        },
                        "annotations": {
                            "bold": false,
                            "italic": false,
                            "strikethrough": false,
                            "underline": false,
                            "code": false,
                            "color": "default"
                        },
                        "plain_text": "Solana is a high-performance blockchain designed for speed and efficiency, allowing for fast transactions and low fees, making it suitable for various applications like decentralized finance (DeFi) and non-fungible tokens (NFTs). It uses a unique consensus mechanism called Proof of History, which helps to timestamp transactions and improve overall throughput, enabling thousands of transactions per second compared to other blockchains. This rapid processing capability is key for developers who want to build scalable applications. Solana has gained popularity due to its robust ecosystem, strong community support, and the ability to handle high-demand use cases while maintaining a decentralized network structure, making it an attractive platform for both developers and users in the blockchain space.",
                        "href": null
                    }
                ],
                "color": "default"
            }
        }
    ],
    "next_cursor": null,
    "has_more": false,
    "type": "block",
    "block": {
        
    },
    "request_id": "7684cbe3-047b-4f61-b7d2-cd373b5d95e7"
}
2025-09-14 23:18:14 [TestNG-test-API Automation Test-2] INFO api.filters.LoggingAndReportingFilter::logAndReportRequest::26  URI : https://api.notion.com/v1/blocks/26e913ec-9396-802a-87b8-f4bf66275933/children 
2025-09-14 23:18:14 [TestNG-test-API Automation Test-2] INFO api.filters.LoggingAndReportingFilter::logAndReportRequest::27  BASE URI:https://api.notion.com/v1 
2025-09-14 23:18:14 [TestNG-test-API Automation Test-2] INFO api.filters.LoggingAndReportingFilter::logAndReportRequest::28  Request Header:Authorization=Bearer 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
Notion-Version=2022-02-22
Accept=*/* 
2025-09-14 23:18:14 [TestNG-test-API Automation Test-2] INFO api.filters.LoggingAndReportingFilter::logAndReportRequest::29  Request PayLoad:null 
2025-09-14 23:18:14 [TestNG-test-API Automation Test-2] INFO api.filters.LoggingAndReportingFilter::logAndReportResponse::36  STATUS CODE:200 
2025-09-14 23:18:14 [TestNG-test-API Automation Test-2] INFO api.filters.LoggingAndReportingFilter::logAndReportResponse::37  Response Header :Date=Sun, 14 Sep 2025 17:48:14 GMT
Content-Type=application/json; charset=utf-8
Transfer-Encoding=chunked
Connection=keep-alive
Server=cloudflare
CF-Ray=97f1b6cbbfaf444e-BOM
CF-Cache-Status=DYNAMIC
Content-Encoding=gzip
ETag=W/"c51-rECpJrQD36rCXD1ziGWwr6Tu5rM"
Strict-Transport-Security=max-age=31536000; includeSubDomains; preload
Vary=Accept-Encoding
content-security-policy=default-src 'none'
referrer-policy=strict-origin-when-cross-origin
x-content-type-options=nosniff
x-dns-prefetch-control=off
x-download-options=noopen
x-frame-options=SAMEORIGIN
x-notion-request-id=01d571a7-e2af-4a20-ae76-3c90ec9f1962
x-permitted-cross-domain-policies=none
x-xss-protection=0
Set-Cookie=__cf_bm=O0YqpsmKo2UKomVUqduaq70tyLaJrIA8Br1j9_K9qNE-1757872094-1.0.1.1-Hkaps.vKpIlISA9Zpyf5vitS4zpZzND4Vr7URYZ20od7ooAs58sTb4oD6dPbkkjkJZv9uyRDhHUcGnblmiG4AjTr891neGG9M49o4Pch_ng; path=/; expires=Sun, 14-Sep-25 18:18:14 GMT; domain=.notion.com; HttpOnly; Secure; SameSite=None
Set-Cookie=_cfuvid=YizstUBMUDP0JLfubDJv69k5vPhG8vmxzVvTWvPHTJU-1757872094414-0.0.1.1-604800000; path=/; domain=.notion.com; HttpOnly; Secure; SameSite=None
alt-svc=h3=":443"; ma=86400 
{
    "object": "list",
    "results": [
        {
            "object": "block",
            "id": "26e913ec-9396-8137-b745-d624c4d85169",
            "parent": {
                "type": "page_id",
                "page_id": "26e913ec-9396-802a-87b8-f4bf66275933"
            },
            "created_time": "2025-09-14T10:50:00.000Z",
            "last_edited_time": "2025-09-14T10:50:00.000Z",
            "created_by": {
                "object": "user",
                "id": "90f687af-13a5-4409-85b4-c3f7fceabe80"
            },
            "last_edited_by": {
                "object": "user",
                "id": "90f687af-13a5-4409-85b4-c3f7fceabe80"
            },
            "has_children": false,
            "archived": false,
            "in_trash": false,
            "type": "heading_2",
            "heading_2": {
                "rich_text": [
                    {
                        "type": "text",
                        "text": {
                            "content": "kafka",
                            "link": null
                        },
                        "annotations": {
                            "bold": false,
                            "italic": false,
                            "strikethrough": false,
                            "underline": false,
                            "code": false,
                            "color": "default"
                        },
                        "plain_text": "kafka",
                        "href": null
                    }
                ],
                "is_toggleable": false,
                "color": "default"
            }
        },
        {
            "object": "block",
            "id": "26e913ec-9396-817c-bca4-e3e8656692a3",
            "parent": {
                "type": "page_id",
                "page_id": "26e913ec-9396-802a-87b8-f4bf66275933"
            },
            "created_time": "2025-09-14T10:50:00.000Z",
            "last_edited_time": "2025-09-14T10:50:00.000Z",
            "created_by": {
                "object": "user",
                "id": "90f687af-13a5-4409-85b4-c3f7fceabe80"
            },
            "last_edited_by": {
                "object": "user",
                "id": "90f687af-13a5-4409-85b4-c3f7fceabe80"
            },
            "has_children": false,
            "archived": false,
            "in_trash": false,
            "type": "paragraph",
            "paragraph": {
                "rich_text": [
                    {
                        "type": "text",
                        "text": {
                            "content": "Kafka is an open-source distributed event streaming platform designed for high-throughput, fault-tolerant communication between systems. It allows applications to publish and subscribe to streams of records in real-time, making it ideal for processing large volumes of event data efficiently. At its core, Kafka organizes data into topics, where producers send messages and consumers read them, enabling seamless data sharing across different applications. Its architecture is built to handle data in a resilient manner, ensuring that messages are stored reliably and can be replayed if necessary. Kafka is widely used for various applications, including log aggregation, real-time analytics, and messaging between microservices, making it an essential tool for modern data-driven applications.",
                            "link": null
                        },
                        "annotations": {
                            "bold": false,
                            "italic": false,
                            "strikethrough": false,
                            "underline": false,
                            "code": false,
                            "color": "default"
                        },
                        "plain_text": "Kafka is an open-source distributed event streaming platform designed for high-throughput, fault-tolerant communication between systems. It allows applications to publish and subscribe to streams of records in real-time, making it ideal for processing large volumes of event data efficiently. At its core, Kafka organizes data into topics, where producers send messages and consumers read them, enabling seamless data sharing across different applications. Its architecture is built to handle data in a resilient manner, ensuring that messages are stored reliably and can be replayed if necessary. Kafka is widely used for various applications, including log aggregation, real-time analytics, and messaging between microservices, making it an essential tool for modern data-driven applications.",
                        "href": null
                    }
                ],
                "color": "default"
            }
        }
    ],
    "next_cursor": null,
    "has_more": false,
    "type": "block",
    "block": {
        
    },
    "request_id": "01d571a7-e2af-4a20-ae76-3c90ec9f1962"
}
2025-09-14 23:18:14 [TestNG-test-API Automation Test-2] INFO api.filters.LoggingAndReportingFilter::logAndReportResponse::38  Request Body:{
    "object": "list",
    "results": [
        {
            "object": "block",
            "id": "26e913ec-9396-8137-b745-d624c4d85169",
            "parent": {
                "type": "page_id",
                "page_id": "26e913ec-9396-802a-87b8-f4bf66275933"
            },
            "created_time": "2025-09-14T10:50:00.000Z",
            "last_edited_time": "2025-09-14T10:50:00.000Z",
            "created_by": {
                "object": "user",
                "id": "90f687af-13a5-4409-85b4-c3f7fceabe80"
            },
            "last_edited_by": {
                "object": "user",
                "id": "90f687af-13a5-4409-85b4-c3f7fceabe80"
            },
            "has_children": false,
            "archived": false,
            "in_trash": false,
            "type": "heading_2",
            "heading_2": {
                "rich_text": [
                    {
                        "type": "text",
                        "text": {
                            "content": "kafka",
                            "link": null
                        },
                        "annotations": {
                            "bold": false,
                            "italic": false,
                            "strikethrough": false,
                            "underline": false,
                            "code": false,
                            "color": "default"
                        },
                        "plain_text": "kafka",
                        "href": null
                    }
                ],
                "is_toggleable": false,
                "color": "default"
            }
        },
        {
            "object": "block",
            "id": "26e913ec-9396-817c-bca4-e3e8656692a3",
            "parent": {
                "type": "page_id",
                "page_id": "26e913ec-9396-802a-87b8-f4bf66275933"
            },
            "created_time": "2025-09-14T10:50:00.000Z",
            "last_edited_time": "2025-09-14T10:50:00.000Z",
            "created_by": {
                "object": "user",
                "id": "90f687af-13a5-4409-85b4-c3f7fceabe80"
            },
            "last_edited_by": {
                "object": "user",
                "id": "90f687af-13a5-4409-85b4-c3f7fceabe80"
            },
            "has_children": false,
            "archived": false,
            "in_trash": false,
            "type": "paragraph",
            "paragraph": {
                "rich_text": [
                    {
                        "type": "text",
                        "text": {
                            "content": "Kafka is an open-source distributed event streaming platform designed for high-throughput, fault-tolerant communication between systems. It allows applications to publish and subscribe to streams of records in real-time, making it ideal for processing large volumes of event data efficiently. At its core, Kafka organizes data into topics, where producers send messages and consumers read them, enabling seamless data sharing across different applications. Its architecture is built to handle data in a resilient manner, ensuring that messages are stored reliably and can be replayed if necessary. Kafka is widely used for various applications, including log aggregation, real-time analytics, and messaging between microservices, making it an essential tool for modern data-driven applications.",
                            "link": null
                        },
                        "annotations": {
                            "bold": false,
                            "italic": false,
                            "strikethrough": false,
                            "underline": false,
                            "code": false,
                            "color": "default"
                        },
                        "plain_text": "Kafka is an open-source distributed event streaming platform designed for high-throughput, fault-tolerant communication between systems. It allows applications to publish and subscribe to streams of records in real-time, making it ideal for processing large volumes of event data efficiently. At its core, Kafka organizes data into topics, where producers send messages and consumers read them, enabling seamless data sharing across different applications. Its architecture is built to handle data in a resilient manner, ensuring that messages are stored reliably and can be replayed if necessary. Kafka is widely used for various applications, including log aggregation, real-time analytics, and messaging between microservices, making it an essential tool for modern data-driven applications.",
                        "href": null
                    }
                ],
                "color": "default"
            }
        }
    ],
    "next_cursor": null,
    "has_more": false,
    "type": "block",
    "block": {
        
    },
    "request_id": "01d571a7-e2af-4a20-ae76-3c90ec9f1962"
} 
{
    "object": "list",
    "results": [
        {
            "object": "block",
            "id": "26e913ec-9396-8137-b745-d624c4d85169",
            "parent": {
                "type": "page_id",
                "page_id": "26e913ec-9396-802a-87b8-f4bf66275933"
            },
            "created_time": "2025-09-14T10:50:00.000Z",
            "last_edited_time": "2025-09-14T10:50:00.000Z",
            "created_by": {
                "object": "user",
                "id": "90f687af-13a5-4409-85b4-c3f7fceabe80"
            },
            "last_edited_by": {
                "object": "user",
                "id": "90f687af-13a5-4409-85b4-c3f7fceabe80"
            },
            "has_children": false,
            "archived": false,
            "in_trash": false,
            "type": "heading_2",
            "heading_2": {
                "rich_text": [
                    {
                        "type": "text",
                        "text": {
                            "content": "kafka",
                            "link": null
                        },
                        "annotations": {
                            "bold": false,
                            "italic": false,
                            "strikethrough": false,
                            "underline": false,
                            "code": false,
                            "color": "default"
                        },
                        "plain_text": "kafka",
                        "href": null
                    }
                ],
                "is_toggleable": false,
                "color": "default"
            }
        },
        {
            "object": "block",
            "id": "26e913ec-9396-817c-bca4-e3e8656692a3",
            "parent": {
                "type": "page_id",
                "page_id": "26e913ec-9396-802a-87b8-f4bf66275933"
            },
            "created_time": "2025-09-14T10:50:00.000Z",
            "last_edited_time": "2025-09-14T10:50:00.000Z",
            "created_by": {
                "object": "user",
                "id": "90f687af-13a5-4409-85b4-c3f7fceabe80"
            },
            "last_edited_by": {
                "object": "user",
                "id": "90f687af-13a5-4409-85b4-c3f7fceabe80"
            },
            "has_children": false,
            "archived": false,
            "in_trash": false,
            "type": "paragraph",
            "paragraph": {
                "rich_text": [
                    {
                        "type": "text",
                        "text": {
                            "content": "Kafka is an open-source distributed event streaming platform designed for high-throughput, fault-tolerant communication between systems. It allows applications to publish and subscribe to streams of records in real-time, making it ideal for processing large volumes of event data efficiently. At its core, Kafka organizes data into topics, where producers send messages and consumers read them, enabling seamless data sharing across different applications. Its architecture is built to handle data in a resilient manner, ensuring that messages are stored reliably and can be replayed if necessary. Kafka is widely used for various applications, including log aggregation, real-time analytics, and messaging between microservices, making it an essential tool for modern data-driven applications.",
                            "link": null
                        },
                        "annotations": {
                            "bold": false,
                            "italic": false,
                            "strikethrough": false,
                            "underline": false,
                            "code": false,
                            "color": "default"
                        },
                        "plain_text": "Kafka is an open-source distributed event streaming platform designed for high-throughput, fault-tolerant communication between systems. It allows applications to publish and subscribe to streams of records in real-time, making it ideal for processing large volumes of event data efficiently. At its core, Kafka organizes data into topics, where producers send messages and consumers read them, enabling seamless data sharing across different applications. Its architecture is built to handle data in a resilient manner, ensuring that messages are stored reliably and can be replayed if necessary. Kafka is widely used for various applications, including log aggregation, real-time analytics, and messaging between microservices, making it an essential tool for modern data-driven applications.",
                        "href": null
                    }
                ],
                "color": "default"
            }
        }
    ],
    "next_cursor": null,
    "has_more": false,
    "type": "block",
    "block": {
        
    },
    "request_id": "01d571a7-e2af-4a20-ae76-3c90ec9f1962"
}
2025-09-14 23:18:14 [TestNG-test-API Automation Test-2] INFO api.filters.LoggingAndReportingFilter::logAndReportRequest::26  URI : https://api.notion.com/v1/blocks/26d913ec-9396-809d-bac3-c7326b191b2e/children 
2025-09-14 23:18:14 [TestNG-test-API Automation Test-2] INFO api.filters.LoggingAndReportingFilter::logAndReportRequest::27  BASE URI:https://api.notion.com/v1 
2025-09-14 23:18:14 [TestNG-test-API Automation Test-2] INFO api.filters.LoggingAndReportingFilter::logAndReportRequest::28  Request Header:Authorization=Bearer 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
Notion-Version=2022-02-22
Accept=*/* 
2025-09-14 23:18:14 [TestNG-test-API Automation Test-2] INFO api.filters.LoggingAndReportingFilter::logAndReportRequest::29  Request PayLoad:null 
2025-09-14 23:18:15 [TestNG-test-API Automation Test-2] INFO api.filters.LoggingAndReportingFilter::logAndReportResponse::36  STATUS CODE:200 
2025-09-14 23:18:15 [TestNG-test-API Automation Test-2] INFO api.filters.LoggingAndReportingFilter::logAndReportResponse::37  Response Header :Date=Sun, 14 Sep 2025 17:48:15 GMT
Content-Type=application/json; charset=utf-8
Transfer-Encoding=chunked
Connection=keep-alive
Server=cloudflare
CF-Ray=97f1b6cfebbe47f3-BOM
CF-Cache-Status=DYNAMIC
Content-Encoding=gzip
ETag=W/"1130-33Ev06OjXNdb2yZiWd0qauARv8k"
Strict-Transport-Security=max-age=31536000; includeSubDomains; preload
Vary=Accept-Encoding
content-security-policy=default-src 'none'
referrer-policy=strict-origin-when-cross-origin
x-content-type-options=nosniff
x-dns-prefetch-control=off
x-download-options=noopen
x-frame-options=SAMEORIGIN
x-notion-request-id=e3edc807-be90-445f-8e3b-4542780ef0cb
x-permitted-cross-domain-policies=none
x-xss-protection=0
Set-Cookie=__cf_bm=Au9PfrtL1USAaoJwa4UMOKGRXoHW0ARTMuhvIGFkzsc-1757872095-1.0.1.1-zUwLcxBo6Ng7p0zrc7WpU5nyIrNdpAQX0y19FGV1GFnJ0MoD3HkpLOuBBt_empaT.LYVWGKkR.C99cPuarZmc1sKhAIgUrCfou_5bPbdhh4; path=/; expires=Sun, 14-Sep-25 18:18:15 GMT; domain=.notion.com; HttpOnly; Secure; SameSite=None
Set-Cookie=_cfuvid=.8Rt_QcWzHmUSulEX28kPCgCHTJcijlt4PZAF379Zsk-1757872095102-0.0.1.1-604800000; path=/; domain=.notion.com; HttpOnly; Secure; SameSite=None
alt-svc=h3=":443"; ma=86400 
{
    "object": "list",
    "results": [
        {
            "object": "block",
            "id": "26d913ec-9396-8014-ac0c-dcb282f113ea",
            "parent": {
                "type": "page_id",
                "page_id": "26d913ec-9396-809d-bac3-c7326b191b2e"
            },
            "created_time": "2025-09-13T23:08:00.000Z",
            "last_edited_time": "2025-09-13T23:08:00.000Z",
            "created_by": {
                "object": "user",
                "id": "171d872b-594c-811a-beba-0002c67dcc3c"
            },
            "last_edited_by": {
                "object": "user",
                "id": "171d872b-594c-811a-beba-0002c67dcc3c"
            },
            "has_children": false,
            "archived": false,
            "in_trash": false,
            "type": "paragraph",
            "paragraph": {
                "rich_text": [
                    
                ],
                "color": "default"
            }
        },
        {
            "object": "block",
            "id": "26d913ec-9396-817c-87c1-e43b42fe742b",
            "parent": {
                "type": "page_id",
                "page_id": "26d913ec-9396-809d-bac3-c7326b191b2e"
            },
            "created_time": "2025-09-13T23:09:00.000Z",
            "last_edited_time": "2025-09-13T23:09:00.000Z",
            "created_by": {
                "object": "user",
                "id": "90f687af-13a5-4409-85b4-c3f7fceabe80"
            },
            "last_edited_by": {
                "object": "user",
                "id": "90f687af-13a5-4409-85b4-c3f7fceabe80"
            },
            "has_children": false,
            "archived": false,
            "in_trash": false,
            "type": "heading_2",
            "heading_2": {
                "rich_text": [
                    {
                        "type": "text",
                        "text": {
                            "content": "PAndas",
                            "link": null
                        },
                        "annotations": {
                            "bold": false,
                            "italic": false,
                            "strikethrough": false,
                            "underline": false,
                            "code": false,
                            "color": "default"
                        },
                        "plain_text": "PAndas",
                        "href": null
                    }
                ],
                "is_toggleable": false,
                "color": "default"
            }
        },
        {
            "object": "block",
            "id": "26d913ec-9396-8166-add6-c5ca461b17d8",
            "parent": {
                "type": "page_id",
                "page_id": "26d913ec-9396-809d-bac3-c7326b191b2e"
            },
            "created_time": "2025-09-13T23:09:00.000Z",
            "last_edited_time": "2025-09-13T23:09:00.000Z",
            "created_by": {
                "object": "user",
                "id": "90f687af-13a5-4409-85b4-c3f7fceabe80"
            },
            "last_edited_by": {
                "object": "user",
                "id": "90f687af-13a5-4409-85b4-c3f7fceabe80"
            },
            "has_children": false,
            "archived": false,
            "in_trash": false,
            "type": "paragraph",
            "paragraph": {
                "rich_text": [
                    {
                        "type": "text",
                        "text": {
                            "content": "Lacinato kale is a variety of kale with a long tradition in Italian cuisine, especially that of Tuscany. It is also known as Tuscan kale, Italian kale, dinosaur kale, kale, flat back kale, palm tree kale, or black Tuscan palm.",
                            "link": null
                        },
                        "annotations": {
                            "bold": false,
                            "italic": false,
                            "strikethrough": false,
                            "underline": false,
                            "code": false,
                            "color": "default"
                        },
                        "plain_text": "Lacinato kale is a variety of kale with a long tradition in Italian cuisine, especially that of Tuscany. It is also known as Tuscan kale, Italian kale, dinosaur kale, kale, flat back kale, palm tree kale, or black Tuscan palm.",
                        "href": null
                    }
                ],
                "color": "default"
            }
        },
        {
            "object": "block",
            "id": "26e913ec-9396-8130-ab0a-fad56c463caa",
            "parent": {
                "type": "page_id",
                "page_id": "26d913ec-9396-809d-bac3-c7326b191b2e"
            },
            "created_time": "2025-09-14T07:00:00.000Z",
            "last_edited_time": "2025-09-14T07:00:00.000Z",
            "created_by": {
                "object": "user",
                "id": "90f687af-13a5-4409-85b4-c3f7fceabe80"
            },
            "last_edited_by": {
                "object": "user",
                "id": "90f687af-13a5-4409-85b4-c3f7fceabe80"
            },
            "has_children": false,
            "archived": false,
            "in_trash": false,
            "type": "heading_2",
            "heading_2": {
                "rich_text": [
                    {
                        "type": "text",
                        "text": {
                            "content": "pandas2",
                            "link": null
                        },
                        "annotations": {
                            "bold": false,
                            "italic": false,
                            "strikethrough": false,
                            "underline": false,
                            "code": false,
                            "color": "default"
                        },
                        "plain_text": "pandas2",
                        "href": null
                    }
                ],
                "is_toggleable": false,
                "color": "default"
            }
        },
        {
            "object": "block",
            "id": "26e913ec-9396-81c2-a6e6-e2fbd151854e",
            "parent": {
                "type": "page_id",
                "page_id": "26d913ec-9396-809d-bac3-c7326b191b2e"
            },
            "created_time": "2025-09-14T07:00:00.000Z",
            "last_edited_time": "2025-09-14T07:00:00.000Z",
            "created_by": {
                "object": "user",
                "id": "90f687af-13a5-4409-85b4-c3f7fceabe80"
            },
            "last_edited_by": {
                "object": "user",
                "id": "90f687af-13a5-4409-85b4-c3f7fceabe80"
            },
            "has_children": false,
            "archived": false,
            "in_trash": false,
            "type": "paragraph",
            "paragraph": {
                "rich_text": [
                    {
                        "type": "text",
                        "text": {
                            "content": "Lacinato kale is a variety of kale with a long tradition in Italian cuisine, especially that of Tuscany. It is also known as Tuscan kale, Italian kale, dinosaur kale, kale, flat back kale, palm tree kale, or black Tuscan palm.",
                            "link": null
                        },
                        "annotations": {
                            "bold": false,
                            "italic": false,
                            "strikethrough": false,
                            "underline": false,
                            "code": false,
                            "color": "default"
                        },
                        "plain_text": "Lacinato kale is a variety of kale with a long tradition in Italian cuisine, especially that of Tuscany. It is also known as Tuscan kale, Italian kale, dinosaur kale, kale, flat back kale, palm tree kale, or black Tuscan palm.",
                        "href": null
                    }
                ],
                "color": "default"
            }
        }
    ],
    "next_cursor": null,
    "has_more": false,
    "type": "block",
    "block": {
        
    },
    "request_id": "e3edc807-be90-445f-8e3b-4542780ef0cb"
}
2025-09-14 23:18:15 [TestNG-test-API Automation Test-2] INFO api.filters.LoggingAndReportingFilter::logAndReportResponse::38  Request Body:{
    "object": "list",
    "results": [
        {
            "object": "block",
            "id": "26d913ec-9396-8014-ac0c-dcb282f113ea",
            "parent": {
                "type": "page_id",
                "page_id": "26d913ec-9396-809d-bac3-c7326b191b2e"
            },
            "created_time": "2025-09-13T23:08:00.000Z",
            "last_edited_time": "2025-09-13T23:08:00.000Z",
            "created_by": {
                "object": "user",
                "id": "171d872b-594c-811a-beba-0002c67dcc3c"
            },
            "last_edited_by": {
                "object": "user",
                "id": "171d872b-594c-811a-beba-0002c67dcc3c"
            },
            "has_children": false,
            "archived": false,
            "in_trash": false,
            "type": "paragraph",
            "paragraph": {
                "rich_text": [
                    
                ],
                "color": "default"
            }
        },
        {
            "object": "block",
            "id": "26d913ec-9396-817c-87c1-e43b42fe742b",
            "parent": {
                "type": "page_id",
                "page_id": "26d913ec-9396-809d-bac3-c7326b191b2e"
            },
            "created_time": "2025-09-13T23:09:00.000Z",
            "last_edited_time": "2025-09-13T23:09:00.000Z",
            "created_by": {
                "object": "user",
                "id": "90f687af-13a5-4409-85b4-c3f7fceabe80"
            },
            "last_edited_by": {
                "object": "user",
                "id": "90f687af-13a5-4409-85b4-c3f7fceabe80"
            },
            "has_children": false,
            "archived": false,
            "in_trash": false,
            "type": "heading_2",
            "heading_2": {
                "rich_text": [
                    {
                        "type": "text",
                        "text": {
                            "content": "PAndas",
                            "link": null
                        },
                        "annotations": {
                            "bold": false,
                            "italic": false,
                            "strikethrough": false,
                            "underline": false,
                            "code": false,
                            "color": "default"
                        },
                        "plain_text": "PAndas",
                        "href": null
                    }
                ],
                "is_toggleable": false,
                "color": "default"
            }
        },
        {
            "object": "block",
            "id": "26d913ec-9396-8166-add6-c5ca461b17d8",
            "parent": {
                "type": "page_id",
                "page_id": "26d913ec-9396-809d-bac3-c7326b191b2e"
            },
            "created_time": "2025-09-13T23:09:00.000Z",
            "last_edited_time": "2025-09-13T23:09:00.000Z",
            "created_by": {
                "object": "user",
                "id": "90f687af-13a5-4409-85b4-c3f7fceabe80"
            },
            "last_edited_by": {
                "object": "user",
                "id": "90f687af-13a5-4409-85b4-c3f7fceabe80"
            },
            "has_children": false,
            "archived": false,
            "in_trash": false,
            "type": "paragraph",
            "paragraph": {
                "rich_text": [
                    {
                        "type": "text",
                        "text": {
                            "content": "Lacinato kale is a variety of kale with a long tradition in Italian cuisine, especially that of Tuscany. It is also known as Tuscan kale, Italian kale, dinosaur kale, kale, flat back kale, palm tree kale, or black Tuscan palm.",
                            "link": null
                        },
                        "annotations": {
                            "bold": false,
                            "italic": false,
                            "strikethrough": false,
                            "underline": false,
                            "code": false,
                            "color": "default"
                        },
                        "plain_text": "Lacinato kale is a variety of kale with a long tradition in Italian cuisine, especially that of Tuscany. It is also known as Tuscan kale, Italian kale, dinosaur kale, kale, flat back kale, palm tree kale, or black Tuscan palm.",
                        "href": null
                    }
                ],
                "color": "default"
            }
        },
        {
            "object": "block",
            "id": "26e913ec-9396-8130-ab0a-fad56c463caa",
            "parent": {
                "type": "page_id",
                "page_id": "26d913ec-9396-809d-bac3-c7326b191b2e"
            },
            "created_time": "2025-09-14T07:00:00.000Z",
            "last_edited_time": "2025-09-14T07:00:00.000Z",
            "created_by": {
                "object": "user",
                "id": "90f687af-13a5-4409-85b4-c3f7fceabe80"
            },
            "last_edited_by": {
                "object": "user",
                "id": "90f687af-13a5-4409-85b4-c3f7fceabe80"
            },
            "has_children": false,
            "archived": false,
            "in_trash": false,
            "type": "heading_2",
            "heading_2": {
                "rich_text": [
                    {
                        "type": "text",
                        "text": {
                            "content": "pandas2",
                            "link": null
                        },
                        "annotations": {
                            "bold": false,
                            "italic": false,
                            "strikethrough": false,
                            "underline": false,
                            "code": false,
                            "color": "default"
                        },
                        "plain_text": "pandas2",
                        "href": null
                    }
                ],
                "is_toggleable": false,
                "color": "default"
            }
        },
        {
            "object": "block",
            "id": "26e913ec-9396-81c2-a6e6-e2fbd151854e",
            "parent": {
                "type": "page_id",
                "page_id": "26d913ec-9396-809d-bac3-c7326b191b2e"
            },
            "created_time": "2025-09-14T07:00:00.000Z",
            "last_edited_time": "2025-09-14T07:00:00.000Z",
            "created_by": {
                "object": "user",
                "id": "90f687af-13a5-4409-85b4-c3f7fceabe80"
            },
            "last_edited_by": {
                "object": "user",
                "id": "90f687af-13a5-4409-85b4-c3f7fceabe80"
            },
            "has_children": false,
            "archived": false,
            "in_trash": false,
            "type": "paragraph",
            "paragraph": {
                "rich_text": [
                    {
                        "type": "text",
                        "text": {
                            "content": "Lacinato kale is a variety of kale with a long tradition in Italian cuisine, especially that of Tuscany. It is also known as Tuscan kale, Italian kale, dinosaur kale, kale, flat back kale, palm tree kale, or black Tuscan palm.",
                            "link": null
                        },
                        "annotations": {
                            "bold": false,
                            "italic": false,
                            "strikethrough": false,
                            "underline": false,
                            "code": false,
                            "color": "default"
                        },
                        "plain_text": "Lacinato kale is a variety of kale with a long tradition in Italian cuisine, especially that of Tuscany. It is also known as Tuscan kale, Italian kale, dinosaur kale, kale, flat back kale, palm tree kale, or black Tuscan palm.",
                        "href": null
                    }
                ],
                "color": "default"
            }
        }
    ],
    "next_cursor": null,
    "has_more": false,
    "type": "block",
    "block": {
        
    },
    "request_id": "e3edc807-be90-445f-8e3b-4542780ef0cb"
} 
{
    "object": "list",
    "results": [
        {
            "object": "block",
            "id": "26d913ec-9396-8014-ac0c-dcb282f113ea",
            "parent": {
                "type": "page_id",
                "page_id": "26d913ec-9396-809d-bac3-c7326b191b2e"
            },
            "created_time": "2025-09-13T23:08:00.000Z",
            "last_edited_time": "2025-09-13T23:08:00.000Z",
            "created_by": {
                "object": "user",
                "id": "171d872b-594c-811a-beba-0002c67dcc3c"
            },
            "last_edited_by": {
                "object": "user",
                "id": "171d872b-594c-811a-beba-0002c67dcc3c"
            },
            "has_children": false,
            "archived": false,
            "in_trash": false,
            "type": "paragraph",
            "paragraph": {
                "rich_text": [
                    
                ],
                "color": "default"
            }
        },
        {
            "object": "block",
            "id": "26d913ec-9396-817c-87c1-e43b42fe742b",
            "parent": {
                "type": "page_id",
                "page_id": "26d913ec-9396-809d-bac3-c7326b191b2e"
            },
            "created_time": "2025-09-13T23:09:00.000Z",
            "last_edited_time": "2025-09-13T23:09:00.000Z",
            "created_by": {
                "object": "user",
                "id": "90f687af-13a5-4409-85b4-c3f7fceabe80"
            },
            "last_edited_by": {
                "object": "user",
                "id": "90f687af-13a5-4409-85b4-c3f7fceabe80"
            },
            "has_children": false,
            "archived": false,
            "in_trash": false,
            "type": "heading_2",
            "heading_2": {
                "rich_text": [
                    {
                        "type": "text",
                        "text": {
                            "content": "PAndas",
                            "link": null
                        },
                        "annotations": {
                            "bold": false,
                            "italic": false,
                            "strikethrough": false,
                            "underline": false,
                            "code": false,
                            "color": "default"
                        },
                        "plain_text": "PAndas",
                        "href": null
                    }
                ],
                "is_toggleable": false,
                "color": "default"
            }
        },
        {
            "object": "block",
            "id": "26d913ec-9396-8166-add6-c5ca461b17d8",
            "parent": {
                "type": "page_id",
                "page_id": "26d913ec-9396-809d-bac3-c7326b191b2e"
            },
            "created_time": "2025-09-13T23:09:00.000Z",
            "last_edited_time": "2025-09-13T23:09:00.000Z",
            "created_by": {
                "object": "user",
                "id": "90f687af-13a5-4409-85b4-c3f7fceabe80"
            },
            "last_edited_by": {
                "object": "user",
                "id": "90f687af-13a5-4409-85b4-c3f7fceabe80"
            },
            "has_children": false,
            "archived": false,
            "in_trash": false,
            "type": "paragraph",
            "paragraph": {
                "rich_text": [
                    {
                        "type": "text",
                        "text": {
                            "content": "Lacinato kale is a variety of kale with a long tradition in Italian cuisine, especially that of Tuscany. It is also known as Tuscan kale, Italian kale, dinosaur kale, kale, flat back kale, palm tree kale, or black Tuscan palm.",
                            "link": null
                        },
                        "annotations": {
                            "bold": false,
                            "italic": false,
                            "strikethrough": false,
                            "underline": false,
                            "code": false,
                            "color": "default"
                        },
                        "plain_text": "Lacinato kale is a variety of kale with a long tradition in Italian cuisine, especially that of Tuscany. It is also known as Tuscan kale, Italian kale, dinosaur kale, kale, flat back kale, palm tree kale, or black Tuscan palm.",
                        "href": null
                    }
                ],
                "color": "default"
            }
        },
        {
            "object": "block",
            "id": "26e913ec-9396-8130-ab0a-fad56c463caa",
            "parent": {
                "type": "page_id",
                "page_id": "26d913ec-9396-809d-bac3-c7326b191b2e"
            },
            "created_time": "2025-09-14T07:00:00.000Z",
            "last_edited_time": "2025-09-14T07:00:00.000Z",
            "created_by": {
                "object": "user",
                "id": "90f687af-13a5-4409-85b4-c3f7fceabe80"
            },
            "last_edited_by": {
                "object": "user",
                "id": "90f687af-13a5-4409-85b4-c3f7fceabe80"
            },
            "has_children": false,
            "archived": false,
            "in_trash": false,
            "type": "heading_2",
            "heading_2": {
                "rich_text": [
                    {
                        "type": "text",
                        "text": {
                            "content": "pandas2",
                            "link": null
                        },
                        "annotations": {
                            "bold": false,
                            "italic": false,
                            "strikethrough": false,
                            "underline": false,
                            "code": false,
                            "color": "default"
                        },
                        "plain_text": "pandas2",
                        "href": null
                    }
                ],
                "is_toggleable": false,
                "color": "default"
            }
        },
        {
            "object": "block",
            "id": "26e913ec-9396-81c2-a6e6-e2fbd151854e",
            "parent": {
                "type": "page_id",
                "page_id": "26d913ec-9396-809d-bac3-c7326b191b2e"
            },
            "created_time": "2025-09-14T07:00:00.000Z",
            "last_edited_time": "2025-09-14T07:00:00.000Z",
            "created_by": {
                "object": "user",
                "id": "90f687af-13a5-4409-85b4-c3f7fceabe80"
            },
            "last_edited_by": {
                "object": "user",
                "id": "90f687af-13a5-4409-85b4-c3f7fceabe80"
            },
            "has_children": false,
            "archived": false,
            "in_trash": false,
            "type": "paragraph",
            "paragraph": {
                "rich_text": [
                    {
                        "type": "text",
                        "text": {
                            "content": "Lacinato kale is a variety of kale with a long tradition in Italian cuisine, especially that of Tuscany. It is also known as Tuscan kale, Italian kale, dinosaur kale, kale, flat back kale, palm tree kale, or black Tuscan palm.",
                            "link": null
                        },
                        "annotations": {
                            "bold": false,
                            "italic": false,
                            "strikethrough": false,
                            "underline": false,
                            "code": false,
                            "color": "default"
                        },
                        "plain_text": "Lacinato kale is a variety of kale with a long tradition in Italian cuisine, especially that of Tuscany. It is also known as Tuscan kale, Italian kale, dinosaur kale, kale, flat back kale, palm tree kale, or black Tuscan palm.",
                        "href": null
                    }
                ],
                "color": "default"
            }
        }
    ],
    "next_cursor": null,
    "has_more": false,
    "type": "block",
    "block": {
        
    },
    "request_id": "e3edc807-be90-445f-8e3b-4542780ef0cb"
}
]]></system-out>
    <system-err><![CDATA[Sep 14, 2025 11:17:59 PM freemarker.log._JULLoggerFactory$JULLogger error
SEVERE: Error executing FreeMarker template
FreeMarker template error:
The following has evaluated to null or missing:
==> c  [in template "codeblock.json.ftl" at line 6, column 86]

----
Tip: If the failing expression is known to legally refer to something that's sometimes null or missing, either specify a default value like myOptionalVar!myDefault, or use <#if myOptionalVar??>when-present<#else>when-missing</#if>. (These only cover the last step of the expression; to cover the whole expression, use parenthesis: (myOptionalVar.foo)!myDefault, (myOptionalVar.foo)??
----

----
FTL stack trace ("~" means nesting-related):
	- Failed at: ${c}  [in template "codeblock.json.ftl" at line 6, column 84]
----

Java stack trace (for programmers):
----
freemarker.core.InvalidReferenceException: [... Exception message was already printed; see it above ...]
	at freemarker.core.InvalidReferenceException.getInstance(InvalidReferenceException.java:134)
	at freemarker.core.EvalUtil.coerceModelToTextualCommon(EvalUtil.java:481)
	at freemarker.core.EvalUtil.coerceModelToStringOrMarkup(EvalUtil.java:401)
	at freemarker.core.EvalUtil.coerceModelToStringOrMarkup(EvalUtil.java:370)
	at freemarker.core.DollarVariable.calculateInterpolatedStringOrMarkup(DollarVariable.java:104)
	at freemarker.core.DollarVariable.accept(DollarVariable.java:63)
	at freemarker.core.Environment.visit(Environment.java:371)
	at freemarker.core.IteratorBlock$IterationContext.executedNestedContentForCollOrSeqListing(IteratorBlock.java:321)
	at freemarker.core.IteratorBlock$IterationContext.executeNestedContent(IteratorBlock.java:271)
	at freemarker.core.IteratorBlock$IterationContext.accept(IteratorBlock.java:244)
	at freemarker.core.Environment.visitIteratorBlock(Environment.java:645)
	at freemarker.core.IteratorBlock.acceptWithResult(IteratorBlock.java:108)
	at freemarker.core.IteratorBlock.accept(IteratorBlock.java:94)
	at freemarker.core.Environment.visit(Environment.java:335)
	at freemarker.core.Environment.visit(Environment.java:341)
	at freemarker.core.Environment.process(Environment.java:314)
	at freemarker.template.Template.process(Template.java:383)
	at com.aventstack.extentreports.templating.FreemarkerTemplate.processTemplate(FreemarkerTemplate.java:51)
	at com.aventstack.extentreports.templating.FreemarkerTemplate.getSource(FreemarkerTemplate.java:39)
	at com.aventstack.extentreports.markuputils.CodeBlock.getMarkup(CodeBlock.java:59)
	at com.aventstack.extentreports.ExtentTest.log(ExtentTest.java:484)
	at com.aventstack.extentreports.ExtentTest.info(ExtentTest.java:619)
	at utility.ExtentReporterUtility.logJson(ExtentReporterUtility.java:37)
	at api.filters.LoggingAndReportingFilter.logAndReportRequest(LoggingAndReportingFilter.java:33)
	at api.filters.LoggingAndReportingFilter.filter(LoggingAndReportingFilter.java:19)
	at io.restassured.filter.Filter$filter.call(Unknown Source)
	at org.codehaus.groovy.runtime.callsite.CallSiteArray.defaultCall(CallSiteArray.java:45)
	at io.restassured.filter.Filter$filter$0.call(Unknown Source)
	at io.restassured.internal.filter.FilterContextImpl.next(FilterContextImpl.groovy:72)
	at io.restassured.filter.FilterContext$next.call(Unknown Source)
	at io.restassured.internal.RequestSpecificationImpl.applyPathParamsAndSendRequest(RequestSpecificationImpl.groovy:1704)
	at io.restassured.internal.RequestSpecificationImpl.this$2$applyPathParamsAndSendRequest(RequestSpecificationImpl.groovy)
	at java.base/jdk.internal.reflect.DirectMethodHandleAccessor.invoke(DirectMethodHandleAccessor.java:104)
	at java.base/java.lang.reflect.Method.invoke(Method.java:577)
	at org.codehaus.groovy.reflection.CachedMethod.invoke(CachedMethod.java:343)
	at groovy.lang.MetaMethod.doMethodInvoke(MetaMethod.java:328)
	at groovy.lang.MetaClassImpl.doInvokeMethod(MetaClassImpl.java:1348)
	at groovy.lang.MetaClassImpl.invokeMethod(MetaClassImpl.java:1103)
	at groovy.lang.MetaClassImpl.invokeMethod(MetaClassImpl.java:1009)
	at groovy.lang.MetaClassImpl.invokeMethod(MetaClassImpl.java:792)
	at io.restassured.internal.RequestSpecificationImpl.invokeMethod(RequestSpecificationImpl.groovy)
	at org.codehaus.groovy.runtime.callsite.PogoInterceptableSite.call(PogoInterceptableSite.java:46)
	at org.codehaus.groovy.runtime.callsite.PogoInterceptableSite.callCurrent(PogoInterceptableSite.java:57)
	at org.codehaus.groovy.runtime.callsite.AbstractCallSite.callCurrent(AbstractCallSite.java:203)
	at io.restassured.internal.RequestSpecificationImpl.applyPathParamsAndSendRequest(RequestSpecificationImpl.groovy:1710)
	at io.restassured.internal.RequestSpecificationImpl.this$2$applyPathParamsAndSendRequest(RequestSpecificationImpl.groovy)
	at java.base/jdk.internal.reflect.DirectMethodHandleAccessor.invoke(DirectMethodHandleAccessor.java:104)
	at java.base/java.lang.reflect.Method.invoke(Method.java:577)
	at org.codehaus.groovy.reflection.CachedMethod.invoke(CachedMethod.java:343)
	at groovy.lang.MetaMethod.doMethodInvoke(MetaMethod.java:328)
	at groovy.lang.MetaClassImpl.doInvokeMethod(MetaClassImpl.java:1348)
	at groovy.lang.MetaClassImpl.invokeMethod(MetaClassImpl.java:1103)
	at groovy.lang.MetaClassImpl.invokeMethod(MetaClassImpl.java:1009)
	at groovy.lang.MetaClassImpl.invokeMethod(MetaClassImpl.java:792)
	at io.restassured.internal.RequestSpecificationImpl.invokeMethod(RequestSpecificationImpl.groovy)
	at org.codehaus.groovy.runtime.callsite.PogoInterceptableSite.call(PogoInterceptableSite.java:46)
	at org.codehaus.groovy.runtime.callsite.PogoInterceptableSite.callCurrent(PogoInterceptableSite.java:57)
	at org.codehaus.groovy.runtime.callsite.CallSiteArray.defaultCallCurrent(CallSiteArray.java:49)
	at org.codehaus.groovy.runtime.callsite.AbstractCallSite.callCurrent(AbstractCallSite.java:171)
	at org.codehaus.groovy.runtime.callsite.AbstractCallSite.callCurrent(AbstractCallSite.java:203)
	at io.restassured.internal.RequestSpecificationImpl.get(RequestSpecificationImpl.groovy:172)
	at io.restassured.internal.RequestSpecificationImpl.get(RequestSpecificationImpl.groovy)
	at api.services.notion.NotionBaseService.getRequest(NotionBaseService.java:25)
	at api.services.notion.BlockService.blocks(BlockService.java:10)
	at api.tests.gpt_and_notion.ChatGptTextGenerationTest.getPageContent(ChatGptTextGenerationTest.java:64)
	at java.base/jdk.internal.reflect.DirectMethodHandleAccessor.invoke(DirectMethodHandleAccessor.java:104)
	at java.base/java.lang.reflect.Method.invoke(Method.java:577)
	at org.testng.internal.invokers.MethodInvocationHelper.invokeMethod(MethodInvocationHelper.java:141)
	at org.testng.internal.invokers.TestInvoker.invokeMethod(TestInvoker.java:686)
	at org.testng.internal.invokers.TestInvoker.invokeTestMethod(TestInvoker.java:230)
	at org.testng.internal.invokers.MethodRunner.runInSequence(MethodRunner.java:63)
	at org.testng.internal.invokers.TestInvoker$MethodInvocationAgent.invoke(TestInvoker.java:992)
	at org.testng.internal.invokers.TestInvoker.invokeTestMethods(TestInvoker.java:203)
	at org.testng.internal.invokers.TestMethodWorker.invokeTestMethods(TestMethodWorker.java:154)
	at org.testng.internal.invokers.TestMethodWorker.run(TestMethodWorker.java:134)
	at java.base/java.util.concurrent.Executors$RunnableAdapter.call(Executors.java:539)
	at java.base/java.util.concurrent.FutureTask.run(FutureTask.java:264)
	at org.testng.internal.thread.graph.TestNGFutureTask.run(TestNGFutureTask.java:22)
	at java.base/java.util.concurrent.ThreadPoolExecutor.runWorker(ThreadPoolExecutor.java:1136)
	at java.base/java.util.concurrent.ThreadPoolExecutor$Worker.run(ThreadPoolExecutor.java:635)
	at java.base/java.lang.Thread.run(Thread.java:833)

FreeMarker template error:
The following has evaluated to null or missing:
==> c  [in template "codeblock.json.ftl" at line 6, column 86]

----
Tip: If the failing expression is known to legally refer to something that's sometimes null or missing, either specify a default value like myOptionalVar!myDefault, or use <#if myOptionalVar??>when-present<#else>when-missing</#if>. (These only cover the last step of the expression; to cover the whole expression, use parenthesis: (myOptionalVar.foo)!myDefault, (myOptionalVar.foo)??
----

----
FTL stack trace ("~" means nesting-related):
	- Failed at: ${c}  [in template "codeblock.json.ftl" at line 6, column 84]
----

Java stack trace (for programmers):
----
freemarker.core.InvalidReferenceException: [... Exception message was already printed; see it above ...]
	at freemarker.core.InvalidReferenceException.getInstance(InvalidReferenceException.java:134)
	at freemarker.core.EvalUtil.coerceModelToTextualCommon(EvalUtil.java:481)
	at freemarker.core.EvalUtil.coerceModelToStringOrMarkup(EvalUtil.java:401)
	at freemarker.core.EvalUtil.coerceModelToStringOrMarkup(EvalUtil.java:370)
	at freemarker.core.DollarVariable.calculateInterpolatedStringOrMarkup(DollarVariable.java:104)
	at freemarker.core.DollarVariable.accept(DollarVariable.java:63)
	at freemarker.core.Environment.visit(Environment.java:371)
	at freemarker.core.IteratorBlock$IterationContext.executedNestedContentForCollOrSeqListing(IteratorBlock.java:321)
	at freemarker.core.IteratorBlock$IterationContext.executeNestedContent(IteratorBlock.java:271)
	at freemarker.core.IteratorBlock$IterationContext.accept(IteratorBlock.java:244)
	at freemarker.core.Environment.visitIteratorBlock(Environment.java:645)
	at freemarker.core.IteratorBlock.acceptWithResult(IteratorBlock.java:108)
	at freemarker.core.IteratorBlock.accept(IteratorBlock.java:94)
	at freemarker.core.Environment.visit(Environment.java:335)
	at freemarker.core.Environment.visit(Environment.java:341)
	at freemarker.core.Environment.process(Environment.java:314)
	at freemarker.template.Template.process(Template.java:383)
	at com.aventstack.extentreports.templating.FreemarkerTemplate.processTemplate(FreemarkerTemplate.java:51)
	at com.aventstack.extentreports.templating.FreemarkerTemplate.getSource(FreemarkerTemplate.java:39)
	at com.aventstack.extentreports.markuputils.CodeBlock.getMarkup(CodeBlock.java:59)
	at com.aventstack.extentreports.ExtentTest.log(ExtentTest.java:484)
	at com.aventstack.extentreports.ExtentTest.info(ExtentTest.java:619)
	at utility.ExtentReporterUtility.logJson(ExtentReporterUtility.java:37)
	at api.filters.LoggingAndReportingFilter.logAndReportRequest(LoggingAndReportingFilter.java:33)
	at api.filters.LoggingAndReportingFilter.filter(LoggingAndReportingFilter.java:19)
	at io.restassured.filter.Filter$filter.call(Unknown Source)
	at org.codehaus.groovy.runtime.callsite.CallSiteArray.defaultCall(CallSiteArray.java:45)
	at io.restassured.filter.Filter$filter$0.call(Unknown Source)
	at io.restassured.internal.filter.FilterContextImpl.next(FilterContextImpl.groovy:72)
	at io.restassured.filter.FilterContext$next.call(Unknown Source)
	at io.restassured.internal.RequestSpecificationImpl.applyPathParamsAndSendRequest(RequestSpecificationImpl.groovy:1704)
	at io.restassured.internal.RequestSpecificationImpl.this$2$applyPathParamsAndSendRequest(RequestSpecificationImpl.groovy)
	at java.base/jdk.internal.reflect.DirectMethodHandleAccessor.invoke(DirectMethodHandleAccessor.java:104)
	at java.base/java.lang.reflect.Method.invoke(Method.java:577)
	at org.codehaus.groovy.reflection.CachedMethod.invoke(CachedMethod.java:343)
	at groovy.lang.MetaMethod.doMethodInvoke(MetaMethod.java:328)
	at groovy.lang.MetaClassImpl.doInvokeMethod(MetaClassImpl.java:1348)
	at groovy.lang.MetaClassImpl.invokeMethod(MetaClassImpl.java:1103)
	at groovy.lang.MetaClassImpl.invokeMethod(MetaClassImpl.java:1009)
	at groovy.lang.MetaClassImpl.invokeMethod(MetaClassImpl.java:792)
	at io.restassured.internal.RequestSpecificationImpl.invokeMethod(RequestSpecificationImpl.groovy)
	at org.codehaus.groovy.runtime.callsite.PogoInterceptableSite.call(PogoInterceptableSite.java:46)
	at org.codehaus.groovy.runtime.callsite.PogoInterceptableSite.callCurrent(PogoInterceptableSite.java:57)
	at org.codehaus.groovy.runtime.callsite.AbstractCallSite.callCurrent(AbstractCallSite.java:203)
	at io.restassured.internal.RequestSpecificationImpl.applyPathParamsAndSendRequest(RequestSpecificationImpl.groovy:1710)
	at io.restassured.internal.RequestSpecificationImpl.this$2$applyPathParamsAndSendRequest(RequestSpecificationImpl.groovy)
	at java.base/jdk.internal.reflect.DirectMethodHandleAccessor.invoke(DirectMethodHandleAccessor.java:104)
	at java.base/java.lang.reflect.Method.invoke(Method.java:577)
	at org.codehaus.groovy.reflection.CachedMethod.invoke(CachedMethod.java:343)
	at groovy.lang.MetaMethod.doMethodInvoke(MetaMethod.java:328)
	at groovy.lang.MetaClassImpl.doInvokeMethod(MetaClassImpl.java:1348)
	at groovy.lang.MetaClassImpl.invokeMethod(MetaClassImpl.java:1103)
	at groovy.lang.MetaClassImpl.invokeMethod(MetaClassImpl.java:1009)
	at groovy.lang.MetaClassImpl.invokeMethod(MetaClassImpl.java:792)
	at io.restassured.internal.RequestSpecificationImpl.invokeMethod(RequestSpecificationImpl.groovy)
	at org.codehaus.groovy.runtime.callsite.PogoInterceptableSite.call(PogoInterceptableSite.java:46)
	at org.codehaus.groovy.runtime.callsite.PogoInterceptableSite.callCurrent(PogoInterceptableSite.java:57)
	at org.codehaus.groovy.runtime.callsite.CallSiteArray.defaultCallCurrent(CallSiteArray.java:49)
	at org.codehaus.groovy.runtime.callsite.AbstractCallSite.callCurrent(AbstractCallSite.java:171)
	at org.codehaus.groovy.runtime.callsite.AbstractCallSite.callCurrent(AbstractCallSite.java:203)
	at io.restassured.internal.RequestSpecificationImpl.get(RequestSpecificationImpl.groovy:172)
	at io.restassured.internal.RequestSpecificationImpl.get(RequestSpecificationImpl.groovy)
	at api.services.notion.NotionBaseService.getRequest(NotionBaseService.java:25)
	at api.services.notion.BlockService.blocks(BlockService.java:10)
	at api.tests.gpt_and_notion.ChatGptTextGenerationTest.getPageContent(ChatGptTextGenerationTest.java:64)
	at java.base/jdk.internal.reflect.DirectMethodHandleAccessor.invoke(DirectMethodHandleAccessor.java:104)
	at java.base/java.lang.reflect.Method.invoke(Method.java:577)
	at org.testng.internal.invokers.MethodInvocationHelper.invokeMethod(MethodInvocationHelper.java:141)
	at org.testng.internal.invokers.TestInvoker.invokeMethod(TestInvoker.java:686)
	at org.testng.internal.invokers.TestInvoker.invokeTestMethod(TestInvoker.java:230)
	at org.testng.internal.invokers.MethodRunner.runInSequence(MethodRunner.java:63)
	at org.testng.internal.invokers.TestInvoker$MethodInvocationAgent.invoke(TestInvoker.java:992)
	at org.testng.internal.invokers.TestInvoker.invokeTestMethods(TestInvoker.java:203)
	at org.testng.internal.invokers.TestMethodWorker.invokeTestMethods(TestMethodWorker.java:154)
	at org.testng.internal.invokers.TestMethodWorker.run(TestMethodWorker.java:134)
	at java.base/java.util.concurrent.Executors$RunnableAdapter.call(Executors.java:539)
	at java.base/java.util.concurrent.FutureTask.run(FutureTask.java:264)
	at org.testng.internal.thread.graph.TestNGFutureTask.run(TestNGFutureTask.java:22)
	at java.base/java.util.concurrent.ThreadPoolExecutor.runWorker(ThreadPoolExecutor.java:1136)
	at java.base/java.util.concurrent.ThreadPoolExecutor$Worker.run(ThreadPoolExecutor.java:635)
	at java.base/java.lang.Thread.run(Thread.java:833)
Sep 14, 2025 11:18:01 PM freemarker.log._JULLoggerFactory$JULLogger error
SEVERE: Error executing FreeMarker template
FreeMarker template error:
The following has evaluated to null or missing:
==> c  [in template "codeblock.json.ftl" at line 6, column 86]

----
Tip: If the failing expression is known to legally refer to something that's sometimes null or missing, either specify a default value like myOptionalVar!myDefault, or use <#if myOptionalVar??>when-present<#else>when-missing</#if>. (These only cover the last step of the expression; to cover the whole expression, use parenthesis: (myOptionalVar.foo)!myDefault, (myOptionalVar.foo)??
----

----
FTL stack trace ("~" means nesting-related):
	- Failed at: ${c}  [in template "codeblock.json.ftl" at line 6, column 84]
----

Java stack trace (for programmers):
----
freemarker.core.InvalidReferenceException: [... Exception message was already printed; see it above ...]
	at freemarker.core.InvalidReferenceException.getInstance(InvalidReferenceException.java:134)
	at freemarker.core.EvalUtil.coerceModelToTextualCommon(EvalUtil.java:481)
	at freemarker.core.EvalUtil.coerceModelToStringOrMarkup(EvalUtil.java:401)
	at freemarker.core.EvalUtil.coerceModelToStringOrMarkup(EvalUtil.java:370)
	at freemarker.core.DollarVariable.calculateInterpolatedStringOrMarkup(DollarVariable.java:104)
	at freemarker.core.DollarVariable.accept(DollarVariable.java:63)
	at freemarker.core.Environment.visit(Environment.java:371)
	at freemarker.core.IteratorBlock$IterationContext.executedNestedContentForCollOrSeqListing(IteratorBlock.java:321)
	at freemarker.core.IteratorBlock$IterationContext.executeNestedContent(IteratorBlock.java:271)
	at freemarker.core.IteratorBlock$IterationContext.accept(IteratorBlock.java:244)
	at freemarker.core.Environment.visitIteratorBlock(Environment.java:645)
	at freemarker.core.IteratorBlock.acceptWithResult(IteratorBlock.java:108)
	at freemarker.core.IteratorBlock.accept(IteratorBlock.java:94)
	at freemarker.core.Environment.visit(Environment.java:335)
	at freemarker.core.Environment.visit(Environment.java:341)
	at freemarker.core.Environment.process(Environment.java:314)
	at freemarker.template.Template.process(Template.java:383)
	at com.aventstack.extentreports.templating.FreemarkerTemplate.processTemplate(FreemarkerTemplate.java:51)
	at com.aventstack.extentreports.templating.FreemarkerTemplate.getSource(FreemarkerTemplate.java:39)
	at com.aventstack.extentreports.markuputils.CodeBlock.getMarkup(CodeBlock.java:59)
	at com.aventstack.extentreports.ExtentTest.log(ExtentTest.java:484)
	at com.aventstack.extentreports.ExtentTest.info(ExtentTest.java:619)
	at utility.ExtentReporterUtility.logJson(ExtentReporterUtility.java:37)
	at api.filters.LoggingAndReportingFilter.logAndReportRequest(LoggingAndReportingFilter.java:33)
	at api.filters.LoggingAndReportingFilter.filter(LoggingAndReportingFilter.java:19)
	at io.restassured.filter.Filter$filter.call(Unknown Source)
	at org.codehaus.groovy.runtime.callsite.CallSiteArray.defaultCall(CallSiteArray.java:45)
	at io.restassured.filter.Filter$filter$0.call(Unknown Source)
	at io.restassured.internal.filter.FilterContextImpl.next(FilterContextImpl.groovy:72)
	at io.restassured.filter.FilterContext$next.call(Unknown Source)
	at io.restassured.internal.RequestSpecificationImpl.applyPathParamsAndSendRequest(RequestSpecificationImpl.groovy:1704)
	at io.restassured.internal.RequestSpecificationImpl.this$2$applyPathParamsAndSendRequest(RequestSpecificationImpl.groovy)
	at java.base/jdk.internal.reflect.DirectMethodHandleAccessor.invoke(DirectMethodHandleAccessor.java:104)
	at java.base/java.lang.reflect.Method.invoke(Method.java:577)
	at org.codehaus.groovy.reflection.CachedMethod.invoke(CachedMethod.java:343)
	at groovy.lang.MetaMethod.doMethodInvoke(MetaMethod.java:328)
	at groovy.lang.MetaClassImpl.doInvokeMethod(MetaClassImpl.java:1348)
	at groovy.lang.MetaClassImpl.invokeMethod(MetaClassImpl.java:1103)
	at groovy.lang.MetaClassImpl.invokeMethod(MetaClassImpl.java:1009)
	at groovy.lang.MetaClassImpl.invokeMethod(MetaClassImpl.java:792)
	at io.restassured.internal.RequestSpecificationImpl.invokeMethod(RequestSpecificationImpl.groovy)
	at org.codehaus.groovy.runtime.callsite.PogoInterceptableSite.call(PogoInterceptableSite.java:46)
	at org.codehaus.groovy.runtime.callsite.PogoInterceptableSite.callCurrent(PogoInterceptableSite.java:57)
	at org.codehaus.groovy.runtime.callsite.AbstractCallSite.callCurrent(AbstractCallSite.java:203)
	at io.restassured.internal.RequestSpecificationImpl.applyPathParamsAndSendRequest(RequestSpecificationImpl.groovy:1710)
	at io.restassured.internal.RequestSpecificationImpl.this$2$applyPathParamsAndSendRequest(RequestSpecificationImpl.groovy)
	at java.base/jdk.internal.reflect.DirectMethodHandleAccessor.invoke(DirectMethodHandleAccessor.java:104)
	at java.base/java.lang.reflect.Method.invoke(Method.java:577)
	at org.codehaus.groovy.reflection.CachedMethod.invoke(CachedMethod.java:343)
	at groovy.lang.MetaMethod.doMethodInvoke(MetaMethod.java:328)
	at groovy.lang.MetaClassImpl.doInvokeMethod(MetaClassImpl.java:1348)
	at groovy.lang.MetaClassImpl.invokeMethod(MetaClassImpl.java:1103)
	at groovy.lang.MetaClassImpl.invokeMethod(MetaClassImpl.java:1009)
	at groovy.lang.MetaClassImpl.invokeMethod(MetaClassImpl.java:792)
	at io.restassured.internal.RequestSpecificationImpl.invokeMethod(RequestSpecificationImpl.groovy)
	at org.codehaus.groovy.runtime.callsite.PogoInterceptableSite.call(PogoInterceptableSite.java:46)
	at org.codehaus.groovy.runtime.callsite.PogoInterceptableSite.callCurrent(PogoInterceptableSite.java:57)
	at org.codehaus.groovy.runtime.callsite.AbstractCallSite.callCurrent(AbstractCallSite.java:203)
	at io.restassured.internal.RequestSpecificationImpl.get(RequestSpecificationImpl.groovy:172)
	at io.restassured.internal.RequestSpecificationImpl.get(RequestSpecificationImpl.groovy)
	at api.services.notion.NotionBaseService.getRequest(NotionBaseService.java:25)
	at api.services.notion.BlockService.blocks(BlockService.java:10)
	at api.tests.gpt_and_notion.ChatGptTextGenerationTest.getPageContent(ChatGptTextGenerationTest.java:64)
	at java.base/jdk.internal.reflect.DirectMethodHandleAccessor.invoke(DirectMethodHandleAccessor.java:104)
	at java.base/java.lang.reflect.Method.invoke(Method.java:577)
	at org.testng.internal.invokers.MethodInvocationHelper.invokeMethod(MethodInvocationHelper.java:141)
	at org.testng.internal.invokers.TestInvoker.invokeMethod(TestInvoker.java:686)
	at org.testng.internal.invokers.TestInvoker.invokeTestMethod(TestInvoker.java:230)
	at org.testng.internal.invokers.MethodRunner.runInSequence(MethodRunner.java:63)
	at org.testng.internal.invokers.TestInvoker$MethodInvocationAgent.invoke(TestInvoker.java:992)
	at org.testng.internal.invokers.TestInvoker.invokeTestMethods(TestInvoker.java:203)
	at org.testng.internal.invokers.TestMethodWorker.invokeTestMethods(TestMethodWorker.java:154)
	at org.testng.internal.invokers.TestMethodWorker.run(TestMethodWorker.java:134)
	at java.base/java.util.concurrent.Executors$RunnableAdapter.call(Executors.java:539)
	at java.base/java.util.concurrent.FutureTask.run(FutureTask.java:264)
	at org.testng.internal.thread.graph.TestNGFutureTask.run(TestNGFutureTask.java:22)
	at java.base/java.util.concurrent.ThreadPoolExecutor.runWorker(ThreadPoolExecutor.java:1136)
	at java.base/java.util.concurrent.ThreadPoolExecutor$Worker.run(ThreadPoolExecutor.java:635)
	at java.base/java.lang.Thread.run(Thread.java:833)

FreeMarker template error:
The following has evaluated to null or missing:
==> c  [in template "codeblock.json.ftl" at line 6, column 86]

----
Tip: If the failing expression is known to legally refer to something that's sometimes null or missing, either specify a default value like myOptionalVar!myDefault, or use <#if myOptionalVar??>when-present<#else>when-missing</#if>. (These only cover the last step of the expression; to cover the whole expression, use parenthesis: (myOptionalVar.foo)!myDefault, (myOptionalVar.foo)??
----

----
FTL stack trace ("~" means nesting-related):
	- Failed at: ${c}  [in template "codeblock.json.ftl" at line 6, column 84]
----

Java stack trace (for programmers):
----
freemarker.core.InvalidReferenceException: [... Exception message was already printed; see it above ...]
	at freemarker.core.InvalidReferenceException.getInstance(InvalidReferenceException.java:134)
	at freemarker.core.EvalUtil.coerceModelToTextualCommon(EvalUtil.java:481)
	at freemarker.core.EvalUtil.coerceModelToStringOrMarkup(EvalUtil.java:401)
	at freemarker.core.EvalUtil.coerceModelToStringOrMarkup(EvalUtil.java:370)
	at freemarker.core.DollarVariable.calculateInterpolatedStringOrMarkup(DollarVariable.java:104)
	at freemarker.core.DollarVariable.accept(DollarVariable.java:63)
	at freemarker.core.Environment.visit(Environment.java:371)
	at freemarker.core.IteratorBlock$IterationContext.executedNestedContentForCollOrSeqListing(IteratorBlock.java:321)
	at freemarker.core.IteratorBlock$IterationContext.executeNestedContent(IteratorBlock.java:271)
	at freemarker.core.IteratorBlock$IterationContext.accept(IteratorBlock.java:244)
	at freemarker.core.Environment.visitIteratorBlock(Environment.java:645)
	at freemarker.core.IteratorBlock.acceptWithResult(IteratorBlock.java:108)
	at freemarker.core.IteratorBlock.accept(IteratorBlock.java:94)
	at freemarker.core.Environment.visit(Environment.java:335)
	at freemarker.core.Environment.visit(Environment.java:341)
	at freemarker.core.Environment.process(Environment.java:314)
	at freemarker.template.Template.process(Template.java:383)
	at com.aventstack.extentreports.templating.FreemarkerTemplate.processTemplate(FreemarkerTemplate.java:51)
	at com.aventstack.extentreports.templating.FreemarkerTemplate.getSource(FreemarkerTemplate.java:39)
	at com.aventstack.extentreports.markuputils.CodeBlock.getMarkup(CodeBlock.java:59)
	at com.aventstack.extentreports.ExtentTest.log(ExtentTest.java:484)
	at com.aventstack.extentreports.ExtentTest.info(ExtentTest.java:619)
	at utility.ExtentReporterUtility.logJson(ExtentReporterUtility.java:37)
	at api.filters.LoggingAndReportingFilter.logAndReportRequest(LoggingAndReportingFilter.java:33)
	at api.filters.LoggingAndReportingFilter.filter(LoggingAndReportingFilter.java:19)
	at io.restassured.filter.Filter$filter.call(Unknown Source)
	at org.codehaus.groovy.runtime.callsite.CallSiteArray.defaultCall(CallSiteArray.java:45)
	at io.restassured.filter.Filter$filter$0.call(Unknown Source)
	at io.restassured.internal.filter.FilterContextImpl.next(FilterContextImpl.groovy:72)
	at io.restassured.filter.FilterContext$next.call(Unknown Source)
	at io.restassured.internal.RequestSpecificationImpl.applyPathParamsAndSendRequest(RequestSpecificationImpl.groovy:1704)
	at io.restassured.internal.RequestSpecificationImpl.this$2$applyPathParamsAndSendRequest(RequestSpecificationImpl.groovy)
	at java.base/jdk.internal.reflect.DirectMethodHandleAccessor.invoke(DirectMethodHandleAccessor.java:104)
	at java.base/java.lang.reflect.Method.invoke(Method.java:577)
	at org.codehaus.groovy.reflection.CachedMethod.invoke(CachedMethod.java:343)
	at groovy.lang.MetaMethod.doMethodInvoke(MetaMethod.java:328)
	at groovy.lang.MetaClassImpl.doInvokeMethod(MetaClassImpl.java:1348)
	at groovy.lang.MetaClassImpl.invokeMethod(MetaClassImpl.java:1103)
	at groovy.lang.MetaClassImpl.invokeMethod(MetaClassImpl.java:1009)
	at groovy.lang.MetaClassImpl.invokeMethod(MetaClassImpl.java:792)
	at io.restassured.internal.RequestSpecificationImpl.invokeMethod(RequestSpecificationImpl.groovy)
	at org.codehaus.groovy.runtime.callsite.PogoInterceptableSite.call(PogoInterceptableSite.java:46)
	at org.codehaus.groovy.runtime.callsite.PogoInterceptableSite.callCurrent(PogoInterceptableSite.java:57)
	at org.codehaus.groovy.runtime.callsite.AbstractCallSite.callCurrent(AbstractCallSite.java:203)
	at io.restassured.internal.RequestSpecificationImpl.applyPathParamsAndSendRequest(RequestSpecificationImpl.groovy:1710)
	at io.restassured.internal.RequestSpecificationImpl.this$2$applyPathParamsAndSendRequest(RequestSpecificationImpl.groovy)
	at java.base/jdk.internal.reflect.DirectMethodHandleAccessor.invoke(DirectMethodHandleAccessor.java:104)
	at java.base/java.lang.reflect.Method.invoke(Method.java:577)
	at org.codehaus.groovy.reflection.CachedMethod.invoke(CachedMethod.java:343)
	at groovy.lang.MetaMethod.doMethodInvoke(MetaMethod.java:328)
	at groovy.lang.MetaClassImpl.doInvokeMethod(MetaClassImpl.java:1348)
	at groovy.lang.MetaClassImpl.invokeMethod(MetaClassImpl.java:1103)
	at groovy.lang.MetaClassImpl.invokeMethod(MetaClassImpl.java:1009)
	at groovy.lang.MetaClassImpl.invokeMethod(MetaClassImpl.java:792)
	at io.restassured.internal.RequestSpecificationImpl.invokeMethod(RequestSpecificationImpl.groovy)
	at org.codehaus.groovy.runtime.callsite.PogoInterceptableSite.call(PogoInterceptableSite.java:46)
	at org.codehaus.groovy.runtime.callsite.PogoInterceptableSite.callCurrent(PogoInterceptableSite.java:57)
	at org.codehaus.groovy.runtime.callsite.AbstractCallSite.callCurrent(AbstractCallSite.java:203)
	at io.restassured.internal.RequestSpecificationImpl.get(RequestSpecificationImpl.groovy:172)
	at io.restassured.internal.RequestSpecificationImpl.get(RequestSpecificationImpl.groovy)
	at api.services.notion.NotionBaseService.getRequest(NotionBaseService.java:25)
	at api.services.notion.BlockService.blocks(BlockService.java:10)
	at api.tests.gpt_and_notion.ChatGptTextGenerationTest.getPageContent(ChatGptTextGenerationTest.java:64)
	at java.base/jdk.internal.reflect.DirectMethodHandleAccessor.invoke(DirectMethodHandleAccessor.java:104)
	at java.base/java.lang.reflect.Method.invoke(Method.java:577)
	at org.testng.internal.invokers.MethodInvocationHelper.invokeMethod(MethodInvocationHelper.java:141)
	at org.testng.internal.invokers.TestInvoker.invokeMethod(TestInvoker.java:686)
	at org.testng.internal.invokers.TestInvoker.invokeTestMethod(TestInvoker.java:230)
	at org.testng.internal.invokers.MethodRunner.runInSequence(MethodRunner.java:63)
	at org.testng.internal.invokers.TestInvoker$MethodInvocationAgent.invoke(TestInvoker.java:992)
	at org.testng.internal.invokers.TestInvoker.invokeTestMethods(TestInvoker.java:203)
	at org.testng.internal.invokers.TestMethodWorker.invokeTestMethods(TestMethodWorker.java:154)
	at org.testng.internal.invokers.TestMethodWorker.run(TestMethodWorker.java:134)
	at java.base/java.util.concurrent.Executors$RunnableAdapter.call(Executors.java:539)
	at java.base/java.util.concurrent.FutureTask.run(FutureTask.java:264)
	at org.testng.internal.thread.graph.TestNGFutureTask.run(TestNGFutureTask.java:22)
	at java.base/java.util.concurrent.ThreadPoolExecutor.runWorker(ThreadPoolExecutor.java:1136)
	at java.base/java.util.concurrent.ThreadPoolExecutor$Worker.run(ThreadPoolExecutor.java:635)
	at java.base/java.lang.Thread.run(Thread.java:833)
Sep 14, 2025 11:18:02 PM freemarker.log._JULLoggerFactory$JULLogger error
SEVERE: Error executing FreeMarker template
FreeMarker template error:
The following has evaluated to null or missing:
==> c  [in template "codeblock.json.ftl" at line 6, column 86]

----
Tip: If the failing expression is known to legally refer to something that's sometimes null or missing, either specify a default value like myOptionalVar!myDefault, or use <#if myOptionalVar??>when-present<#else>when-missing</#if>. (These only cover the last step of the expression; to cover the whole expression, use parenthesis: (myOptionalVar.foo)!myDefault, (myOptionalVar.foo)??
----

----
FTL stack trace ("~" means nesting-related):
	- Failed at: ${c}  [in template "codeblock.json.ftl" at line 6, column 84]
----

Java stack trace (for programmers):
----
freemarker.core.InvalidReferenceException: [... Exception message was already printed; see it above ...]
	at freemarker.core.InvalidReferenceException.getInstance(InvalidReferenceException.java:134)
	at freemarker.core.EvalUtil.coerceModelToTextualCommon(EvalUtil.java:481)
	at freemarker.core.EvalUtil.coerceModelToStringOrMarkup(EvalUtil.java:401)
	at freemarker.core.EvalUtil.coerceModelToStringOrMarkup(EvalUtil.java:370)
	at freemarker.core.DollarVariable.calculateInterpolatedStringOrMarkup(DollarVariable.java:104)
	at freemarker.core.DollarVariable.accept(DollarVariable.java:63)
	at freemarker.core.Environment.visit(Environment.java:371)
	at freemarker.core.IteratorBlock$IterationContext.executedNestedContentForCollOrSeqListing(IteratorBlock.java:321)
	at freemarker.core.IteratorBlock$IterationContext.executeNestedContent(IteratorBlock.java:271)
	at freemarker.core.IteratorBlock$IterationContext.accept(IteratorBlock.java:244)
	at freemarker.core.Environment.visitIteratorBlock(Environment.java:645)
	at freemarker.core.IteratorBlock.acceptWithResult(IteratorBlock.java:108)
	at freemarker.core.IteratorBlock.accept(IteratorBlock.java:94)
	at freemarker.core.Environment.visit(Environment.java:335)
	at freemarker.core.Environment.visit(Environment.java:341)
	at freemarker.core.Environment.process(Environment.java:314)
	at freemarker.template.Template.process(Template.java:383)
	at com.aventstack.extentreports.templating.FreemarkerTemplate.processTemplate(FreemarkerTemplate.java:51)
	at com.aventstack.extentreports.templating.FreemarkerTemplate.getSource(FreemarkerTemplate.java:39)
	at com.aventstack.extentreports.markuputils.CodeBlock.getMarkup(CodeBlock.java:59)
	at com.aventstack.extentreports.ExtentTest.log(ExtentTest.java:484)
	at com.aventstack.extentreports.ExtentTest.info(ExtentTest.java:619)
	at utility.ExtentReporterUtility.logJson(ExtentReporterUtility.java:37)
	at api.filters.LoggingAndReportingFilter.logAndReportRequest(LoggingAndReportingFilter.java:33)
	at api.filters.LoggingAndReportingFilter.filter(LoggingAndReportingFilter.java:19)
	at io.restassured.filter.Filter$filter.call(Unknown Source)
	at org.codehaus.groovy.runtime.callsite.CallSiteArray.defaultCall(CallSiteArray.java:45)
	at io.restassured.filter.Filter$filter$0.call(Unknown Source)
	at io.restassured.internal.filter.FilterContextImpl.next(FilterContextImpl.groovy:72)
	at io.restassured.filter.FilterContext$next.call(Unknown Source)
	at io.restassured.internal.RequestSpecificationImpl.applyPathParamsAndSendRequest(RequestSpecificationImpl.groovy:1704)
	at io.restassured.internal.RequestSpecificationImpl.this$2$applyPathParamsAndSendRequest(RequestSpecificationImpl.groovy)
	at java.base/jdk.internal.reflect.DirectMethodHandleAccessor.invoke(DirectMethodHandleAccessor.java:104)
	at java.base/java.lang.reflect.Method.invoke(Method.java:577)
	at org.codehaus.groovy.reflection.CachedMethod.invoke(CachedMethod.java:343)
	at groovy.lang.MetaMethod.doMethodInvoke(MetaMethod.java:328)
	at groovy.lang.MetaClassImpl.doInvokeMethod(MetaClassImpl.java:1348)
	at groovy.lang.MetaClassImpl.invokeMethod(MetaClassImpl.java:1103)
	at groovy.lang.MetaClassImpl.invokeMethod(MetaClassImpl.java:1009)
	at groovy.lang.MetaClassImpl.invokeMethod(MetaClassImpl.java:792)
	at io.restassured.internal.RequestSpecificationImpl.invokeMethod(RequestSpecificationImpl.groovy)
	at org.codehaus.groovy.runtime.callsite.PogoInterceptableSite.call(PogoInterceptableSite.java:46)
	at org.codehaus.groovy.runtime.callsite.PogoInterceptableSite.callCurrent(PogoInterceptableSite.java:57)
	at org.codehaus.groovy.runtime.callsite.AbstractCallSite.callCurrent(AbstractCallSite.java:203)
	at io.restassured.internal.RequestSpecificationImpl.applyPathParamsAndSendRequest(RequestSpecificationImpl.groovy:1710)
	at io.restassured.internal.RequestSpecificationImpl.this$2$applyPathParamsAndSendRequest(RequestSpecificationImpl.groovy)
	at java.base/jdk.internal.reflect.DirectMethodHandleAccessor.invoke(DirectMethodHandleAccessor.java:104)
	at java.base/java.lang.reflect.Method.invoke(Method.java:577)
	at org.codehaus.groovy.reflection.CachedMethod.invoke(CachedMethod.java:343)
	at groovy.lang.MetaMethod.doMethodInvoke(MetaMethod.java:328)
	at groovy.lang.MetaClassImpl.doInvokeMethod(MetaClassImpl.java:1348)
	at groovy.lang.MetaClassImpl.invokeMethod(MetaClassImpl.java:1103)
	at groovy.lang.MetaClassImpl.invokeMethod(MetaClassImpl.java:1009)
	at groovy.lang.MetaClassImpl.invokeMethod(MetaClassImpl.java:792)
	at io.restassured.internal.RequestSpecificationImpl.invokeMethod(RequestSpecificationImpl.groovy)
	at org.codehaus.groovy.runtime.callsite.PogoInterceptableSite.call(PogoInterceptableSite.java:46)
	at org.codehaus.groovy.runtime.callsite.PogoInterceptableSite.callCurrent(PogoInterceptableSite.java:57)
	at org.codehaus.groovy.runtime.callsite.AbstractCallSite.callCurrent(AbstractCallSite.java:203)
	at io.restassured.internal.RequestSpecificationImpl.get(RequestSpecificationImpl.groovy:172)
	at io.restassured.internal.RequestSpecificationImpl.get(RequestSpecificationImpl.groovy)
	at api.services.notion.NotionBaseService.getRequest(NotionBaseService.java:25)
	at api.services.notion.BlockService.blocks(BlockService.java:10)
	at api.tests.gpt_and_notion.ChatGptTextGenerationTest.getPageContent(ChatGptTextGenerationTest.java:64)
	at java.base/jdk.internal.reflect.DirectMethodHandleAccessor.invoke(DirectMethodHandleAccessor.java:104)
	at java.base/java.lang.reflect.Method.invoke(Method.java:577)
	at org.testng.internal.invokers.MethodInvocationHelper.invokeMethod(MethodInvocationHelper.java:141)
	at org.testng.internal.invokers.TestInvoker.invokeMethod(TestInvoker.java:686)
	at org.testng.internal.invokers.TestInvoker.invokeTestMethod(TestInvoker.java:230)
	at org.testng.internal.invokers.MethodRunner.runInSequence(MethodRunner.java:63)
	at org.testng.internal.invokers.TestInvoker$MethodInvocationAgent.invoke(TestInvoker.java:992)
	at org.testng.internal.invokers.TestInvoker.invokeTestMethods(TestInvoker.java:203)
	at org.testng.internal.invokers.TestMethodWorker.invokeTestMethods(TestMethodWorker.java:154)
	at org.testng.internal.invokers.TestMethodWorker.run(TestMethodWorker.java:134)
	at java.base/java.util.concurrent.Executors$RunnableAdapter.call(Executors.java:539)
	at java.base/java.util.concurrent.FutureTask.run(FutureTask.java:264)
	at org.testng.internal.thread.graph.TestNGFutureTask.run(TestNGFutureTask.java:22)
	at java.base/java.util.concurrent.ThreadPoolExecutor.runWorker(ThreadPoolExecutor.java:1136)
	at java.base/java.util.concurrent.ThreadPoolExecutor$Worker.run(ThreadPoolExecutor.java:635)
	at java.base/java.lang.Thread.run(Thread.java:833)

FreeMarker template error:
The following has evaluated to null or missing:
==> c  [in template "codeblock.json.ftl" at line 6, column 86]

----
Tip: If the failing expression is known to legally refer to something that's sometimes null or missing, either specify a default value like myOptionalVar!myDefault, or use <#if myOptionalVar??>when-present<#else>when-missing</#if>. (These only cover the last step of the expression; to cover the whole expression, use parenthesis: (myOptionalVar.foo)!myDefault, (myOptionalVar.foo)??
----

----
FTL stack trace ("~" means nesting-related):
	- Failed at: ${c}  [in template "codeblock.json.ftl" at line 6, column 84]
----

Java stack trace (for programmers):
----
freemarker.core.InvalidReferenceException: [... Exception message was already printed; see it above ...]
	at freemarker.core.InvalidReferenceException.getInstance(InvalidReferenceException.java:134)
	at freemarker.core.EvalUtil.coerceModelToTextualCommon(EvalUtil.java:481)
	at freemarker.core.EvalUtil.coerceModelToStringOrMarkup(EvalUtil.java:401)
	at freemarker.core.EvalUtil.coerceModelToStringOrMarkup(EvalUtil.java:370)
	at freemarker.core.DollarVariable.calculateInterpolatedStringOrMarkup(DollarVariable.java:104)
	at freemarker.core.DollarVariable.accept(DollarVariable.java:63)
	at freemarker.core.Environment.visit(Environment.java:371)
	at freemarker.core.IteratorBlock$IterationContext.executedNestedContentForCollOrSeqListing(IteratorBlock.java:321)
	at freemarker.core.IteratorBlock$IterationContext.executeNestedContent(IteratorBlock.java:271)
	at freemarker.core.IteratorBlock$IterationContext.accept(IteratorBlock.java:244)
	at freemarker.core.Environment.visitIteratorBlock(Environment.java:645)
	at freemarker.core.IteratorBlock.acceptWithResult(IteratorBlock.java:108)
	at freemarker.core.IteratorBlock.accept(IteratorBlock.java:94)
	at freemarker.core.Environment.visit(Environment.java:335)
	at freemarker.core.Environment.visit(Environment.java:341)
	at freemarker.core.Environment.process(Environment.java:314)
	at freemarker.template.Template.process(Template.java:383)
	at com.aventstack.extentreports.templating.FreemarkerTemplate.processTemplate(FreemarkerTemplate.java:51)
	at com.aventstack.extentreports.templating.FreemarkerTemplate.getSource(FreemarkerTemplate.java:39)
	at com.aventstack.extentreports.markuputils.CodeBlock.getMarkup(CodeBlock.java:59)
	at com.aventstack.extentreports.ExtentTest.log(ExtentTest.java:484)
	at com.aventstack.extentreports.ExtentTest.info(ExtentTest.java:619)
	at utility.ExtentReporterUtility.logJson(ExtentReporterUtility.java:37)
	at api.filters.LoggingAndReportingFilter.logAndReportRequest(LoggingAndReportingFilter.java:33)
	at api.filters.LoggingAndReportingFilter.filter(LoggingAndReportingFilter.java:19)
	at io.restassured.filter.Filter$filter.call(Unknown Source)
	at org.codehaus.groovy.runtime.callsite.CallSiteArray.defaultCall(CallSiteArray.java:45)
	at io.restassured.filter.Filter$filter$0.call(Unknown Source)
	at io.restassured.internal.filter.FilterContextImpl.next(FilterContextImpl.groovy:72)
	at io.restassured.filter.FilterContext$next.call(Unknown Source)
	at io.restassured.internal.RequestSpecificationImpl.applyPathParamsAndSendRequest(RequestSpecificationImpl.groovy:1704)
	at io.restassured.internal.RequestSpecificationImpl.this$2$applyPathParamsAndSendRequest(RequestSpecificationImpl.groovy)
	at java.base/jdk.internal.reflect.DirectMethodHandleAccessor.invoke(DirectMethodHandleAccessor.java:104)
	at java.base/java.lang.reflect.Method.invoke(Method.java:577)
	at org.codehaus.groovy.reflection.CachedMethod.invoke(CachedMethod.java:343)
	at groovy.lang.MetaMethod.doMethodInvoke(MetaMethod.java:328)
	at groovy.lang.MetaClassImpl.doInvokeMethod(MetaClassImpl.java:1348)
	at groovy.lang.MetaClassImpl.invokeMethod(MetaClassImpl.java:1103)
	at groovy.lang.MetaClassImpl.invokeMethod(MetaClassImpl.java:1009)
	at groovy.lang.MetaClassImpl.invokeMethod(MetaClassImpl.java:792)
	at io.restassured.internal.RequestSpecificationImpl.invokeMethod(RequestSpecificationImpl.groovy)
	at org.codehaus.groovy.runtime.callsite.PogoInterceptableSite.call(PogoInterceptableSite.java:46)
	at org.codehaus.groovy.runtime.callsite.PogoInterceptableSite.callCurrent(PogoInterceptableSite.java:57)
	at org.codehaus.groovy.runtime.callsite.AbstractCallSite.callCurrent(AbstractCallSite.java:203)
	at io.restassured.internal.RequestSpecificationImpl.applyPathParamsAndSendRequest(RequestSpecificationImpl.groovy:1710)
	at io.restassured.internal.RequestSpecificationImpl.this$2$applyPathParamsAndSendRequest(RequestSpecificationImpl.groovy)
	at java.base/jdk.internal.reflect.DirectMethodHandleAccessor.invoke(DirectMethodHandleAccessor.java:104)
	at java.base/java.lang.reflect.Method.invoke(Method.java:577)
	at org.codehaus.groovy.reflection.CachedMethod.invoke(CachedMethod.java:343)
	at groovy.lang.MetaMethod.doMethodInvoke(MetaMethod.java:328)
	at groovy.lang.MetaClassImpl.doInvokeMethod(MetaClassImpl.java:1348)
	at groovy.lang.MetaClassImpl.invokeMethod(MetaClassImpl.java:1103)
	at groovy.lang.MetaClassImpl.invokeMethod(MetaClassImpl.java:1009)
	at groovy.lang.MetaClassImpl.invokeMethod(MetaClassImpl.java:792)
	at io.restassured.internal.RequestSpecificationImpl.invokeMethod(RequestSpecificationImpl.groovy)
	at org.codehaus.groovy.runtime.callsite.PogoInterceptableSite.call(PogoInterceptableSite.java:46)
	at org.codehaus.groovy.runtime.callsite.PogoInterceptableSite.callCurrent(PogoInterceptableSite.java:57)
	at org.codehaus.groovy.runtime.callsite.AbstractCallSite.callCurrent(AbstractCallSite.java:203)
	at io.restassured.internal.RequestSpecificationImpl.get(RequestSpecificationImpl.groovy:172)
	at io.restassured.internal.RequestSpecificationImpl.get(RequestSpecificationImpl.groovy)
	at api.services.notion.NotionBaseService.getRequest(NotionBaseService.java:25)
	at api.services.notion.BlockService.blocks(BlockService.java:10)
	at api.tests.gpt_and_notion.ChatGptTextGenerationTest.getPageContent(ChatGptTextGenerationTest.java:64)
	at java.base/jdk.internal.reflect.DirectMethodHandleAccessor.invoke(DirectMethodHandleAccessor.java:104)
	at java.base/java.lang.reflect.Method.invoke(Method.java:577)
	at org.testng.internal.invokers.MethodInvocationHelper.invokeMethod(MethodInvocationHelper.java:141)
	at org.testng.internal.invokers.TestInvoker.invokeMethod(TestInvoker.java:686)
	at org.testng.internal.invokers.TestInvoker.invokeTestMethod(TestInvoker.java:230)
	at org.testng.internal.invokers.MethodRunner.runInSequence(MethodRunner.java:63)
	at org.testng.internal.invokers.TestInvoker$MethodInvocationAgent.invoke(TestInvoker.java:992)
	at org.testng.internal.invokers.TestInvoker.invokeTestMethods(TestInvoker.java:203)
	at org.testng.internal.invokers.TestMethodWorker.invokeTestMethods(TestMethodWorker.java:154)
	at org.testng.internal.invokers.TestMethodWorker.run(TestMethodWorker.java:134)
	at java.base/java.util.concurrent.Executors$RunnableAdapter.call(Executors.java:539)
	at java.base/java.util.concurrent.FutureTask.run(FutureTask.java:264)
	at org.testng.internal.thread.graph.TestNGFutureTask.run(TestNGFutureTask.java:22)
	at java.base/java.util.concurrent.ThreadPoolExecutor.runWorker(ThreadPoolExecutor.java:1136)
	at java.base/java.util.concurrent.ThreadPoolExecutor$Worker.run(ThreadPoolExecutor.java:635)
	at java.base/java.lang.Thread.run(Thread.java:833)
Sep 14, 2025 11:18:04 PM freemarker.log._JULLoggerFactory$JULLogger error
SEVERE: Error executing FreeMarker template
FreeMarker template error:
The following has evaluated to null or missing:
==> c  [in template "codeblock.json.ftl" at line 6, column 86]

----
Tip: If the failing expression is known to legally refer to something that's sometimes null or missing, either specify a default value like myOptionalVar!myDefault, or use <#if myOptionalVar??>when-present<#else>when-missing</#if>. (These only cover the last step of the expression; to cover the whole expression, use parenthesis: (myOptionalVar.foo)!myDefault, (myOptionalVar.foo)??
----

----
FTL stack trace ("~" means nesting-related):
	- Failed at: ${c}  [in template "codeblock.json.ftl" at line 6, column 84]
----

Java stack trace (for programmers):
----
freemarker.core.InvalidReferenceException: [... Exception message was already printed; see it above ...]
	at freemarker.core.InvalidReferenceException.getInstance(InvalidReferenceException.java:134)
	at freemarker.core.EvalUtil.coerceModelToTextualCommon(EvalUtil.java:481)
	at freemarker.core.EvalUtil.coerceModelToStringOrMarkup(EvalUtil.java:401)
	at freemarker.core.EvalUtil.coerceModelToStringOrMarkup(EvalUtil.java:370)
	at freemarker.core.DollarVariable.calculateInterpolatedStringOrMarkup(DollarVariable.java:104)
	at freemarker.core.DollarVariable.accept(DollarVariable.java:63)
	at freemarker.core.Environment.visit(Environment.java:371)
	at freemarker.core.IteratorBlock$IterationContext.executedNestedContentForCollOrSeqListing(IteratorBlock.java:321)
	at freemarker.core.IteratorBlock$IterationContext.executeNestedContent(IteratorBlock.java:271)
	at freemarker.core.IteratorBlock$IterationContext.accept(IteratorBlock.java:244)
	at freemarker.core.Environment.visitIteratorBlock(Environment.java:645)
	at freemarker.core.IteratorBlock.acceptWithResult(IteratorBlock.java:108)
	at freemarker.core.IteratorBlock.accept(IteratorBlock.java:94)
	at freemarker.core.Environment.visit(Environment.java:335)
	at freemarker.core.Environment.visit(Environment.java:341)
	at freemarker.core.Environment.process(Environment.java:314)
	at freemarker.template.Template.process(Template.java:383)
	at com.aventstack.extentreports.templating.FreemarkerTemplate.processTemplate(FreemarkerTemplate.java:51)
	at com.aventstack.extentreports.templating.FreemarkerTemplate.getSource(FreemarkerTemplate.java:39)
	at com.aventstack.extentreports.markuputils.CodeBlock.getMarkup(CodeBlock.java:59)
	at com.aventstack.extentreports.ExtentTest.log(ExtentTest.java:484)
	at com.aventstack.extentreports.ExtentTest.info(ExtentTest.java:619)
	at utility.ExtentReporterUtility.logJson(ExtentReporterUtility.java:37)
	at api.filters.LoggingAndReportingFilter.logAndReportRequest(LoggingAndReportingFilter.java:33)
	at api.filters.LoggingAndReportingFilter.filter(LoggingAndReportingFilter.java:19)
	at io.restassured.filter.Filter$filter.call(Unknown Source)
	at org.codehaus.groovy.runtime.callsite.CallSiteArray.defaultCall(CallSiteArray.java:45)
	at io.restassured.filter.Filter$filter$0.call(Unknown Source)
	at io.restassured.internal.filter.FilterContextImpl.next(FilterContextImpl.groovy:72)
	at io.restassured.filter.FilterContext$next.call(Unknown Source)
	at io.restassured.internal.RequestSpecificationImpl.applyPathParamsAndSendRequest(RequestSpecificationImpl.groovy:1704)
	at io.restassured.internal.RequestSpecificationImpl.this$2$applyPathParamsAndSendRequest(RequestSpecificationImpl.groovy)
	at java.base/jdk.internal.reflect.DirectMethodHandleAccessor.invoke(DirectMethodHandleAccessor.java:104)
	at java.base/java.lang.reflect.Method.invoke(Method.java:577)
	at org.codehaus.groovy.reflection.CachedMethod.invoke(CachedMethod.java:343)
	at groovy.lang.MetaMethod.doMethodInvoke(MetaMethod.java:328)
	at groovy.lang.MetaClassImpl.doInvokeMethod(MetaClassImpl.java:1348)
	at groovy.lang.MetaClassImpl.invokeMethod(MetaClassImpl.java:1103)
	at groovy.lang.MetaClassImpl.invokeMethod(MetaClassImpl.java:1009)
	at groovy.lang.MetaClassImpl.invokeMethod(MetaClassImpl.java:792)
	at io.restassured.internal.RequestSpecificationImpl.invokeMethod(RequestSpecificationImpl.groovy)
	at org.codehaus.groovy.runtime.callsite.PogoInterceptableSite.call(PogoInterceptableSite.java:46)
	at org.codehaus.groovy.runtime.callsite.PogoInterceptableSite.callCurrent(PogoInterceptableSite.java:57)
	at org.codehaus.groovy.runtime.callsite.AbstractCallSite.callCurrent(AbstractCallSite.java:203)
	at io.restassured.internal.RequestSpecificationImpl.applyPathParamsAndSendRequest(RequestSpecificationImpl.groovy:1710)
	at io.restassured.internal.RequestSpecificationImpl.this$2$applyPathParamsAndSendRequest(RequestSpecificationImpl.groovy)
	at java.base/jdk.internal.reflect.DirectMethodHandleAccessor.invoke(DirectMethodHandleAccessor.java:104)
	at java.base/java.lang.reflect.Method.invoke(Method.java:577)
	at org.codehaus.groovy.reflection.CachedMethod.invoke(CachedMethod.java:343)
	at groovy.lang.MetaMethod.doMethodInvoke(MetaMethod.java:328)
	at groovy.lang.MetaClassImpl.doInvokeMethod(MetaClassImpl.java:1348)
	at groovy.lang.MetaClassImpl.invokeMethod(MetaClassImpl.java:1103)
	at groovy.lang.MetaClassImpl.invokeMethod(MetaClassImpl.java:1009)
	at groovy.lang.MetaClassImpl.invokeMethod(MetaClassImpl.java:792)
	at io.restassured.internal.RequestSpecificationImpl.invokeMethod(RequestSpecificationImpl.groovy)
	at org.codehaus.groovy.runtime.callsite.PogoInterceptableSite.call(PogoInterceptableSite.java:46)
	at org.codehaus.groovy.runtime.callsite.PogoInterceptableSite.callCurrent(PogoInterceptableSite.java:57)
	at org.codehaus.groovy.runtime.callsite.AbstractCallSite.callCurrent(AbstractCallSite.java:203)
	at io.restassured.internal.RequestSpecificationImpl.get(RequestSpecificationImpl.groovy:172)
	at io.restassured.internal.RequestSpecificationImpl.get(RequestSpecificationImpl.groovy)
	at api.services.notion.NotionBaseService.getRequest(NotionBaseService.java:25)
	at api.services.notion.BlockService.blocks(BlockService.java:10)
	at api.tests.gpt_and_notion.ChatGptTextGenerationTest.getPageContent(ChatGptTextGenerationTest.java:64)
	at java.base/jdk.internal.reflect.DirectMethodHandleAccessor.invoke(DirectMethodHandleAccessor.java:104)
	at java.base/java.lang.reflect.Method.invoke(Method.java:577)
	at org.testng.internal.invokers.MethodInvocationHelper.invokeMethod(MethodInvocationHelper.java:141)
	at org.testng.internal.invokers.TestInvoker.invokeMethod(TestInvoker.java:686)
	at org.testng.internal.invokers.TestInvoker.invokeTestMethod(TestInvoker.java:230)
	at org.testng.internal.invokers.MethodRunner.runInSequence(MethodRunner.java:63)
	at org.testng.internal.invokers.TestInvoker$MethodInvocationAgent.invoke(TestInvoker.java:992)
	at org.testng.internal.invokers.TestInvoker.invokeTestMethods(TestInvoker.java:203)
	at org.testng.internal.invokers.TestMethodWorker.invokeTestMethods(TestMethodWorker.java:154)
	at org.testng.internal.invokers.TestMethodWorker.run(TestMethodWorker.java:134)
	at java.base/java.util.concurrent.Executors$RunnableAdapter.call(Executors.java:539)
	at java.base/java.util.concurrent.FutureTask.run(FutureTask.java:264)
	at org.testng.internal.thread.graph.TestNGFutureTask.run(TestNGFutureTask.java:22)
	at java.base/java.util.concurrent.ThreadPoolExecutor.runWorker(ThreadPoolExecutor.java:1136)
	at java.base/java.util.concurrent.ThreadPoolExecutor$Worker.run(ThreadPoolExecutor.java:635)
	at java.base/java.lang.Thread.run(Thread.java:833)

FreeMarker template error:
The following has evaluated to null or missing:
==> c  [in template "codeblock.json.ftl" at line 6, column 86]

----
Tip: If the failing expression is known to legally refer to something that's sometimes null or missing, either specify a default value like myOptionalVar!myDefault, or use <#if myOptionalVar??>when-present<#else>when-missing</#if>. (These only cover the last step of the expression; to cover the whole expression, use parenthesis: (myOptionalVar.foo)!myDefault, (myOptionalVar.foo)??
----

----
FTL stack trace ("~" means nesting-related):
	- Failed at: ${c}  [in template "codeblock.json.ftl" at line 6, column 84]
----

Java stack trace (for programmers):
----
freemarker.core.InvalidReferenceException: [... Exception message was already printed; see it above ...]
	at freemarker.core.InvalidReferenceException.getInstance(InvalidReferenceException.java:134)
	at freemarker.core.EvalUtil.coerceModelToTextualCommon(EvalUtil.java:481)
	at freemarker.core.EvalUtil.coerceModelToStringOrMarkup(EvalUtil.java:401)
	at freemarker.core.EvalUtil.coerceModelToStringOrMarkup(EvalUtil.java:370)
	at freemarker.core.DollarVariable.calculateInterpolatedStringOrMarkup(DollarVariable.java:104)
	at freemarker.core.DollarVariable.accept(DollarVariable.java:63)
	at freemarker.core.Environment.visit(Environment.java:371)
	at freemarker.core.IteratorBlock$IterationContext.executedNestedContentForCollOrSeqListing(IteratorBlock.java:321)
	at freemarker.core.IteratorBlock$IterationContext.executeNestedContent(IteratorBlock.java:271)
	at freemarker.core.IteratorBlock$IterationContext.accept(IteratorBlock.java:244)
	at freemarker.core.Environment.visitIteratorBlock(Environment.java:645)
	at freemarker.core.IteratorBlock.acceptWithResult(IteratorBlock.java:108)
	at freemarker.core.IteratorBlock.accept(IteratorBlock.java:94)
	at freemarker.core.Environment.visit(Environment.java:335)
	at freemarker.core.Environment.visit(Environment.java:341)
	at freemarker.core.Environment.process(Environment.java:314)
	at freemarker.template.Template.process(Template.java:383)
	at com.aventstack.extentreports.templating.FreemarkerTemplate.processTemplate(FreemarkerTemplate.java:51)
	at com.aventstack.extentreports.templating.FreemarkerTemplate.getSource(FreemarkerTemplate.java:39)
	at com.aventstack.extentreports.markuputils.CodeBlock.getMarkup(CodeBlock.java:59)
	at com.aventstack.extentreports.ExtentTest.log(ExtentTest.java:484)
	at com.aventstack.extentreports.ExtentTest.info(ExtentTest.java:619)
	at utility.ExtentReporterUtility.logJson(ExtentReporterUtility.java:37)
	at api.filters.LoggingAndReportingFilter.logAndReportRequest(LoggingAndReportingFilter.java:33)
	at api.filters.LoggingAndReportingFilter.filter(LoggingAndReportingFilter.java:19)
	at io.restassured.filter.Filter$filter.call(Unknown Source)
	at org.codehaus.groovy.runtime.callsite.CallSiteArray.defaultCall(CallSiteArray.java:45)
	at io.restassured.filter.Filter$filter$0.call(Unknown Source)
	at io.restassured.internal.filter.FilterContextImpl.next(FilterContextImpl.groovy:72)
	at io.restassured.filter.FilterContext$next.call(Unknown Source)
	at io.restassured.internal.RequestSpecificationImpl.applyPathParamsAndSendRequest(RequestSpecificationImpl.groovy:1704)
	at io.restassured.internal.RequestSpecificationImpl.this$2$applyPathParamsAndSendRequest(RequestSpecificationImpl.groovy)
	at java.base/jdk.internal.reflect.DirectMethodHandleAccessor.invoke(DirectMethodHandleAccessor.java:104)
	at java.base/java.lang.reflect.Method.invoke(Method.java:577)
	at org.codehaus.groovy.reflection.CachedMethod.invoke(CachedMethod.java:343)
	at groovy.lang.MetaMethod.doMethodInvoke(MetaMethod.java:328)
	at groovy.lang.MetaClassImpl.doInvokeMethod(MetaClassImpl.java:1348)
	at groovy.lang.MetaClassImpl.invokeMethod(MetaClassImpl.java:1103)
	at groovy.lang.MetaClassImpl.invokeMethod(MetaClassImpl.java:1009)
	at groovy.lang.MetaClassImpl.invokeMethod(MetaClassImpl.java:792)
	at io.restassured.internal.RequestSpecificationImpl.invokeMethod(RequestSpecificationImpl.groovy)
	at org.codehaus.groovy.runtime.callsite.PogoInterceptableSite.call(PogoInterceptableSite.java:46)
	at org.codehaus.groovy.runtime.callsite.PogoInterceptableSite.callCurrent(PogoInterceptableSite.java:57)
	at org.codehaus.groovy.runtime.callsite.AbstractCallSite.callCurrent(AbstractCallSite.java:203)
	at io.restassured.internal.RequestSpecificationImpl.applyPathParamsAndSendRequest(RequestSpecificationImpl.groovy:1710)
	at io.restassured.internal.RequestSpecificationImpl.this$2$applyPathParamsAndSendRequest(RequestSpecificationImpl.groovy)
	at java.base/jdk.internal.reflect.DirectMethodHandleAccessor.invoke(DirectMethodHandleAccessor.java:104)
	at java.base/java.lang.reflect.Method.invoke(Method.java:577)
	at org.codehaus.groovy.reflection.CachedMethod.invoke(CachedMethod.java:343)
	at groovy.lang.MetaMethod.doMethodInvoke(MetaMethod.java:328)
	at groovy.lang.MetaClassImpl.doInvokeMethod(MetaClassImpl.java:1348)
	at groovy.lang.MetaClassImpl.invokeMethod(MetaClassImpl.java:1103)
	at groovy.lang.MetaClassImpl.invokeMethod(MetaClassImpl.java:1009)
	at groovy.lang.MetaClassImpl.invokeMethod(MetaClassImpl.java:792)
	at io.restassured.internal.RequestSpecificationImpl.invokeMethod(RequestSpecificationImpl.groovy)
	at org.codehaus.groovy.runtime.callsite.PogoInterceptableSite.call(PogoInterceptableSite.java:46)
	at org.codehaus.groovy.runtime.callsite.PogoInterceptableSite.callCurrent(PogoInterceptableSite.java:57)
	at org.codehaus.groovy.runtime.callsite.AbstractCallSite.callCurrent(AbstractCallSite.java:203)
	at io.restassured.internal.RequestSpecificationImpl.get(RequestSpecificationImpl.groovy:172)
	at io.restassured.internal.RequestSpecificationImpl.get(RequestSpecificationImpl.groovy)
	at api.services.notion.NotionBaseService.getRequest(NotionBaseService.java:25)
	at api.services.notion.BlockService.blocks(BlockService.java:10)
	at api.tests.gpt_and_notion.ChatGptTextGenerationTest.getPageContent(ChatGptTextGenerationTest.java:64)
	at java.base/jdk.internal.reflect.DirectMethodHandleAccessor.invoke(DirectMethodHandleAccessor.java:104)
	at java.base/java.lang.reflect.Method.invoke(Method.java:577)
	at org.testng.internal.invokers.MethodInvocationHelper.invokeMethod(MethodInvocationHelper.java:141)
	at org.testng.internal.invokers.TestInvoker.invokeMethod(TestInvoker.java:686)
	at org.testng.internal.invokers.TestInvoker.invokeTestMethod(TestInvoker.java:230)
	at org.testng.internal.invokers.MethodRunner.runInSequence(MethodRunner.java:63)
	at org.testng.internal.invokers.TestInvoker$MethodInvocationAgent.invoke(TestInvoker.java:992)
	at org.testng.internal.invokers.TestInvoker.invokeTestMethods(TestInvoker.java:203)
	at org.testng.internal.invokers.TestMethodWorker.invokeTestMethods(TestMethodWorker.java:154)
	at org.testng.internal.invokers.TestMethodWorker.run(TestMethodWorker.java:134)
	at java.base/java.util.concurrent.Executors$RunnableAdapter.call(Executors.java:539)
	at java.base/java.util.concurrent.FutureTask.run(FutureTask.java:264)
	at org.testng.internal.thread.graph.TestNGFutureTask.run(TestNGFutureTask.java:22)
	at java.base/java.util.concurrent.ThreadPoolExecutor.runWorker(ThreadPoolExecutor.java:1136)
	at java.base/java.util.concurrent.ThreadPoolExecutor$Worker.run(ThreadPoolExecutor.java:635)
	at java.base/java.lang.Thread.run(Thread.java:833)
Sep 14, 2025 11:18:07 PM freemarker.log._JULLoggerFactory$JULLogger error
SEVERE: Error executing FreeMarker template
FreeMarker template error:
The following has evaluated to null or missing:
==> c  [in template "codeblock.json.ftl" at line 6, column 86]

----
Tip: If the failing expression is known to legally refer to something that's sometimes null or missing, either specify a default value like myOptionalVar!myDefault, or use <#if myOptionalVar??>when-present<#else>when-missing</#if>. (These only cover the last step of the expression; to cover the whole expression, use parenthesis: (myOptionalVar.foo)!myDefault, (myOptionalVar.foo)??
----

----
FTL stack trace ("~" means nesting-related):
	- Failed at: ${c}  [in template "codeblock.json.ftl" at line 6, column 84]
----

Java stack trace (for programmers):
----
freemarker.core.InvalidReferenceException: [... Exception message was already printed; see it above ...]
	at freemarker.core.InvalidReferenceException.getInstance(InvalidReferenceException.java:134)
	at freemarker.core.EvalUtil.coerceModelToTextualCommon(EvalUtil.java:481)
	at freemarker.core.EvalUtil.coerceModelToStringOrMarkup(EvalUtil.java:401)
	at freemarker.core.EvalUtil.coerceModelToStringOrMarkup(EvalUtil.java:370)
	at freemarker.core.DollarVariable.calculateInterpolatedStringOrMarkup(DollarVariable.java:104)
	at freemarker.core.DollarVariable.accept(DollarVariable.java:63)
	at freemarker.core.Environment.visit(Environment.java:371)
	at freemarker.core.IteratorBlock$IterationContext.executedNestedContentForCollOrSeqListing(IteratorBlock.java:321)
	at freemarker.core.IteratorBlock$IterationContext.executeNestedContent(IteratorBlock.java:271)
	at freemarker.core.IteratorBlock$IterationContext.accept(IteratorBlock.java:244)
	at freemarker.core.Environment.visitIteratorBlock(Environment.java:645)
	at freemarker.core.IteratorBlock.acceptWithResult(IteratorBlock.java:108)
	at freemarker.core.IteratorBlock.accept(IteratorBlock.java:94)
	at freemarker.core.Environment.visit(Environment.java:335)
	at freemarker.core.Environment.visit(Environment.java:341)
	at freemarker.core.Environment.process(Environment.java:314)
	at freemarker.template.Template.process(Template.java:383)
	at com.aventstack.extentreports.templating.FreemarkerTemplate.processTemplate(FreemarkerTemplate.java:51)
	at com.aventstack.extentreports.templating.FreemarkerTemplate.getSource(FreemarkerTemplate.java:39)
	at com.aventstack.extentreports.markuputils.CodeBlock.getMarkup(CodeBlock.java:59)
	at com.aventstack.extentreports.ExtentTest.log(ExtentTest.java:484)
	at com.aventstack.extentreports.ExtentTest.info(ExtentTest.java:619)
	at utility.ExtentReporterUtility.logJson(ExtentReporterUtility.java:37)
	at api.filters.LoggingAndReportingFilter.logAndReportRequest(LoggingAndReportingFilter.java:33)
	at api.filters.LoggingAndReportingFilter.filter(LoggingAndReportingFilter.java:19)
	at io.restassured.filter.Filter$filter.call(Unknown Source)
	at org.codehaus.groovy.runtime.callsite.CallSiteArray.defaultCall(CallSiteArray.java:45)
	at io.restassured.filter.Filter$filter$0.call(Unknown Source)
	at io.restassured.internal.filter.FilterContextImpl.next(FilterContextImpl.groovy:72)
	at io.restassured.filter.FilterContext$next.call(Unknown Source)
	at io.restassured.internal.RequestSpecificationImpl.applyPathParamsAndSendRequest(RequestSpecificationImpl.groovy:1704)
	at io.restassured.internal.RequestSpecificationImpl.this$2$applyPathParamsAndSendRequest(RequestSpecificationImpl.groovy)
	at java.base/jdk.internal.reflect.DirectMethodHandleAccessor.invoke(DirectMethodHandleAccessor.java:104)
	at java.base/java.lang.reflect.Method.invoke(Method.java:577)
	at org.codehaus.groovy.reflection.CachedMethod.invoke(CachedMethod.java:343)
	at groovy.lang.MetaMethod.doMethodInvoke(MetaMethod.java:328)
	at groovy.lang.MetaClassImpl.doInvokeMethod(MetaClassImpl.java:1348)
	at groovy.lang.MetaClassImpl.invokeMethod(MetaClassImpl.java:1103)
	at groovy.lang.MetaClassImpl.invokeMethod(MetaClassImpl.java:1009)
	at groovy.lang.MetaClassImpl.invokeMethod(MetaClassImpl.java:792)
	at io.restassured.internal.RequestSpecificationImpl.invokeMethod(RequestSpecificationImpl.groovy)
	at org.codehaus.groovy.runtime.callsite.PogoInterceptableSite.call(PogoInterceptableSite.java:46)
	at org.codehaus.groovy.runtime.callsite.PogoInterceptableSite.callCurrent(PogoInterceptableSite.java:57)
	at org.codehaus.groovy.runtime.callsite.AbstractCallSite.callCurrent(AbstractCallSite.java:203)
	at io.restassured.internal.RequestSpecificationImpl.applyPathParamsAndSendRequest(RequestSpecificationImpl.groovy:1710)
	at io.restassured.internal.RequestSpecificationImpl.this$2$applyPathParamsAndSendRequest(RequestSpecificationImpl.groovy)
	at java.base/jdk.internal.reflect.DirectMethodHandleAccessor.invoke(DirectMethodHandleAccessor.java:104)
	at java.base/java.lang.reflect.Method.invoke(Method.java:577)
	at org.codehaus.groovy.reflection.CachedMethod.invoke(CachedMethod.java:343)
	at groovy.lang.MetaMethod.doMethodInvoke(MetaMethod.java:328)
	at groovy.lang.MetaClassImpl.doInvokeMethod(MetaClassImpl.java:1348)
	at groovy.lang.MetaClassImpl.invokeMethod(MetaClassImpl.java:1103)
	at groovy.lang.MetaClassImpl.invokeMethod(MetaClassImpl.java:1009)
	at groovy.lang.MetaClassImpl.invokeMethod(MetaClassImpl.java:792)
	at io.restassured.internal.RequestSpecificationImpl.invokeMethod(RequestSpecificationImpl.groovy)
	at org.codehaus.groovy.runtime.callsite.PogoInterceptableSite.call(PogoInterceptableSite.java:46)
	at org.codehaus.groovy.runtime.callsite.PogoInterceptableSite.callCurrent(PogoInterceptableSite.java:57)
	at org.codehaus.groovy.runtime.callsite.AbstractCallSite.callCurrent(AbstractCallSite.java:203)
	at io.restassured.internal.RequestSpecificationImpl.get(RequestSpecificationImpl.groovy:172)
	at io.restassured.internal.RequestSpecificationImpl.get(RequestSpecificationImpl.groovy)
	at api.services.notion.NotionBaseService.getRequest(NotionBaseService.java:25)
	at api.services.notion.BlockService.blocks(BlockService.java:10)
	at api.tests.gpt_and_notion.ChatGptTextGenerationTest.getPageContent(ChatGptTextGenerationTest.java:64)
	at java.base/jdk.internal.reflect.DirectMethodHandleAccessor.invoke(DirectMethodHandleAccessor.java:104)
	at java.base/java.lang.reflect.Method.invoke(Method.java:577)
	at org.testng.internal.invokers.MethodInvocationHelper.invokeMethod(MethodInvocationHelper.java:141)
	at org.testng.internal.invokers.TestInvoker.invokeMethod(TestInvoker.java:686)
	at org.testng.internal.invokers.TestInvoker.invokeTestMethod(TestInvoker.java:230)
	at org.testng.internal.invokers.MethodRunner.runInSequence(MethodRunner.java:63)
	at org.testng.internal.invokers.TestInvoker$MethodInvocationAgent.invoke(TestInvoker.java:992)
	at org.testng.internal.invokers.TestInvoker.invokeTestMethods(TestInvoker.java:203)
	at org.testng.internal.invokers.TestMethodWorker.invokeTestMethods(TestMethodWorker.java:154)
	at org.testng.internal.invokers.TestMethodWorker.run(TestMethodWorker.java:134)
	at java.base/java.util.concurrent.Executors$RunnableAdapter.call(Executors.java:539)
	at java.base/java.util.concurrent.FutureTask.run(FutureTask.java:264)
	at org.testng.internal.thread.graph.TestNGFutureTask.run(TestNGFutureTask.java:22)
	at java.base/java.util.concurrent.ThreadPoolExecutor.runWorker(ThreadPoolExecutor.java:1136)
	at java.base/java.util.concurrent.ThreadPoolExecutor$Worker.run(ThreadPoolExecutor.java:635)
	at java.base/java.lang.Thread.run(Thread.java:833)

FreeMarker template error:
The following has evaluated to null or missing:
==> c  [in template "codeblock.json.ftl" at line 6, column 86]

----
Tip: If the failing expression is known to legally refer to something that's sometimes null or missing, either specify a default value like myOptionalVar!myDefault, or use <#if myOptionalVar??>when-present<#else>when-missing</#if>. (These only cover the last step of the expression; to cover the whole expression, use parenthesis: (myOptionalVar.foo)!myDefault, (myOptionalVar.foo)??
----

----
FTL stack trace ("~" means nesting-related):
	- Failed at: ${c}  [in template "codeblock.json.ftl" at line 6, column 84]
----

Java stack trace (for programmers):
----
freemarker.core.InvalidReferenceException: [... Exception message was already printed; see it above ...]
	at freemarker.core.InvalidReferenceException.getInstance(InvalidReferenceException.java:134)
	at freemarker.core.EvalUtil.coerceModelToTextualCommon(EvalUtil.java:481)
	at freemarker.core.EvalUtil.coerceModelToStringOrMarkup(EvalUtil.java:401)
	at freemarker.core.EvalUtil.coerceModelToStringOrMarkup(EvalUtil.java:370)
	at freemarker.core.DollarVariable.calculateInterpolatedStringOrMarkup(DollarVariable.java:104)
	at freemarker.core.DollarVariable.accept(DollarVariable.java:63)
	at freemarker.core.Environment.visit(Environment.java:371)
	at freemarker.core.IteratorBlock$IterationContext.executedNestedContentForCollOrSeqListing(IteratorBlock.java:321)
	at freemarker.core.IteratorBlock$IterationContext.executeNestedContent(IteratorBlock.java:271)
	at freemarker.core.IteratorBlock$IterationContext.accept(IteratorBlock.java:244)
	at freemarker.core.Environment.visitIteratorBlock(Environment.java:645)
	at freemarker.core.IteratorBlock.acceptWithResult(IteratorBlock.java:108)
	at freemarker.core.IteratorBlock.accept(IteratorBlock.java:94)
	at freemarker.core.Environment.visit(Environment.java:335)
	at freemarker.core.Environment.visit(Environment.java:341)
	at freemarker.core.Environment.process(Environment.java:314)
	at freemarker.template.Template.process(Template.java:383)
	at com.aventstack.extentreports.templating.FreemarkerTemplate.processTemplate(FreemarkerTemplate.java:51)
	at com.aventstack.extentreports.templating.FreemarkerTemplate.getSource(FreemarkerTemplate.java:39)
	at com.aventstack.extentreports.markuputils.CodeBlock.getMarkup(CodeBlock.java:59)
	at com.aventstack.extentreports.ExtentTest.log(ExtentTest.java:484)
	at com.aventstack.extentreports.ExtentTest.info(ExtentTest.java:619)
	at utility.ExtentReporterUtility.logJson(ExtentReporterUtility.java:37)
	at api.filters.LoggingAndReportingFilter.logAndReportRequest(LoggingAndReportingFilter.java:33)
	at api.filters.LoggingAndReportingFilter.filter(LoggingAndReportingFilter.java:19)
	at io.restassured.filter.Filter$filter.call(Unknown Source)
	at org.codehaus.groovy.runtime.callsite.CallSiteArray.defaultCall(CallSiteArray.java:45)
	at io.restassured.filter.Filter$filter$0.call(Unknown Source)
	at io.restassured.internal.filter.FilterContextImpl.next(FilterContextImpl.groovy:72)
	at io.restassured.filter.FilterContext$next.call(Unknown Source)
	at io.restassured.internal.RequestSpecificationImpl.applyPathParamsAndSendRequest(RequestSpecificationImpl.groovy:1704)
	at io.restassured.internal.RequestSpecificationImpl.this$2$applyPathParamsAndSendRequest(RequestSpecificationImpl.groovy)
	at java.base/jdk.internal.reflect.DirectMethodHandleAccessor.invoke(DirectMethodHandleAccessor.java:104)
	at java.base/java.lang.reflect.Method.invoke(Method.java:577)
	at org.codehaus.groovy.reflection.CachedMethod.invoke(CachedMethod.java:343)
	at groovy.lang.MetaMethod.doMethodInvoke(MetaMethod.java:328)
	at groovy.lang.MetaClassImpl.doInvokeMethod(MetaClassImpl.java:1348)
	at groovy.lang.MetaClassImpl.invokeMethod(MetaClassImpl.java:1103)
	at groovy.lang.MetaClassImpl.invokeMethod(MetaClassImpl.java:1009)
	at groovy.lang.MetaClassImpl.invokeMethod(MetaClassImpl.java:792)
	at io.restassured.internal.RequestSpecificationImpl.invokeMethod(RequestSpecificationImpl.groovy)
	at org.codehaus.groovy.runtime.callsite.PogoInterceptableSite.call(PogoInterceptableSite.java:46)
	at org.codehaus.groovy.runtime.callsite.PogoInterceptableSite.callCurrent(PogoInterceptableSite.java:57)
	at org.codehaus.groovy.runtime.callsite.AbstractCallSite.callCurrent(AbstractCallSite.java:203)
	at io.restassured.internal.RequestSpecificationImpl.applyPathParamsAndSendRequest(RequestSpecificationImpl.groovy:1710)
	at io.restassured.internal.RequestSpecificationImpl.this$2$applyPathParamsAndSendRequest(RequestSpecificationImpl.groovy)
	at java.base/jdk.internal.reflect.DirectMethodHandleAccessor.invoke(DirectMethodHandleAccessor.java:104)
	at java.base/java.lang.reflect.Method.invoke(Method.java:577)
	at org.codehaus.groovy.reflection.CachedMethod.invoke(CachedMethod.java:343)
	at groovy.lang.MetaMethod.doMethodInvoke(MetaMethod.java:328)
	at groovy.lang.MetaClassImpl.doInvokeMethod(MetaClassImpl.java:1348)
	at groovy.lang.MetaClassImpl.invokeMethod(MetaClassImpl.java:1103)
	at groovy.lang.MetaClassImpl.invokeMethod(MetaClassImpl.java:1009)
	at groovy.lang.MetaClassImpl.invokeMethod(MetaClassImpl.java:792)
	at io.restassured.internal.RequestSpecificationImpl.invokeMethod(RequestSpecificationImpl.groovy)
	at org.codehaus.groovy.runtime.callsite.PogoInterceptableSite.call(PogoInterceptableSite.java:46)
	at org.codehaus.groovy.runtime.callsite.PogoInterceptableSite.callCurrent(PogoInterceptableSite.java:57)
	at org.codehaus.groovy.runtime.callsite.AbstractCallSite.callCurrent(AbstractCallSite.java:203)
	at io.restassured.internal.RequestSpecificationImpl.get(RequestSpecificationImpl.groovy:172)
	at io.restassured.internal.RequestSpecificationImpl.get(RequestSpecificationImpl.groovy)
	at api.services.notion.NotionBaseService.getRequest(NotionBaseService.java:25)
	at api.services.notion.BlockService.blocks(BlockService.java:10)
	at api.tests.gpt_and_notion.ChatGptTextGenerationTest.getPageContent(ChatGptTextGenerationTest.java:64)
	at java.base/jdk.internal.reflect.DirectMethodHandleAccessor.invoke(DirectMethodHandleAccessor.java:104)
	at java.base/java.lang.reflect.Method.invoke(Method.java:577)
	at org.testng.internal.invokers.MethodInvocationHelper.invokeMethod(MethodInvocationHelper.java:141)
	at org.testng.internal.invokers.TestInvoker.invokeMethod(TestInvoker.java:686)
	at org.testng.internal.invokers.TestInvoker.invokeTestMethod(TestInvoker.java:230)
	at org.testng.internal.invokers.MethodRunner.runInSequence(MethodRunner.java:63)
	at org.testng.internal.invokers.TestInvoker$MethodInvocationAgent.invoke(TestInvoker.java:992)
	at org.testng.internal.invokers.TestInvoker.invokeTestMethods(TestInvoker.java:203)
	at org.testng.internal.invokers.TestMethodWorker.invokeTestMethods(TestMethodWorker.java:154)
	at org.testng.internal.invokers.TestMethodWorker.run(TestMethodWorker.java:134)
	at java.base/java.util.concurrent.Executors$RunnableAdapter.call(Executors.java:539)
	at java.base/java.util.concurrent.FutureTask.run(FutureTask.java:264)
	at org.testng.internal.thread.graph.TestNGFutureTask.run(TestNGFutureTask.java:22)
	at java.base/java.util.concurrent.ThreadPoolExecutor.runWorker(ThreadPoolExecutor.java:1136)
	at java.base/java.util.concurrent.ThreadPoolExecutor$Worker.run(ThreadPoolExecutor.java:635)
	at java.base/java.lang.Thread.run(Thread.java:833)
Sep 14, 2025 11:18:07 PM freemarker.log._JULLoggerFactory$JULLogger error
SEVERE: Error executing FreeMarker template
FreeMarker template error:
The following has evaluated to null or missing:
==> c  [in template "codeblock.json.ftl" at line 6, column 86]

----
Tip: If the failing expression is known to legally refer to something that's sometimes null or missing, either specify a default value like myOptionalVar!myDefault, or use <#if myOptionalVar??>when-present<#else>when-missing</#if>. (These only cover the last step of the expression; to cover the whole expression, use parenthesis: (myOptionalVar.foo)!myDefault, (myOptionalVar.foo)??
----

----
FTL stack trace ("~" means nesting-related):
	- Failed at: ${c}  [in template "codeblock.json.ftl" at line 6, column 84]
----

Java stack trace (for programmers):
----
freemarker.core.InvalidReferenceException: [... Exception message was already printed; see it above ...]
	at freemarker.core.InvalidReferenceException.getInstance(InvalidReferenceException.java:134)
	at freemarker.core.EvalUtil.coerceModelToTextualCommon(EvalUtil.java:481)
	at freemarker.core.EvalUtil.coerceModelToStringOrMarkup(EvalUtil.java:401)
	at freemarker.core.EvalUtil.coerceModelToStringOrMarkup(EvalUtil.java:370)
	at freemarker.core.DollarVariable.calculateInterpolatedStringOrMarkup(DollarVariable.java:104)
	at freemarker.core.DollarVariable.accept(DollarVariable.java:63)
	at freemarker.core.Environment.visit(Environment.java:371)
	at freemarker.core.IteratorBlock$IterationContext.executedNestedContentForCollOrSeqListing(IteratorBlock.java:321)
	at freemarker.core.IteratorBlock$IterationContext.executeNestedContent(IteratorBlock.java:271)
	at freemarker.core.IteratorBlock$IterationContext.accept(IteratorBlock.java:244)
	at freemarker.core.Environment.visitIteratorBlock(Environment.java:645)
	at freemarker.core.IteratorBlock.acceptWithResult(IteratorBlock.java:108)
	at freemarker.core.IteratorBlock.accept(IteratorBlock.java:94)
	at freemarker.core.Environment.visit(Environment.java:335)
	at freemarker.core.Environment.visit(Environment.java:341)
	at freemarker.core.Environment.process(Environment.java:314)
	at freemarker.template.Template.process(Template.java:383)
	at com.aventstack.extentreports.templating.FreemarkerTemplate.processTemplate(FreemarkerTemplate.java:51)
	at com.aventstack.extentreports.templating.FreemarkerTemplate.getSource(FreemarkerTemplate.java:39)
	at com.aventstack.extentreports.markuputils.CodeBlock.getMarkup(CodeBlock.java:59)
	at com.aventstack.extentreports.ExtentTest.log(ExtentTest.java:484)
	at com.aventstack.extentreports.ExtentTest.info(ExtentTest.java:619)
	at utility.ExtentReporterUtility.logJson(ExtentReporterUtility.java:37)
	at api.filters.LoggingAndReportingFilter.logAndReportRequest(LoggingAndReportingFilter.java:33)
	at api.filters.LoggingAndReportingFilter.filter(LoggingAndReportingFilter.java:19)
	at io.restassured.filter.Filter$filter.call(Unknown Source)
	at org.codehaus.groovy.runtime.callsite.CallSiteArray.defaultCall(CallSiteArray.java:45)
	at io.restassured.filter.Filter$filter$0.call(Unknown Source)
	at io.restassured.internal.filter.FilterContextImpl.next(FilterContextImpl.groovy:72)
	at io.restassured.filter.FilterContext$next.call(Unknown Source)
	at io.restassured.internal.RequestSpecificationImpl.applyPathParamsAndSendRequest(RequestSpecificationImpl.groovy:1704)
	at io.restassured.internal.RequestSpecificationImpl.this$2$applyPathParamsAndSendRequest(RequestSpecificationImpl.groovy)
	at java.base/jdk.internal.reflect.DirectMethodHandleAccessor.invoke(DirectMethodHandleAccessor.java:104)
	at java.base/java.lang.reflect.Method.invoke(Method.java:577)
	at org.codehaus.groovy.reflection.CachedMethod.invoke(CachedMethod.java:343)
	at groovy.lang.MetaMethod.doMethodInvoke(MetaMethod.java:328)
	at groovy.lang.MetaClassImpl.doInvokeMethod(MetaClassImpl.java:1348)
	at groovy.lang.MetaClassImpl.invokeMethod(MetaClassImpl.java:1103)
	at groovy.lang.MetaClassImpl.invokeMethod(MetaClassImpl.java:1009)
	at groovy.lang.MetaClassImpl.invokeMethod(MetaClassImpl.java:792)
	at io.restassured.internal.RequestSpecificationImpl.invokeMethod(RequestSpecificationImpl.groovy)
	at org.codehaus.groovy.runtime.callsite.PogoInterceptableSite.call(PogoInterceptableSite.java:46)
	at org.codehaus.groovy.runtime.callsite.PogoInterceptableSite.callCurrent(PogoInterceptableSite.java:57)
	at org.codehaus.groovy.runtime.callsite.AbstractCallSite.callCurrent(AbstractCallSite.java:203)
	at io.restassured.internal.RequestSpecificationImpl.applyPathParamsAndSendRequest(RequestSpecificationImpl.groovy:1710)
	at io.restassured.internal.RequestSpecificationImpl.this$2$applyPathParamsAndSendRequest(RequestSpecificationImpl.groovy)
	at java.base/jdk.internal.reflect.DirectMethodHandleAccessor.invoke(DirectMethodHandleAccessor.java:104)
	at java.base/java.lang.reflect.Method.invoke(Method.java:577)
	at org.codehaus.groovy.reflection.CachedMethod.invoke(CachedMethod.java:343)
	at groovy.lang.MetaMethod.doMethodInvoke(MetaMethod.java:328)
	at groovy.lang.MetaClassImpl.doInvokeMethod(MetaClassImpl.java:1348)
	at groovy.lang.MetaClassImpl.invokeMethod(MetaClassImpl.java:1103)
	at groovy.lang.MetaClassImpl.invokeMethod(MetaClassImpl.java:1009)
	at groovy.lang.MetaClassImpl.invokeMethod(MetaClassImpl.java:792)
	at io.restassured.internal.RequestSpecificationImpl.invokeMethod(RequestSpecificationImpl.groovy)
	at org.codehaus.groovy.runtime.callsite.PogoInterceptableSite.call(PogoInterceptableSite.java:46)
	at org.codehaus.groovy.runtime.callsite.PogoInterceptableSite.callCurrent(PogoInterceptableSite.java:57)
	at org.codehaus.groovy.runtime.callsite.AbstractCallSite.callCurrent(AbstractCallSite.java:203)
	at io.restassured.internal.RequestSpecificationImpl.get(RequestSpecificationImpl.groovy:172)
	at io.restassured.internal.RequestSpecificationImpl.get(RequestSpecificationImpl.groovy)
	at api.services.notion.NotionBaseService.getRequest(NotionBaseService.java:25)
	at api.services.notion.BlockService.blocks(BlockService.java:10)
	at api.tests.gpt_and_notion.ChatGptTextGenerationTest.getPageContent(ChatGptTextGenerationTest.java:64)
	at java.base/jdk.internal.reflect.DirectMethodHandleAccessor.invoke(DirectMethodHandleAccessor.java:104)
	at java.base/java.lang.reflect.Method.invoke(Method.java:577)
	at org.testng.internal.invokers.MethodInvocationHelper.invokeMethod(MethodInvocationHelper.java:141)
	at org.testng.internal.invokers.TestInvoker.invokeMethod(TestInvoker.java:686)
	at org.testng.internal.invokers.TestInvoker.invokeTestMethod(TestInvoker.java:230)
	at org.testng.internal.invokers.MethodRunner.runInSequence(MethodRunner.java:63)
	at org.testng.internal.invokers.TestInvoker$MethodInvocationAgent.invoke(TestInvoker.java:992)
	at org.testng.internal.invokers.TestInvoker.invokeTestMethods(TestInvoker.java:203)
	at org.testng.internal.invokers.TestMethodWorker.invokeTestMethods(TestMethodWorker.java:154)
	at org.testng.internal.invokers.TestMethodWorker.run(TestMethodWorker.java:134)
	at java.base/java.util.concurrent.Executors$RunnableAdapter.call(Executors.java:539)
	at java.base/java.util.concurrent.FutureTask.run(FutureTask.java:264)
	at org.testng.internal.thread.graph.TestNGFutureTask.run(TestNGFutureTask.java:22)
	at java.base/java.util.concurrent.ThreadPoolExecutor.runWorker(ThreadPoolExecutor.java:1136)
	at java.base/java.util.concurrent.ThreadPoolExecutor$Worker.run(ThreadPoolExecutor.java:635)
	at java.base/java.lang.Thread.run(Thread.java:833)

FreeMarker template error:
The following has evaluated to null or missing:
==> c  [in template "codeblock.json.ftl" at line 6, column 86]

----
Tip: If the failing expression is known to legally refer to something that's sometimes null or missing, either specify a default value like myOptionalVar!myDefault, or use <#if myOptionalVar??>when-present<#else>when-missing</#if>. (These only cover the last step of the expression; to cover the whole expression, use parenthesis: (myOptionalVar.foo)!myDefault, (myOptionalVar.foo)??
----

----
FTL stack trace ("~" means nesting-related):
	- Failed at: ${c}  [in template "codeblock.json.ftl" at line 6, column 84]
----

Java stack trace (for programmers):
----
freemarker.core.InvalidReferenceException: [... Exception message was already printed; see it above ...]
	at freemarker.core.InvalidReferenceException.getInstance(InvalidReferenceException.java:134)
	at freemarker.core.EvalUtil.coerceModelToTextualCommon(EvalUtil.java:481)
	at freemarker.core.EvalUtil.coerceModelToStringOrMarkup(EvalUtil.java:401)
	at freemarker.core.EvalUtil.coerceModelToStringOrMarkup(EvalUtil.java:370)
	at freemarker.core.DollarVariable.calculateInterpolatedStringOrMarkup(DollarVariable.java:104)
	at freemarker.core.DollarVariable.accept(DollarVariable.java:63)
	at freemarker.core.Environment.visit(Environment.java:371)
	at freemarker.core.IteratorBlock$IterationContext.executedNestedContentForCollOrSeqListing(IteratorBlock.java:321)
	at freemarker.core.IteratorBlock$IterationContext.executeNestedContent(IteratorBlock.java:271)
	at freemarker.core.IteratorBlock$IterationContext.accept(IteratorBlock.java:244)
	at freemarker.core.Environment.visitIteratorBlock(Environment.java:645)
	at freemarker.core.IteratorBlock.acceptWithResult(IteratorBlock.java:108)
	at freemarker.core.IteratorBlock.accept(IteratorBlock.java:94)
	at freemarker.core.Environment.visit(Environment.java:335)
	at freemarker.core.Environment.visit(Environment.java:341)
	at freemarker.core.Environment.process(Environment.java:314)
	at freemarker.template.Template.process(Template.java:383)
	at com.aventstack.extentreports.templating.FreemarkerTemplate.processTemplate(FreemarkerTemplate.java:51)
	at com.aventstack.extentreports.templating.FreemarkerTemplate.getSource(FreemarkerTemplate.java:39)
	at com.aventstack.extentreports.markuputils.CodeBlock.getMarkup(CodeBlock.java:59)
	at com.aventstack.extentreports.ExtentTest.log(ExtentTest.java:484)
	at com.aventstack.extentreports.ExtentTest.info(ExtentTest.java:619)
	at utility.ExtentReporterUtility.logJson(ExtentReporterUtility.java:37)
	at api.filters.LoggingAndReportingFilter.logAndReportRequest(LoggingAndReportingFilter.java:33)
	at api.filters.LoggingAndReportingFilter.filter(LoggingAndReportingFilter.java:19)
	at io.restassured.filter.Filter$filter.call(Unknown Source)
	at org.codehaus.groovy.runtime.callsite.CallSiteArray.defaultCall(CallSiteArray.java:45)
	at io.restassured.filter.Filter$filter$0.call(Unknown Source)
	at io.restassured.internal.filter.FilterContextImpl.next(FilterContextImpl.groovy:72)
	at io.restassured.filter.FilterContext$next.call(Unknown Source)
	at io.restassured.internal.RequestSpecificationImpl.applyPathParamsAndSendRequest(RequestSpecificationImpl.groovy:1704)
	at io.restassured.internal.RequestSpecificationImpl.this$2$applyPathParamsAndSendRequest(RequestSpecificationImpl.groovy)
	at java.base/jdk.internal.reflect.DirectMethodHandleAccessor.invoke(DirectMethodHandleAccessor.java:104)
	at java.base/java.lang.reflect.Method.invoke(Method.java:577)
	at org.codehaus.groovy.reflection.CachedMethod.invoke(CachedMethod.java:343)
	at groovy.lang.MetaMethod.doMethodInvoke(MetaMethod.java:328)
	at groovy.lang.MetaClassImpl.doInvokeMethod(MetaClassImpl.java:1348)
	at groovy.lang.MetaClassImpl.invokeMethod(MetaClassImpl.java:1103)
	at groovy.lang.MetaClassImpl.invokeMethod(MetaClassImpl.java:1009)
	at groovy.lang.MetaClassImpl.invokeMethod(MetaClassImpl.java:792)
	at io.restassured.internal.RequestSpecificationImpl.invokeMethod(RequestSpecificationImpl.groovy)
	at org.codehaus.groovy.runtime.callsite.PogoInterceptableSite.call(PogoInterceptableSite.java:46)
	at org.codehaus.groovy.runtime.callsite.PogoInterceptableSite.callCurrent(PogoInterceptableSite.java:57)
	at org.codehaus.groovy.runtime.callsite.AbstractCallSite.callCurrent(AbstractCallSite.java:203)
	at io.restassured.internal.RequestSpecificationImpl.applyPathParamsAndSendRequest(RequestSpecificationImpl.groovy:1710)
	at io.restassured.internal.RequestSpecificationImpl.this$2$applyPathParamsAndSendRequest(RequestSpecificationImpl.groovy)
	at java.base/jdk.internal.reflect.DirectMethodHandleAccessor.invoke(DirectMethodHandleAccessor.java:104)
	at java.base/java.lang.reflect.Method.invoke(Method.java:577)
	at org.codehaus.groovy.reflection.CachedMethod.invoke(CachedMethod.java:343)
	at groovy.lang.MetaMethod.doMethodInvoke(MetaMethod.java:328)
	at groovy.lang.MetaClassImpl.doInvokeMethod(MetaClassImpl.java:1348)
	at groovy.lang.MetaClassImpl.invokeMethod(MetaClassImpl.java:1103)
	at groovy.lang.MetaClassImpl.invokeMethod(MetaClassImpl.java:1009)
	at groovy.lang.MetaClassImpl.invokeMethod(MetaClassImpl.java:792)
	at io.restassured.internal.RequestSpecificationImpl.invokeMethod(RequestSpecificationImpl.groovy)
	at org.codehaus.groovy.runtime.callsite.PogoInterceptableSite.call(PogoInterceptableSite.java:46)
	at org.codehaus.groovy.runtime.callsite.PogoInterceptableSite.callCurrent(PogoInterceptableSite.java:57)
	at org.codehaus.groovy.runtime.callsite.AbstractCallSite.callCurrent(AbstractCallSite.java:203)
	at io.restassured.internal.RequestSpecificationImpl.get(RequestSpecificationImpl.groovy:172)
	at io.restassured.internal.RequestSpecificationImpl.get(RequestSpecificationImpl.groovy)
	at api.services.notion.NotionBaseService.getRequest(NotionBaseService.java:25)
	at api.services.notion.BlockService.blocks(BlockService.java:10)
	at api.tests.gpt_and_notion.ChatGptTextGenerationTest.getPageContent(ChatGptTextGenerationTest.java:64)
	at java.base/jdk.internal.reflect.DirectMethodHandleAccessor.invoke(DirectMethodHandleAccessor.java:104)
	at java.base/java.lang.reflect.Method.invoke(Method.java:577)
	at org.testng.internal.invokers.MethodInvocationHelper.invokeMethod(MethodInvocationHelper.java:141)
	at org.testng.internal.invokers.TestInvoker.invokeMethod(TestInvoker.java:686)
	at org.testng.internal.invokers.TestInvoker.invokeTestMethod(TestInvoker.java:230)
	at org.testng.internal.invokers.MethodRunner.runInSequence(MethodRunner.java:63)
	at org.testng.internal.invokers.TestInvoker$MethodInvocationAgent.invoke(TestInvoker.java:992)
	at org.testng.internal.invokers.TestInvoker.invokeTestMethods(TestInvoker.java:203)
	at org.testng.internal.invokers.TestMethodWorker.invokeTestMethods(TestMethodWorker.java:154)
	at org.testng.internal.invokers.TestMethodWorker.run(TestMethodWorker.java:134)
	at java.base/java.util.concurrent.Executors$RunnableAdapter.call(Executors.java:539)
	at java.base/java.util.concurrent.FutureTask.run(FutureTask.java:264)
	at org.testng.internal.thread.graph.TestNGFutureTask.run(TestNGFutureTask.java:22)
	at java.base/java.util.concurrent.ThreadPoolExecutor.runWorker(ThreadPoolExecutor.java:1136)
	at java.base/java.util.concurrent.ThreadPoolExecutor$Worker.run(ThreadPoolExecutor.java:635)
	at java.base/java.lang.Thread.run(Thread.java:833)
Sep 14, 2025 11:18:08 PM freemarker.log._JULLoggerFactory$JULLogger error
SEVERE: Error executing FreeMarker template
FreeMarker template error:
The following has evaluated to null or missing:
==> c  [in template "codeblock.json.ftl" at line 6, column 86]

----
Tip: If the failing expression is known to legally refer to something that's sometimes null or missing, either specify a default value like myOptionalVar!myDefault, or use <#if myOptionalVar??>when-present<#else>when-missing</#if>. (These only cover the last step of the expression; to cover the whole expression, use parenthesis: (myOptionalVar.foo)!myDefault, (myOptionalVar.foo)??
----

----
FTL stack trace ("~" means nesting-related):
	- Failed at: ${c}  [in template "codeblock.json.ftl" at line 6, column 84]
----

Java stack trace (for programmers):
----
freemarker.core.InvalidReferenceException: [... Exception message was already printed; see it above ...]
	at freemarker.core.InvalidReferenceException.getInstance(InvalidReferenceException.java:134)
	at freemarker.core.EvalUtil.coerceModelToTextualCommon(EvalUtil.java:481)
	at freemarker.core.EvalUtil.coerceModelToStringOrMarkup(EvalUtil.java:401)
	at freemarker.core.EvalUtil.coerceModelToStringOrMarkup(EvalUtil.java:370)
	at freemarker.core.DollarVariable.calculateInterpolatedStringOrMarkup(DollarVariable.java:104)
	at freemarker.core.DollarVariable.accept(DollarVariable.java:63)
	at freemarker.core.Environment.visit(Environment.java:371)
	at freemarker.core.IteratorBlock$IterationContext.executedNestedContentForCollOrSeqListing(IteratorBlock.java:321)
	at freemarker.core.IteratorBlock$IterationContext.executeNestedContent(IteratorBlock.java:271)
	at freemarker.core.IteratorBlock$IterationContext.accept(IteratorBlock.java:244)
	at freemarker.core.Environment.visitIteratorBlock(Environment.java:645)
	at freemarker.core.IteratorBlock.acceptWithResult(IteratorBlock.java:108)
	at freemarker.core.IteratorBlock.accept(IteratorBlock.java:94)
	at freemarker.core.Environment.visit(Environment.java:335)
	at freemarker.core.Environment.visit(Environment.java:341)
	at freemarker.core.Environment.process(Environment.java:314)
	at freemarker.template.Template.process(Template.java:383)
	at com.aventstack.extentreports.templating.FreemarkerTemplate.processTemplate(FreemarkerTemplate.java:51)
	at com.aventstack.extentreports.templating.FreemarkerTemplate.getSource(FreemarkerTemplate.java:39)
	at com.aventstack.extentreports.markuputils.CodeBlock.getMarkup(CodeBlock.java:59)
	at com.aventstack.extentreports.ExtentTest.log(ExtentTest.java:484)
	at com.aventstack.extentreports.ExtentTest.info(ExtentTest.java:619)
	at utility.ExtentReporterUtility.logJson(ExtentReporterUtility.java:37)
	at api.filters.LoggingAndReportingFilter.logAndReportRequest(LoggingAndReportingFilter.java:33)
	at api.filters.LoggingAndReportingFilter.filter(LoggingAndReportingFilter.java:19)
	at io.restassured.filter.Filter$filter.call(Unknown Source)
	at org.codehaus.groovy.runtime.callsite.CallSiteArray.defaultCall(CallSiteArray.java:45)
	at io.restassured.filter.Filter$filter$0.call(Unknown Source)
	at io.restassured.internal.filter.FilterContextImpl.next(FilterContextImpl.groovy:72)
	at io.restassured.filter.FilterContext$next.call(Unknown Source)
	at io.restassured.internal.RequestSpecificationImpl.applyPathParamsAndSendRequest(RequestSpecificationImpl.groovy:1704)
	at io.restassured.internal.RequestSpecificationImpl.this$2$applyPathParamsAndSendRequest(RequestSpecificationImpl.groovy)
	at java.base/jdk.internal.reflect.DirectMethodHandleAccessor.invoke(DirectMethodHandleAccessor.java:104)
	at java.base/java.lang.reflect.Method.invoke(Method.java:577)
	at org.codehaus.groovy.reflection.CachedMethod.invoke(CachedMethod.java:343)
	at groovy.lang.MetaMethod.doMethodInvoke(MetaMethod.java:328)
	at groovy.lang.MetaClassImpl.doInvokeMethod(MetaClassImpl.java:1348)
	at groovy.lang.MetaClassImpl.invokeMethod(MetaClassImpl.java:1103)
	at groovy.lang.MetaClassImpl.invokeMethod(MetaClassImpl.java:1009)
	at groovy.lang.MetaClassImpl.invokeMethod(MetaClassImpl.java:792)
	at io.restassured.internal.RequestSpecificationImpl.invokeMethod(RequestSpecificationImpl.groovy)
	at org.codehaus.groovy.runtime.callsite.PogoInterceptableSite.call(PogoInterceptableSite.java:46)
	at org.codehaus.groovy.runtime.callsite.PogoInterceptableSite.callCurrent(PogoInterceptableSite.java:57)
	at org.codehaus.groovy.runtime.callsite.AbstractCallSite.callCurrent(AbstractCallSite.java:203)
	at io.restassured.internal.RequestSpecificationImpl.applyPathParamsAndSendRequest(RequestSpecificationImpl.groovy:1710)
	at io.restassured.internal.RequestSpecificationImpl.this$2$applyPathParamsAndSendRequest(RequestSpecificationImpl.groovy)
	at java.base/jdk.internal.reflect.DirectMethodHandleAccessor.invoke(DirectMethodHandleAccessor.java:104)
	at java.base/java.lang.reflect.Method.invoke(Method.java:577)
	at org.codehaus.groovy.reflection.CachedMethod.invoke(CachedMethod.java:343)
	at groovy.lang.MetaMethod.doMethodInvoke(MetaMethod.java:328)
	at groovy.lang.MetaClassImpl.doInvokeMethod(MetaClassImpl.java:1348)
	at groovy.lang.MetaClassImpl.invokeMethod(MetaClassImpl.java:1103)
	at groovy.lang.MetaClassImpl.invokeMethod(MetaClassImpl.java:1009)
	at groovy.lang.MetaClassImpl.invokeMethod(MetaClassImpl.java:792)
	at io.restassured.internal.RequestSpecificationImpl.invokeMethod(RequestSpecificationImpl.groovy)
	at org.codehaus.groovy.runtime.callsite.PogoInterceptableSite.call(PogoInterceptableSite.java:46)
	at org.codehaus.groovy.runtime.callsite.PogoInterceptableSite.callCurrent(PogoInterceptableSite.java:57)
	at org.codehaus.groovy.runtime.callsite.AbstractCallSite.callCurrent(AbstractCallSite.java:203)
	at io.restassured.internal.RequestSpecificationImpl.get(RequestSpecificationImpl.groovy:172)
	at io.restassured.internal.RequestSpecificationImpl.get(RequestSpecificationImpl.groovy)
	at api.services.notion.NotionBaseService.getRequest(NotionBaseService.java:25)
	at api.services.notion.BlockService.blocks(BlockService.java:10)
	at api.tests.gpt_and_notion.ChatGptTextGenerationTest.getPageContent(ChatGptTextGenerationTest.java:64)
	at java.base/jdk.internal.reflect.DirectMethodHandleAccessor.invoke(DirectMethodHandleAccessor.java:104)
	at java.base/java.lang.reflect.Method.invoke(Method.java:577)
	at org.testng.internal.invokers.MethodInvocationHelper.invokeMethod(MethodInvocationHelper.java:141)
	at org.testng.internal.invokers.TestInvoker.invokeMethod(TestInvoker.java:686)
	at org.testng.internal.invokers.TestInvoker.invokeTestMethod(TestInvoker.java:230)
	at org.testng.internal.invokers.MethodRunner.runInSequence(MethodRunner.java:63)
	at org.testng.internal.invokers.TestInvoker$MethodInvocationAgent.invoke(TestInvoker.java:992)
	at org.testng.internal.invokers.TestInvoker.invokeTestMethods(TestInvoker.java:203)
	at org.testng.internal.invokers.TestMethodWorker.invokeTestMethods(TestMethodWorker.java:154)
	at org.testng.internal.invokers.TestMethodWorker.run(TestMethodWorker.java:134)
	at java.base/java.util.concurrent.Executors$RunnableAdapter.call(Executors.java:539)
	at java.base/java.util.concurrent.FutureTask.run(FutureTask.java:264)
	at org.testng.internal.thread.graph.TestNGFutureTask.run(TestNGFutureTask.java:22)
	at java.base/java.util.concurrent.ThreadPoolExecutor.runWorker(ThreadPoolExecutor.java:1136)
	at java.base/java.util.concurrent.ThreadPoolExecutor$Worker.run(ThreadPoolExecutor.java:635)
	at java.base/java.lang.Thread.run(Thread.java:833)

FreeMarker template error:
The following has evaluated to null or missing:
==> c  [in template "codeblock.json.ftl" at line 6, column 86]

----
Tip: If the failing expression is known to legally refer to something that's sometimes null or missing, either specify a default value like myOptionalVar!myDefault, or use <#if myOptionalVar??>when-present<#else>when-missing</#if>. (These only cover the last step of the expression; to cover the whole expression, use parenthesis: (myOptionalVar.foo)!myDefault, (myOptionalVar.foo)??
----

----
FTL stack trace ("~" means nesting-related):
	- Failed at: ${c}  [in template "codeblock.json.ftl" at line 6, column 84]
----

Java stack trace (for programmers):
----
freemarker.core.InvalidReferenceException: [... Exception message was already printed; see it above ...]
	at freemarker.core.InvalidReferenceException.getInstance(InvalidReferenceException.java:134)
	at freemarker.core.EvalUtil.coerceModelToTextualCommon(EvalUtil.java:481)
	at freemarker.core.EvalUtil.coerceModelToStringOrMarkup(EvalUtil.java:401)
	at freemarker.core.EvalUtil.coerceModelToStringOrMarkup(EvalUtil.java:370)
	at freemarker.core.DollarVariable.calculateInterpolatedStringOrMarkup(DollarVariable.java:104)
	at freemarker.core.DollarVariable.accept(DollarVariable.java:63)
	at freemarker.core.Environment.visit(Environment.java:371)
	at freemarker.core.IteratorBlock$IterationContext.executedNestedContentForCollOrSeqListing(IteratorBlock.java:321)
	at freemarker.core.IteratorBlock$IterationContext.executeNestedContent(IteratorBlock.java:271)
	at freemarker.core.IteratorBlock$IterationContext.accept(IteratorBlock.java:244)
	at freemarker.core.Environment.visitIteratorBlock(Environment.java:645)
	at freemarker.core.IteratorBlock.acceptWithResult(IteratorBlock.java:108)
	at freemarker.core.IteratorBlock.accept(IteratorBlock.java:94)
	at freemarker.core.Environment.visit(Environment.java:335)
	at freemarker.core.Environment.visit(Environment.java:341)
	at freemarker.core.Environment.process(Environment.java:314)
	at freemarker.template.Template.process(Template.java:383)
	at com.aventstack.extentreports.templating.FreemarkerTemplate.processTemplate(FreemarkerTemplate.java:51)
	at com.aventstack.extentreports.templating.FreemarkerTemplate.getSource(FreemarkerTemplate.java:39)
	at com.aventstack.extentreports.markuputils.CodeBlock.getMarkup(CodeBlock.java:59)
	at com.aventstack.extentreports.ExtentTest.log(ExtentTest.java:484)
	at com.aventstack.extentreports.ExtentTest.info(ExtentTest.java:619)
	at utility.ExtentReporterUtility.logJson(ExtentReporterUtility.java:37)
	at api.filters.LoggingAndReportingFilter.logAndReportRequest(LoggingAndReportingFilter.java:33)
	at api.filters.LoggingAndReportingFilter.filter(LoggingAndReportingFilter.java:19)
	at io.restassured.filter.Filter$filter.call(Unknown Source)
	at org.codehaus.groovy.runtime.callsite.CallSiteArray.defaultCall(CallSiteArray.java:45)
	at io.restassured.filter.Filter$filter$0.call(Unknown Source)
	at io.restassured.internal.filter.FilterContextImpl.next(FilterContextImpl.groovy:72)
	at io.restassured.filter.FilterContext$next.call(Unknown Source)
	at io.restassured.internal.RequestSpecificationImpl.applyPathParamsAndSendRequest(RequestSpecificationImpl.groovy:1704)
	at io.restassured.internal.RequestSpecificationImpl.this$2$applyPathParamsAndSendRequest(RequestSpecificationImpl.groovy)
	at java.base/jdk.internal.reflect.DirectMethodHandleAccessor.invoke(DirectMethodHandleAccessor.java:104)
	at java.base/java.lang.reflect.Method.invoke(Method.java:577)
	at org.codehaus.groovy.reflection.CachedMethod.invoke(CachedMethod.java:343)
	at groovy.lang.MetaMethod.doMethodInvoke(MetaMethod.java:328)
	at groovy.lang.MetaClassImpl.doInvokeMethod(MetaClassImpl.java:1348)
	at groovy.lang.MetaClassImpl.invokeMethod(MetaClassImpl.java:1103)
	at groovy.lang.MetaClassImpl.invokeMethod(MetaClassImpl.java:1009)
	at groovy.lang.MetaClassImpl.invokeMethod(MetaClassImpl.java:792)
	at io.restassured.internal.RequestSpecificationImpl.invokeMethod(RequestSpecificationImpl.groovy)
	at org.codehaus.groovy.runtime.callsite.PogoInterceptableSite.call(PogoInterceptableSite.java:46)
	at org.codehaus.groovy.runtime.callsite.PogoInterceptableSite.callCurrent(PogoInterceptableSite.java:57)
	at org.codehaus.groovy.runtime.callsite.AbstractCallSite.callCurrent(AbstractCallSite.java:203)
	at io.restassured.internal.RequestSpecificationImpl.applyPathParamsAndSendRequest(RequestSpecificationImpl.groovy:1710)
	at io.restassured.internal.RequestSpecificationImpl.this$2$applyPathParamsAndSendRequest(RequestSpecificationImpl.groovy)
	at java.base/jdk.internal.reflect.DirectMethodHandleAccessor.invoke(DirectMethodHandleAccessor.java:104)
	at java.base/java.lang.reflect.Method.invoke(Method.java:577)
	at org.codehaus.groovy.reflection.CachedMethod.invoke(CachedMethod.java:343)
	at groovy.lang.MetaMethod.doMethodInvoke(MetaMethod.java:328)
	at groovy.lang.MetaClassImpl.doInvokeMethod(MetaClassImpl.java:1348)
	at groovy.lang.MetaClassImpl.invokeMethod(MetaClassImpl.java:1103)
	at groovy.lang.MetaClassImpl.invokeMethod(MetaClassImpl.java:1009)
	at groovy.lang.MetaClassImpl.invokeMethod(MetaClassImpl.java:792)
	at io.restassured.internal.RequestSpecificationImpl.invokeMethod(RequestSpecificationImpl.groovy)
	at org.codehaus.groovy.runtime.callsite.PogoInterceptableSite.call(PogoInterceptableSite.java:46)
	at org.codehaus.groovy.runtime.callsite.PogoInterceptableSite.callCurrent(PogoInterceptableSite.java:57)
	at org.codehaus.groovy.runtime.callsite.AbstractCallSite.callCurrent(AbstractCallSite.java:203)
	at io.restassured.internal.RequestSpecificationImpl.get(RequestSpecificationImpl.groovy:172)
	at io.restassured.internal.RequestSpecificationImpl.get(RequestSpecificationImpl.groovy)
	at api.services.notion.NotionBaseService.getRequest(NotionBaseService.java:25)
	at api.services.notion.BlockService.blocks(BlockService.java:10)
	at api.tests.gpt_and_notion.ChatGptTextGenerationTest.getPageContent(ChatGptTextGenerationTest.java:64)
	at java.base/jdk.internal.reflect.DirectMethodHandleAccessor.invoke(DirectMethodHandleAccessor.java:104)
	at java.base/java.lang.reflect.Method.invoke(Method.java:577)
	at org.testng.internal.invokers.MethodInvocationHelper.invokeMethod(MethodInvocationHelper.java:141)
	at org.testng.internal.invokers.TestInvoker.invokeMethod(TestInvoker.java:686)
	at org.testng.internal.invokers.TestInvoker.invokeTestMethod(TestInvoker.java:230)
	at org.testng.internal.invokers.MethodRunner.runInSequence(MethodRunner.java:63)
	at org.testng.internal.invokers.TestInvoker$MethodInvocationAgent.invoke(TestInvoker.java:992)
	at org.testng.internal.invokers.TestInvoker.invokeTestMethods(TestInvoker.java:203)
	at org.testng.internal.invokers.TestMethodWorker.invokeTestMethods(TestMethodWorker.java:154)
	at org.testng.internal.invokers.TestMethodWorker.run(TestMethodWorker.java:134)
	at java.base/java.util.concurrent.Executors$RunnableAdapter.call(Executors.java:539)
	at java.base/java.util.concurrent.FutureTask.run(FutureTask.java:264)
	at org.testng.internal.thread.graph.TestNGFutureTask.run(TestNGFutureTask.java:22)
	at java.base/java.util.concurrent.ThreadPoolExecutor.runWorker(ThreadPoolExecutor.java:1136)
	at java.base/java.util.concurrent.ThreadPoolExecutor$Worker.run(ThreadPoolExecutor.java:635)
	at java.base/java.lang.Thread.run(Thread.java:833)
Sep 14, 2025 11:18:08 PM freemarker.log._JULLoggerFactory$JULLogger error
SEVERE: Error executing FreeMarker template
FreeMarker template error:
The following has evaluated to null or missing:
==> c  [in template "codeblock.json.ftl" at line 6, column 86]

----
Tip: If the failing expression is known to legally refer to something that's sometimes null or missing, either specify a default value like myOptionalVar!myDefault, or use <#if myOptionalVar??>when-present<#else>when-missing</#if>. (These only cover the last step of the expression; to cover the whole expression, use parenthesis: (myOptionalVar.foo)!myDefault, (myOptionalVar.foo)??
----

----
FTL stack trace ("~" means nesting-related):
	- Failed at: ${c}  [in template "codeblock.json.ftl" at line 6, column 84]
----

Java stack trace (for programmers):
----
freemarker.core.InvalidReferenceException: [... Exception message was already printed; see it above ...]
	at freemarker.core.InvalidReferenceException.getInstance(InvalidReferenceException.java:134)
	at freemarker.core.EvalUtil.coerceModelToTextualCommon(EvalUtil.java:481)
	at freemarker.core.EvalUtil.coerceModelToStringOrMarkup(EvalUtil.java:401)
	at freemarker.core.EvalUtil.coerceModelToStringOrMarkup(EvalUtil.java:370)
	at freemarker.core.DollarVariable.calculateInterpolatedStringOrMarkup(DollarVariable.java:104)
	at freemarker.core.DollarVariable.accept(DollarVariable.java:63)
	at freemarker.core.Environment.visit(Environment.java:371)
	at freemarker.core.IteratorBlock$IterationContext.executedNestedContentForCollOrSeqListing(IteratorBlock.java:321)
	at freemarker.core.IteratorBlock$IterationContext.executeNestedContent(IteratorBlock.java:271)
	at freemarker.core.IteratorBlock$IterationContext.accept(IteratorBlock.java:244)
	at freemarker.core.Environment.visitIteratorBlock(Environment.java:645)
	at freemarker.core.IteratorBlock.acceptWithResult(IteratorBlock.java:108)
	at freemarker.core.IteratorBlock.accept(IteratorBlock.java:94)
	at freemarker.core.Environment.visit(Environment.java:335)
	at freemarker.core.Environment.visit(Environment.java:341)
	at freemarker.core.Environment.process(Environment.java:314)
	at freemarker.template.Template.process(Template.java:383)
	at com.aventstack.extentreports.templating.FreemarkerTemplate.processTemplate(FreemarkerTemplate.java:51)
	at com.aventstack.extentreports.templating.FreemarkerTemplate.getSource(FreemarkerTemplate.java:39)
	at com.aventstack.extentreports.markuputils.CodeBlock.getMarkup(CodeBlock.java:59)
	at com.aventstack.extentreports.ExtentTest.log(ExtentTest.java:484)
	at com.aventstack.extentreports.ExtentTest.info(ExtentTest.java:619)
	at utility.ExtentReporterUtility.logJson(ExtentReporterUtility.java:37)
	at api.filters.LoggingAndReportingFilter.logAndReportRequest(LoggingAndReportingFilter.java:33)
	at api.filters.LoggingAndReportingFilter.filter(LoggingAndReportingFilter.java:19)
	at io.restassured.filter.Filter$filter.call(Unknown Source)
	at org.codehaus.groovy.runtime.callsite.CallSiteArray.defaultCall(CallSiteArray.java:45)
	at io.restassured.filter.Filter$filter$0.call(Unknown Source)
	at io.restassured.internal.filter.FilterContextImpl.next(FilterContextImpl.groovy:72)
	at io.restassured.filter.FilterContext$next.call(Unknown Source)
	at io.restassured.internal.RequestSpecificationImpl.applyPathParamsAndSendRequest(RequestSpecificationImpl.groovy:1704)
	at io.restassured.internal.RequestSpecificationImpl.this$2$applyPathParamsAndSendRequest(RequestSpecificationImpl.groovy)
	at java.base/jdk.internal.reflect.DirectMethodHandleAccessor.invoke(DirectMethodHandleAccessor.java:104)
	at java.base/java.lang.reflect.Method.invoke(Method.java:577)
	at org.codehaus.groovy.reflection.CachedMethod.invoke(CachedMethod.java:343)
	at groovy.lang.MetaMethod.doMethodInvoke(MetaMethod.java:328)
	at groovy.lang.MetaClassImpl.doInvokeMethod(MetaClassImpl.java:1348)
	at groovy.lang.MetaClassImpl.invokeMethod(MetaClassImpl.java:1103)
	at groovy.lang.MetaClassImpl.invokeMethod(MetaClassImpl.java:1009)
	at groovy.lang.MetaClassImpl.invokeMethod(MetaClassImpl.java:792)
	at io.restassured.internal.RequestSpecificationImpl.invokeMethod(RequestSpecificationImpl.groovy)
	at org.codehaus.groovy.runtime.callsite.PogoInterceptableSite.call(PogoInterceptableSite.java:46)
	at org.codehaus.groovy.runtime.callsite.PogoInterceptableSite.callCurrent(PogoInterceptableSite.java:57)
	at org.codehaus.groovy.runtime.callsite.AbstractCallSite.callCurrent(AbstractCallSite.java:203)
	at io.restassured.internal.RequestSpecificationImpl.applyPathParamsAndSendRequest(RequestSpecificationImpl.groovy:1710)
	at io.restassured.internal.RequestSpecificationImpl.this$2$applyPathParamsAndSendRequest(RequestSpecificationImpl.groovy)
	at java.base/jdk.internal.reflect.DirectMethodHandleAccessor.invoke(DirectMethodHandleAccessor.java:104)
	at java.base/java.lang.reflect.Method.invoke(Method.java:577)
	at org.codehaus.groovy.reflection.CachedMethod.invoke(CachedMethod.java:343)
	at groovy.lang.MetaMethod.doMethodInvoke(MetaMethod.java:328)
	at groovy.lang.MetaClassImpl.doInvokeMethod(MetaClassImpl.java:1348)
	at groovy.lang.MetaClassImpl.invokeMethod(MetaClassImpl.java:1103)
	at groovy.lang.MetaClassImpl.invokeMethod(MetaClassImpl.java:1009)
	at groovy.lang.MetaClassImpl.invokeMethod(MetaClassImpl.java:792)
	at io.restassured.internal.RequestSpecificationImpl.invokeMethod(RequestSpecificationImpl.groovy)
	at org.codehaus.groovy.runtime.callsite.PogoInterceptableSite.call(PogoInterceptableSite.java:46)
	at org.codehaus.groovy.runtime.callsite.PogoInterceptableSite.callCurrent(PogoInterceptableSite.java:57)
	at org.codehaus.groovy.runtime.callsite.AbstractCallSite.callCurrent(AbstractCallSite.java:203)
	at io.restassured.internal.RequestSpecificationImpl.get(RequestSpecificationImpl.groovy:172)
	at io.restassured.internal.RequestSpecificationImpl.get(RequestSpecificationImpl.groovy)
	at api.services.notion.NotionBaseService.getRequest(NotionBaseService.java:25)
	at api.services.notion.BlockService.blocks(BlockService.java:10)
	at api.tests.gpt_and_notion.ChatGptTextGenerationTest.getPageContent(ChatGptTextGenerationTest.java:64)
	at java.base/jdk.internal.reflect.DirectMethodHandleAccessor.invoke(DirectMethodHandleAccessor.java:104)
	at java.base/java.lang.reflect.Method.invoke(Method.java:577)
	at org.testng.internal.invokers.MethodInvocationHelper.invokeMethod(MethodInvocationHelper.java:141)
	at org.testng.internal.invokers.TestInvoker.invokeMethod(TestInvoker.java:686)
	at org.testng.internal.invokers.TestInvoker.invokeTestMethod(TestInvoker.java:230)
	at org.testng.internal.invokers.MethodRunner.runInSequence(MethodRunner.java:63)
	at org.testng.internal.invokers.TestInvoker$MethodInvocationAgent.invoke(TestInvoker.java:992)
	at org.testng.internal.invokers.TestInvoker.invokeTestMethods(TestInvoker.java:203)
	at org.testng.internal.invokers.TestMethodWorker.invokeTestMethods(TestMethodWorker.java:154)
	at org.testng.internal.invokers.TestMethodWorker.run(TestMethodWorker.java:134)
	at java.base/java.util.concurrent.Executors$RunnableAdapter.call(Executors.java:539)
	at java.base/java.util.concurrent.FutureTask.run(FutureTask.java:264)
	at org.testng.internal.thread.graph.TestNGFutureTask.run(TestNGFutureTask.java:22)
	at java.base/java.util.concurrent.ThreadPoolExecutor.runWorker(ThreadPoolExecutor.java:1136)
	at java.base/java.util.concurrent.ThreadPoolExecutor$Worker.run(ThreadPoolExecutor.java:635)
	at java.base/java.lang.Thread.run(Thread.java:833)

FreeMarker template error:
The following has evaluated to null or missing:
==> c  [in template "codeblock.json.ftl" at line 6, column 86]

----
Tip: If the failing expression is known to legally refer to something that's sometimes null or missing, either specify a default value like myOptionalVar!myDefault, or use <#if myOptionalVar??>when-present<#else>when-missing</#if>. (These only cover the last step of the expression; to cover the whole expression, use parenthesis: (myOptionalVar.foo)!myDefault, (myOptionalVar.foo)??
----

----
FTL stack trace ("~" means nesting-related):
	- Failed at: ${c}  [in template "codeblock.json.ftl" at line 6, column 84]
----

Java stack trace (for programmers):
----
freemarker.core.InvalidReferenceException: [... Exception message was already printed; see it above ...]
	at freemarker.core.InvalidReferenceException.getInstance(InvalidReferenceException.java:134)
	at freemarker.core.EvalUtil.coerceModelToTextualCommon(EvalUtil.java:481)
	at freemarker.core.EvalUtil.coerceModelToStringOrMarkup(EvalUtil.java:401)
	at freemarker.core.EvalUtil.coerceModelToStringOrMarkup(EvalUtil.java:370)
	at freemarker.core.DollarVariable.calculateInterpolatedStringOrMarkup(DollarVariable.java:104)
	at freemarker.core.DollarVariable.accept(DollarVariable.java:63)
	at freemarker.core.Environment.visit(Environment.java:371)
	at freemarker.core.IteratorBlock$IterationContext.executedNestedContentForCollOrSeqListing(IteratorBlock.java:321)
	at freemarker.core.IteratorBlock$IterationContext.executeNestedContent(IteratorBlock.java:271)
	at freemarker.core.IteratorBlock$IterationContext.accept(IteratorBlock.java:244)
	at freemarker.core.Environment.visitIteratorBlock(Environment.java:645)
	at freemarker.core.IteratorBlock.acceptWithResult(IteratorBlock.java:108)
	at freemarker.core.IteratorBlock.accept(IteratorBlock.java:94)
	at freemarker.core.Environment.visit(Environment.java:335)
	at freemarker.core.Environment.visit(Environment.java:341)
	at freemarker.core.Environment.process(Environment.java:314)
	at freemarker.template.Template.process(Template.java:383)
	at com.aventstack.extentreports.templating.FreemarkerTemplate.processTemplate(FreemarkerTemplate.java:51)
	at com.aventstack.extentreports.templating.FreemarkerTemplate.getSource(FreemarkerTemplate.java:39)
	at com.aventstack.extentreports.markuputils.CodeBlock.getMarkup(CodeBlock.java:59)
	at com.aventstack.extentreports.ExtentTest.log(ExtentTest.java:484)
	at com.aventstack.extentreports.ExtentTest.info(ExtentTest.java:619)
	at utility.ExtentReporterUtility.logJson(ExtentReporterUtility.java:37)
	at api.filters.LoggingAndReportingFilter.logAndReportRequest(LoggingAndReportingFilter.java:33)
	at api.filters.LoggingAndReportingFilter.filter(LoggingAndReportingFilter.java:19)
	at io.restassured.filter.Filter$filter.call(Unknown Source)
	at org.codehaus.groovy.runtime.callsite.CallSiteArray.defaultCall(CallSiteArray.java:45)
	at io.restassured.filter.Filter$filter$0.call(Unknown Source)
	at io.restassured.internal.filter.FilterContextImpl.next(FilterContextImpl.groovy:72)
	at io.restassured.filter.FilterContext$next.call(Unknown Source)
	at io.restassured.internal.RequestSpecificationImpl.applyPathParamsAndSendRequest(RequestSpecificationImpl.groovy:1704)
	at io.restassured.internal.RequestSpecificationImpl.this$2$applyPathParamsAndSendRequest(RequestSpecificationImpl.groovy)
	at java.base/jdk.internal.reflect.DirectMethodHandleAccessor.invoke(DirectMethodHandleAccessor.java:104)
	at java.base/java.lang.reflect.Method.invoke(Method.java:577)
	at org.codehaus.groovy.reflection.CachedMethod.invoke(CachedMethod.java:343)
	at groovy.lang.MetaMethod.doMethodInvoke(MetaMethod.java:328)
	at groovy.lang.MetaClassImpl.doInvokeMethod(MetaClassImpl.java:1348)
	at groovy.lang.MetaClassImpl.invokeMethod(MetaClassImpl.java:1103)
	at groovy.lang.MetaClassImpl.invokeMethod(MetaClassImpl.java:1009)
	at groovy.lang.MetaClassImpl.invokeMethod(MetaClassImpl.java:792)
	at io.restassured.internal.RequestSpecificationImpl.invokeMethod(RequestSpecificationImpl.groovy)
	at org.codehaus.groovy.runtime.callsite.PogoInterceptableSite.call(PogoInterceptableSite.java:46)
	at org.codehaus.groovy.runtime.callsite.PogoInterceptableSite.callCurrent(PogoInterceptableSite.java:57)
	at org.codehaus.groovy.runtime.callsite.AbstractCallSite.callCurrent(AbstractCallSite.java:203)
	at io.restassured.internal.RequestSpecificationImpl.applyPathParamsAndSendRequest(RequestSpecificationImpl.groovy:1710)
	at io.restassured.internal.RequestSpecificationImpl.this$2$applyPathParamsAndSendRequest(RequestSpecificationImpl.groovy)
	at java.base/jdk.internal.reflect.DirectMethodHandleAccessor.invoke(DirectMethodHandleAccessor.java:104)
	at java.base/java.lang.reflect.Method.invoke(Method.java:577)
	at org.codehaus.groovy.reflection.CachedMethod.invoke(CachedMethod.java:343)
	at groovy.lang.MetaMethod.doMethodInvoke(MetaMethod.java:328)
	at groovy.lang.MetaClassImpl.doInvokeMethod(MetaClassImpl.java:1348)
	at groovy.lang.MetaClassImpl.invokeMethod(MetaClassImpl.java:1103)
	at groovy.lang.MetaClassImpl.invokeMethod(MetaClassImpl.java:1009)
	at groovy.lang.MetaClassImpl.invokeMethod(MetaClassImpl.java:792)
	at io.restassured.internal.RequestSpecificationImpl.invokeMethod(RequestSpecificationImpl.groovy)
	at org.codehaus.groovy.runtime.callsite.PogoInterceptableSite.call(PogoInterceptableSite.java:46)
	at org.codehaus.groovy.runtime.callsite.PogoInterceptableSite.callCurrent(PogoInterceptableSite.java:57)
	at org.codehaus.groovy.runtime.callsite.AbstractCallSite.callCurrent(AbstractCallSite.java:203)
	at io.restassured.internal.RequestSpecificationImpl.get(RequestSpecificationImpl.groovy:172)
	at io.restassured.internal.RequestSpecificationImpl.get(RequestSpecificationImpl.groovy)
	at api.services.notion.NotionBaseService.getRequest(NotionBaseService.java:25)
	at api.services.notion.BlockService.blocks(BlockService.java:10)
	at api.tests.gpt_and_notion.ChatGptTextGenerationTest.getPageContent(ChatGptTextGenerationTest.java:64)
	at java.base/jdk.internal.reflect.DirectMethodHandleAccessor.invoke(DirectMethodHandleAccessor.java:104)
	at java.base/java.lang.reflect.Method.invoke(Method.java:577)
	at org.testng.internal.invokers.MethodInvocationHelper.invokeMethod(MethodInvocationHelper.java:141)
	at org.testng.internal.invokers.TestInvoker.invokeMethod(TestInvoker.java:686)
	at org.testng.internal.invokers.TestInvoker.invokeTestMethod(TestInvoker.java:230)
	at org.testng.internal.invokers.MethodRunner.runInSequence(MethodRunner.java:63)
	at org.testng.internal.invokers.TestInvoker$MethodInvocationAgent.invoke(TestInvoker.java:992)
	at org.testng.internal.invokers.TestInvoker.invokeTestMethods(TestInvoker.java:203)
	at org.testng.internal.invokers.TestMethodWorker.invokeTestMethods(TestMethodWorker.java:154)
	at org.testng.internal.invokers.TestMethodWorker.run(TestMethodWorker.java:134)
	at java.base/java.util.concurrent.Executors$RunnableAdapter.call(Executors.java:539)
	at java.base/java.util.concurrent.FutureTask.run(FutureTask.java:264)
	at org.testng.internal.thread.graph.TestNGFutureTask.run(TestNGFutureTask.java:22)
	at java.base/java.util.concurrent.ThreadPoolExecutor.runWorker(ThreadPoolExecutor.java:1136)
	at java.base/java.util.concurrent.ThreadPoolExecutor$Worker.run(ThreadPoolExecutor.java:635)
	at java.base/java.lang.Thread.run(Thread.java:833)
Sep 14, 2025 11:18:09 PM freemarker.log._JULLoggerFactory$JULLogger error
SEVERE: Error executing FreeMarker template
FreeMarker template error:
The following has evaluated to null or missing:
==> c  [in template "codeblock.json.ftl" at line 6, column 86]

----
Tip: If the failing expression is known to legally refer to something that's sometimes null or missing, either specify a default value like myOptionalVar!myDefault, or use <#if myOptionalVar??>when-present<#else>when-missing</#if>. (These only cover the last step of the expression; to cover the whole expression, use parenthesis: (myOptionalVar.foo)!myDefault, (myOptionalVar.foo)??
----

----
FTL stack trace ("~" means nesting-related):
	- Failed at: ${c}  [in template "codeblock.json.ftl" at line 6, column 84]
----

Java stack trace (for programmers):
----
freemarker.core.InvalidReferenceException: [... Exception message was already printed; see it above ...]
	at freemarker.core.InvalidReferenceException.getInstance(InvalidReferenceException.java:134)
	at freemarker.core.EvalUtil.coerceModelToTextualCommon(EvalUtil.java:481)
	at freemarker.core.EvalUtil.coerceModelToStringOrMarkup(EvalUtil.java:401)
	at freemarker.core.EvalUtil.coerceModelToStringOrMarkup(EvalUtil.java:370)
	at freemarker.core.DollarVariable.calculateInterpolatedStringOrMarkup(DollarVariable.java:104)
	at freemarker.core.DollarVariable.accept(DollarVariable.java:63)
	at freemarker.core.Environment.visit(Environment.java:371)
	at freemarker.core.IteratorBlock$IterationContext.executedNestedContentForCollOrSeqListing(IteratorBlock.java:321)
	at freemarker.core.IteratorBlock$IterationContext.executeNestedContent(IteratorBlock.java:271)
	at freemarker.core.IteratorBlock$IterationContext.accept(IteratorBlock.java:244)
	at freemarker.core.Environment.visitIteratorBlock(Environment.java:645)
	at freemarker.core.IteratorBlock.acceptWithResult(IteratorBlock.java:108)
	at freemarker.core.IteratorBlock.accept(IteratorBlock.java:94)
	at freemarker.core.Environment.visit(Environment.java:335)
	at freemarker.core.Environment.visit(Environment.java:341)
	at freemarker.core.Environment.process(Environment.java:314)
	at freemarker.template.Template.process(Template.java:383)
	at com.aventstack.extentreports.templating.FreemarkerTemplate.processTemplate(FreemarkerTemplate.java:51)
	at com.aventstack.extentreports.templating.FreemarkerTemplate.getSource(FreemarkerTemplate.java:39)
	at com.aventstack.extentreports.markuputils.CodeBlock.getMarkup(CodeBlock.java:59)
	at com.aventstack.extentreports.ExtentTest.log(ExtentTest.java:484)
	at com.aventstack.extentreports.ExtentTest.info(ExtentTest.java:619)
	at utility.ExtentReporterUtility.logJson(ExtentReporterUtility.java:37)
	at api.filters.LoggingAndReportingFilter.logAndReportRequest(LoggingAndReportingFilter.java:33)
	at api.filters.LoggingAndReportingFilter.filter(LoggingAndReportingFilter.java:19)
	at io.restassured.filter.Filter$filter.call(Unknown Source)
	at org.codehaus.groovy.runtime.callsite.CallSiteArray.defaultCall(CallSiteArray.java:45)
	at io.restassured.filter.Filter$filter$0.call(Unknown Source)
	at io.restassured.internal.filter.FilterContextImpl.next(FilterContextImpl.groovy:72)
	at io.restassured.filter.FilterContext$next.call(Unknown Source)
	at io.restassured.internal.RequestSpecificationImpl.applyPathParamsAndSendRequest(RequestSpecificationImpl.groovy:1704)
	at io.restassured.internal.RequestSpecificationImpl.this$2$applyPathParamsAndSendRequest(RequestSpecificationImpl.groovy)
	at java.base/jdk.internal.reflect.DirectMethodHandleAccessor.invoke(DirectMethodHandleAccessor.java:104)
	at java.base/java.lang.reflect.Method.invoke(Method.java:577)
	at org.codehaus.groovy.reflection.CachedMethod.invoke(CachedMethod.java:343)
	at groovy.lang.MetaMethod.doMethodInvoke(MetaMethod.java:328)
	at groovy.lang.MetaClassImpl.doInvokeMethod(MetaClassImpl.java:1348)
	at groovy.lang.MetaClassImpl.invokeMethod(MetaClassImpl.java:1103)
	at groovy.lang.MetaClassImpl.invokeMethod(MetaClassImpl.java:1009)
	at groovy.lang.MetaClassImpl.invokeMethod(MetaClassImpl.java:792)
	at io.restassured.internal.RequestSpecificationImpl.invokeMethod(RequestSpecificationImpl.groovy)
	at org.codehaus.groovy.runtime.callsite.PogoInterceptableSite.call(PogoInterceptableSite.java:46)
	at org.codehaus.groovy.runtime.callsite.PogoInterceptableSite.callCurrent(PogoInterceptableSite.java:57)
	at org.codehaus.groovy.runtime.callsite.AbstractCallSite.callCurrent(AbstractCallSite.java:203)
	at io.restassured.internal.RequestSpecificationImpl.applyPathParamsAndSendRequest(RequestSpecificationImpl.groovy:1710)
	at io.restassured.internal.RequestSpecificationImpl.this$2$applyPathParamsAndSendRequest(RequestSpecificationImpl.groovy)
	at java.base/jdk.internal.reflect.DirectMethodHandleAccessor.invoke(DirectMethodHandleAccessor.java:104)
	at java.base/java.lang.reflect.Method.invoke(Method.java:577)
	at org.codehaus.groovy.reflection.CachedMethod.invoke(CachedMethod.java:343)
	at groovy.lang.MetaMethod.doMethodInvoke(MetaMethod.java:328)
	at groovy.lang.MetaClassImpl.doInvokeMethod(MetaClassImpl.java:1348)
	at groovy.lang.MetaClassImpl.invokeMethod(MetaClassImpl.java:1103)
	at groovy.lang.MetaClassImpl.invokeMethod(MetaClassImpl.java:1009)
	at groovy.lang.MetaClassImpl.invokeMethod(MetaClassImpl.java:792)
	at io.restassured.internal.RequestSpecificationImpl.invokeMethod(RequestSpecificationImpl.groovy)
	at org.codehaus.groovy.runtime.callsite.PogoInterceptableSite.call(PogoInterceptableSite.java:46)
	at org.codehaus.groovy.runtime.callsite.PogoInterceptableSite.callCurrent(PogoInterceptableSite.java:57)
	at org.codehaus.groovy.runtime.callsite.AbstractCallSite.callCurrent(AbstractCallSite.java:203)
	at io.restassured.internal.RequestSpecificationImpl.get(RequestSpecificationImpl.groovy:172)
	at io.restassured.internal.RequestSpecificationImpl.get(RequestSpecificationImpl.groovy)
	at api.services.notion.NotionBaseService.getRequest(NotionBaseService.java:25)
	at api.services.notion.BlockService.blocks(BlockService.java:10)
	at api.tests.gpt_and_notion.ChatGptTextGenerationTest.getPageContent(ChatGptTextGenerationTest.java:64)
	at java.base/jdk.internal.reflect.DirectMethodHandleAccessor.invoke(DirectMethodHandleAccessor.java:104)
	at java.base/java.lang.reflect.Method.invoke(Method.java:577)
	at org.testng.internal.invokers.MethodInvocationHelper.invokeMethod(MethodInvocationHelper.java:141)
	at org.testng.internal.invokers.TestInvoker.invokeMethod(TestInvoker.java:686)
	at org.testng.internal.invokers.TestInvoker.invokeTestMethod(TestInvoker.java:230)
	at org.testng.internal.invokers.MethodRunner.runInSequence(MethodRunner.java:63)
	at org.testng.internal.invokers.TestInvoker$MethodInvocationAgent.invoke(TestInvoker.java:992)
	at org.testng.internal.invokers.TestInvoker.invokeTestMethods(TestInvoker.java:203)
	at org.testng.internal.invokers.TestMethodWorker.invokeTestMethods(TestMethodWorker.java:154)
	at org.testng.internal.invokers.TestMethodWorker.run(TestMethodWorker.java:134)
	at java.base/java.util.concurrent.Executors$RunnableAdapter.call(Executors.java:539)
	at java.base/java.util.concurrent.FutureTask.run(FutureTask.java:264)
	at org.testng.internal.thread.graph.TestNGFutureTask.run(TestNGFutureTask.java:22)
	at java.base/java.util.concurrent.ThreadPoolExecutor.runWorker(ThreadPoolExecutor.java:1136)
	at java.base/java.util.concurrent.ThreadPoolExecutor$Worker.run(ThreadPoolExecutor.java:635)
	at java.base/java.lang.Thread.run(Thread.java:833)

FreeMarker template error:
The following has evaluated to null or missing:
==> c  [in template "codeblock.json.ftl" at line 6, column 86]

----
Tip: If the failing expression is known to legally refer to something that's sometimes null or missing, either specify a default value like myOptionalVar!myDefault, or use <#if myOptionalVar??>when-present<#else>when-missing</#if>. (These only cover the last step of the expression; to cover the whole expression, use parenthesis: (myOptionalVar.foo)!myDefault, (myOptionalVar.foo)??
----

----
FTL stack trace ("~" means nesting-related):
	- Failed at: ${c}  [in template "codeblock.json.ftl" at line 6, column 84]
----

Java stack trace (for programmers):
----
freemarker.core.InvalidReferenceException: [... Exception message was already printed; see it above ...]
	at freemarker.core.InvalidReferenceException.getInstance(InvalidReferenceException.java:134)
	at freemarker.core.EvalUtil.coerceModelToTextualCommon(EvalUtil.java:481)
	at freemarker.core.EvalUtil.coerceModelToStringOrMarkup(EvalUtil.java:401)
	at freemarker.core.EvalUtil.coerceModelToStringOrMarkup(EvalUtil.java:370)
	at freemarker.core.DollarVariable.calculateInterpolatedStringOrMarkup(DollarVariable.java:104)
	at freemarker.core.DollarVariable.accept(DollarVariable.java:63)
	at freemarker.core.Environment.visit(Environment.java:371)
	at freemarker.core.IteratorBlock$IterationContext.executedNestedContentForCollOrSeqListing(IteratorBlock.java:321)
	at freemarker.core.IteratorBlock$IterationContext.executeNestedContent(IteratorBlock.java:271)
	at freemarker.core.IteratorBlock$IterationContext.accept(IteratorBlock.java:244)
	at freemarker.core.Environment.visitIteratorBlock(Environment.java:645)
	at freemarker.core.IteratorBlock.acceptWithResult(IteratorBlock.java:108)
	at freemarker.core.IteratorBlock.accept(IteratorBlock.java:94)
	at freemarker.core.Environment.visit(Environment.java:335)
	at freemarker.core.Environment.visit(Environment.java:341)
	at freemarker.core.Environment.process(Environment.java:314)
	at freemarker.template.Template.process(Template.java:383)
	at com.aventstack.extentreports.templating.FreemarkerTemplate.processTemplate(FreemarkerTemplate.java:51)
	at com.aventstack.extentreports.templating.FreemarkerTemplate.getSource(FreemarkerTemplate.java:39)
	at com.aventstack.extentreports.markuputils.CodeBlock.getMarkup(CodeBlock.java:59)
	at com.aventstack.extentreports.ExtentTest.log(ExtentTest.java:484)
	at com.aventstack.extentreports.ExtentTest.info(ExtentTest.java:619)
	at utility.ExtentReporterUtility.logJson(ExtentReporterUtility.java:37)
	at api.filters.LoggingAndReportingFilter.logAndReportRequest(LoggingAndReportingFilter.java:33)
	at api.filters.LoggingAndReportingFilter.filter(LoggingAndReportingFilter.java:19)
	at io.restassured.filter.Filter$filter.call(Unknown Source)
	at org.codehaus.groovy.runtime.callsite.CallSiteArray.defaultCall(CallSiteArray.java:45)
	at io.restassured.filter.Filter$filter$0.call(Unknown Source)
	at io.restassured.internal.filter.FilterContextImpl.next(FilterContextImpl.groovy:72)
	at io.restassured.filter.FilterContext$next.call(Unknown Source)
	at io.restassured.internal.RequestSpecificationImpl.applyPathParamsAndSendRequest(RequestSpecificationImpl.groovy:1704)
	at io.restassured.internal.RequestSpecificationImpl.this$2$applyPathParamsAndSendRequest(RequestSpecificationImpl.groovy)
	at java.base/jdk.internal.reflect.DirectMethodHandleAccessor.invoke(DirectMethodHandleAccessor.java:104)
	at java.base/java.lang.reflect.Method.invoke(Method.java:577)
	at org.codehaus.groovy.reflection.CachedMethod.invoke(CachedMethod.java:343)
	at groovy.lang.MetaMethod.doMethodInvoke(MetaMethod.java:328)
	at groovy.lang.MetaClassImpl.doInvokeMethod(MetaClassImpl.java:1348)
	at groovy.lang.MetaClassImpl.invokeMethod(MetaClassImpl.java:1103)
	at groovy.lang.MetaClassImpl.invokeMethod(MetaClassImpl.java:1009)
	at groovy.lang.MetaClassImpl.invokeMethod(MetaClassImpl.java:792)
	at io.restassured.internal.RequestSpecificationImpl.invokeMethod(RequestSpecificationImpl.groovy)
	at org.codehaus.groovy.runtime.callsite.PogoInterceptableSite.call(PogoInterceptableSite.java:46)
	at org.codehaus.groovy.runtime.callsite.PogoInterceptableSite.callCurrent(PogoInterceptableSite.java:57)
	at org.codehaus.groovy.runtime.callsite.AbstractCallSite.callCurrent(AbstractCallSite.java:203)
	at io.restassured.internal.RequestSpecificationImpl.applyPathParamsAndSendRequest(RequestSpecificationImpl.groovy:1710)
	at io.restassured.internal.RequestSpecificationImpl.this$2$applyPathParamsAndSendRequest(RequestSpecificationImpl.groovy)
	at java.base/jdk.internal.reflect.DirectMethodHandleAccessor.invoke(DirectMethodHandleAccessor.java:104)
	at java.base/java.lang.reflect.Method.invoke(Method.java:577)
	at org.codehaus.groovy.reflection.CachedMethod.invoke(CachedMethod.java:343)
	at groovy.lang.MetaMethod.doMethodInvoke(MetaMethod.java:328)
	at groovy.lang.MetaClassImpl.doInvokeMethod(MetaClassImpl.java:1348)
	at groovy.lang.MetaClassImpl.invokeMethod(MetaClassImpl.java:1103)
	at groovy.lang.MetaClassImpl.invokeMethod(MetaClassImpl.java:1009)
	at groovy.lang.MetaClassImpl.invokeMethod(MetaClassImpl.java:792)
	at io.restassured.internal.RequestSpecificationImpl.invokeMethod(RequestSpecificationImpl.groovy)
	at org.codehaus.groovy.runtime.callsite.PogoInterceptableSite.call(PogoInterceptableSite.java:46)
	at org.codehaus.groovy.runtime.callsite.PogoInterceptableSite.callCurrent(PogoInterceptableSite.java:57)
	at org.codehaus.groovy.runtime.callsite.AbstractCallSite.callCurrent(AbstractCallSite.java:203)
	at io.restassured.internal.RequestSpecificationImpl.get(RequestSpecificationImpl.groovy:172)
	at io.restassured.internal.RequestSpecificationImpl.get(RequestSpecificationImpl.groovy)
	at api.services.notion.NotionBaseService.getRequest(NotionBaseService.java:25)
	at api.services.notion.BlockService.blocks(BlockService.java:10)
	at api.tests.gpt_and_notion.ChatGptTextGenerationTest.getPageContent(ChatGptTextGenerationTest.java:64)
	at java.base/jdk.internal.reflect.DirectMethodHandleAccessor.invoke(DirectMethodHandleAccessor.java:104)
	at java.base/java.lang.reflect.Method.invoke(Method.java:577)
	at org.testng.internal.invokers.MethodInvocationHelper.invokeMethod(MethodInvocationHelper.java:141)
	at org.testng.internal.invokers.TestInvoker.invokeMethod(TestInvoker.java:686)
	at org.testng.internal.invokers.TestInvoker.invokeTestMethod(TestInvoker.java:230)
	at org.testng.internal.invokers.MethodRunner.runInSequence(MethodRunner.java:63)
	at org.testng.internal.invokers.TestInvoker$MethodInvocationAgent.invoke(TestInvoker.java:992)
	at org.testng.internal.invokers.TestInvoker.invokeTestMethods(TestInvoker.java:203)
	at org.testng.internal.invokers.TestMethodWorker.invokeTestMethods(TestMethodWorker.java:154)
	at org.testng.internal.invokers.TestMethodWorker.run(TestMethodWorker.java:134)
	at java.base/java.util.concurrent.Executors$RunnableAdapter.call(Executors.java:539)
	at java.base/java.util.concurrent.FutureTask.run(FutureTask.java:264)
	at org.testng.internal.thread.graph.TestNGFutureTask.run(TestNGFutureTask.java:22)
	at java.base/java.util.concurrent.ThreadPoolExecutor.runWorker(ThreadPoolExecutor.java:1136)
	at java.base/java.util.concurrent.ThreadPoolExecutor$Worker.run(ThreadPoolExecutor.java:635)
	at java.base/java.lang.Thread.run(Thread.java:833)
Sep 14, 2025 11:18:09 PM freemarker.log._JULLoggerFactory$JULLogger error
SEVERE: Error executing FreeMarker template
FreeMarker template error:
The following has evaluated to null or missing:
==> c  [in template "codeblock.json.ftl" at line 6, column 86]

----
Tip: If the failing expression is known to legally refer to something that's sometimes null or missing, either specify a default value like myOptionalVar!myDefault, or use <#if myOptionalVar??>when-present<#else>when-missing</#if>. (These only cover the last step of the expression; to cover the whole expression, use parenthesis: (myOptionalVar.foo)!myDefault, (myOptionalVar.foo)??
----

----
FTL stack trace ("~" means nesting-related):
	- Failed at: ${c}  [in template "codeblock.json.ftl" at line 6, column 84]
----

Java stack trace (for programmers):
----
freemarker.core.InvalidReferenceException: [... Exception message was already printed; see it above ...]
	at freemarker.core.InvalidReferenceException.getInstance(InvalidReferenceException.java:134)
	at freemarker.core.EvalUtil.coerceModelToTextualCommon(EvalUtil.java:481)
	at freemarker.core.EvalUtil.coerceModelToStringOrMarkup(EvalUtil.java:401)
	at freemarker.core.EvalUtil.coerceModelToStringOrMarkup(EvalUtil.java:370)
	at freemarker.core.DollarVariable.calculateInterpolatedStringOrMarkup(DollarVariable.java:104)
	at freemarker.core.DollarVariable.accept(DollarVariable.java:63)
	at freemarker.core.Environment.visit(Environment.java:371)
	at freemarker.core.IteratorBlock$IterationContext.executedNestedContentForCollOrSeqListing(IteratorBlock.java:321)
	at freemarker.core.IteratorBlock$IterationContext.executeNestedContent(IteratorBlock.java:271)
	at freemarker.core.IteratorBlock$IterationContext.accept(IteratorBlock.java:244)
	at freemarker.core.Environment.visitIteratorBlock(Environment.java:645)
	at freemarker.core.IteratorBlock.acceptWithResult(IteratorBlock.java:108)
	at freemarker.core.IteratorBlock.accept(IteratorBlock.java:94)
	at freemarker.core.Environment.visit(Environment.java:335)
	at freemarker.core.Environment.visit(Environment.java:341)
	at freemarker.core.Environment.process(Environment.java:314)
	at freemarker.template.Template.process(Template.java:383)
	at com.aventstack.extentreports.templating.FreemarkerTemplate.processTemplate(FreemarkerTemplate.java:51)
	at com.aventstack.extentreports.templating.FreemarkerTemplate.getSource(FreemarkerTemplate.java:39)
	at com.aventstack.extentreports.markuputils.CodeBlock.getMarkup(CodeBlock.java:59)
	at com.aventstack.extentreports.ExtentTest.log(ExtentTest.java:484)
	at com.aventstack.extentreports.ExtentTest.info(ExtentTest.java:619)
	at utility.ExtentReporterUtility.logJson(ExtentReporterUtility.java:37)
	at api.filters.LoggingAndReportingFilter.logAndReportRequest(LoggingAndReportingFilter.java:33)
	at api.filters.LoggingAndReportingFilter.filter(LoggingAndReportingFilter.java:19)
	at io.restassured.filter.Filter$filter.call(Unknown Source)
	at org.codehaus.groovy.runtime.callsite.CallSiteArray.defaultCall(CallSiteArray.java:45)
	at io.restassured.filter.Filter$filter$0.call(Unknown Source)
	at io.restassured.internal.filter.FilterContextImpl.next(FilterContextImpl.groovy:72)
	at io.restassured.filter.FilterContext$next.call(Unknown Source)
	at io.restassured.internal.RequestSpecificationImpl.applyPathParamsAndSendRequest(RequestSpecificationImpl.groovy:1704)
	at io.restassured.internal.RequestSpecificationImpl.this$2$applyPathParamsAndSendRequest(RequestSpecificationImpl.groovy)
	at java.base/jdk.internal.reflect.DirectMethodHandleAccessor.invoke(DirectMethodHandleAccessor.java:104)
	at java.base/java.lang.reflect.Method.invoke(Method.java:577)
	at org.codehaus.groovy.reflection.CachedMethod.invoke(CachedMethod.java:343)
	at groovy.lang.MetaMethod.doMethodInvoke(MetaMethod.java:328)
	at groovy.lang.MetaClassImpl.doInvokeMethod(MetaClassImpl.java:1348)
	at groovy.lang.MetaClassImpl.invokeMethod(MetaClassImpl.java:1103)
	at groovy.lang.MetaClassImpl.invokeMethod(MetaClassImpl.java:1009)
	at groovy.lang.MetaClassImpl.invokeMethod(MetaClassImpl.java:792)
	at io.restassured.internal.RequestSpecificationImpl.invokeMethod(RequestSpecificationImpl.groovy)
	at org.codehaus.groovy.runtime.callsite.PogoInterceptableSite.call(PogoInterceptableSite.java:46)
	at org.codehaus.groovy.runtime.callsite.PogoInterceptableSite.callCurrent(PogoInterceptableSite.java:57)
	at org.codehaus.groovy.runtime.callsite.AbstractCallSite.callCurrent(AbstractCallSite.java:203)
	at io.restassured.internal.RequestSpecificationImpl.applyPathParamsAndSendRequest(RequestSpecificationImpl.groovy:1710)
	at io.restassured.internal.RequestSpecificationImpl.this$2$applyPathParamsAndSendRequest(RequestSpecificationImpl.groovy)
	at java.base/jdk.internal.reflect.DirectMethodHandleAccessor.invoke(DirectMethodHandleAccessor.java:104)
	at java.base/java.lang.reflect.Method.invoke(Method.java:577)
	at org.codehaus.groovy.reflection.CachedMethod.invoke(CachedMethod.java:343)
	at groovy.lang.MetaMethod.doMethodInvoke(MetaMethod.java:328)
	at groovy.lang.MetaClassImpl.doInvokeMethod(MetaClassImpl.java:1348)
	at groovy.lang.MetaClassImpl.invokeMethod(MetaClassImpl.java:1103)
	at groovy.lang.MetaClassImpl.invokeMethod(MetaClassImpl.java:1009)
	at groovy.lang.MetaClassImpl.invokeMethod(MetaClassImpl.java:792)
	at io.restassured.internal.RequestSpecificationImpl.invokeMethod(RequestSpecificationImpl.groovy)
	at org.codehaus.groovy.runtime.callsite.PogoInterceptableSite.call(PogoInterceptableSite.java:46)
	at org.codehaus.groovy.runtime.callsite.PogoInterceptableSite.callCurrent(PogoInterceptableSite.java:57)
	at org.codehaus.groovy.runtime.callsite.AbstractCallSite.callCurrent(AbstractCallSite.java:203)
	at io.restassured.internal.RequestSpecificationImpl.get(RequestSpecificationImpl.groovy:172)
	at io.restassured.internal.RequestSpecificationImpl.get(RequestSpecificationImpl.groovy)
	at api.services.notion.NotionBaseService.getRequest(NotionBaseService.java:25)
	at api.services.notion.BlockService.blocks(BlockService.java:10)
	at api.tests.gpt_and_notion.ChatGptTextGenerationTest.getPageContent(ChatGptTextGenerationTest.java:64)
	at java.base/jdk.internal.reflect.DirectMethodHandleAccessor.invoke(DirectMethodHandleAccessor.java:104)
	at java.base/java.lang.reflect.Method.invoke(Method.java:577)
	at org.testng.internal.invokers.MethodInvocationHelper.invokeMethod(MethodInvocationHelper.java:141)
	at org.testng.internal.invokers.TestInvoker.invokeMethod(TestInvoker.java:686)
	at org.testng.internal.invokers.TestInvoker.invokeTestMethod(TestInvoker.java:230)
	at org.testng.internal.invokers.MethodRunner.runInSequence(MethodRunner.java:63)
	at org.testng.internal.invokers.TestInvoker$MethodInvocationAgent.invoke(TestInvoker.java:992)
	at org.testng.internal.invokers.TestInvoker.invokeTestMethods(TestInvoker.java:203)
	at org.testng.internal.invokers.TestMethodWorker.invokeTestMethods(TestMethodWorker.java:154)
	at org.testng.internal.invokers.TestMethodWorker.run(TestMethodWorker.java:134)
	at java.base/java.util.concurrent.Executors$RunnableAdapter.call(Executors.java:539)
	at java.base/java.util.concurrent.FutureTask.run(FutureTask.java:264)
	at org.testng.internal.thread.graph.TestNGFutureTask.run(TestNGFutureTask.java:22)
	at java.base/java.util.concurrent.ThreadPoolExecutor.runWorker(ThreadPoolExecutor.java:1136)
	at java.base/java.util.concurrent.ThreadPoolExecutor$Worker.run(ThreadPoolExecutor.java:635)
	at java.base/java.lang.Thread.run(Thread.java:833)

FreeMarker template error:
The following has evaluated to null or missing:
==> c  [in template "codeblock.json.ftl" at line 6, column 86]

----
Tip: If the failing expression is known to legally refer to something that's sometimes null or missing, either specify a default value like myOptionalVar!myDefault, or use <#if myOptionalVar??>when-present<#else>when-missing</#if>. (These only cover the last step of the expression; to cover the whole expression, use parenthesis: (myOptionalVar.foo)!myDefault, (myOptionalVar.foo)??
----

----
FTL stack trace ("~" means nesting-related):
	- Failed at: ${c}  [in template "codeblock.json.ftl" at line 6, column 84]
----

Java stack trace (for programmers):
----
freemarker.core.InvalidReferenceException: [... Exception message was already printed; see it above ...]
	at freemarker.core.InvalidReferenceException.getInstance(InvalidReferenceException.java:134)
	at freemarker.core.EvalUtil.coerceModelToTextualCommon(EvalUtil.java:481)
	at freemarker.core.EvalUtil.coerceModelToStringOrMarkup(EvalUtil.java:401)
	at freemarker.core.EvalUtil.coerceModelToStringOrMarkup(EvalUtil.java:370)
	at freemarker.core.DollarVariable.calculateInterpolatedStringOrMarkup(DollarVariable.java:104)
	at freemarker.core.DollarVariable.accept(DollarVariable.java:63)
	at freemarker.core.Environment.visit(Environment.java:371)
	at freemarker.core.IteratorBlock$IterationContext.executedNestedContentForCollOrSeqListing(IteratorBlock.java:321)
	at freemarker.core.IteratorBlock$IterationContext.executeNestedContent(IteratorBlock.java:271)
	at freemarker.core.IteratorBlock$IterationContext.accept(IteratorBlock.java:244)
	at freemarker.core.Environment.visitIteratorBlock(Environment.java:645)
	at freemarker.core.IteratorBlock.acceptWithResult(IteratorBlock.java:108)
	at freemarker.core.IteratorBlock.accept(IteratorBlock.java:94)
	at freemarker.core.Environment.visit(Environment.java:335)
	at freemarker.core.Environment.visit(Environment.java:341)
	at freemarker.core.Environment.process(Environment.java:314)
	at freemarker.template.Template.process(Template.java:383)
	at com.aventstack.extentreports.templating.FreemarkerTemplate.processTemplate(FreemarkerTemplate.java:51)
	at com.aventstack.extentreports.templating.FreemarkerTemplate.getSource(FreemarkerTemplate.java:39)
	at com.aventstack.extentreports.markuputils.CodeBlock.getMarkup(CodeBlock.java:59)
	at com.aventstack.extentreports.ExtentTest.log(ExtentTest.java:484)
	at com.aventstack.extentreports.ExtentTest.info(ExtentTest.java:619)
	at utility.ExtentReporterUtility.logJson(ExtentReporterUtility.java:37)
	at api.filters.LoggingAndReportingFilter.logAndReportRequest(LoggingAndReportingFilter.java:33)
	at api.filters.LoggingAndReportingFilter.filter(LoggingAndReportingFilter.java:19)
	at io.restassured.filter.Filter$filter.call(Unknown Source)
	at org.codehaus.groovy.runtime.callsite.CallSiteArray.defaultCall(CallSiteArray.java:45)
	at io.restassured.filter.Filter$filter$0.call(Unknown Source)
	at io.restassured.internal.filter.FilterContextImpl.next(FilterContextImpl.groovy:72)
	at io.restassured.filter.FilterContext$next.call(Unknown Source)
	at io.restassured.internal.RequestSpecificationImpl.applyPathParamsAndSendRequest(RequestSpecificationImpl.groovy:1704)
	at io.restassured.internal.RequestSpecificationImpl.this$2$applyPathParamsAndSendRequest(RequestSpecificationImpl.groovy)
	at java.base/jdk.internal.reflect.DirectMethodHandleAccessor.invoke(DirectMethodHandleAccessor.java:104)
	at java.base/java.lang.reflect.Method.invoke(Method.java:577)
	at org.codehaus.groovy.reflection.CachedMethod.invoke(CachedMethod.java:343)
	at groovy.lang.MetaMethod.doMethodInvoke(MetaMethod.java:328)
	at groovy.lang.MetaClassImpl.doInvokeMethod(MetaClassImpl.java:1348)
	at groovy.lang.MetaClassImpl.invokeMethod(MetaClassImpl.java:1103)
	at groovy.lang.MetaClassImpl.invokeMethod(MetaClassImpl.java:1009)
	at groovy.lang.MetaClassImpl.invokeMethod(MetaClassImpl.java:792)
	at io.restassured.internal.RequestSpecificationImpl.invokeMethod(RequestSpecificationImpl.groovy)
	at org.codehaus.groovy.runtime.callsite.PogoInterceptableSite.call(PogoInterceptableSite.java:46)
	at org.codehaus.groovy.runtime.callsite.PogoInterceptableSite.callCurrent(PogoInterceptableSite.java:57)
	at org.codehaus.groovy.runtime.callsite.AbstractCallSite.callCurrent(AbstractCallSite.java:203)
	at io.restassured.internal.RequestSpecificationImpl.applyPathParamsAndSendRequest(RequestSpecificationImpl.groovy:1710)
	at io.restassured.internal.RequestSpecificationImpl.this$2$applyPathParamsAndSendRequest(RequestSpecificationImpl.groovy)
	at java.base/jdk.internal.reflect.DirectMethodHandleAccessor.invoke(DirectMethodHandleAccessor.java:104)
	at java.base/java.lang.reflect.Method.invoke(Method.java:577)
	at org.codehaus.groovy.reflection.CachedMethod.invoke(CachedMethod.java:343)
	at groovy.lang.MetaMethod.doMethodInvoke(MetaMethod.java:328)
	at groovy.lang.MetaClassImpl.doInvokeMethod(MetaClassImpl.java:1348)
	at groovy.lang.MetaClassImpl.invokeMethod(MetaClassImpl.java:1103)
	at groovy.lang.MetaClassImpl.invokeMethod(MetaClassImpl.java:1009)
	at groovy.lang.MetaClassImpl.invokeMethod(MetaClassImpl.java:792)
	at io.restassured.internal.RequestSpecificationImpl.invokeMethod(RequestSpecificationImpl.groovy)
	at org.codehaus.groovy.runtime.callsite.PogoInterceptableSite.call(PogoInterceptableSite.java:46)
	at org.codehaus.groovy.runtime.callsite.PogoInterceptableSite.callCurrent(PogoInterceptableSite.java:57)
	at org.codehaus.groovy.runtime.callsite.AbstractCallSite.callCurrent(AbstractCallSite.java:203)
	at io.restassured.internal.RequestSpecificationImpl.get(RequestSpecificationImpl.groovy:172)
	at io.restassured.internal.RequestSpecificationImpl.get(RequestSpecificationImpl.groovy)
	at api.services.notion.NotionBaseService.getRequest(NotionBaseService.java:25)
	at api.services.notion.BlockService.blocks(BlockService.java:10)
	at api.tests.gpt_and_notion.ChatGptTextGenerationTest.getPageContent(ChatGptTextGenerationTest.java:64)
	at java.base/jdk.internal.reflect.DirectMethodHandleAccessor.invoke(DirectMethodHandleAccessor.java:104)
	at java.base/java.lang.reflect.Method.invoke(Method.java:577)
	at org.testng.internal.invokers.MethodInvocationHelper.invokeMethod(MethodInvocationHelper.java:141)
	at org.testng.internal.invokers.TestInvoker.invokeMethod(TestInvoker.java:686)
	at org.testng.internal.invokers.TestInvoker.invokeTestMethod(TestInvoker.java:230)
	at org.testng.internal.invokers.MethodRunner.runInSequence(MethodRunner.java:63)
	at org.testng.internal.invokers.TestInvoker$MethodInvocationAgent.invoke(TestInvoker.java:992)
	at org.testng.internal.invokers.TestInvoker.invokeTestMethods(TestInvoker.java:203)
	at org.testng.internal.invokers.TestMethodWorker.invokeTestMethods(TestMethodWorker.java:154)
	at org.testng.internal.invokers.TestMethodWorker.run(TestMethodWorker.java:134)
	at java.base/java.util.concurrent.Executors$RunnableAdapter.call(Executors.java:539)
	at java.base/java.util.concurrent.FutureTask.run(FutureTask.java:264)
	at org.testng.internal.thread.graph.TestNGFutureTask.run(TestNGFutureTask.java:22)
	at java.base/java.util.concurrent.ThreadPoolExecutor.runWorker(ThreadPoolExecutor.java:1136)
	at java.base/java.util.concurrent.ThreadPoolExecutor$Worker.run(ThreadPoolExecutor.java:635)
	at java.base/java.lang.Thread.run(Thread.java:833)
Sep 14, 2025 11:18:10 PM freemarker.log._JULLoggerFactory$JULLogger error
SEVERE: Error executing FreeMarker template
FreeMarker template error:
The following has evaluated to null or missing:
==> c  [in template "codeblock.json.ftl" at line 6, column 86]

----
Tip: If the failing expression is known to legally refer to something that's sometimes null or missing, either specify a default value like myOptionalVar!myDefault, or use <#if myOptionalVar??>when-present<#else>when-missing</#if>. (These only cover the last step of the expression; to cover the whole expression, use parenthesis: (myOptionalVar.foo)!myDefault, (myOptionalVar.foo)??
----

----
FTL stack trace ("~" means nesting-related):
	- Failed at: ${c}  [in template "codeblock.json.ftl" at line 6, column 84]
----

Java stack trace (for programmers):
----
freemarker.core.InvalidReferenceException: [... Exception message was already printed; see it above ...]
	at freemarker.core.InvalidReferenceException.getInstance(InvalidReferenceException.java:134)
	at freemarker.core.EvalUtil.coerceModelToTextualCommon(EvalUtil.java:481)
	at freemarker.core.EvalUtil.coerceModelToStringOrMarkup(EvalUtil.java:401)
	at freemarker.core.EvalUtil.coerceModelToStringOrMarkup(EvalUtil.java:370)
	at freemarker.core.DollarVariable.calculateInterpolatedStringOrMarkup(DollarVariable.java:104)
	at freemarker.core.DollarVariable.accept(DollarVariable.java:63)
	at freemarker.core.Environment.visit(Environment.java:371)
	at freemarker.core.IteratorBlock$IterationContext.executedNestedContentForCollOrSeqListing(IteratorBlock.java:321)
	at freemarker.core.IteratorBlock$IterationContext.executeNestedContent(IteratorBlock.java:271)
	at freemarker.core.IteratorBlock$IterationContext.accept(IteratorBlock.java:244)
	at freemarker.core.Environment.visitIteratorBlock(Environment.java:645)
	at freemarker.core.IteratorBlock.acceptWithResult(IteratorBlock.java:108)
	at freemarker.core.IteratorBlock.accept(IteratorBlock.java:94)
	at freemarker.core.Environment.visit(Environment.java:335)
	at freemarker.core.Environment.visit(Environment.java:341)
	at freemarker.core.Environment.process(Environment.java:314)
	at freemarker.template.Template.process(Template.java:383)
	at com.aventstack.extentreports.templating.FreemarkerTemplate.processTemplate(FreemarkerTemplate.java:51)
	at com.aventstack.extentreports.templating.FreemarkerTemplate.getSource(FreemarkerTemplate.java:39)
	at com.aventstack.extentreports.markuputils.CodeBlock.getMarkup(CodeBlock.java:59)
	at com.aventstack.extentreports.ExtentTest.log(ExtentTest.java:484)
	at com.aventstack.extentreports.ExtentTest.info(ExtentTest.java:619)
	at utility.ExtentReporterUtility.logJson(ExtentReporterUtility.java:37)
	at api.filters.LoggingAndReportingFilter.logAndReportRequest(LoggingAndReportingFilter.java:33)
	at api.filters.LoggingAndReportingFilter.filter(LoggingAndReportingFilter.java:19)
	at io.restassured.filter.Filter$filter.call(Unknown Source)
	at org.codehaus.groovy.runtime.callsite.CallSiteArray.defaultCall(CallSiteArray.java:45)
	at io.restassured.filter.Filter$filter$0.call(Unknown Source)
	at io.restassured.internal.filter.FilterContextImpl.next(FilterContextImpl.groovy:72)
	at io.restassured.filter.FilterContext$next.call(Unknown Source)
	at io.restassured.internal.RequestSpecificationImpl.applyPathParamsAndSendRequest(RequestSpecificationImpl.groovy:1704)
	at io.restassured.internal.RequestSpecificationImpl.this$2$applyPathParamsAndSendRequest(RequestSpecificationImpl.groovy)
	at java.base/jdk.internal.reflect.DirectMethodHandleAccessor.invoke(DirectMethodHandleAccessor.java:104)
	at java.base/java.lang.reflect.Method.invoke(Method.java:577)
	at org.codehaus.groovy.reflection.CachedMethod.invoke(CachedMethod.java:343)
	at groovy.lang.MetaMethod.doMethodInvoke(MetaMethod.java:328)
	at groovy.lang.MetaClassImpl.doInvokeMethod(MetaClassImpl.java:1348)
	at groovy.lang.MetaClassImpl.invokeMethod(MetaClassImpl.java:1103)
	at groovy.lang.MetaClassImpl.invokeMethod(MetaClassImpl.java:1009)
	at groovy.lang.MetaClassImpl.invokeMethod(MetaClassImpl.java:792)
	at io.restassured.internal.RequestSpecificationImpl.invokeMethod(RequestSpecificationImpl.groovy)
	at org.codehaus.groovy.runtime.callsite.PogoInterceptableSite.call(PogoInterceptableSite.java:46)
	at org.codehaus.groovy.runtime.callsite.PogoInterceptableSite.callCurrent(PogoInterceptableSite.java:57)
	at org.codehaus.groovy.runtime.callsite.AbstractCallSite.callCurrent(AbstractCallSite.java:203)
	at io.restassured.internal.RequestSpecificationImpl.applyPathParamsAndSendRequest(RequestSpecificationImpl.groovy:1710)
	at io.restassured.internal.RequestSpecificationImpl.this$2$applyPathParamsAndSendRequest(RequestSpecificationImpl.groovy)
	at java.base/jdk.internal.reflect.DirectMethodHandleAccessor.invoke(DirectMethodHandleAccessor.java:104)
	at java.base/java.lang.reflect.Method.invoke(Method.java:577)
	at org.codehaus.groovy.reflection.CachedMethod.invoke(CachedMethod.java:343)
	at groovy.lang.MetaMethod.doMethodInvoke(MetaMethod.java:328)
	at groovy.lang.MetaClassImpl.doInvokeMethod(MetaClassImpl.java:1348)
	at groovy.lang.MetaClassImpl.invokeMethod(MetaClassImpl.java:1103)
	at groovy.lang.MetaClassImpl.invokeMethod(MetaClassImpl.java:1009)
	at groovy.lang.MetaClassImpl.invokeMethod(MetaClassImpl.java:792)
	at io.restassured.internal.RequestSpecificationImpl.invokeMethod(RequestSpecificationImpl.groovy)
	at org.codehaus.groovy.runtime.callsite.PogoInterceptableSite.call(PogoInterceptableSite.java:46)
	at org.codehaus.groovy.runtime.callsite.PogoInterceptableSite.callCurrent(PogoInterceptableSite.java:57)
	at org.codehaus.groovy.runtime.callsite.AbstractCallSite.callCurrent(AbstractCallSite.java:203)
	at io.restassured.internal.RequestSpecificationImpl.get(RequestSpecificationImpl.groovy:172)
	at io.restassured.internal.RequestSpecificationImpl.get(RequestSpecificationImpl.groovy)
	at api.services.notion.NotionBaseService.getRequest(NotionBaseService.java:25)
	at api.services.notion.BlockService.blocks(BlockService.java:10)
	at api.tests.gpt_and_notion.ChatGptTextGenerationTest.getPageContent(ChatGptTextGenerationTest.java:64)
	at java.base/jdk.internal.reflect.DirectMethodHandleAccessor.invoke(DirectMethodHandleAccessor.java:104)
	at java.base/java.lang.reflect.Method.invoke(Method.java:577)
	at org.testng.internal.invokers.MethodInvocationHelper.invokeMethod(MethodInvocationHelper.java:141)
	at org.testng.internal.invokers.TestInvoker.invokeMethod(TestInvoker.java:686)
	at org.testng.internal.invokers.TestInvoker.invokeTestMethod(TestInvoker.java:230)
	at org.testng.internal.invokers.MethodRunner.runInSequence(MethodRunner.java:63)
	at org.testng.internal.invokers.TestInvoker$MethodInvocationAgent.invoke(TestInvoker.java:992)
	at org.testng.internal.invokers.TestInvoker.invokeTestMethods(TestInvoker.java:203)
	at org.testng.internal.invokers.TestMethodWorker.invokeTestMethods(TestMethodWorker.java:154)
	at org.testng.internal.invokers.TestMethodWorker.run(TestMethodWorker.java:134)
	at java.base/java.util.concurrent.Executors$RunnableAdapter.call(Executors.java:539)
	at java.base/java.util.concurrent.FutureTask.run(FutureTask.java:264)
	at org.testng.internal.thread.graph.TestNGFutureTask.run(TestNGFutureTask.java:22)
	at java.base/java.util.concurrent.ThreadPoolExecutor.runWorker(ThreadPoolExecutor.java:1136)
	at java.base/java.util.concurrent.ThreadPoolExecutor$Worker.run(ThreadPoolExecutor.java:635)
	at java.base/java.lang.Thread.run(Thread.java:833)

FreeMarker template error:
The following has evaluated to null or missing:
==> c  [in template "codeblock.json.ftl" at line 6, column 86]

----
Tip: If the failing expression is known to legally refer to something that's sometimes null or missing, either specify a default value like myOptionalVar!myDefault, or use <#if myOptionalVar??>when-present<#else>when-missing</#if>. (These only cover the last step of the expression; to cover the whole expression, use parenthesis: (myOptionalVar.foo)!myDefault, (myOptionalVar.foo)??
----

----
FTL stack trace ("~" means nesting-related):
	- Failed at: ${c}  [in template "codeblock.json.ftl" at line 6, column 84]
----

Java stack trace (for programmers):
----
freemarker.core.InvalidReferenceException: [... Exception message was already printed; see it above ...]
	at freemarker.core.InvalidReferenceException.getInstance(InvalidReferenceException.java:134)
	at freemarker.core.EvalUtil.coerceModelToTextualCommon(EvalUtil.java:481)
	at freemarker.core.EvalUtil.coerceModelToStringOrMarkup(EvalUtil.java:401)
	at freemarker.core.EvalUtil.coerceModelToStringOrMarkup(EvalUtil.java:370)
	at freemarker.core.DollarVariable.calculateInterpolatedStringOrMarkup(DollarVariable.java:104)
	at freemarker.core.DollarVariable.accept(DollarVariable.java:63)
	at freemarker.core.Environment.visit(Environment.java:371)
	at freemarker.core.IteratorBlock$IterationContext.executedNestedContentForCollOrSeqListing(IteratorBlock.java:321)
	at freemarker.core.IteratorBlock$IterationContext.executeNestedContent(IteratorBlock.java:271)
	at freemarker.core.IteratorBlock$IterationContext.accept(IteratorBlock.java:244)
	at freemarker.core.Environment.visitIteratorBlock(Environment.java:645)
	at freemarker.core.IteratorBlock.acceptWithResult(IteratorBlock.java:108)
	at freemarker.core.IteratorBlock.accept(IteratorBlock.java:94)
	at freemarker.core.Environment.visit(Environment.java:335)
	at freemarker.core.Environment.visit(Environment.java:341)
	at freemarker.core.Environment.process(Environment.java:314)
	at freemarker.template.Template.process(Template.java:383)
	at com.aventstack.extentreports.templating.FreemarkerTemplate.processTemplate(FreemarkerTemplate.java:51)
	at com.aventstack.extentreports.templating.FreemarkerTemplate.getSource(FreemarkerTemplate.java:39)
	at com.aventstack.extentreports.markuputils.CodeBlock.getMarkup(CodeBlock.java:59)
	at com.aventstack.extentreports.ExtentTest.log(ExtentTest.java:484)
	at com.aventstack.extentreports.ExtentTest.info(ExtentTest.java:619)
	at utility.ExtentReporterUtility.logJson(ExtentReporterUtility.java:37)
	at api.filters.LoggingAndReportingFilter.logAndReportRequest(LoggingAndReportingFilter.java:33)
	at api.filters.LoggingAndReportingFilter.filter(LoggingAndReportingFilter.java:19)
	at io.restassured.filter.Filter$filter.call(Unknown Source)
	at org.codehaus.groovy.runtime.callsite.CallSiteArray.defaultCall(CallSiteArray.java:45)
	at io.restassured.filter.Filter$filter$0.call(Unknown Source)
	at io.restassured.internal.filter.FilterContextImpl.next(FilterContextImpl.groovy:72)
	at io.restassured.filter.FilterContext$next.call(Unknown Source)
	at io.restassured.internal.RequestSpecificationImpl.applyPathParamsAndSendRequest(RequestSpecificationImpl.groovy:1704)
	at io.restassured.internal.RequestSpecificationImpl.this$2$applyPathParamsAndSendRequest(RequestSpecificationImpl.groovy)
	at java.base/jdk.internal.reflect.DirectMethodHandleAccessor.invoke(DirectMethodHandleAccessor.java:104)
	at java.base/java.lang.reflect.Method.invoke(Method.java:577)
	at org.codehaus.groovy.reflection.CachedMethod.invoke(CachedMethod.java:343)
	at groovy.lang.MetaMethod.doMethodInvoke(MetaMethod.java:328)
	at groovy.lang.MetaClassImpl.doInvokeMethod(MetaClassImpl.java:1348)
	at groovy.lang.MetaClassImpl.invokeMethod(MetaClassImpl.java:1103)
	at groovy.lang.MetaClassImpl.invokeMethod(MetaClassImpl.java:1009)
	at groovy.lang.MetaClassImpl.invokeMethod(MetaClassImpl.java:792)
	at io.restassured.internal.RequestSpecificationImpl.invokeMethod(RequestSpecificationImpl.groovy)
	at org.codehaus.groovy.runtime.callsite.PogoInterceptableSite.call(PogoInterceptableSite.java:46)
	at org.codehaus.groovy.runtime.callsite.PogoInterceptableSite.callCurrent(PogoInterceptableSite.java:57)
	at org.codehaus.groovy.runtime.callsite.AbstractCallSite.callCurrent(AbstractCallSite.java:203)
	at io.restassured.internal.RequestSpecificationImpl.applyPathParamsAndSendRequest(RequestSpecificationImpl.groovy:1710)
	at io.restassured.internal.RequestSpecificationImpl.this$2$applyPathParamsAndSendRequest(RequestSpecificationImpl.groovy)
	at java.base/jdk.internal.reflect.DirectMethodHandleAccessor.invoke(DirectMethodHandleAccessor.java:104)
	at java.base/java.lang.reflect.Method.invoke(Method.java:577)
	at org.codehaus.groovy.reflection.CachedMethod.invoke(CachedMethod.java:343)
	at groovy.lang.MetaMethod.doMethodInvoke(MetaMethod.java:328)
	at groovy.lang.MetaClassImpl.doInvokeMethod(MetaClassImpl.java:1348)
	at groovy.lang.MetaClassImpl.invokeMethod(MetaClassImpl.java:1103)
	at groovy.lang.MetaClassImpl.invokeMethod(MetaClassImpl.java:1009)
	at groovy.lang.MetaClassImpl.invokeMethod(MetaClassImpl.java:792)
	at io.restassured.internal.RequestSpecificationImpl.invokeMethod(RequestSpecificationImpl.groovy)
	at org.codehaus.groovy.runtime.callsite.PogoInterceptableSite.call(PogoInterceptableSite.java:46)
	at org.codehaus.groovy.runtime.callsite.PogoInterceptableSite.callCurrent(PogoInterceptableSite.java:57)
	at org.codehaus.groovy.runtime.callsite.AbstractCallSite.callCurrent(AbstractCallSite.java:203)
	at io.restassured.internal.RequestSpecificationImpl.get(RequestSpecificationImpl.groovy:172)
	at io.restassured.internal.RequestSpecificationImpl.get(RequestSpecificationImpl.groovy)
	at api.services.notion.NotionBaseService.getRequest(NotionBaseService.java:25)
	at api.services.notion.BlockService.blocks(BlockService.java:10)
	at api.tests.gpt_and_notion.ChatGptTextGenerationTest.getPageContent(ChatGptTextGenerationTest.java:64)
	at java.base/jdk.internal.reflect.DirectMethodHandleAccessor.invoke(DirectMethodHandleAccessor.java:104)
	at java.base/java.lang.reflect.Method.invoke(Method.java:577)
	at org.testng.internal.invokers.MethodInvocationHelper.invokeMethod(MethodInvocationHelper.java:141)
	at org.testng.internal.invokers.TestInvoker.invokeMethod(TestInvoker.java:686)
	at org.testng.internal.invokers.TestInvoker.invokeTestMethod(TestInvoker.java:230)
	at org.testng.internal.invokers.MethodRunner.runInSequence(MethodRunner.java:63)
	at org.testng.internal.invokers.TestInvoker$MethodInvocationAgent.invoke(TestInvoker.java:992)
	at org.testng.internal.invokers.TestInvoker.invokeTestMethods(TestInvoker.java:203)
	at org.testng.internal.invokers.TestMethodWorker.invokeTestMethods(TestMethodWorker.java:154)
	at org.testng.internal.invokers.TestMethodWorker.run(TestMethodWorker.java:134)
	at java.base/java.util.concurrent.Executors$RunnableAdapter.call(Executors.java:539)
	at java.base/java.util.concurrent.FutureTask.run(FutureTask.java:264)
	at org.testng.internal.thread.graph.TestNGFutureTask.run(TestNGFutureTask.java:22)
	at java.base/java.util.concurrent.ThreadPoolExecutor.runWorker(ThreadPoolExecutor.java:1136)
	at java.base/java.util.concurrent.ThreadPoolExecutor$Worker.run(ThreadPoolExecutor.java:635)
	at java.base/java.lang.Thread.run(Thread.java:833)
Sep 14, 2025 11:18:11 PM freemarker.log._JULLoggerFactory$JULLogger error
SEVERE: Error executing FreeMarker template
FreeMarker template error:
The following has evaluated to null or missing:
==> c  [in template "codeblock.json.ftl" at line 6, column 86]

----
Tip: If the failing expression is known to legally refer to something that's sometimes null or missing, either specify a default value like myOptionalVar!myDefault, or use <#if myOptionalVar??>when-present<#else>when-missing</#if>. (These only cover the last step of the expression; to cover the whole expression, use parenthesis: (myOptionalVar.foo)!myDefault, (myOptionalVar.foo)??
----

----
FTL stack trace ("~" means nesting-related):
	- Failed at: ${c}  [in template "codeblock.json.ftl" at line 6, column 84]
----

Java stack trace (for programmers):
----
freemarker.core.InvalidReferenceException: [... Exception message was already printed; see it above ...]
	at freemarker.core.InvalidReferenceException.getInstance(InvalidReferenceException.java:134)
	at freemarker.core.EvalUtil.coerceModelToTextualCommon(EvalUtil.java:481)
	at freemarker.core.EvalUtil.coerceModelToStringOrMarkup(EvalUtil.java:401)
	at freemarker.core.EvalUtil.coerceModelToStringOrMarkup(EvalUtil.java:370)
	at freemarker.core.DollarVariable.calculateInterpolatedStringOrMarkup(DollarVariable.java:104)
	at freemarker.core.DollarVariable.accept(DollarVariable.java:63)
	at freemarker.core.Environment.visit(Environment.java:371)
	at freemarker.core.IteratorBlock$IterationContext.executedNestedContentForCollOrSeqListing(IteratorBlock.java:321)
	at freemarker.core.IteratorBlock$IterationContext.executeNestedContent(IteratorBlock.java:271)
	at freemarker.core.IteratorBlock$IterationContext.accept(IteratorBlock.java:244)
	at freemarker.core.Environment.visitIteratorBlock(Environment.java:645)
	at freemarker.core.IteratorBlock.acceptWithResult(IteratorBlock.java:108)
	at freemarker.core.IteratorBlock.accept(IteratorBlock.java:94)
	at freemarker.core.Environment.visit(Environment.java:335)
	at freemarker.core.Environment.visit(Environment.java:341)
	at freemarker.core.Environment.process(Environment.java:314)
	at freemarker.template.Template.process(Template.java:383)
	at com.aventstack.extentreports.templating.FreemarkerTemplate.processTemplate(FreemarkerTemplate.java:51)
	at com.aventstack.extentreports.templating.FreemarkerTemplate.getSource(FreemarkerTemplate.java:39)
	at com.aventstack.extentreports.markuputils.CodeBlock.getMarkup(CodeBlock.java:59)
	at com.aventstack.extentreports.ExtentTest.log(ExtentTest.java:484)
	at com.aventstack.extentreports.ExtentTest.info(ExtentTest.java:619)
	at utility.ExtentReporterUtility.logJson(ExtentReporterUtility.java:37)
	at api.filters.LoggingAndReportingFilter.logAndReportRequest(LoggingAndReportingFilter.java:33)
	at api.filters.LoggingAndReportingFilter.filter(LoggingAndReportingFilter.java:19)
	at io.restassured.filter.Filter$filter.call(Unknown Source)
	at org.codehaus.groovy.runtime.callsite.CallSiteArray.defaultCall(CallSiteArray.java:45)
	at io.restassured.filter.Filter$filter$0.call(Unknown Source)
	at io.restassured.internal.filter.FilterContextImpl.next(FilterContextImpl.groovy:72)
	at io.restassured.filter.FilterContext$next.call(Unknown Source)
	at io.restassured.internal.RequestSpecificationImpl.applyPathParamsAndSendRequest(RequestSpecificationImpl.groovy:1704)
	at io.restassured.internal.RequestSpecificationImpl.this$2$applyPathParamsAndSendRequest(RequestSpecificationImpl.groovy)
	at java.base/jdk.internal.reflect.DirectMethodHandleAccessor.invoke(DirectMethodHandleAccessor.java:104)
	at java.base/java.lang.reflect.Method.invoke(Method.java:577)
	at org.codehaus.groovy.reflection.CachedMethod.invoke(CachedMethod.java:343)
	at groovy.lang.MetaMethod.doMethodInvoke(MetaMethod.java:328)
	at groovy.lang.MetaClassImpl.doInvokeMethod(MetaClassImpl.java:1348)
	at groovy.lang.MetaClassImpl.invokeMethod(MetaClassImpl.java:1103)
	at groovy.lang.MetaClassImpl.invokeMethod(MetaClassImpl.java:1009)
	at groovy.lang.MetaClassImpl.invokeMethod(MetaClassImpl.java:792)
	at io.restassured.internal.RequestSpecificationImpl.invokeMethod(RequestSpecificationImpl.groovy)
	at org.codehaus.groovy.runtime.callsite.PogoInterceptableSite.call(PogoInterceptableSite.java:46)
	at org.codehaus.groovy.runtime.callsite.PogoInterceptableSite.callCurrent(PogoInterceptableSite.java:57)
	at org.codehaus.groovy.runtime.callsite.AbstractCallSite.callCurrent(AbstractCallSite.java:203)
	at io.restassured.internal.RequestSpecificationImpl.applyPathParamsAndSendRequest(RequestSpecificationImpl.groovy:1710)
	at io.restassured.internal.RequestSpecificationImpl.this$2$applyPathParamsAndSendRequest(RequestSpecificationImpl.groovy)
	at java.base/jdk.internal.reflect.DirectMethodHandleAccessor.invoke(DirectMethodHandleAccessor.java:104)
	at java.base/java.lang.reflect.Method.invoke(Method.java:577)
	at org.codehaus.groovy.reflection.CachedMethod.invoke(CachedMethod.java:343)
	at groovy.lang.MetaMethod.doMethodInvoke(MetaMethod.java:328)
	at groovy.lang.MetaClassImpl.doInvokeMethod(MetaClassImpl.java:1348)
	at groovy.lang.MetaClassImpl.invokeMethod(MetaClassImpl.java:1103)
	at groovy.lang.MetaClassImpl.invokeMethod(MetaClassImpl.java:1009)
	at groovy.lang.MetaClassImpl.invokeMethod(MetaClassImpl.java:792)
	at io.restassured.internal.RequestSpecificationImpl.invokeMethod(RequestSpecificationImpl.groovy)
	at org.codehaus.groovy.runtime.callsite.PogoInterceptableSite.call(PogoInterceptableSite.java:46)
	at org.codehaus.groovy.runtime.callsite.PogoInterceptableSite.callCurrent(PogoInterceptableSite.java:57)
	at org.codehaus.groovy.runtime.callsite.AbstractCallSite.callCurrent(AbstractCallSite.java:203)
	at io.restassured.internal.RequestSpecificationImpl.get(RequestSpecificationImpl.groovy:172)
	at io.restassured.internal.RequestSpecificationImpl.get(RequestSpecificationImpl.groovy)
	at api.services.notion.NotionBaseService.getRequest(NotionBaseService.java:25)
	at api.services.notion.BlockService.blocks(BlockService.java:10)
	at api.tests.gpt_and_notion.ChatGptTextGenerationTest.getPageContent(ChatGptTextGenerationTest.java:64)
	at java.base/jdk.internal.reflect.DirectMethodHandleAccessor.invoke(DirectMethodHandleAccessor.java:104)
	at java.base/java.lang.reflect.Method.invoke(Method.java:577)
	at org.testng.internal.invokers.MethodInvocationHelper.invokeMethod(MethodInvocationHelper.java:141)
	at org.testng.internal.invokers.TestInvoker.invokeMethod(TestInvoker.java:686)
	at org.testng.internal.invokers.TestInvoker.invokeTestMethod(TestInvoker.java:230)
	at org.testng.internal.invokers.MethodRunner.runInSequence(MethodRunner.java:63)
	at org.testng.internal.invokers.TestInvoker$MethodInvocationAgent.invoke(TestInvoker.java:992)
	at org.testng.internal.invokers.TestInvoker.invokeTestMethods(TestInvoker.java:203)
	at org.testng.internal.invokers.TestMethodWorker.invokeTestMethods(TestMethodWorker.java:154)
	at org.testng.internal.invokers.TestMethodWorker.run(TestMethodWorker.java:134)
	at java.base/java.util.concurrent.Executors$RunnableAdapter.call(Executors.java:539)
	at java.base/java.util.concurrent.FutureTask.run(FutureTask.java:264)
	at org.testng.internal.thread.graph.TestNGFutureTask.run(TestNGFutureTask.java:22)
	at java.base/java.util.concurrent.ThreadPoolExecutor.runWorker(ThreadPoolExecutor.java:1136)
	at java.base/java.util.concurrent.ThreadPoolExecutor$Worker.run(ThreadPoolExecutor.java:635)
	at java.base/java.lang.Thread.run(Thread.java:833)

FreeMarker template error:
The following has evaluated to null or missing:
==> c  [in template "codeblock.json.ftl" at line 6, column 86]

----
Tip: If the failing expression is known to legally refer to something that's sometimes null or missing, either specify a default value like myOptionalVar!myDefault, or use <#if myOptionalVar??>when-present<#else>when-missing</#if>. (These only cover the last step of the expression; to cover the whole expression, use parenthesis: (myOptionalVar.foo)!myDefault, (myOptionalVar.foo)??
----

----
FTL stack trace ("~" means nesting-related):
	- Failed at: ${c}  [in template "codeblock.json.ftl" at line 6, column 84]
----

Java stack trace (for programmers):
----
freemarker.core.InvalidReferenceException: [... Exception message was already printed; see it above ...]
	at freemarker.core.InvalidReferenceException.getInstance(InvalidReferenceException.java:134)
	at freemarker.core.EvalUtil.coerceModelToTextualCommon(EvalUtil.java:481)
	at freemarker.core.EvalUtil.coerceModelToStringOrMarkup(EvalUtil.java:401)
	at freemarker.core.EvalUtil.coerceModelToStringOrMarkup(EvalUtil.java:370)
	at freemarker.core.DollarVariable.calculateInterpolatedStringOrMarkup(DollarVariable.java:104)
	at freemarker.core.DollarVariable.accept(DollarVariable.java:63)
	at freemarker.core.Environment.visit(Environment.java:371)
	at freemarker.core.IteratorBlock$IterationContext.executedNestedContentForCollOrSeqListing(IteratorBlock.java:321)
	at freemarker.core.IteratorBlock$IterationContext.executeNestedContent(IteratorBlock.java:271)
	at freemarker.core.IteratorBlock$IterationContext.accept(IteratorBlock.java:244)
	at freemarker.core.Environment.visitIteratorBlock(Environment.java:645)
	at freemarker.core.IteratorBlock.acceptWithResult(IteratorBlock.java:108)
	at freemarker.core.IteratorBlock.accept(IteratorBlock.java:94)
	at freemarker.core.Environment.visit(Environment.java:335)
	at freemarker.core.Environment.visit(Environment.java:341)
	at freemarker.core.Environment.process(Environment.java:314)
	at freemarker.template.Template.process(Template.java:383)
	at com.aventstack.extentreports.templating.FreemarkerTemplate.processTemplate(FreemarkerTemplate.java:51)
	at com.aventstack.extentreports.templating.FreemarkerTemplate.getSource(FreemarkerTemplate.java:39)
	at com.aventstack.extentreports.markuputils.CodeBlock.getMarkup(CodeBlock.java:59)
	at com.aventstack.extentreports.ExtentTest.log(ExtentTest.java:484)
	at com.aventstack.extentreports.ExtentTest.info(ExtentTest.java:619)
	at utility.ExtentReporterUtility.logJson(ExtentReporterUtility.java:37)
	at api.filters.LoggingAndReportingFilter.logAndReportRequest(LoggingAndReportingFilter.java:33)
	at api.filters.LoggingAndReportingFilter.filter(LoggingAndReportingFilter.java:19)
	at io.restassured.filter.Filter$filter.call(Unknown Source)
	at org.codehaus.groovy.runtime.callsite.CallSiteArray.defaultCall(CallSiteArray.java:45)
	at io.restassured.filter.Filter$filter$0.call(Unknown Source)
	at io.restassured.internal.filter.FilterContextImpl.next(FilterContextImpl.groovy:72)
	at io.restassured.filter.FilterContext$next.call(Unknown Source)
	at io.restassured.internal.RequestSpecificationImpl.applyPathParamsAndSendRequest(RequestSpecificationImpl.groovy:1704)
	at io.restassured.internal.RequestSpecificationImpl.this$2$applyPathParamsAndSendRequest(RequestSpecificationImpl.groovy)
	at java.base/jdk.internal.reflect.DirectMethodHandleAccessor.invoke(DirectMethodHandleAccessor.java:104)
	at java.base/java.lang.reflect.Method.invoke(Method.java:577)
	at org.codehaus.groovy.reflection.CachedMethod.invoke(CachedMethod.java:343)
	at groovy.lang.MetaMethod.doMethodInvoke(MetaMethod.java:328)
	at groovy.lang.MetaClassImpl.doInvokeMethod(MetaClassImpl.java:1348)
	at groovy.lang.MetaClassImpl.invokeMethod(MetaClassImpl.java:1103)
	at groovy.lang.MetaClassImpl.invokeMethod(MetaClassImpl.java:1009)
	at groovy.lang.MetaClassImpl.invokeMethod(MetaClassImpl.java:792)
	at io.restassured.internal.RequestSpecificationImpl.invokeMethod(RequestSpecificationImpl.groovy)
	at org.codehaus.groovy.runtime.callsite.PogoInterceptableSite.call(PogoInterceptableSite.java:46)
	at org.codehaus.groovy.runtime.callsite.PogoInterceptableSite.callCurrent(PogoInterceptableSite.java:57)
	at org.codehaus.groovy.runtime.callsite.AbstractCallSite.callCurrent(AbstractCallSite.java:203)
	at io.restassured.internal.RequestSpecificationImpl.applyPathParamsAndSendRequest(RequestSpecificationImpl.groovy:1710)
	at io.restassured.internal.RequestSpecificationImpl.this$2$applyPathParamsAndSendRequest(RequestSpecificationImpl.groovy)
	at java.base/jdk.internal.reflect.DirectMethodHandleAccessor.invoke(DirectMethodHandleAccessor.java:104)
	at java.base/java.lang.reflect.Method.invoke(Method.java:577)
	at org.codehaus.groovy.reflection.CachedMethod.invoke(CachedMethod.java:343)
	at groovy.lang.MetaMethod.doMethodInvoke(MetaMethod.java:328)
	at groovy.lang.MetaClassImpl.doInvokeMethod(MetaClassImpl.java:1348)
	at groovy.lang.MetaClassImpl.invokeMethod(MetaClassImpl.java:1103)
	at groovy.lang.MetaClassImpl.invokeMethod(MetaClassImpl.java:1009)
	at groovy.lang.MetaClassImpl.invokeMethod(MetaClassImpl.java:792)
	at io.restassured.internal.RequestSpecificationImpl.invokeMethod(RequestSpecificationImpl.groovy)
	at org.codehaus.groovy.runtime.callsite.PogoInterceptableSite.call(PogoInterceptableSite.java:46)
	at org.codehaus.groovy.runtime.callsite.PogoInterceptableSite.callCurrent(PogoInterceptableSite.java:57)
	at org.codehaus.groovy.runtime.callsite.AbstractCallSite.callCurrent(AbstractCallSite.java:203)
	at io.restassured.internal.RequestSpecificationImpl.get(RequestSpecificationImpl.groovy:172)
	at io.restassured.internal.RequestSpecificationImpl.get(RequestSpecificationImpl.groovy)
	at api.services.notion.NotionBaseService.getRequest(NotionBaseService.java:25)
	at api.services.notion.BlockService.blocks(BlockService.java:10)
	at api.tests.gpt_and_notion.ChatGptTextGenerationTest.getPageContent(ChatGptTextGenerationTest.java:64)
	at java.base/jdk.internal.reflect.DirectMethodHandleAccessor.invoke(DirectMethodHandleAccessor.java:104)
	at java.base/java.lang.reflect.Method.invoke(Method.java:577)
	at org.testng.internal.invokers.MethodInvocationHelper.invokeMethod(MethodInvocationHelper.java:141)
	at org.testng.internal.invokers.TestInvoker.invokeMethod(TestInvoker.java:686)
	at org.testng.internal.invokers.TestInvoker.invokeTestMethod(TestInvoker.java:230)
	at org.testng.internal.invokers.MethodRunner.runInSequence(MethodRunner.java:63)
	at org.testng.internal.invokers.TestInvoker$MethodInvocationAgent.invoke(TestInvoker.java:992)
	at org.testng.internal.invokers.TestInvoker.invokeTestMethods(TestInvoker.java:203)
	at org.testng.internal.invokers.TestMethodWorker.invokeTestMethods(TestMethodWorker.java:154)
	at org.testng.internal.invokers.TestMethodWorker.run(TestMethodWorker.java:134)
	at java.base/java.util.concurrent.Executors$RunnableAdapter.call(Executors.java:539)
	at java.base/java.util.concurrent.FutureTask.run(FutureTask.java:264)
	at org.testng.internal.thread.graph.TestNGFutureTask.run(TestNGFutureTask.java:22)
	at java.base/java.util.concurrent.ThreadPoolExecutor.runWorker(ThreadPoolExecutor.java:1136)
	at java.base/java.util.concurrent.ThreadPoolExecutor$Worker.run(ThreadPoolExecutor.java:635)
	at java.base/java.lang.Thread.run(Thread.java:833)
Sep 14, 2025 11:18:11 PM freemarker.log._JULLoggerFactory$JULLogger error
SEVERE: Error executing FreeMarker template
FreeMarker template error:
The following has evaluated to null or missing:
==> c  [in template "codeblock.json.ftl" at line 6, column 86]

----
Tip: If the failing expression is known to legally refer to something that's sometimes null or missing, either specify a default value like myOptionalVar!myDefault, or use <#if myOptionalVar??>when-present<#else>when-missing</#if>. (These only cover the last step of the expression; to cover the whole expression, use parenthesis: (myOptionalVar.foo)!myDefault, (myOptionalVar.foo)??
----

----
FTL stack trace ("~" means nesting-related):
	- Failed at: ${c}  [in template "codeblock.json.ftl" at line 6, column 84]
----

Java stack trace (for programmers):
----
freemarker.core.InvalidReferenceException: [... Exception message was already printed; see it above ...]
	at freemarker.core.InvalidReferenceException.getInstance(InvalidReferenceException.java:134)
	at freemarker.core.EvalUtil.coerceModelToTextualCommon(EvalUtil.java:481)
	at freemarker.core.EvalUtil.coerceModelToStringOrMarkup(EvalUtil.java:401)
	at freemarker.core.EvalUtil.coerceModelToStringOrMarkup(EvalUtil.java:370)
	at freemarker.core.DollarVariable.calculateInterpolatedStringOrMarkup(DollarVariable.java:104)
	at freemarker.core.DollarVariable.accept(DollarVariable.java:63)
	at freemarker.core.Environment.visit(Environment.java:371)
	at freemarker.core.IteratorBlock$IterationContext.executedNestedContentForCollOrSeqListing(IteratorBlock.java:321)
	at freemarker.core.IteratorBlock$IterationContext.executeNestedContent(IteratorBlock.java:271)
	at freemarker.core.IteratorBlock$IterationContext.accept(IteratorBlock.java:244)
	at freemarker.core.Environment.visitIteratorBlock(Environment.java:645)
	at freemarker.core.IteratorBlock.acceptWithResult(IteratorBlock.java:108)
	at freemarker.core.IteratorBlock.accept(IteratorBlock.java:94)
	at freemarker.core.Environment.visit(Environment.java:335)
	at freemarker.core.Environment.visit(Environment.java:341)
	at freemarker.core.Environment.process(Environment.java:314)
	at freemarker.template.Template.process(Template.java:383)
	at com.aventstack.extentreports.templating.FreemarkerTemplate.processTemplate(FreemarkerTemplate.java:51)
	at com.aventstack.extentreports.templating.FreemarkerTemplate.getSource(FreemarkerTemplate.java:39)
	at com.aventstack.extentreports.markuputils.CodeBlock.getMarkup(CodeBlock.java:59)
	at com.aventstack.extentreports.ExtentTest.log(ExtentTest.java:484)
	at com.aventstack.extentreports.ExtentTest.info(ExtentTest.java:619)
	at utility.ExtentReporterUtility.logJson(ExtentReporterUtility.java:37)
	at api.filters.LoggingAndReportingFilter.logAndReportRequest(LoggingAndReportingFilter.java:33)
	at api.filters.LoggingAndReportingFilter.filter(LoggingAndReportingFilter.java:19)
	at io.restassured.filter.Filter$filter.call(Unknown Source)
	at org.codehaus.groovy.runtime.callsite.CallSiteArray.defaultCall(CallSiteArray.java:45)
	at io.restassured.filter.Filter$filter$0.call(Unknown Source)
	at io.restassured.internal.filter.FilterContextImpl.next(FilterContextImpl.groovy:72)
	at io.restassured.filter.FilterContext$next.call(Unknown Source)
	at io.restassured.internal.RequestSpecificationImpl.applyPathParamsAndSendRequest(RequestSpecificationImpl.groovy:1704)
	at io.restassured.internal.RequestSpecificationImpl.this$2$applyPathParamsAndSendRequest(RequestSpecificationImpl.groovy)
	at java.base/jdk.internal.reflect.DirectMethodHandleAccessor.invoke(DirectMethodHandleAccessor.java:104)
	at java.base/java.lang.reflect.Method.invoke(Method.java:577)
	at org.codehaus.groovy.reflection.CachedMethod.invoke(CachedMethod.java:343)
	at groovy.lang.MetaMethod.doMethodInvoke(MetaMethod.java:328)
	at groovy.lang.MetaClassImpl.doInvokeMethod(MetaClassImpl.java:1348)
	at groovy.lang.MetaClassImpl.invokeMethod(MetaClassImpl.java:1103)
	at groovy.lang.MetaClassImpl.invokeMethod(MetaClassImpl.java:1009)
	at groovy.lang.MetaClassImpl.invokeMethod(MetaClassImpl.java:792)
	at io.restassured.internal.RequestSpecificationImpl.invokeMethod(RequestSpecificationImpl.groovy)
	at org.codehaus.groovy.runtime.callsite.PogoInterceptableSite.call(PogoInterceptableSite.java:46)
	at org.codehaus.groovy.runtime.callsite.PogoInterceptableSite.callCurrent(PogoInterceptableSite.java:57)
	at org.codehaus.groovy.runtime.callsite.AbstractCallSite.callCurrent(AbstractCallSite.java:203)
	at io.restassured.internal.RequestSpecificationImpl.applyPathParamsAndSendRequest(RequestSpecificationImpl.groovy:1710)
	at io.restassured.internal.RequestSpecificationImpl.this$2$applyPathParamsAndSendRequest(RequestSpecificationImpl.groovy)
	at java.base/jdk.internal.reflect.DirectMethodHandleAccessor.invoke(DirectMethodHandleAccessor.java:104)
	at java.base/java.lang.reflect.Method.invoke(Method.java:577)
	at org.codehaus.groovy.reflection.CachedMethod.invoke(CachedMethod.java:343)
	at groovy.lang.MetaMethod.doMethodInvoke(MetaMethod.java:328)
	at groovy.lang.MetaClassImpl.doInvokeMethod(MetaClassImpl.java:1348)
	at groovy.lang.MetaClassImpl.invokeMethod(MetaClassImpl.java:1103)
	at groovy.lang.MetaClassImpl.invokeMethod(MetaClassImpl.java:1009)
	at groovy.lang.MetaClassImpl.invokeMethod(MetaClassImpl.java:792)
	at io.restassured.internal.RequestSpecificationImpl.invokeMethod(RequestSpecificationImpl.groovy)
	at org.codehaus.groovy.runtime.callsite.PogoInterceptableSite.call(PogoInterceptableSite.java:46)
	at org.codehaus.groovy.runtime.callsite.PogoInterceptableSite.callCurrent(PogoInterceptableSite.java:57)
	at org.codehaus.groovy.runtime.callsite.AbstractCallSite.callCurrent(AbstractCallSite.java:203)
	at io.restassured.internal.RequestSpecificationImpl.get(RequestSpecificationImpl.groovy:172)
	at io.restassured.internal.RequestSpecificationImpl.get(RequestSpecificationImpl.groovy)
	at api.services.notion.NotionBaseService.getRequest(NotionBaseService.java:25)
	at api.services.notion.BlockService.blocks(BlockService.java:10)
	at api.tests.gpt_and_notion.ChatGptTextGenerationTest.getPageContent(ChatGptTextGenerationTest.java:64)
	at java.base/jdk.internal.reflect.DirectMethodHandleAccessor.invoke(DirectMethodHandleAccessor.java:104)
	at java.base/java.lang.reflect.Method.invoke(Method.java:577)
	at org.testng.internal.invokers.MethodInvocationHelper.invokeMethod(MethodInvocationHelper.java:141)
	at org.testng.internal.invokers.TestInvoker.invokeMethod(TestInvoker.java:686)
	at org.testng.internal.invokers.TestInvoker.invokeTestMethod(TestInvoker.java:230)
	at org.testng.internal.invokers.MethodRunner.runInSequence(MethodRunner.java:63)
	at org.testng.internal.invokers.TestInvoker$MethodInvocationAgent.invoke(TestInvoker.java:992)
	at org.testng.internal.invokers.TestInvoker.invokeTestMethods(TestInvoker.java:203)
	at org.testng.internal.invokers.TestMethodWorker.invokeTestMethods(TestMethodWorker.java:154)
	at org.testng.internal.invokers.TestMethodWorker.run(TestMethodWorker.java:134)
	at java.base/java.util.concurrent.Executors$RunnableAdapter.call(Executors.java:539)
	at java.base/java.util.concurrent.FutureTask.run(FutureTask.java:264)
	at org.testng.internal.thread.graph.TestNGFutureTask.run(TestNGFutureTask.java:22)
	at java.base/java.util.concurrent.ThreadPoolExecutor.runWorker(ThreadPoolExecutor.java:1136)
	at java.base/java.util.concurrent.ThreadPoolExecutor$Worker.run(ThreadPoolExecutor.java:635)
	at java.base/java.lang.Thread.run(Thread.java:833)

FreeMarker template error:
The following has evaluated to null or missing:
==> c  [in template "codeblock.json.ftl" at line 6, column 86]

----
Tip: If the failing expression is known to legally refer to something that's sometimes null or missing, either specify a default value like myOptionalVar!myDefault, or use <#if myOptionalVar??>when-present<#else>when-missing</#if>. (These only cover the last step of the expression; to cover the whole expression, use parenthesis: (myOptionalVar.foo)!myDefault, (myOptionalVar.foo)??
----

----
FTL stack trace ("~" means nesting-related):
	- Failed at: ${c}  [in template "codeblock.json.ftl" at line 6, column 84]
----

Java stack trace (for programmers):
----
freemarker.core.InvalidReferenceException: [... Exception message was already printed; see it above ...]
	at freemarker.core.InvalidReferenceException.getInstance(InvalidReferenceException.java:134)
	at freemarker.core.EvalUtil.coerceModelToTextualCommon(EvalUtil.java:481)
	at freemarker.core.EvalUtil.coerceModelToStringOrMarkup(EvalUtil.java:401)
	at freemarker.core.EvalUtil.coerceModelToStringOrMarkup(EvalUtil.java:370)
	at freemarker.core.DollarVariable.calculateInterpolatedStringOrMarkup(DollarVariable.java:104)
	at freemarker.core.DollarVariable.accept(DollarVariable.java:63)
	at freemarker.core.Environment.visit(Environment.java:371)
	at freemarker.core.IteratorBlock$IterationContext.executedNestedContentForCollOrSeqListing(IteratorBlock.java:321)
	at freemarker.core.IteratorBlock$IterationContext.executeNestedContent(IteratorBlock.java:271)
	at freemarker.core.IteratorBlock$IterationContext.accept(IteratorBlock.java:244)
	at freemarker.core.Environment.visitIteratorBlock(Environment.java:645)
	at freemarker.core.IteratorBlock.acceptWithResult(IteratorBlock.java:108)
	at freemarker.core.IteratorBlock.accept(IteratorBlock.java:94)
	at freemarker.core.Environment.visit(Environment.java:335)
	at freemarker.core.Environment.visit(Environment.java:341)
	at freemarker.core.Environment.process(Environment.java:314)
	at freemarker.template.Template.process(Template.java:383)
	at com.aventstack.extentreports.templating.FreemarkerTemplate.processTemplate(FreemarkerTemplate.java:51)
	at com.aventstack.extentreports.templating.FreemarkerTemplate.getSource(FreemarkerTemplate.java:39)
	at com.aventstack.extentreports.markuputils.CodeBlock.getMarkup(CodeBlock.java:59)
	at com.aventstack.extentreports.ExtentTest.log(ExtentTest.java:484)
	at com.aventstack.extentreports.ExtentTest.info(ExtentTest.java:619)
	at utility.ExtentReporterUtility.logJson(ExtentReporterUtility.java:37)
	at api.filters.LoggingAndReportingFilter.logAndReportRequest(LoggingAndReportingFilter.java:33)
	at api.filters.LoggingAndReportingFilter.filter(LoggingAndReportingFilter.java:19)
	at io.restassured.filter.Filter$filter.call(Unknown Source)
	at org.codehaus.groovy.runtime.callsite.CallSiteArray.defaultCall(CallSiteArray.java:45)
	at io.restassured.filter.Filter$filter$0.call(Unknown Source)
	at io.restassured.internal.filter.FilterContextImpl.next(FilterContextImpl.groovy:72)
	at io.restassured.filter.FilterContext$next.call(Unknown Source)
	at io.restassured.internal.RequestSpecificationImpl.applyPathParamsAndSendRequest(RequestSpecificationImpl.groovy:1704)
	at io.restassured.internal.RequestSpecificationImpl.this$2$applyPathParamsAndSendRequest(RequestSpecificationImpl.groovy)
	at java.base/jdk.internal.reflect.DirectMethodHandleAccessor.invoke(DirectMethodHandleAccessor.java:104)
	at java.base/java.lang.reflect.Method.invoke(Method.java:577)
	at org.codehaus.groovy.reflection.CachedMethod.invoke(CachedMethod.java:343)
	at groovy.lang.MetaMethod.doMethodInvoke(MetaMethod.java:328)
	at groovy.lang.MetaClassImpl.doInvokeMethod(MetaClassImpl.java:1348)
	at groovy.lang.MetaClassImpl.invokeMethod(MetaClassImpl.java:1103)
	at groovy.lang.MetaClassImpl.invokeMethod(MetaClassImpl.java:1009)
	at groovy.lang.MetaClassImpl.invokeMethod(MetaClassImpl.java:792)
	at io.restassured.internal.RequestSpecificationImpl.invokeMethod(RequestSpecificationImpl.groovy)
	at org.codehaus.groovy.runtime.callsite.PogoInterceptableSite.call(PogoInterceptableSite.java:46)
	at org.codehaus.groovy.runtime.callsite.PogoInterceptableSite.callCurrent(PogoInterceptableSite.java:57)
	at org.codehaus.groovy.runtime.callsite.AbstractCallSite.callCurrent(AbstractCallSite.java:203)
	at io.restassured.internal.RequestSpecificationImpl.applyPathParamsAndSendRequest(RequestSpecificationImpl.groovy:1710)
	at io.restassured.internal.RequestSpecificationImpl.this$2$applyPathParamsAndSendRequest(RequestSpecificationImpl.groovy)
	at java.base/jdk.internal.reflect.DirectMethodHandleAccessor.invoke(DirectMethodHandleAccessor.java:104)
	at java.base/java.lang.reflect.Method.invoke(Method.java:577)
	at org.codehaus.groovy.reflection.CachedMethod.invoke(CachedMethod.java:343)
	at groovy.lang.MetaMethod.doMethodInvoke(MetaMethod.java:328)
	at groovy.lang.MetaClassImpl.doInvokeMethod(MetaClassImpl.java:1348)
	at groovy.lang.MetaClassImpl.invokeMethod(MetaClassImpl.java:1103)
	at groovy.lang.MetaClassImpl.invokeMethod(MetaClassImpl.java:1009)
	at groovy.lang.MetaClassImpl.invokeMethod(MetaClassImpl.java:792)
	at io.restassured.internal.RequestSpecificationImpl.invokeMethod(RequestSpecificationImpl.groovy)
	at org.codehaus.groovy.runtime.callsite.PogoInterceptableSite.call(PogoInterceptableSite.java:46)
	at org.codehaus.groovy.runtime.callsite.PogoInterceptableSite.callCurrent(PogoInterceptableSite.java:57)
	at org.codehaus.groovy.runtime.callsite.AbstractCallSite.callCurrent(AbstractCallSite.java:203)
	at io.restassured.internal.RequestSpecificationImpl.get(RequestSpecificationImpl.groovy:172)
	at io.restassured.internal.RequestSpecificationImpl.get(RequestSpecificationImpl.groovy)
	at api.services.notion.NotionBaseService.getRequest(NotionBaseService.java:25)
	at api.services.notion.BlockService.blocks(BlockService.java:10)
	at api.tests.gpt_and_notion.ChatGptTextGenerationTest.getPageContent(ChatGptTextGenerationTest.java:64)
	at java.base/jdk.internal.reflect.DirectMethodHandleAccessor.invoke(DirectMethodHandleAccessor.java:104)
	at java.base/java.lang.reflect.Method.invoke(Method.java:577)
	at org.testng.internal.invokers.MethodInvocationHelper.invokeMethod(MethodInvocationHelper.java:141)
	at org.testng.internal.invokers.TestInvoker.invokeMethod(TestInvoker.java:686)
	at org.testng.internal.invokers.TestInvoker.invokeTestMethod(TestInvoker.java:230)
	at org.testng.internal.invokers.MethodRunner.runInSequence(MethodRunner.java:63)
	at org.testng.internal.invokers.TestInvoker$MethodInvocationAgent.invoke(TestInvoker.java:992)
	at org.testng.internal.invokers.TestInvoker.invokeTestMethods(TestInvoker.java:203)
	at org.testng.internal.invokers.TestMethodWorker.invokeTestMethods(TestMethodWorker.java:154)
	at org.testng.internal.invokers.TestMethodWorker.run(TestMethodWorker.java:134)
	at java.base/java.util.concurrent.Executors$RunnableAdapter.call(Executors.java:539)
	at java.base/java.util.concurrent.FutureTask.run(FutureTask.java:264)
	at org.testng.internal.thread.graph.TestNGFutureTask.run(TestNGFutureTask.java:22)
	at java.base/java.util.concurrent.ThreadPoolExecutor.runWorker(ThreadPoolExecutor.java:1136)
	at java.base/java.util.concurrent.ThreadPoolExecutor$Worker.run(ThreadPoolExecutor.java:635)
	at java.base/java.lang.Thread.run(Thread.java:833)
Sep 14, 2025 11:18:12 PM freemarker.log._JULLoggerFactory$JULLogger error
SEVERE: Error executing FreeMarker template
FreeMarker template error:
The following has evaluated to null or missing:
==> c  [in template "codeblock.json.ftl" at line 6, column 86]

----
Tip: If the failing expression is known to legally refer to something that's sometimes null or missing, either specify a default value like myOptionalVar!myDefault, or use <#if myOptionalVar??>when-present<#else>when-missing</#if>. (These only cover the last step of the expression; to cover the whole expression, use parenthesis: (myOptionalVar.foo)!myDefault, (myOptionalVar.foo)??
----

----
FTL stack trace ("~" means nesting-related):
	- Failed at: ${c}  [in template "codeblock.json.ftl" at line 6, column 84]
----

Java stack trace (for programmers):
----
freemarker.core.InvalidReferenceException: [... Exception message was already printed; see it above ...]
	at freemarker.core.InvalidReferenceException.getInstance(InvalidReferenceException.java:134)
	at freemarker.core.EvalUtil.coerceModelToTextualCommon(EvalUtil.java:481)
	at freemarker.core.EvalUtil.coerceModelToStringOrMarkup(EvalUtil.java:401)
	at freemarker.core.EvalUtil.coerceModelToStringOrMarkup(EvalUtil.java:370)
	at freemarker.core.DollarVariable.calculateInterpolatedStringOrMarkup(DollarVariable.java:104)
	at freemarker.core.DollarVariable.accept(DollarVariable.java:63)
	at freemarker.core.Environment.visit(Environment.java:371)
	at freemarker.core.IteratorBlock$IterationContext.executedNestedContentForCollOrSeqListing(IteratorBlock.java:321)
	at freemarker.core.IteratorBlock$IterationContext.executeNestedContent(IteratorBlock.java:271)
	at freemarker.core.IteratorBlock$IterationContext.accept(IteratorBlock.java:244)
	at freemarker.core.Environment.visitIteratorBlock(Environment.java:645)
	at freemarker.core.IteratorBlock.acceptWithResult(IteratorBlock.java:108)
	at freemarker.core.IteratorBlock.accept(IteratorBlock.java:94)
	at freemarker.core.Environment.visit(Environment.java:335)
	at freemarker.core.Environment.visit(Environment.java:341)
	at freemarker.core.Environment.process(Environment.java:314)
	at freemarker.template.Template.process(Template.java:383)
	at com.aventstack.extentreports.templating.FreemarkerTemplate.processTemplate(FreemarkerTemplate.java:51)
	at com.aventstack.extentreports.templating.FreemarkerTemplate.getSource(FreemarkerTemplate.java:39)
	at com.aventstack.extentreports.markuputils.CodeBlock.getMarkup(CodeBlock.java:59)
	at com.aventstack.extentreports.ExtentTest.log(ExtentTest.java:484)
	at com.aventstack.extentreports.ExtentTest.info(ExtentTest.java:619)
	at utility.ExtentReporterUtility.logJson(ExtentReporterUtility.java:37)
	at api.filters.LoggingAndReportingFilter.logAndReportRequest(LoggingAndReportingFilter.java:33)
	at api.filters.LoggingAndReportingFilter.filter(LoggingAndReportingFilter.java:19)
	at io.restassured.filter.Filter$filter.call(Unknown Source)
	at org.codehaus.groovy.runtime.callsite.CallSiteArray.defaultCall(CallSiteArray.java:45)
	at io.restassured.filter.Filter$filter$0.call(Unknown Source)
	at io.restassured.internal.filter.FilterContextImpl.next(FilterContextImpl.groovy:72)
	at io.restassured.filter.FilterContext$next.call(Unknown Source)
	at io.restassured.internal.RequestSpecificationImpl.applyPathParamsAndSendRequest(RequestSpecificationImpl.groovy:1704)
	at io.restassured.internal.RequestSpecificationImpl.this$2$applyPathParamsAndSendRequest(RequestSpecificationImpl.groovy)
	at java.base/jdk.internal.reflect.DirectMethodHandleAccessor.invoke(DirectMethodHandleAccessor.java:104)
	at java.base/java.lang.reflect.Method.invoke(Method.java:577)
	at org.codehaus.groovy.reflection.CachedMethod.invoke(CachedMethod.java:343)
	at groovy.lang.MetaMethod.doMethodInvoke(MetaMethod.java:328)
	at groovy.lang.MetaClassImpl.doInvokeMethod(MetaClassImpl.java:1348)
	at groovy.lang.MetaClassImpl.invokeMethod(MetaClassImpl.java:1103)
	at groovy.lang.MetaClassImpl.invokeMethod(MetaClassImpl.java:1009)
	at groovy.lang.MetaClassImpl.invokeMethod(MetaClassImpl.java:792)
	at io.restassured.internal.RequestSpecificationImpl.invokeMethod(RequestSpecificationImpl.groovy)
	at org.codehaus.groovy.runtime.callsite.PogoInterceptableSite.call(PogoInterceptableSite.java:46)
	at org.codehaus.groovy.runtime.callsite.PogoInterceptableSite.callCurrent(PogoInterceptableSite.java:57)
	at org.codehaus.groovy.runtime.callsite.AbstractCallSite.callCurrent(AbstractCallSite.java:203)
	at io.restassured.internal.RequestSpecificationImpl.applyPathParamsAndSendRequest(RequestSpecificationImpl.groovy:1710)
	at io.restassured.internal.RequestSpecificationImpl.this$2$applyPathParamsAndSendRequest(RequestSpecificationImpl.groovy)
	at java.base/jdk.internal.reflect.DirectMethodHandleAccessor.invoke(DirectMethodHandleAccessor.java:104)
	at java.base/java.lang.reflect.Method.invoke(Method.java:577)
	at org.codehaus.groovy.reflection.CachedMethod.invoke(CachedMethod.java:343)
	at groovy.lang.MetaMethod.doMethodInvoke(MetaMethod.java:328)
	at groovy.lang.MetaClassImpl.doInvokeMethod(MetaClassImpl.java:1348)
	at groovy.lang.MetaClassImpl.invokeMethod(MetaClassImpl.java:1103)
	at groovy.lang.MetaClassImpl.invokeMethod(MetaClassImpl.java:1009)
	at groovy.lang.MetaClassImpl.invokeMethod(MetaClassImpl.java:792)
	at io.restassured.internal.RequestSpecificationImpl.invokeMethod(RequestSpecificationImpl.groovy)
	at org.codehaus.groovy.runtime.callsite.PogoInterceptableSite.call(PogoInterceptableSite.java:46)
	at org.codehaus.groovy.runtime.callsite.PogoInterceptableSite.callCurrent(PogoInterceptableSite.java:57)
	at org.codehaus.groovy.runtime.callsite.AbstractCallSite.callCurrent(AbstractCallSite.java:203)
	at io.restassured.internal.RequestSpecificationImpl.get(RequestSpecificationImpl.groovy:172)
	at io.restassured.internal.RequestSpecificationImpl.get(RequestSpecificationImpl.groovy)
	at api.services.notion.NotionBaseService.getRequest(NotionBaseService.java:25)
	at api.services.notion.BlockService.blocks(BlockService.java:10)
	at api.tests.gpt_and_notion.ChatGptTextGenerationTest.getPageContent(ChatGptTextGenerationTest.java:64)
	at java.base/jdk.internal.reflect.DirectMethodHandleAccessor.invoke(DirectMethodHandleAccessor.java:104)
	at java.base/java.lang.reflect.Method.invoke(Method.java:577)
	at org.testng.internal.invokers.MethodInvocationHelper.invokeMethod(MethodInvocationHelper.java:141)
	at org.testng.internal.invokers.TestInvoker.invokeMethod(TestInvoker.java:686)
	at org.testng.internal.invokers.TestInvoker.invokeTestMethod(TestInvoker.java:230)
	at org.testng.internal.invokers.MethodRunner.runInSequence(MethodRunner.java:63)
	at org.testng.internal.invokers.TestInvoker$MethodInvocationAgent.invoke(TestInvoker.java:992)
	at org.testng.internal.invokers.TestInvoker.invokeTestMethods(TestInvoker.java:203)
	at org.testng.internal.invokers.TestMethodWorker.invokeTestMethods(TestMethodWorker.java:154)
	at org.testng.internal.invokers.TestMethodWorker.run(TestMethodWorker.java:134)
	at java.base/java.util.concurrent.Executors$RunnableAdapter.call(Executors.java:539)
	at java.base/java.util.concurrent.FutureTask.run(FutureTask.java:264)
	at org.testng.internal.thread.graph.TestNGFutureTask.run(TestNGFutureTask.java:22)
	at java.base/java.util.concurrent.ThreadPoolExecutor.runWorker(ThreadPoolExecutor.java:1136)
	at java.base/java.util.concurrent.ThreadPoolExecutor$Worker.run(ThreadPoolExecutor.java:635)
	at java.base/java.lang.Thread.run(Thread.java:833)

FreeMarker template error:
The following has evaluated to null or missing:
==> c  [in template "codeblock.json.ftl" at line 6, column 86]

----
Tip: If the failing expression is known to legally refer to something that's sometimes null or missing, either specify a default value like myOptionalVar!myDefault, or use <#if myOptionalVar??>when-present<#else>when-missing</#if>. (These only cover the last step of the expression; to cover the whole expression, use parenthesis: (myOptionalVar.foo)!myDefault, (myOptionalVar.foo)??
----

----
FTL stack trace ("~" means nesting-related):
	- Failed at: ${c}  [in template "codeblock.json.ftl" at line 6, column 84]
----

Java stack trace (for programmers):
----
freemarker.core.InvalidReferenceException: [... Exception message was already printed; see it above ...]
	at freemarker.core.InvalidReferenceException.getInstance(InvalidReferenceException.java:134)
	at freemarker.core.EvalUtil.coerceModelToTextualCommon(EvalUtil.java:481)
	at freemarker.core.EvalUtil.coerceModelToStringOrMarkup(EvalUtil.java:401)
	at freemarker.core.EvalUtil.coerceModelToStringOrMarkup(EvalUtil.java:370)
	at freemarker.core.DollarVariable.calculateInterpolatedStringOrMarkup(DollarVariable.java:104)
	at freemarker.core.DollarVariable.accept(DollarVariable.java:63)
	at freemarker.core.Environment.visit(Environment.java:371)
	at freemarker.core.IteratorBlock$IterationContext.executedNestedContentForCollOrSeqListing(IteratorBlock.java:321)
	at freemarker.core.IteratorBlock$IterationContext.executeNestedContent(IteratorBlock.java:271)
	at freemarker.core.IteratorBlock$IterationContext.accept(IteratorBlock.java:244)
	at freemarker.core.Environment.visitIteratorBlock(Environment.java:645)
	at freemarker.core.IteratorBlock.acceptWithResult(IteratorBlock.java:108)
	at freemarker.core.IteratorBlock.accept(IteratorBlock.java:94)
	at freemarker.core.Environment.visit(Environment.java:335)
	at freemarker.core.Environment.visit(Environment.java:341)
	at freemarker.core.Environment.process(Environment.java:314)
	at freemarker.template.Template.process(Template.java:383)
	at com.aventstack.extentreports.templating.FreemarkerTemplate.processTemplate(FreemarkerTemplate.java:51)
	at com.aventstack.extentreports.templating.FreemarkerTemplate.getSource(FreemarkerTemplate.java:39)
	at com.aventstack.extentreports.markuputils.CodeBlock.getMarkup(CodeBlock.java:59)
	at com.aventstack.extentreports.ExtentTest.log(ExtentTest.java:484)
	at com.aventstack.extentreports.ExtentTest.info(ExtentTest.java:619)
	at utility.ExtentReporterUtility.logJson(ExtentReporterUtility.java:37)
	at api.filters.LoggingAndReportingFilter.logAndReportRequest(LoggingAndReportingFilter.java:33)
	at api.filters.LoggingAndReportingFilter.filter(LoggingAndReportingFilter.java:19)
	at io.restassured.filter.Filter$filter.call(Unknown Source)
	at org.codehaus.groovy.runtime.callsite.CallSiteArray.defaultCall(CallSiteArray.java:45)
	at io.restassured.filter.Filter$filter$0.call(Unknown Source)
	at io.restassured.internal.filter.FilterContextImpl.next(FilterContextImpl.groovy:72)
	at io.restassured.filter.FilterContext$next.call(Unknown Source)
	at io.restassured.internal.RequestSpecificationImpl.applyPathParamsAndSendRequest(RequestSpecificationImpl.groovy:1704)
	at io.restassured.internal.RequestSpecificationImpl.this$2$applyPathParamsAndSendRequest(RequestSpecificationImpl.groovy)
	at java.base/jdk.internal.reflect.DirectMethodHandleAccessor.invoke(DirectMethodHandleAccessor.java:104)
	at java.base/java.lang.reflect.Method.invoke(Method.java:577)
	at org.codehaus.groovy.reflection.CachedMethod.invoke(CachedMethod.java:343)
	at groovy.lang.MetaMethod.doMethodInvoke(MetaMethod.java:328)
	at groovy.lang.MetaClassImpl.doInvokeMethod(MetaClassImpl.java:1348)
	at groovy.lang.MetaClassImpl.invokeMethod(MetaClassImpl.java:1103)
	at groovy.lang.MetaClassImpl.invokeMethod(MetaClassImpl.java:1009)
	at groovy.lang.MetaClassImpl.invokeMethod(MetaClassImpl.java:792)
	at io.restassured.internal.RequestSpecificationImpl.invokeMethod(RequestSpecificationImpl.groovy)
	at org.codehaus.groovy.runtime.callsite.PogoInterceptableSite.call(PogoInterceptableSite.java:46)
	at org.codehaus.groovy.runtime.callsite.PogoInterceptableSite.callCurrent(PogoInterceptableSite.java:57)
	at org.codehaus.groovy.runtime.callsite.AbstractCallSite.callCurrent(AbstractCallSite.java:203)
	at io.restassured.internal.RequestSpecificationImpl.applyPathParamsAndSendRequest(RequestSpecificationImpl.groovy:1710)
	at io.restassured.internal.RequestSpecificationImpl.this$2$applyPathParamsAndSendRequest(RequestSpecificationImpl.groovy)
	at java.base/jdk.internal.reflect.DirectMethodHandleAccessor.invoke(DirectMethodHandleAccessor.java:104)
	at java.base/java.lang.reflect.Method.invoke(Method.java:577)
	at org.codehaus.groovy.reflection.CachedMethod.invoke(CachedMethod.java:343)
	at groovy.lang.MetaMethod.doMethodInvoke(MetaMethod.java:328)
	at groovy.lang.MetaClassImpl.doInvokeMethod(MetaClassImpl.java:1348)
	at groovy.lang.MetaClassImpl.invokeMethod(MetaClassImpl.java:1103)
	at groovy.lang.MetaClassImpl.invokeMethod(MetaClassImpl.java:1009)
	at groovy.lang.MetaClassImpl.invokeMethod(MetaClassImpl.java:792)
	at io.restassured.internal.RequestSpecificationImpl.invokeMethod(RequestSpecificationImpl.groovy)
	at org.codehaus.groovy.runtime.callsite.PogoInterceptableSite.call(PogoInterceptableSite.java:46)
	at org.codehaus.groovy.runtime.callsite.PogoInterceptableSite.callCurrent(PogoInterceptableSite.java:57)
	at org.codehaus.groovy.runtime.callsite.AbstractCallSite.callCurrent(AbstractCallSite.java:203)
	at io.restassured.internal.RequestSpecificationImpl.get(RequestSpecificationImpl.groovy:172)
	at io.restassured.internal.RequestSpecificationImpl.get(RequestSpecificationImpl.groovy)
	at api.services.notion.NotionBaseService.getRequest(NotionBaseService.java:25)
	at api.services.notion.BlockService.blocks(BlockService.java:10)
	at api.tests.gpt_and_notion.ChatGptTextGenerationTest.getPageContent(ChatGptTextGenerationTest.java:64)
	at java.base/jdk.internal.reflect.DirectMethodHandleAccessor.invoke(DirectMethodHandleAccessor.java:104)
	at java.base/java.lang.reflect.Method.invoke(Method.java:577)
	at org.testng.internal.invokers.MethodInvocationHelper.invokeMethod(MethodInvocationHelper.java:141)
	at org.testng.internal.invokers.TestInvoker.invokeMethod(TestInvoker.java:686)
	at org.testng.internal.invokers.TestInvoker.invokeTestMethod(TestInvoker.java:230)
	at org.testng.internal.invokers.MethodRunner.runInSequence(MethodRunner.java:63)
	at org.testng.internal.invokers.TestInvoker$MethodInvocationAgent.invoke(TestInvoker.java:992)
	at org.testng.internal.invokers.TestInvoker.invokeTestMethods(TestInvoker.java:203)
	at org.testng.internal.invokers.TestMethodWorker.invokeTestMethods(TestMethodWorker.java:154)
	at org.testng.internal.invokers.TestMethodWorker.run(TestMethodWorker.java:134)
	at java.base/java.util.concurrent.Executors$RunnableAdapter.call(Executors.java:539)
	at java.base/java.util.concurrent.FutureTask.run(FutureTask.java:264)
	at org.testng.internal.thread.graph.TestNGFutureTask.run(TestNGFutureTask.java:22)
	at java.base/java.util.concurrent.ThreadPoolExecutor.runWorker(ThreadPoolExecutor.java:1136)
	at java.base/java.util.concurrent.ThreadPoolExecutor$Worker.run(ThreadPoolExecutor.java:635)
	at java.base/java.lang.Thread.run(Thread.java:833)
Sep 14, 2025 11:18:12 PM freemarker.log._JULLoggerFactory$JULLogger error
SEVERE: Error executing FreeMarker template
FreeMarker template error:
The following has evaluated to null or missing:
==> c  [in template "codeblock.json.ftl" at line 6, column 86]

----
Tip: If the failing expression is known to legally refer to something that's sometimes null or missing, either specify a default value like myOptionalVar!myDefault, or use <#if myOptionalVar??>when-present<#else>when-missing</#if>. (These only cover the last step of the expression; to cover the whole expression, use parenthesis: (myOptionalVar.foo)!myDefault, (myOptionalVar.foo)??
----

----
FTL stack trace ("~" means nesting-related):
	- Failed at: ${c}  [in template "codeblock.json.ftl" at line 6, column 84]
----

Java stack trace (for programmers):
----
freemarker.core.InvalidReferenceException: [... Exception message was already printed; see it above ...]
	at freemarker.core.InvalidReferenceException.getInstance(InvalidReferenceException.java:134)
	at freemarker.core.EvalUtil.coerceModelToTextualCommon(EvalUtil.java:481)
	at freemarker.core.EvalUtil.coerceModelToStringOrMarkup(EvalUtil.java:401)
	at freemarker.core.EvalUtil.coerceModelToStringOrMarkup(EvalUtil.java:370)
	at freemarker.core.DollarVariable.calculateInterpolatedStringOrMarkup(DollarVariable.java:104)
	at freemarker.core.DollarVariable.accept(DollarVariable.java:63)
	at freemarker.core.Environment.visit(Environment.java:371)
	at freemarker.core.IteratorBlock$IterationContext.executedNestedContentForCollOrSeqListing(IteratorBlock.java:321)
	at freemarker.core.IteratorBlock$IterationContext.executeNestedContent(IteratorBlock.java:271)
	at freemarker.core.IteratorBlock$IterationContext.accept(IteratorBlock.java:244)
	at freemarker.core.Environment.visitIteratorBlock(Environment.java:645)
	at freemarker.core.IteratorBlock.acceptWithResult(IteratorBlock.java:108)
	at freemarker.core.IteratorBlock.accept(IteratorBlock.java:94)
	at freemarker.core.Environment.visit(Environment.java:335)
	at freemarker.core.Environment.visit(Environment.java:341)
	at freemarker.core.Environment.process(Environment.java:314)
	at freemarker.template.Template.process(Template.java:383)
	at com.aventstack.extentreports.templating.FreemarkerTemplate.processTemplate(FreemarkerTemplate.java:51)
	at com.aventstack.extentreports.templating.FreemarkerTemplate.getSource(FreemarkerTemplate.java:39)
	at com.aventstack.extentreports.markuputils.CodeBlock.getMarkup(CodeBlock.java:59)
	at com.aventstack.extentreports.ExtentTest.log(ExtentTest.java:484)
	at com.aventstack.extentreports.ExtentTest.info(ExtentTest.java:619)
	at utility.ExtentReporterUtility.logJson(ExtentReporterUtility.java:37)
	at api.filters.LoggingAndReportingFilter.logAndReportRequest(LoggingAndReportingFilter.java:33)
	at api.filters.LoggingAndReportingFilter.filter(LoggingAndReportingFilter.java:19)
	at io.restassured.filter.Filter$filter.call(Unknown Source)
	at org.codehaus.groovy.runtime.callsite.CallSiteArray.defaultCall(CallSiteArray.java:45)
	at io.restassured.filter.Filter$filter$0.call(Unknown Source)
	at io.restassured.internal.filter.FilterContextImpl.next(FilterContextImpl.groovy:72)
	at io.restassured.filter.FilterContext$next.call(Unknown Source)
	at io.restassured.internal.RequestSpecificationImpl.applyPathParamsAndSendRequest(RequestSpecificationImpl.groovy:1704)
	at io.restassured.internal.RequestSpecificationImpl.this$2$applyPathParamsAndSendRequest(RequestSpecificationImpl.groovy)
	at java.base/jdk.internal.reflect.DirectMethodHandleAccessor.invoke(DirectMethodHandleAccessor.java:104)
	at java.base/java.lang.reflect.Method.invoke(Method.java:577)
	at org.codehaus.groovy.reflection.CachedMethod.invoke(CachedMethod.java:343)
	at groovy.lang.MetaMethod.doMethodInvoke(MetaMethod.java:328)
	at groovy.lang.MetaClassImpl.doInvokeMethod(MetaClassImpl.java:1348)
	at groovy.lang.MetaClassImpl.invokeMethod(MetaClassImpl.java:1103)
	at groovy.lang.MetaClassImpl.invokeMethod(MetaClassImpl.java:1009)
	at groovy.lang.MetaClassImpl.invokeMethod(MetaClassImpl.java:792)
	at io.restassured.internal.RequestSpecificationImpl.invokeMethod(RequestSpecificationImpl.groovy)
	at org.codehaus.groovy.runtime.callsite.PogoInterceptableSite.call(PogoInterceptableSite.java:46)
	at org.codehaus.groovy.runtime.callsite.PogoInterceptableSite.callCurrent(PogoInterceptableSite.java:57)
	at org.codehaus.groovy.runtime.callsite.AbstractCallSite.callCurrent(AbstractCallSite.java:203)
	at io.restassured.internal.RequestSpecificationImpl.applyPathParamsAndSendRequest(RequestSpecificationImpl.groovy:1710)
	at io.restassured.internal.RequestSpecificationImpl.this$2$applyPathParamsAndSendRequest(RequestSpecificationImpl.groovy)
	at java.base/jdk.internal.reflect.DirectMethodHandleAccessor.invoke(DirectMethodHandleAccessor.java:104)
	at java.base/java.lang.reflect.Method.invoke(Method.java:577)
	at org.codehaus.groovy.reflection.CachedMethod.invoke(CachedMethod.java:343)
	at groovy.lang.MetaMethod.doMethodInvoke(MetaMethod.java:328)
	at groovy.lang.MetaClassImpl.doInvokeMethod(MetaClassImpl.java:1348)
	at groovy.lang.MetaClassImpl.invokeMethod(MetaClassImpl.java:1103)
	at groovy.lang.MetaClassImpl.invokeMethod(MetaClassImpl.java:1009)
	at groovy.lang.MetaClassImpl.invokeMethod(MetaClassImpl.java:792)
	at io.restassured.internal.RequestSpecificationImpl.invokeMethod(RequestSpecificationImpl.groovy)
	at org.codehaus.groovy.runtime.callsite.PogoInterceptableSite.call(PogoInterceptableSite.java:46)
	at org.codehaus.groovy.runtime.callsite.PogoInterceptableSite.callCurrent(PogoInterceptableSite.java:57)
	at org.codehaus.groovy.runtime.callsite.AbstractCallSite.callCurrent(AbstractCallSite.java:203)
	at io.restassured.internal.RequestSpecificationImpl.get(RequestSpecificationImpl.groovy:172)
	at io.restassured.internal.RequestSpecificationImpl.get(RequestSpecificationImpl.groovy)
	at api.services.notion.NotionBaseService.getRequest(NotionBaseService.java:25)
	at api.services.notion.BlockService.blocks(BlockService.java:10)
	at api.tests.gpt_and_notion.ChatGptTextGenerationTest.getPageContent(ChatGptTextGenerationTest.java:64)
	at java.base/jdk.internal.reflect.DirectMethodHandleAccessor.invoke(DirectMethodHandleAccessor.java:104)
	at java.base/java.lang.reflect.Method.invoke(Method.java:577)
	at org.testng.internal.invokers.MethodInvocationHelper.invokeMethod(MethodInvocationHelper.java:141)
	at org.testng.internal.invokers.TestInvoker.invokeMethod(TestInvoker.java:686)
	at org.testng.internal.invokers.TestInvoker.invokeTestMethod(TestInvoker.java:230)
	at org.testng.internal.invokers.MethodRunner.runInSequence(MethodRunner.java:63)
	at org.testng.internal.invokers.TestInvoker$MethodInvocationAgent.invoke(TestInvoker.java:992)
	at org.testng.internal.invokers.TestInvoker.invokeTestMethods(TestInvoker.java:203)
	at org.testng.internal.invokers.TestMethodWorker.invokeTestMethods(TestMethodWorker.java:154)
	at org.testng.internal.invokers.TestMethodWorker.run(TestMethodWorker.java:134)
	at java.base/java.util.concurrent.Executors$RunnableAdapter.call(Executors.java:539)
	at java.base/java.util.concurrent.FutureTask.run(FutureTask.java:264)
	at org.testng.internal.thread.graph.TestNGFutureTask.run(TestNGFutureTask.java:22)
	at java.base/java.util.concurrent.ThreadPoolExecutor.runWorker(ThreadPoolExecutor.java:1136)
	at java.base/java.util.concurrent.ThreadPoolExecutor$Worker.run(ThreadPoolExecutor.java:635)
	at java.base/java.lang.Thread.run(Thread.java:833)

FreeMarker template error:
The following has evaluated to null or missing:
==> c  [in template "codeblock.json.ftl" at line 6, column 86]

----
Tip: If the failing expression is known to legally refer to something that's sometimes null or missing, either specify a default value like myOptionalVar!myDefault, or use <#if myOptionalVar??>when-present<#else>when-missing</#if>. (These only cover the last step of the expression; to cover the whole expression, use parenthesis: (myOptionalVar.foo)!myDefault, (myOptionalVar.foo)??
----

----
FTL stack trace ("~" means nesting-related):
	- Failed at: ${c}  [in template "codeblock.json.ftl" at line 6, column 84]
----

Java stack trace (for programmers):
----
freemarker.core.InvalidReferenceException: [... Exception message was already printed; see it above ...]
	at freemarker.core.InvalidReferenceException.getInstance(InvalidReferenceException.java:134)
	at freemarker.core.EvalUtil.coerceModelToTextualCommon(EvalUtil.java:481)
	at freemarker.core.EvalUtil.coerceModelToStringOrMarkup(EvalUtil.java:401)
	at freemarker.core.EvalUtil.coerceModelToStringOrMarkup(EvalUtil.java:370)
	at freemarker.core.DollarVariable.calculateInterpolatedStringOrMarkup(DollarVariable.java:104)
	at freemarker.core.DollarVariable.accept(DollarVariable.java:63)
	at freemarker.core.Environment.visit(Environment.java:371)
	at freemarker.core.IteratorBlock$IterationContext.executedNestedContentForCollOrSeqListing(IteratorBlock.java:321)
	at freemarker.core.IteratorBlock$IterationContext.executeNestedContent(IteratorBlock.java:271)
	at freemarker.core.IteratorBlock$IterationContext.accept(IteratorBlock.java:244)
	at freemarker.core.Environment.visitIteratorBlock(Environment.java:645)
	at freemarker.core.IteratorBlock.acceptWithResult(IteratorBlock.java:108)
	at freemarker.core.IteratorBlock.accept(IteratorBlock.java:94)
	at freemarker.core.Environment.visit(Environment.java:335)
	at freemarker.core.Environment.visit(Environment.java:341)
	at freemarker.core.Environment.process(Environment.java:314)
	at freemarker.template.Template.process(Template.java:383)
	at com.aventstack.extentreports.templating.FreemarkerTemplate.processTemplate(FreemarkerTemplate.java:51)
	at com.aventstack.extentreports.templating.FreemarkerTemplate.getSource(FreemarkerTemplate.java:39)
	at com.aventstack.extentreports.markuputils.CodeBlock.getMarkup(CodeBlock.java:59)
	at com.aventstack.extentreports.ExtentTest.log(ExtentTest.java:484)
	at com.aventstack.extentreports.ExtentTest.info(ExtentTest.java:619)
	at utility.ExtentReporterUtility.logJson(ExtentReporterUtility.java:37)
	at api.filters.LoggingAndReportingFilter.logAndReportRequest(LoggingAndReportingFilter.java:33)
	at api.filters.LoggingAndReportingFilter.filter(LoggingAndReportingFilter.java:19)
	at io.restassured.filter.Filter$filter.call(Unknown Source)
	at org.codehaus.groovy.runtime.callsite.CallSiteArray.defaultCall(CallSiteArray.java:45)
	at io.restassured.filter.Filter$filter$0.call(Unknown Source)
	at io.restassured.internal.filter.FilterContextImpl.next(FilterContextImpl.groovy:72)
	at io.restassured.filter.FilterContext$next.call(Unknown Source)
	at io.restassured.internal.RequestSpecificationImpl.applyPathParamsAndSendRequest(RequestSpecificationImpl.groovy:1704)
	at io.restassured.internal.RequestSpecificationImpl.this$2$applyPathParamsAndSendRequest(RequestSpecificationImpl.groovy)
	at java.base/jdk.internal.reflect.DirectMethodHandleAccessor.invoke(DirectMethodHandleAccessor.java:104)
	at java.base/java.lang.reflect.Method.invoke(Method.java:577)
	at org.codehaus.groovy.reflection.CachedMethod.invoke(CachedMethod.java:343)
	at groovy.lang.MetaMethod.doMethodInvoke(MetaMethod.java:328)
	at groovy.lang.MetaClassImpl.doInvokeMethod(MetaClassImpl.java:1348)
	at groovy.lang.MetaClassImpl.invokeMethod(MetaClassImpl.java:1103)
	at groovy.lang.MetaClassImpl.invokeMethod(MetaClassImpl.java:1009)
	at groovy.lang.MetaClassImpl.invokeMethod(MetaClassImpl.java:792)
	at io.restassured.internal.RequestSpecificationImpl.invokeMethod(RequestSpecificationImpl.groovy)
	at org.codehaus.groovy.runtime.callsite.PogoInterceptableSite.call(PogoInterceptableSite.java:46)
	at org.codehaus.groovy.runtime.callsite.PogoInterceptableSite.callCurrent(PogoInterceptableSite.java:57)
	at org.codehaus.groovy.runtime.callsite.AbstractCallSite.callCurrent(AbstractCallSite.java:203)
	at io.restassured.internal.RequestSpecificationImpl.applyPathParamsAndSendRequest(RequestSpecificationImpl.groovy:1710)
	at io.restassured.internal.RequestSpecificationImpl.this$2$applyPathParamsAndSendRequest(RequestSpecificationImpl.groovy)
	at java.base/jdk.internal.reflect.DirectMethodHandleAccessor.invoke(DirectMethodHandleAccessor.java:104)
	at java.base/java.lang.reflect.Method.invoke(Method.java:577)
	at org.codehaus.groovy.reflection.CachedMethod.invoke(CachedMethod.java:343)
	at groovy.lang.MetaMethod.doMethodInvoke(MetaMethod.java:328)
	at groovy.lang.MetaClassImpl.doInvokeMethod(MetaClassImpl.java:1348)
	at groovy.lang.MetaClassImpl.invokeMethod(MetaClassImpl.java:1103)
	at groovy.lang.MetaClassImpl.invokeMethod(MetaClassImpl.java:1009)
	at groovy.lang.MetaClassImpl.invokeMethod(MetaClassImpl.java:792)
	at io.restassured.internal.RequestSpecificationImpl.invokeMethod(RequestSpecificationImpl.groovy)
	at org.codehaus.groovy.runtime.callsite.PogoInterceptableSite.call(PogoInterceptableSite.java:46)
	at org.codehaus.groovy.runtime.callsite.PogoInterceptableSite.callCurrent(PogoInterceptableSite.java:57)
	at org.codehaus.groovy.runtime.callsite.AbstractCallSite.callCurrent(AbstractCallSite.java:203)
	at io.restassured.internal.RequestSpecificationImpl.get(RequestSpecificationImpl.groovy:172)
	at io.restassured.internal.RequestSpecificationImpl.get(RequestSpecificationImpl.groovy)
	at api.services.notion.NotionBaseService.getRequest(NotionBaseService.java:25)
	at api.services.notion.BlockService.blocks(BlockService.java:10)
	at api.tests.gpt_and_notion.ChatGptTextGenerationTest.getPageContent(ChatGptTextGenerationTest.java:64)
	at java.base/jdk.internal.reflect.DirectMethodHandleAccessor.invoke(DirectMethodHandleAccessor.java:104)
	at java.base/java.lang.reflect.Method.invoke(Method.java:577)
	at org.testng.internal.invokers.MethodInvocationHelper.invokeMethod(MethodInvocationHelper.java:141)
	at org.testng.internal.invokers.TestInvoker.invokeMethod(TestInvoker.java:686)
	at org.testng.internal.invokers.TestInvoker.invokeTestMethod(TestInvoker.java:230)
	at org.testng.internal.invokers.MethodRunner.runInSequence(MethodRunner.java:63)
	at org.testng.internal.invokers.TestInvoker$MethodInvocationAgent.invoke(TestInvoker.java:992)
	at org.testng.internal.invokers.TestInvoker.invokeTestMethods(TestInvoker.java:203)
	at org.testng.internal.invokers.TestMethodWorker.invokeTestMethods(TestMethodWorker.java:154)
	at org.testng.internal.invokers.TestMethodWorker.run(TestMethodWorker.java:134)
	at java.base/java.util.concurrent.Executors$RunnableAdapter.call(Executors.java:539)
	at java.base/java.util.concurrent.FutureTask.run(FutureTask.java:264)
	at org.testng.internal.thread.graph.TestNGFutureTask.run(TestNGFutureTask.java:22)
	at java.base/java.util.concurrent.ThreadPoolExecutor.runWorker(ThreadPoolExecutor.java:1136)
	at java.base/java.util.concurrent.ThreadPoolExecutor$Worker.run(ThreadPoolExecutor.java:635)
	at java.base/java.lang.Thread.run(Thread.java:833)
Sep 14, 2025 11:18:13 PM freemarker.log._JULLoggerFactory$JULLogger error
SEVERE: Error executing FreeMarker template
FreeMarker template error:
The following has evaluated to null or missing:
==> c  [in template "codeblock.json.ftl" at line 6, column 86]

----
Tip: If the failing expression is known to legally refer to something that's sometimes null or missing, either specify a default value like myOptionalVar!myDefault, or use <#if myOptionalVar??>when-present<#else>when-missing</#if>. (These only cover the last step of the expression; to cover the whole expression, use parenthesis: (myOptionalVar.foo)!myDefault, (myOptionalVar.foo)??
----

----
FTL stack trace ("~" means nesting-related):
	- Failed at: ${c}  [in template "codeblock.json.ftl" at line 6, column 84]
----

Java stack trace (for programmers):
----
freemarker.core.InvalidReferenceException: [... Exception message was already printed; see it above ...]
	at freemarker.core.InvalidReferenceException.getInstance(InvalidReferenceException.java:134)
	at freemarker.core.EvalUtil.coerceModelToTextualCommon(EvalUtil.java:481)
	at freemarker.core.EvalUtil.coerceModelToStringOrMarkup(EvalUtil.java:401)
	at freemarker.core.EvalUtil.coerceModelToStringOrMarkup(EvalUtil.java:370)
	at freemarker.core.DollarVariable.calculateInterpolatedStringOrMarkup(DollarVariable.java:104)
	at freemarker.core.DollarVariable.accept(DollarVariable.java:63)
	at freemarker.core.Environment.visit(Environment.java:371)
	at freemarker.core.IteratorBlock$IterationContext.executedNestedContentForCollOrSeqListing(IteratorBlock.java:321)
	at freemarker.core.IteratorBlock$IterationContext.executeNestedContent(IteratorBlock.java:271)
	at freemarker.core.IteratorBlock$IterationContext.accept(IteratorBlock.java:244)
	at freemarker.core.Environment.visitIteratorBlock(Environment.java:645)
	at freemarker.core.IteratorBlock.acceptWithResult(IteratorBlock.java:108)
	at freemarker.core.IteratorBlock.accept(IteratorBlock.java:94)
	at freemarker.core.Environment.visit(Environment.java:335)
	at freemarker.core.Environment.visit(Environment.java:341)
	at freemarker.core.Environment.process(Environment.java:314)
	at freemarker.template.Template.process(Template.java:383)
	at com.aventstack.extentreports.templating.FreemarkerTemplate.processTemplate(FreemarkerTemplate.java:51)
	at com.aventstack.extentreports.templating.FreemarkerTemplate.getSource(FreemarkerTemplate.java:39)
	at com.aventstack.extentreports.markuputils.CodeBlock.getMarkup(CodeBlock.java:59)
	at com.aventstack.extentreports.ExtentTest.log(ExtentTest.java:484)
	at com.aventstack.extentreports.ExtentTest.info(ExtentTest.java:619)
	at utility.ExtentReporterUtility.logJson(ExtentReporterUtility.java:37)
	at api.filters.LoggingAndReportingFilter.logAndReportRequest(LoggingAndReportingFilter.java:33)
	at api.filters.LoggingAndReportingFilter.filter(LoggingAndReportingFilter.java:19)
	at io.restassured.filter.Filter$filter.call(Unknown Source)
	at org.codehaus.groovy.runtime.callsite.CallSiteArray.defaultCall(CallSiteArray.java:45)
	at io.restassured.filter.Filter$filter$0.call(Unknown Source)
	at io.restassured.internal.filter.FilterContextImpl.next(FilterContextImpl.groovy:72)
	at io.restassured.filter.FilterContext$next.call(Unknown Source)
	at io.restassured.internal.RequestSpecificationImpl.applyPathParamsAndSendRequest(RequestSpecificationImpl.groovy:1704)
	at io.restassured.internal.RequestSpecificationImpl.this$2$applyPathParamsAndSendRequest(RequestSpecificationImpl.groovy)
	at java.base/jdk.internal.reflect.DirectMethodHandleAccessor.invoke(DirectMethodHandleAccessor.java:104)
	at java.base/java.lang.reflect.Method.invoke(Method.java:577)
	at org.codehaus.groovy.reflection.CachedMethod.invoke(CachedMethod.java:343)
	at groovy.lang.MetaMethod.doMethodInvoke(MetaMethod.java:328)
	at groovy.lang.MetaClassImpl.doInvokeMethod(MetaClassImpl.java:1348)
	at groovy.lang.MetaClassImpl.invokeMethod(MetaClassImpl.java:1103)
	at groovy.lang.MetaClassImpl.invokeMethod(MetaClassImpl.java:1009)
	at groovy.lang.MetaClassImpl.invokeMethod(MetaClassImpl.java:792)
	at io.restassured.internal.RequestSpecificationImpl.invokeMethod(RequestSpecificationImpl.groovy)
	at org.codehaus.groovy.runtime.callsite.PogoInterceptableSite.call(PogoInterceptableSite.java:46)
	at org.codehaus.groovy.runtime.callsite.PogoInterceptableSite.callCurrent(PogoInterceptableSite.java:57)
	at org.codehaus.groovy.runtime.callsite.AbstractCallSite.callCurrent(AbstractCallSite.java:203)
	at io.restassured.internal.RequestSpecificationImpl.applyPathParamsAndSendRequest(RequestSpecificationImpl.groovy:1710)
	at io.restassured.internal.RequestSpecificationImpl.this$2$applyPathParamsAndSendRequest(RequestSpecificationImpl.groovy)
	at java.base/jdk.internal.reflect.DirectMethodHandleAccessor.invoke(DirectMethodHandleAccessor.java:104)
	at java.base/java.lang.reflect.Method.invoke(Method.java:577)
	at org.codehaus.groovy.reflection.CachedMethod.invoke(CachedMethod.java:343)
	at groovy.lang.MetaMethod.doMethodInvoke(MetaMethod.java:328)
	at groovy.lang.MetaClassImpl.doInvokeMethod(MetaClassImpl.java:1348)
	at groovy.lang.MetaClassImpl.invokeMethod(MetaClassImpl.java:1103)
	at groovy.lang.MetaClassImpl.invokeMethod(MetaClassImpl.java:1009)
	at groovy.lang.MetaClassImpl.invokeMethod(MetaClassImpl.java:792)
	at io.restassured.internal.RequestSpecificationImpl.invokeMethod(RequestSpecificationImpl.groovy)
	at org.codehaus.groovy.runtime.callsite.PogoInterceptableSite.call(PogoInterceptableSite.java:46)
	at org.codehaus.groovy.runtime.callsite.PogoInterceptableSite.callCurrent(PogoInterceptableSite.java:57)
	at org.codehaus.groovy.runtime.callsite.AbstractCallSite.callCurrent(AbstractCallSite.java:203)
	at io.restassured.internal.RequestSpecificationImpl.get(RequestSpecificationImpl.groovy:172)
	at io.restassured.internal.RequestSpecificationImpl.get(RequestSpecificationImpl.groovy)
	at api.services.notion.NotionBaseService.getRequest(NotionBaseService.java:25)
	at api.services.notion.BlockService.blocks(BlockService.java:10)
	at api.tests.gpt_and_notion.ChatGptTextGenerationTest.getPageContent(ChatGptTextGenerationTest.java:64)
	at java.base/jdk.internal.reflect.DirectMethodHandleAccessor.invoke(DirectMethodHandleAccessor.java:104)
	at java.base/java.lang.reflect.Method.invoke(Method.java:577)
	at org.testng.internal.invokers.MethodInvocationHelper.invokeMethod(MethodInvocationHelper.java:141)
	at org.testng.internal.invokers.TestInvoker.invokeMethod(TestInvoker.java:686)
	at org.testng.internal.invokers.TestInvoker.invokeTestMethod(TestInvoker.java:230)
	at org.testng.internal.invokers.MethodRunner.runInSequence(MethodRunner.java:63)
	at org.testng.internal.invokers.TestInvoker$MethodInvocationAgent.invoke(TestInvoker.java:992)
	at org.testng.internal.invokers.TestInvoker.invokeTestMethods(TestInvoker.java:203)
	at org.testng.internal.invokers.TestMethodWorker.invokeTestMethods(TestMethodWorker.java:154)
	at org.testng.internal.invokers.TestMethodWorker.run(TestMethodWorker.java:134)
	at java.base/java.util.concurrent.Executors$RunnableAdapter.call(Executors.java:539)
	at java.base/java.util.concurrent.FutureTask.run(FutureTask.java:264)
	at org.testng.internal.thread.graph.TestNGFutureTask.run(TestNGFutureTask.java:22)
	at java.base/java.util.concurrent.ThreadPoolExecutor.runWorker(ThreadPoolExecutor.java:1136)
	at java.base/java.util.concurrent.ThreadPoolExecutor$Worker.run(ThreadPoolExecutor.java:635)
	at java.base/java.lang.Thread.run(Thread.java:833)

FreeMarker template error:
The following has evaluated to null or missing:
==> c  [in template "codeblock.json.ftl" at line 6, column 86]

----
Tip: If the failing expression is known to legally refer to something that's sometimes null or missing, either specify a default value like myOptionalVar!myDefault, or use <#if myOptionalVar??>when-present<#else>when-missing</#if>. (These only cover the last step of the expression; to cover the whole expression, use parenthesis: (myOptionalVar.foo)!myDefault, (myOptionalVar.foo)??
----

----
FTL stack trace ("~" means nesting-related):
	- Failed at: ${c}  [in template "codeblock.json.ftl" at line 6, column 84]
----

Java stack trace (for programmers):
----
freemarker.core.InvalidReferenceException: [... Exception message was already printed; see it above ...]
	at freemarker.core.InvalidReferenceException.getInstance(InvalidReferenceException.java:134)
	at freemarker.core.EvalUtil.coerceModelToTextualCommon(EvalUtil.java:481)
	at freemarker.core.EvalUtil.coerceModelToStringOrMarkup(EvalUtil.java:401)
	at freemarker.core.EvalUtil.coerceModelToStringOrMarkup(EvalUtil.java:370)
	at freemarker.core.DollarVariable.calculateInterpolatedStringOrMarkup(DollarVariable.java:104)
	at freemarker.core.DollarVariable.accept(DollarVariable.java:63)
	at freemarker.core.Environment.visit(Environment.java:371)
	at freemarker.core.IteratorBlock$IterationContext.executedNestedContentForCollOrSeqListing(IteratorBlock.java:321)
	at freemarker.core.IteratorBlock$IterationContext.executeNestedContent(IteratorBlock.java:271)
	at freemarker.core.IteratorBlock$IterationContext.accept(IteratorBlock.java:244)
	at freemarker.core.Environment.visitIteratorBlock(Environment.java:645)
	at freemarker.core.IteratorBlock.acceptWithResult(IteratorBlock.java:108)
	at freemarker.core.IteratorBlock.accept(IteratorBlock.java:94)
	at freemarker.core.Environment.visit(Environment.java:335)
	at freemarker.core.Environment.visit(Environment.java:341)
	at freemarker.core.Environment.process(Environment.java:314)
	at freemarker.template.Template.process(Template.java:383)
	at com.aventstack.extentreports.templating.FreemarkerTemplate.processTemplate(FreemarkerTemplate.java:51)
	at com.aventstack.extentreports.templating.FreemarkerTemplate.getSource(FreemarkerTemplate.java:39)
	at com.aventstack.extentreports.markuputils.CodeBlock.getMarkup(CodeBlock.java:59)
	at com.aventstack.extentreports.ExtentTest.log(ExtentTest.java:484)
	at com.aventstack.extentreports.ExtentTest.info(ExtentTest.java:619)
	at utility.ExtentReporterUtility.logJson(ExtentReporterUtility.java:37)
	at api.filters.LoggingAndReportingFilter.logAndReportRequest(LoggingAndReportingFilter.java:33)
	at api.filters.LoggingAndReportingFilter.filter(LoggingAndReportingFilter.java:19)
	at io.restassured.filter.Filter$filter.call(Unknown Source)
	at org.codehaus.groovy.runtime.callsite.CallSiteArray.defaultCall(CallSiteArray.java:45)
	at io.restassured.filter.Filter$filter$0.call(Unknown Source)
	at io.restassured.internal.filter.FilterContextImpl.next(FilterContextImpl.groovy:72)
	at io.restassured.filter.FilterContext$next.call(Unknown Source)
	at io.restassured.internal.RequestSpecificationImpl.applyPathParamsAndSendRequest(RequestSpecificationImpl.groovy:1704)
	at io.restassured.internal.RequestSpecificationImpl.this$2$applyPathParamsAndSendRequest(RequestSpecificationImpl.groovy)
	at java.base/jdk.internal.reflect.DirectMethodHandleAccessor.invoke(DirectMethodHandleAccessor.java:104)
	at java.base/java.lang.reflect.Method.invoke(Method.java:577)
	at org.codehaus.groovy.reflection.CachedMethod.invoke(CachedMethod.java:343)
	at groovy.lang.MetaMethod.doMethodInvoke(MetaMethod.java:328)
	at groovy.lang.MetaClassImpl.doInvokeMethod(MetaClassImpl.java:1348)
	at groovy.lang.MetaClassImpl.invokeMethod(MetaClassImpl.java:1103)
	at groovy.lang.MetaClassImpl.invokeMethod(MetaClassImpl.java:1009)
	at groovy.lang.MetaClassImpl.invokeMethod(MetaClassImpl.java:792)
	at io.restassured.internal.RequestSpecificationImpl.invokeMethod(RequestSpecificationImpl.groovy)
	at org.codehaus.groovy.runtime.callsite.PogoInterceptableSite.call(PogoInterceptableSite.java:46)
	at org.codehaus.groovy.runtime.callsite.PogoInterceptableSite.callCurrent(PogoInterceptableSite.java:57)
	at org.codehaus.groovy.runtime.callsite.AbstractCallSite.callCurrent(AbstractCallSite.java:203)
	at io.restassured.internal.RequestSpecificationImpl.applyPathParamsAndSendRequest(RequestSpecificationImpl.groovy:1710)
	at io.restassured.internal.RequestSpecificationImpl.this$2$applyPathParamsAndSendRequest(RequestSpecificationImpl.groovy)
	at java.base/jdk.internal.reflect.DirectMethodHandleAccessor.invoke(DirectMethodHandleAccessor.java:104)
	at java.base/java.lang.reflect.Method.invoke(Method.java:577)
	at org.codehaus.groovy.reflection.CachedMethod.invoke(CachedMethod.java:343)
	at groovy.lang.MetaMethod.doMethodInvoke(MetaMethod.java:328)
	at groovy.lang.MetaClassImpl.doInvokeMethod(MetaClassImpl.java:1348)
	at groovy.lang.MetaClassImpl.invokeMethod(MetaClassImpl.java:1103)
	at groovy.lang.MetaClassImpl.invokeMethod(MetaClassImpl.java:1009)
	at groovy.lang.MetaClassImpl.invokeMethod(MetaClassImpl.java:792)
	at io.restassured.internal.RequestSpecificationImpl.invokeMethod(RequestSpecificationImpl.groovy)
	at org.codehaus.groovy.runtime.callsite.PogoInterceptableSite.call(PogoInterceptableSite.java:46)
	at org.codehaus.groovy.runtime.callsite.PogoInterceptableSite.callCurrent(PogoInterceptableSite.java:57)
	at org.codehaus.groovy.runtime.callsite.AbstractCallSite.callCurrent(AbstractCallSite.java:203)
	at io.restassured.internal.RequestSpecificationImpl.get(RequestSpecificationImpl.groovy:172)
	at io.restassured.internal.RequestSpecificationImpl.get(RequestSpecificationImpl.groovy)
	at api.services.notion.NotionBaseService.getRequest(NotionBaseService.java:25)
	at api.services.notion.BlockService.blocks(BlockService.java:10)
	at api.tests.gpt_and_notion.ChatGptTextGenerationTest.getPageContent(ChatGptTextGenerationTest.java:64)
	at java.base/jdk.internal.reflect.DirectMethodHandleAccessor.invoke(DirectMethodHandleAccessor.java:104)
	at java.base/java.lang.reflect.Method.invoke(Method.java:577)
	at org.testng.internal.invokers.MethodInvocationHelper.invokeMethod(MethodInvocationHelper.java:141)
	at org.testng.internal.invokers.TestInvoker.invokeMethod(TestInvoker.java:686)
	at org.testng.internal.invokers.TestInvoker.invokeTestMethod(TestInvoker.java:230)
	at org.testng.internal.invokers.MethodRunner.runInSequence(MethodRunner.java:63)
	at org.testng.internal.invokers.TestInvoker$MethodInvocationAgent.invoke(TestInvoker.java:992)
	at org.testng.internal.invokers.TestInvoker.invokeTestMethods(TestInvoker.java:203)
	at org.testng.internal.invokers.TestMethodWorker.invokeTestMethods(TestMethodWorker.java:154)
	at org.testng.internal.invokers.TestMethodWorker.run(TestMethodWorker.java:134)
	at java.base/java.util.concurrent.Executors$RunnableAdapter.call(Executors.java:539)
	at java.base/java.util.concurrent.FutureTask.run(FutureTask.java:264)
	at org.testng.internal.thread.graph.TestNGFutureTask.run(TestNGFutureTask.java:22)
	at java.base/java.util.concurrent.ThreadPoolExecutor.runWorker(ThreadPoolExecutor.java:1136)
	at java.base/java.util.concurrent.ThreadPoolExecutor$Worker.run(ThreadPoolExecutor.java:635)
	at java.base/java.lang.Thread.run(Thread.java:833)
Sep 14, 2025 11:18:14 PM freemarker.log._JULLoggerFactory$JULLogger error
SEVERE: Error executing FreeMarker template
FreeMarker template error:
The following has evaluated to null or missing:
==> c  [in template "codeblock.json.ftl" at line 6, column 86]

----
Tip: If the failing expression is known to legally refer to something that's sometimes null or missing, either specify a default value like myOptionalVar!myDefault, or use <#if myOptionalVar??>when-present<#else>when-missing</#if>. (These only cover the last step of the expression; to cover the whole expression, use parenthesis: (myOptionalVar.foo)!myDefault, (myOptionalVar.foo)??
----

----
FTL stack trace ("~" means nesting-related):
	- Failed at: ${c}  [in template "codeblock.json.ftl" at line 6, column 84]
----

Java stack trace (for programmers):
----
freemarker.core.InvalidReferenceException: [... Exception message was already printed; see it above ...]
	at freemarker.core.InvalidReferenceException.getInstance(InvalidReferenceException.java:134)
	at freemarker.core.EvalUtil.coerceModelToTextualCommon(EvalUtil.java:481)
	at freemarker.core.EvalUtil.coerceModelToStringOrMarkup(EvalUtil.java:401)
	at freemarker.core.EvalUtil.coerceModelToStringOrMarkup(EvalUtil.java:370)
	at freemarker.core.DollarVariable.calculateInterpolatedStringOrMarkup(DollarVariable.java:104)
	at freemarker.core.DollarVariable.accept(DollarVariable.java:63)
	at freemarker.core.Environment.visit(Environment.java:371)
	at freemarker.core.IteratorBlock$IterationContext.executedNestedContentForCollOrSeqListing(IteratorBlock.java:321)
	at freemarker.core.IteratorBlock$IterationContext.executeNestedContent(IteratorBlock.java:271)
	at freemarker.core.IteratorBlock$IterationContext.accept(IteratorBlock.java:244)
	at freemarker.core.Environment.visitIteratorBlock(Environment.java:645)
	at freemarker.core.IteratorBlock.acceptWithResult(IteratorBlock.java:108)
	at freemarker.core.IteratorBlock.accept(IteratorBlock.java:94)
	at freemarker.core.Environment.visit(Environment.java:335)
	at freemarker.core.Environment.visit(Environment.java:341)
	at freemarker.core.Environment.process(Environment.java:314)
	at freemarker.template.Template.process(Template.java:383)
	at com.aventstack.extentreports.templating.FreemarkerTemplate.processTemplate(FreemarkerTemplate.java:51)
	at com.aventstack.extentreports.templating.FreemarkerTemplate.getSource(FreemarkerTemplate.java:39)
	at com.aventstack.extentreports.markuputils.CodeBlock.getMarkup(CodeBlock.java:59)
	at com.aventstack.extentreports.ExtentTest.log(ExtentTest.java:484)
	at com.aventstack.extentreports.ExtentTest.info(ExtentTest.java:619)
	at utility.ExtentReporterUtility.logJson(ExtentReporterUtility.java:37)
	at api.filters.LoggingAndReportingFilter.logAndReportRequest(LoggingAndReportingFilter.java:33)
	at api.filters.LoggingAndReportingFilter.filter(LoggingAndReportingFilter.java:19)
	at io.restassured.filter.Filter$filter.call(Unknown Source)
	at org.codehaus.groovy.runtime.callsite.CallSiteArray.defaultCall(CallSiteArray.java:45)
	at io.restassured.filter.Filter$filter$0.call(Unknown Source)
	at io.restassured.internal.filter.FilterContextImpl.next(FilterContextImpl.groovy:72)
	at io.restassured.filter.FilterContext$next.call(Unknown Source)
	at io.restassured.internal.RequestSpecificationImpl.applyPathParamsAndSendRequest(RequestSpecificationImpl.groovy:1704)
	at io.restassured.internal.RequestSpecificationImpl.this$2$applyPathParamsAndSendRequest(RequestSpecificationImpl.groovy)
	at java.base/jdk.internal.reflect.DirectMethodHandleAccessor.invoke(DirectMethodHandleAccessor.java:104)
	at java.base/java.lang.reflect.Method.invoke(Method.java:577)
	at org.codehaus.groovy.reflection.CachedMethod.invoke(CachedMethod.java:343)
	at groovy.lang.MetaMethod.doMethodInvoke(MetaMethod.java:328)
	at groovy.lang.MetaClassImpl.doInvokeMethod(MetaClassImpl.java:1348)
	at groovy.lang.MetaClassImpl.invokeMethod(MetaClassImpl.java:1103)
	at groovy.lang.MetaClassImpl.invokeMethod(MetaClassImpl.java:1009)
	at groovy.lang.MetaClassImpl.invokeMethod(MetaClassImpl.java:792)
	at io.restassured.internal.RequestSpecificationImpl.invokeMethod(RequestSpecificationImpl.groovy)
	at org.codehaus.groovy.runtime.callsite.PogoInterceptableSite.call(PogoInterceptableSite.java:46)
	at org.codehaus.groovy.runtime.callsite.PogoInterceptableSite.callCurrent(PogoInterceptableSite.java:57)
	at org.codehaus.groovy.runtime.callsite.AbstractCallSite.callCurrent(AbstractCallSite.java:203)
	at io.restassured.internal.RequestSpecificationImpl.applyPathParamsAndSendRequest(RequestSpecificationImpl.groovy:1710)
	at io.restassured.internal.RequestSpecificationImpl.this$2$applyPathParamsAndSendRequest(RequestSpecificationImpl.groovy)
	at java.base/jdk.internal.reflect.DirectMethodHandleAccessor.invoke(DirectMethodHandleAccessor.java:104)
	at java.base/java.lang.reflect.Method.invoke(Method.java:577)
	at org.codehaus.groovy.reflection.CachedMethod.invoke(CachedMethod.java:343)
	at groovy.lang.MetaMethod.doMethodInvoke(MetaMethod.java:328)
	at groovy.lang.MetaClassImpl.doInvokeMethod(MetaClassImpl.java:1348)
	at groovy.lang.MetaClassImpl.invokeMethod(MetaClassImpl.java:1103)
	at groovy.lang.MetaClassImpl.invokeMethod(MetaClassImpl.java:1009)
	at groovy.lang.MetaClassImpl.invokeMethod(MetaClassImpl.java:792)
	at io.restassured.internal.RequestSpecificationImpl.invokeMethod(RequestSpecificationImpl.groovy)
	at org.codehaus.groovy.runtime.callsite.PogoInterceptableSite.call(PogoInterceptableSite.java:46)
	at org.codehaus.groovy.runtime.callsite.PogoInterceptableSite.callCurrent(PogoInterceptableSite.java:57)
	at org.codehaus.groovy.runtime.callsite.AbstractCallSite.callCurrent(AbstractCallSite.java:203)
	at io.restassured.internal.RequestSpecificationImpl.get(RequestSpecificationImpl.groovy:172)
	at io.restassured.internal.RequestSpecificationImpl.get(RequestSpecificationImpl.groovy)
	at api.services.notion.NotionBaseService.getRequest(NotionBaseService.java:25)
	at api.services.notion.BlockService.blocks(BlockService.java:10)
	at api.tests.gpt_and_notion.ChatGptTextGenerationTest.getPageContent(ChatGptTextGenerationTest.java:64)
	at java.base/jdk.internal.reflect.DirectMethodHandleAccessor.invoke(DirectMethodHandleAccessor.java:104)
	at java.base/java.lang.reflect.Method.invoke(Method.java:577)
	at org.testng.internal.invokers.MethodInvocationHelper.invokeMethod(MethodInvocationHelper.java:141)
	at org.testng.internal.invokers.TestInvoker.invokeMethod(TestInvoker.java:686)
	at org.testng.internal.invokers.TestInvoker.invokeTestMethod(TestInvoker.java:230)
	at org.testng.internal.invokers.MethodRunner.runInSequence(MethodRunner.java:63)
	at org.testng.internal.invokers.TestInvoker$MethodInvocationAgent.invoke(TestInvoker.java:992)
	at org.testng.internal.invokers.TestInvoker.invokeTestMethods(TestInvoker.java:203)
	at org.testng.internal.invokers.TestMethodWorker.invokeTestMethods(TestMethodWorker.java:154)
	at org.testng.internal.invokers.TestMethodWorker.run(TestMethodWorker.java:134)
	at java.base/java.util.concurrent.Executors$RunnableAdapter.call(Executors.java:539)
	at java.base/java.util.concurrent.FutureTask.run(FutureTask.java:264)
	at org.testng.internal.thread.graph.TestNGFutureTask.run(TestNGFutureTask.java:22)
	at java.base/java.util.concurrent.ThreadPoolExecutor.runWorker(ThreadPoolExecutor.java:1136)
	at java.base/java.util.concurrent.ThreadPoolExecutor$Worker.run(ThreadPoolExecutor.java:635)
	at java.base/java.lang.Thread.run(Thread.java:833)

FreeMarker template error:
The following has evaluated to null or missing:
==> c  [in template "codeblock.json.ftl" at line 6, column 86]

----
Tip: If the failing expression is known to legally refer to something that's sometimes null or missing, either specify a default value like myOptionalVar!myDefault, or use <#if myOptionalVar??>when-present<#else>when-missing</#if>. (These only cover the last step of the expression; to cover the whole expression, use parenthesis: (myOptionalVar.foo)!myDefault, (myOptionalVar.foo)??
----

----
FTL stack trace ("~" means nesting-related):
	- Failed at: ${c}  [in template "codeblock.json.ftl" at line 6, column 84]
----

Java stack trace (for programmers):
----
freemarker.core.InvalidReferenceException: [... Exception message was already printed; see it above ...]
	at freemarker.core.InvalidReferenceException.getInstance(InvalidReferenceException.java:134)
	at freemarker.core.EvalUtil.coerceModelToTextualCommon(EvalUtil.java:481)
	at freemarker.core.EvalUtil.coerceModelToStringOrMarkup(EvalUtil.java:401)
	at freemarker.core.EvalUtil.coerceModelToStringOrMarkup(EvalUtil.java:370)
	at freemarker.core.DollarVariable.calculateInterpolatedStringOrMarkup(DollarVariable.java:104)
	at freemarker.core.DollarVariable.accept(DollarVariable.java:63)
	at freemarker.core.Environment.visit(Environment.java:371)
	at freemarker.core.IteratorBlock$IterationContext.executedNestedContentForCollOrSeqListing(IteratorBlock.java:321)
	at freemarker.core.IteratorBlock$IterationContext.executeNestedContent(IteratorBlock.java:271)
	at freemarker.core.IteratorBlock$IterationContext.accept(IteratorBlock.java:244)
	at freemarker.core.Environment.visitIteratorBlock(Environment.java:645)
	at freemarker.core.IteratorBlock.acceptWithResult(IteratorBlock.java:108)
	at freemarker.core.IteratorBlock.accept(IteratorBlock.java:94)
	at freemarker.core.Environment.visit(Environment.java:335)
	at freemarker.core.Environment.visit(Environment.java:341)
	at freemarker.core.Environment.process(Environment.java:314)
	at freemarker.template.Template.process(Template.java:383)
	at com.aventstack.extentreports.templating.FreemarkerTemplate.processTemplate(FreemarkerTemplate.java:51)
	at com.aventstack.extentreports.templating.FreemarkerTemplate.getSource(FreemarkerTemplate.java:39)
	at com.aventstack.extentreports.markuputils.CodeBlock.getMarkup(CodeBlock.java:59)
	at com.aventstack.extentreports.ExtentTest.log(ExtentTest.java:484)
	at com.aventstack.extentreports.ExtentTest.info(ExtentTest.java:619)
	at utility.ExtentReporterUtility.logJson(ExtentReporterUtility.java:37)
	at api.filters.LoggingAndReportingFilter.logAndReportRequest(LoggingAndReportingFilter.java:33)
	at api.filters.LoggingAndReportingFilter.filter(LoggingAndReportingFilter.java:19)
	at io.restassured.filter.Filter$filter.call(Unknown Source)
	at org.codehaus.groovy.runtime.callsite.CallSiteArray.defaultCall(CallSiteArray.java:45)
	at io.restassured.filter.Filter$filter$0.call(Unknown Source)
	at io.restassured.internal.filter.FilterContextImpl.next(FilterContextImpl.groovy:72)
	at io.restassured.filter.FilterContext$next.call(Unknown Source)
	at io.restassured.internal.RequestSpecificationImpl.applyPathParamsAndSendRequest(RequestSpecificationImpl.groovy:1704)
	at io.restassured.internal.RequestSpecificationImpl.this$2$applyPathParamsAndSendRequest(RequestSpecificationImpl.groovy)
	at java.base/jdk.internal.reflect.DirectMethodHandleAccessor.invoke(DirectMethodHandleAccessor.java:104)
	at java.base/java.lang.reflect.Method.invoke(Method.java:577)
	at org.codehaus.groovy.reflection.CachedMethod.invoke(CachedMethod.java:343)
	at groovy.lang.MetaMethod.doMethodInvoke(MetaMethod.java:328)
	at groovy.lang.MetaClassImpl.doInvokeMethod(MetaClassImpl.java:1348)
	at groovy.lang.MetaClassImpl.invokeMethod(MetaClassImpl.java:1103)
	at groovy.lang.MetaClassImpl.invokeMethod(MetaClassImpl.java:1009)
	at groovy.lang.MetaClassImpl.invokeMethod(MetaClassImpl.java:792)
	at io.restassured.internal.RequestSpecificationImpl.invokeMethod(RequestSpecificationImpl.groovy)
	at org.codehaus.groovy.runtime.callsite.PogoInterceptableSite.call(PogoInterceptableSite.java:46)
	at org.codehaus.groovy.runtime.callsite.PogoInterceptableSite.callCurrent(PogoInterceptableSite.java:57)
	at org.codehaus.groovy.runtime.callsite.AbstractCallSite.callCurrent(AbstractCallSite.java:203)
	at io.restassured.internal.RequestSpecificationImpl.applyPathParamsAndSendRequest(RequestSpecificationImpl.groovy:1710)
	at io.restassured.internal.RequestSpecificationImpl.this$2$applyPathParamsAndSendRequest(RequestSpecificationImpl.groovy)
	at java.base/jdk.internal.reflect.DirectMethodHandleAccessor.invoke(DirectMethodHandleAccessor.java:104)
	at java.base/java.lang.reflect.Method.invoke(Method.java:577)
	at org.codehaus.groovy.reflection.CachedMethod.invoke(CachedMethod.java:343)
	at groovy.lang.MetaMethod.doMethodInvoke(MetaMethod.java:328)
	at groovy.lang.MetaClassImpl.doInvokeMethod(MetaClassImpl.java:1348)
	at groovy.lang.MetaClassImpl.invokeMethod(MetaClassImpl.java:1103)
	at groovy.lang.MetaClassImpl.invokeMethod(MetaClassImpl.java:1009)
	at groovy.lang.MetaClassImpl.invokeMethod(MetaClassImpl.java:792)
	at io.restassured.internal.RequestSpecificationImpl.invokeMethod(RequestSpecificationImpl.groovy)
	at org.codehaus.groovy.runtime.callsite.PogoInterceptableSite.call(PogoInterceptableSite.java:46)
	at org.codehaus.groovy.runtime.callsite.PogoInterceptableSite.callCurrent(PogoInterceptableSite.java:57)
	at org.codehaus.groovy.runtime.callsite.AbstractCallSite.callCurrent(AbstractCallSite.java:203)
	at io.restassured.internal.RequestSpecificationImpl.get(RequestSpecificationImpl.groovy:172)
	at io.restassured.internal.RequestSpecificationImpl.get(RequestSpecificationImpl.groovy)
	at api.services.notion.NotionBaseService.getRequest(NotionBaseService.java:25)
	at api.services.notion.BlockService.blocks(BlockService.java:10)
	at api.tests.gpt_and_notion.ChatGptTextGenerationTest.getPageContent(ChatGptTextGenerationTest.java:64)
	at java.base/jdk.internal.reflect.DirectMethodHandleAccessor.invoke(DirectMethodHandleAccessor.java:104)
	at java.base/java.lang.reflect.Method.invoke(Method.java:577)
	at org.testng.internal.invokers.MethodInvocationHelper.invokeMethod(MethodInvocationHelper.java:141)
	at org.testng.internal.invokers.TestInvoker.invokeMethod(TestInvoker.java:686)
	at org.testng.internal.invokers.TestInvoker.invokeTestMethod(TestInvoker.java:230)
	at org.testng.internal.invokers.MethodRunner.runInSequence(MethodRunner.java:63)
	at org.testng.internal.invokers.TestInvoker$MethodInvocationAgent.invoke(TestInvoker.java:992)
	at org.testng.internal.invokers.TestInvoker.invokeTestMethods(TestInvoker.java:203)
	at org.testng.internal.invokers.TestMethodWorker.invokeTestMethods(TestMethodWorker.java:154)
	at org.testng.internal.invokers.TestMethodWorker.run(TestMethodWorker.java:134)
	at java.base/java.util.concurrent.Executors$RunnableAdapter.call(Executors.java:539)
	at java.base/java.util.concurrent.FutureTask.run(FutureTask.java:264)
	at org.testng.internal.thread.graph.TestNGFutureTask.run(TestNGFutureTask.java:22)
	at java.base/java.util.concurrent.ThreadPoolExecutor.runWorker(ThreadPoolExecutor.java:1136)
	at java.base/java.util.concurrent.ThreadPoolExecutor$Worker.run(ThreadPoolExecutor.java:635)
	at java.base/java.lang.Thread.run(Thread.java:833)
Sep 14, 2025 11:18:14 PM freemarker.log._JULLoggerFactory$JULLogger error
SEVERE: Error executing FreeMarker template
FreeMarker template error:
The following has evaluated to null or missing:
==> c  [in template "codeblock.json.ftl" at line 6, column 86]

----
Tip: If the failing expression is known to legally refer to something that's sometimes null or missing, either specify a default value like myOptionalVar!myDefault, or use <#if myOptionalVar??>when-present<#else>when-missing</#if>. (These only cover the last step of the expression; to cover the whole expression, use parenthesis: (myOptionalVar.foo)!myDefault, (myOptionalVar.foo)??
----

----
FTL stack trace ("~" means nesting-related):
	- Failed at: ${c}  [in template "codeblock.json.ftl" at line 6, column 84]
----

Java stack trace (for programmers):
----
freemarker.core.InvalidReferenceException: [... Exception message was already printed; see it above ...]
	at freemarker.core.InvalidReferenceException.getInstance(InvalidReferenceException.java:134)
	at freemarker.core.EvalUtil.coerceModelToTextualCommon(EvalUtil.java:481)
	at freemarker.core.EvalUtil.coerceModelToStringOrMarkup(EvalUtil.java:401)
	at freemarker.core.EvalUtil.coerceModelToStringOrMarkup(EvalUtil.java:370)
	at freemarker.core.DollarVariable.calculateInterpolatedStringOrMarkup(DollarVariable.java:104)
	at freemarker.core.DollarVariable.accept(DollarVariable.java:63)
	at freemarker.core.Environment.visit(Environment.java:371)
	at freemarker.core.IteratorBlock$IterationContext.executedNestedContentForCollOrSeqListing(IteratorBlock.java:321)
	at freemarker.core.IteratorBlock$IterationContext.executeNestedContent(IteratorBlock.java:271)
	at freemarker.core.IteratorBlock$IterationContext.accept(IteratorBlock.java:244)
	at freemarker.core.Environment.visitIteratorBlock(Environment.java:645)
	at freemarker.core.IteratorBlock.acceptWithResult(IteratorBlock.java:108)
	at freemarker.core.IteratorBlock.accept(IteratorBlock.java:94)
	at freemarker.core.Environment.visit(Environment.java:335)
	at freemarker.core.Environment.visit(Environment.java:341)
	at freemarker.core.Environment.process(Environment.java:314)
	at freemarker.template.Template.process(Template.java:383)
	at com.aventstack.extentreports.templating.FreemarkerTemplate.processTemplate(FreemarkerTemplate.java:51)
	at com.aventstack.extentreports.templating.FreemarkerTemplate.getSource(FreemarkerTemplate.java:39)
	at com.aventstack.extentreports.markuputils.CodeBlock.getMarkup(CodeBlock.java:59)
	at com.aventstack.extentreports.ExtentTest.log(ExtentTest.java:484)
	at com.aventstack.extentreports.ExtentTest.info(ExtentTest.java:619)
	at utility.ExtentReporterUtility.logJson(ExtentReporterUtility.java:37)
	at api.filters.LoggingAndReportingFilter.logAndReportRequest(LoggingAndReportingFilter.java:33)
	at api.filters.LoggingAndReportingFilter.filter(LoggingAndReportingFilter.java:19)
	at io.restassured.filter.Filter$filter.call(Unknown Source)
	at org.codehaus.groovy.runtime.callsite.CallSiteArray.defaultCall(CallSiteArray.java:45)
	at io.restassured.filter.Filter$filter$0.call(Unknown Source)
	at io.restassured.internal.filter.FilterContextImpl.next(FilterContextImpl.groovy:72)
	at io.restassured.filter.FilterContext$next.call(Unknown Source)
	at io.restassured.internal.RequestSpecificationImpl.applyPathParamsAndSendRequest(RequestSpecificationImpl.groovy:1704)
	at io.restassured.internal.RequestSpecificationImpl.this$2$applyPathParamsAndSendRequest(RequestSpecificationImpl.groovy)
	at java.base/jdk.internal.reflect.DirectMethodHandleAccessor.invoke(DirectMethodHandleAccessor.java:104)
	at java.base/java.lang.reflect.Method.invoke(Method.java:577)
	at org.codehaus.groovy.reflection.CachedMethod.invoke(CachedMethod.java:343)
	at groovy.lang.MetaMethod.doMethodInvoke(MetaMethod.java:328)
	at groovy.lang.MetaClassImpl.doInvokeMethod(MetaClassImpl.java:1348)
	at groovy.lang.MetaClassImpl.invokeMethod(MetaClassImpl.java:1103)
	at groovy.lang.MetaClassImpl.invokeMethod(MetaClassImpl.java:1009)
	at groovy.lang.MetaClassImpl.invokeMethod(MetaClassImpl.java:792)
	at io.restassured.internal.RequestSpecificationImpl.invokeMethod(RequestSpecificationImpl.groovy)
	at org.codehaus.groovy.runtime.callsite.PogoInterceptableSite.call(PogoInterceptableSite.java:46)
	at org.codehaus.groovy.runtime.callsite.PogoInterceptableSite.callCurrent(PogoInterceptableSite.java:57)
	at org.codehaus.groovy.runtime.callsite.AbstractCallSite.callCurrent(AbstractCallSite.java:203)
	at io.restassured.internal.RequestSpecificationImpl.applyPathParamsAndSendRequest(RequestSpecificationImpl.groovy:1710)
	at io.restassured.internal.RequestSpecificationImpl.this$2$applyPathParamsAndSendRequest(RequestSpecificationImpl.groovy)
	at java.base/jdk.internal.reflect.DirectMethodHandleAccessor.invoke(DirectMethodHandleAccessor.java:104)
	at java.base/java.lang.reflect.Method.invoke(Method.java:577)
	at org.codehaus.groovy.reflection.CachedMethod.invoke(CachedMethod.java:343)
	at groovy.lang.MetaMethod.doMethodInvoke(MetaMethod.java:328)
	at groovy.lang.MetaClassImpl.doInvokeMethod(MetaClassImpl.java:1348)
	at groovy.lang.MetaClassImpl.invokeMethod(MetaClassImpl.java:1103)
	at groovy.lang.MetaClassImpl.invokeMethod(MetaClassImpl.java:1009)
	at groovy.lang.MetaClassImpl.invokeMethod(MetaClassImpl.java:792)
	at io.restassured.internal.RequestSpecificationImpl.invokeMethod(RequestSpecificationImpl.groovy)
	at org.codehaus.groovy.runtime.callsite.PogoInterceptableSite.call(PogoInterceptableSite.java:46)
	at org.codehaus.groovy.runtime.callsite.PogoInterceptableSite.callCurrent(PogoInterceptableSite.java:57)
	at org.codehaus.groovy.runtime.callsite.AbstractCallSite.callCurrent(AbstractCallSite.java:203)
	at io.restassured.internal.RequestSpecificationImpl.get(RequestSpecificationImpl.groovy:172)
	at io.restassured.internal.RequestSpecificationImpl.get(RequestSpecificationImpl.groovy)
	at api.services.notion.NotionBaseService.getRequest(NotionBaseService.java:25)
	at api.services.notion.BlockService.blocks(BlockService.java:10)
	at api.tests.gpt_and_notion.ChatGptTextGenerationTest.getPageContent(ChatGptTextGenerationTest.java:64)
	at java.base/jdk.internal.reflect.DirectMethodHandleAccessor.invoke(DirectMethodHandleAccessor.java:104)
	at java.base/java.lang.reflect.Method.invoke(Method.java:577)
	at org.testng.internal.invokers.MethodInvocationHelper.invokeMethod(MethodInvocationHelper.java:141)
	at org.testng.internal.invokers.TestInvoker.invokeMethod(TestInvoker.java:686)
	at org.testng.internal.invokers.TestInvoker.invokeTestMethod(TestInvoker.java:230)
	at org.testng.internal.invokers.MethodRunner.runInSequence(MethodRunner.java:63)
	at org.testng.internal.invokers.TestInvoker$MethodInvocationAgent.invoke(TestInvoker.java:992)
	at org.testng.internal.invokers.TestInvoker.invokeTestMethods(TestInvoker.java:203)
	at org.testng.internal.invokers.TestMethodWorker.invokeTestMethods(TestMethodWorker.java:154)
	at org.testng.internal.invokers.TestMethodWorker.run(TestMethodWorker.java:134)
	at java.base/java.util.concurrent.Executors$RunnableAdapter.call(Executors.java:539)
	at java.base/java.util.concurrent.FutureTask.run(FutureTask.java:264)
	at org.testng.internal.thread.graph.TestNGFutureTask.run(TestNGFutureTask.java:22)
	at java.base/java.util.concurrent.ThreadPoolExecutor.runWorker(ThreadPoolExecutor.java:1136)
	at java.base/java.util.concurrent.ThreadPoolExecutor$Worker.run(ThreadPoolExecutor.java:635)
	at java.base/java.lang.Thread.run(Thread.java:833)

FreeMarker template error:
The following has evaluated to null or missing:
==> c  [in template "codeblock.json.ftl" at line 6, column 86]

----
Tip: If the failing expression is known to legally refer to something that's sometimes null or missing, either specify a default value like myOptionalVar!myDefault, or use <#if myOptionalVar??>when-present<#else>when-missing</#if>. (These only cover the last step of the expression; to cover the whole expression, use parenthesis: (myOptionalVar.foo)!myDefault, (myOptionalVar.foo)??
----

----
FTL stack trace ("~" means nesting-related):
	- Failed at: ${c}  [in template "codeblock.json.ftl" at line 6, column 84]
----

Java stack trace (for programmers):
----
freemarker.core.InvalidReferenceException: [... Exception message was already printed; see it above ...]
	at freemarker.core.InvalidReferenceException.getInstance(InvalidReferenceException.java:134)
	at freemarker.core.EvalUtil.coerceModelToTextualCommon(EvalUtil.java:481)
	at freemarker.core.EvalUtil.coerceModelToStringOrMarkup(EvalUtil.java:401)
	at freemarker.core.EvalUtil.coerceModelToStringOrMarkup(EvalUtil.java:370)
	at freemarker.core.DollarVariable.calculateInterpolatedStringOrMarkup(DollarVariable.java:104)
	at freemarker.core.DollarVariable.accept(DollarVariable.java:63)
	at freemarker.core.Environment.visit(Environment.java:371)
	at freemarker.core.IteratorBlock$IterationContext.executedNestedContentForCollOrSeqListing(IteratorBlock.java:321)
	at freemarker.core.IteratorBlock$IterationContext.executeNestedContent(IteratorBlock.java:271)
	at freemarker.core.IteratorBlock$IterationContext.accept(IteratorBlock.java:244)
	at freemarker.core.Environment.visitIteratorBlock(Environment.java:645)
	at freemarker.core.IteratorBlock.acceptWithResult(IteratorBlock.java:108)
	at freemarker.core.IteratorBlock.accept(IteratorBlock.java:94)
	at freemarker.core.Environment.visit(Environment.java:335)
	at freemarker.core.Environment.visit(Environment.java:341)
	at freemarker.core.Environment.process(Environment.java:314)
	at freemarker.template.Template.process(Template.java:383)
	at com.aventstack.extentreports.templating.FreemarkerTemplate.processTemplate(FreemarkerTemplate.java:51)
	at com.aventstack.extentreports.templating.FreemarkerTemplate.getSource(FreemarkerTemplate.java:39)
	at com.aventstack.extentreports.markuputils.CodeBlock.getMarkup(CodeBlock.java:59)
	at com.aventstack.extentreports.ExtentTest.log(ExtentTest.java:484)
	at com.aventstack.extentreports.ExtentTest.info(ExtentTest.java:619)
	at utility.ExtentReporterUtility.logJson(ExtentReporterUtility.java:37)
	at api.filters.LoggingAndReportingFilter.logAndReportRequest(LoggingAndReportingFilter.java:33)
	at api.filters.LoggingAndReportingFilter.filter(LoggingAndReportingFilter.java:19)
	at io.restassured.filter.Filter$filter.call(Unknown Source)
	at org.codehaus.groovy.runtime.callsite.CallSiteArray.defaultCall(CallSiteArray.java:45)
	at io.restassured.filter.Filter$filter$0.call(Unknown Source)
	at io.restassured.internal.filter.FilterContextImpl.next(FilterContextImpl.groovy:72)
	at io.restassured.filter.FilterContext$next.call(Unknown Source)
	at io.restassured.internal.RequestSpecificationImpl.applyPathParamsAndSendRequest(RequestSpecificationImpl.groovy:1704)
	at io.restassured.internal.RequestSpecificationImpl.this$2$applyPathParamsAndSendRequest(RequestSpecificationImpl.groovy)
	at java.base/jdk.internal.reflect.DirectMethodHandleAccessor.invoke(DirectMethodHandleAccessor.java:104)
	at java.base/java.lang.reflect.Method.invoke(Method.java:577)
	at org.codehaus.groovy.reflection.CachedMethod.invoke(CachedMethod.java:343)
	at groovy.lang.MetaMethod.doMethodInvoke(MetaMethod.java:328)
	at groovy.lang.MetaClassImpl.doInvokeMethod(MetaClassImpl.java:1348)
	at groovy.lang.MetaClassImpl.invokeMethod(MetaClassImpl.java:1103)
	at groovy.lang.MetaClassImpl.invokeMethod(MetaClassImpl.java:1009)
	at groovy.lang.MetaClassImpl.invokeMethod(MetaClassImpl.java:792)
	at io.restassured.internal.RequestSpecificationImpl.invokeMethod(RequestSpecificationImpl.groovy)
	at org.codehaus.groovy.runtime.callsite.PogoInterceptableSite.call(PogoInterceptableSite.java:46)
	at org.codehaus.groovy.runtime.callsite.PogoInterceptableSite.callCurrent(PogoInterceptableSite.java:57)
	at org.codehaus.groovy.runtime.callsite.AbstractCallSite.callCurrent(AbstractCallSite.java:203)
	at io.restassured.internal.RequestSpecificationImpl.applyPathParamsAndSendRequest(RequestSpecificationImpl.groovy:1710)
	at io.restassured.internal.RequestSpecificationImpl.this$2$applyPathParamsAndSendRequest(RequestSpecificationImpl.groovy)
	at java.base/jdk.internal.reflect.DirectMethodHandleAccessor.invoke(DirectMethodHandleAccessor.java:104)
	at java.base/java.lang.reflect.Method.invoke(Method.java:577)
	at org.codehaus.groovy.reflection.CachedMethod.invoke(CachedMethod.java:343)
	at groovy.lang.MetaMethod.doMethodInvoke(MetaMethod.java:328)
	at groovy.lang.MetaClassImpl.doInvokeMethod(MetaClassImpl.java:1348)
	at groovy.lang.MetaClassImpl.invokeMethod(MetaClassImpl.java:1103)
	at groovy.lang.MetaClassImpl.invokeMethod(MetaClassImpl.java:1009)
	at groovy.lang.MetaClassImpl.invokeMethod(MetaClassImpl.java:792)
	at io.restassured.internal.RequestSpecificationImpl.invokeMethod(RequestSpecificationImpl.groovy)
	at org.codehaus.groovy.runtime.callsite.PogoInterceptableSite.call(PogoInterceptableSite.java:46)
	at org.codehaus.groovy.runtime.callsite.PogoInterceptableSite.callCurrent(PogoInterceptableSite.java:57)
	at org.codehaus.groovy.runtime.callsite.AbstractCallSite.callCurrent(AbstractCallSite.java:203)
	at io.restassured.internal.RequestSpecificationImpl.get(RequestSpecificationImpl.groovy:172)
	at io.restassured.internal.RequestSpecificationImpl.get(RequestSpecificationImpl.groovy)
	at api.services.notion.NotionBaseService.getRequest(NotionBaseService.java:25)
	at api.services.notion.BlockService.blocks(BlockService.java:10)
	at api.tests.gpt_and_notion.ChatGptTextGenerationTest.getPageContent(ChatGptTextGenerationTest.java:64)
	at java.base/jdk.internal.reflect.DirectMethodHandleAccessor.invoke(DirectMethodHandleAccessor.java:104)
	at java.base/java.lang.reflect.Method.invoke(Method.java:577)
	at org.testng.internal.invokers.MethodInvocationHelper.invokeMethod(MethodInvocationHelper.java:141)
	at org.testng.internal.invokers.TestInvoker.invokeMethod(TestInvoker.java:686)
	at org.testng.internal.invokers.TestInvoker.invokeTestMethod(TestInvoker.java:230)
	at org.testng.internal.invokers.MethodRunner.runInSequence(MethodRunner.java:63)
	at org.testng.internal.invokers.TestInvoker$MethodInvocationAgent.invoke(TestInvoker.java:992)
	at org.testng.internal.invokers.TestInvoker.invokeTestMethods(TestInvoker.java:203)
	at org.testng.internal.invokers.TestMethodWorker.invokeTestMethods(TestMethodWorker.java:154)
	at org.testng.internal.invokers.TestMethodWorker.run(TestMethodWorker.java:134)
	at java.base/java.util.concurrent.Executors$RunnableAdapter.call(Executors.java:539)
	at java.base/java.util.concurrent.FutureTask.run(FutureTask.java:264)
	at org.testng.internal.thread.graph.TestNGFutureTask.run(TestNGFutureTask.java:22)
	at java.base/java.util.concurrent.ThreadPoolExecutor.runWorker(ThreadPoolExecutor.java:1136)
	at java.base/java.util.concurrent.ThreadPoolExecutor$Worker.run(ThreadPoolExecutor.java:635)
	at java.base/java.lang.Thread.run(Thread.java:833)
]]></system-err>
  </testcase>
  <testcase name="chat_gptTextGenerationTest" classname="api.tests.gpt_and_notion.ChatGptTextGenerationTest" time="0.0">
    <system-out><![CDATA[2025-09-14 23:18:15 [TestNG-test-API Automation Test-2] INFO api.tests.gpt_and_notion.ChatGptTextGenerationTest::onTestSuccess::34  getPageContent PASSED 
2025-09-14 23:18:15 [TestNG-test-API Automation Test-3] INFO api.tests.gpt_and_notion.ChatGptTextGenerationTest::onTestStart::26  chat_gptTextGenerationTest 
2025-09-14 23:18:15 [TestNG-test-API Automation Test-3] INFO api.tests.gpt_and_notion.ChatGptTextGenerationTest::onTestStart::27   
2025-09-14 23:18:15 [TestNG-test-API Automation Test-3] INFO api.tests.gpt_and_notion.ChatGptTextGenerationTest::onTestStart::28  [] 
]]></system-out>
  </testcase>
  <testcase name="PatchContentToPage" classname="api.tests.gpt_and_notion.ChatGptTextGenerationTest" time="0.0">
    <system-out><![CDATA[2025-09-14 23:18:15 [TestNG-test-API Automation Test-3] INFO api.tests.gpt_and_notion.ChatGptTextGenerationTest::onTestSuccess::34  chat_gptTextGenerationTest PASSED 
2025-09-14 23:18:15 [TestNG-test-API Automation Test-4] INFO api.tests.gpt_and_notion.ChatGptTextGenerationTest::onTestStart::26  PatchContentToPage 
2025-09-14 23:18:15 [TestNG-test-API Automation Test-4] INFO api.tests.gpt_and_notion.ChatGptTextGenerationTest::onTestStart::27   
2025-09-14 23:18:15 [TestNG-test-API Automation Test-4] INFO api.tests.gpt_and_notion.ChatGptTextGenerationTest::onTestStart::28  [] 
]]></system-out>
  </testcase>
</testsuite>