<?xml version="1.0" encoding="UTF-8"?>
<!-- Generated by org.testng.reporters.JUnitReportReporter -->
<testsuite hostname="DESKTOP-TAVNIOO" failures="0" tests="4" name="api.tests.gpt_and_notion.ChatGptTextGenerationTest" time="19.694" errors="0" timestamp="2025-09-14T23:18:15 IST" skipped="0">
  <testcase classname="api.tests.gpt_and_notion.ChatGptTextGenerationTest" name="getPageListInDatabasesTest" time="4.178"/>
  <testcase classname="api.tests.gpt_and_notion.ChatGptTextGenerationTest" name="getPageContent" time="15.512"/>
  <testcase classname="api.tests.gpt_and_notion.ChatGptTextGenerationTest" name="PatchContentToPage" time="0.002"/>
  <testcase classname="api.tests.gpt_and_notion.ChatGptTextGenerationTest" name="chat_gptTextGenerationTest" time="0.002"/>
</testsuite> <!-- api.tests.gpt_and_notion.ChatGptTextGenerationTest -->
